2.521793698530799190e+02,1.000000000000000000e+02
4.538357639793829890e+01,5.000000000000000000e+00
2.581799113446337515e+02,1.000000000000000000e+02
7.226595144762186465e+02,9.600000000000000000e+01
3.669035235606990568e+02,1.000000000000000000e+02
3.851254525549286427e+02,1.000000000000000000e+02
6.443978066957375859e+02,1.000000000000000000e+02
1.017884704733895376e+02,1.000000000000000000e+02
3.746005063710379090e+02,1.000000000000000000e+02
8.359834889020499986e+02,1.000000000000000000e+02
2.841914067556461987e+02,1.000000000000000000e+02
4.328143507824556764e+02,3.300000000000000000e+01
5.617974632154898700e+02,1.000000000000000000e+02
2.429033139181582328e+02,1.000000000000000000e+02
4.517827895719128719e+02,7.700000000000000000e+01
3.500450699186747556e+02,1.000000000000000000e+02
4.778608905924118062e+02,4.600000000000000000e+01
6.501630409799988684e+02,5.800000000000000000e+01
3.006115136916941424e+02,1.000000000000000000e+02
2.652676036956442545e+02,1.000000000000000000e+02
7.702367912983711449e+02,1.000000000000000000e+02
3.690187304028756898e+02,1.000000000000000000e+02
8.274744005525262480e+01,1.000000000000000000e+02
3.840057712745037861e+02,1.000000000000000000e+02
9.909592384720687619e+01,1.000000000000000000e+02
6.521558901302073536e+02,1.000000000000000000e+02
5.758209403598260678e+02,1.000000000000000000e+02
1.459534769260915255e+02,1.000000000000000000e+02
3.415386269219920905e+02,1.000000000000000000e+02
2.416175892220742298e+02,1.000000000000000000e+02
1.512002025196478598e+02,1.000000000000000000e+02
4.386107943272203897e+02,1.000000000000000000e+02
4.307107521388270470e+02,1.000000000000000000e+02
6.183752910376873047e+01,1.000000000000000000e+02
4.852019611769059111e+02,1.000000000000000000e+02
6.377459200877734702e+02,1.000000000000000000e+02
7.159958730602912169e+01,7.300000000000000000e+01
1.713569265123283287e+02,1.000000000000000000e+02
6.164477096748015583e+01,1.000000000000000000e+02
7.416049128929370227e+02,1.000000000000000000e+02
4.824765868178677124e+02,1.000000000000000000e+02
4.744421711695335375e+02,1.000000000000000000e+02
9.525479321326839681e+02,1.000000000000000000e+02
3.712301434871249057e+02,7.500000000000000000e+01
2.474044553635604302e+02,1.000000000000000000e+02
1.654183546249354606e+02,1.000000000000000000e+02
7.441644399285314648e+02,1.000000000000000000e+02
5.505322510653268182e+02,1.000000000000000000e+02
4.386717228406687354e+02,5.400000000000000000e+01
5.545116058813065365e+02,1.000000000000000000e+02
1.385869051015389459e+02,1.000000000000000000e+02
3.280703344202236735e+02,1.000000000000000000e+02
4.464935297249442101e+02,1.000000000000000000e+02
7.839446782632682016e+02,2.800000000000000000e+01
5.125434767852734694e+02,3.100000000000000000e+01
5.585765865903719032e+02,1.000000000000000000e+02
2.236098993704831912e+02,4.900000000000000000e+01
4.012418577511883200e+01,1.000000000000000000e+02
4.683177206325302109e+02,8.400000000000000000e+01
7.609468867835598758e+02,1.000000000000000000e+02
3.544669424943803619e+02,1.000000000000000000e+02
7.390989081223446533e+01,5.000000000000000000e+00
6.484175050815318855e+02,1.000000000000000000e+02
9.835918437042575988e+02,5.900000000000000000e+01
3.800060387923422240e+02,1.000000000000000000e+02
1.574465099081126596e+02,1.000000000000000000e+02
6.156119472521680080e+01,3.000000000000000000e+01
2.479602577080458161e+02,1.000000000000000000e+02
5.237447572215261289e+02,1.000000000000000000e+02
7.659338359563002996e+02,6.100000000000000000e+01
7.107171526915816457e+02,1.000000000000000000e+02
7.811501585644606394e+01,9.300000000000000000e+01
4.034657672360606853e+02,9.100000000000000000e+01
6.493120217674371588e+02,1.000000000000000000e+02
3.845462293853668712e+02,8.700000000000000000e+01
1.710342204098488708e+02,1.000000000000000000e+02
7.646243508189924114e+02,1.000000000000000000e+02
3.608123048052125341e+02,1.000000000000000000e+02
5.792606691931301839e+02,1.000000000000000000e+02
2.204630849624800248e+02,6.700000000000000000e+01
4.758257279798500576e+02,1.000000000000000000e+02
4.721683550431365006e+02,4.700000000000000000e+01
1.077398825773561612e+03,6.000000000000000000e+01
6.197304388256634411e+02,1.000000000000000000e+02
2.479412605772894267e+02,6.000000000000000000e+00
3.443254500788152086e+02,1.000000000000000000e+02
7.746702677932080405e+02,1.000000000000000000e+02
8.791432903529752139e+02,6.800000000000000000e+01
5.433137438683044138e+02,1.000000000000000000e+02
2.857338555734019110e+02,1.000000000000000000e+01
1.909776236835930376e+02,1.000000000000000000e+02
3.331142387961412510e+02,1.000000000000000000e+02
1.967611580036283101e+02,1.000000000000000000e+02
2.782863631591002331e+02,1.000000000000000000e+02
7.797530086353339129e+02,6.000000000000000000e+01
5.312699917321098155e+02,6.600000000000000000e+01
2.945583849539196422e+02,1.000000000000000000e+02
7.095563844868888737e+02,1.000000000000000000e+02
7.395146487063356062e+02,1.000000000000000000e+02
3.297405759823372478e+02,1.000000000000000000e+02
4.568660738026644026e+02,1.000000000000000000e+02
1.844702367949526263e+02,1.000000000000000000e+02
9.534855275489803716e+02,9.000000000000000000e+01
5.142144868352919502e+02,8.500000000000000000e+01
6.807285662974790057e+02,1.000000000000000000e+02
3.684134622838062683e+02,8.000000000000000000e+01
6.122191438289765983e+02,1.000000000000000000e+02
3.818389111149572841e+02,1.000000000000000000e+02
4.648576781398717230e+02,1.000000000000000000e+02
1.406794217456780700e+02,1.000000000000000000e+02
1.339182596969095869e+02,5.000000000000000000e+00
3.095134138970174718e+02,4.500000000000000000e+01
3.184123872006957754e+02,3.800000000000000000e+01
4.936818058426093216e+02,1.000000000000000000e+02
2.574647467670882861e+02,1.000000000000000000e+02
3.827229728227047190e+02,4.200000000000000000e+01
6.236178556438519536e+02,1.000000000000000000e+02
4.651634478671995794e+02,1.000000000000000000e+02
6.813444525349769947e+02,1.000000000000000000e+02
1.348632203038444288e+02,1.000000000000000000e+02
5.853915931696284360e+02,1.000000000000000000e+02
6.592032544361447890e+02,9.500000000000000000e+01
3.625902857361654696e+02,1.000000000000000000e+02
3.360522907525994469e+02,1.400000000000000000e+01
6.310538884191967099e+02,1.000000000000000000e+02
3.244107910832537982e+02,1.000000000000000000e+02
4.756422660017130397e+02,1.000000000000000000e+02
9.056530736621296285e+01,1.000000000000000000e+02
2.072016903521123936e+02,1.000000000000000000e+02
4.315926732638557723e+02,4.800000000000000000e+01
8.614083189226656714e+02,1.000000000000000000e+02
2.278535327856768902e+02,1.000000000000000000e+02
8.386740601640474324e+02,1.000000000000000000e+02
3.491832217300147931e+02,1.000000000000000000e+02
5.978145705009578705e+02,1.000000000000000000e+02
7.032882333145964822e+02,5.500000000000000000e+01
3.271643696079064512e+02,1.000000000000000000e+02
3.389562820469403732e+02,1.000000000000000000e+02
6.184357389000837202e+02,1.000000000000000000e+02
4.028651452466673391e+02,1.000000000000000000e+02
2.772308158297976277e+01,1.000000000000000000e+02
3.180298471419191060e+02,1.000000000000000000e+02
5.498953961901729599e+02,5.500000000000000000e+01
5.390022533503444038e+02,1.000000000000000000e+02
7.748629757897184618e+02,1.000000000000000000e+02
3.780656480344895840e+02,1.000000000000000000e+02
6.661563778117532593e+02,1.000000000000000000e+02
4.621039313422299415e+02,1.000000000000000000e+02
2.995609282020524802e+02,8.000000000000000000e+00
6.862171475769715698e+02,5.200000000000000000e+01
5.185067288733008581e+02,6.200000000000000000e+01
5.414190130987466318e+02,1.000000000000000000e+02
1.831275154908142895e+02,1.000000000000000000e+02
6.706284416485943893e+02,1.000000000000000000e+02
4.806037424393431365e+02,1.000000000000000000e+02
2.080690901222048126e+02,1.000000000000000000e+02
2.525114821026982099e+02,1.500000000000000000e+01
8.561486426237710248e+02,6.100000000000000000e+01
2.343805190820345103e+02,1.000000000000000000e+02
6.184676369234128970e+02,1.000000000000000000e+02
2.662230972665445847e+02,1.000000000000000000e+02
9.486611111281789590e+02,1.000000000000000000e+02
6.085204178079145549e+02,1.000000000000000000e+02
8.269976863280544421e+02,1.000000000000000000e+02
6.124924524811768833e+02,1.000000000000000000e+02
2.512252753176738622e+02,1.000000000000000000e+02
4.287191079243149829e+02,1.000000000000000000e+02
7.070362715642206695e+02,1.000000000000000000e+02
6.996337538646193934e+02,1.000000000000000000e+02
2.360422226447829814e+02,7.300000000000000000e+01
5.628625185014725503e+02,1.000000000000000000e+02
9.872234716273457025e+02,1.000000000000000000e+02
2.543997231775624357e+02,1.000000000000000000e+02
6.246692346363030310e+02,5.800000000000000000e+01
7.333746267798351255e+02,1.000000000000000000e+02
9.735070122388285654e+02,5.100000000000000000e+01
6.935739151600104151e+02,1.000000000000000000e+02
3.199611677493472257e+02,1.100000000000000000e+01
3.943194836976848023e+02,1.000000000000000000e+02
6.092188349566753232e+02,1.000000000000000000e+02
3.939678076397891004e+02,6.000000000000000000e+00
8.673972878786810270e+02,5.200000000000000000e+01
3.468104280445989502e+02,1.000000000000000000e+02
1.012286949920592036e+02,1.000000000000000000e+02
6.018701421862278949e+02,1.000000000000000000e+02
2.136519051543764647e+02,7.300000000000000000e+01
1.236542784208636476e+02,1.000000000000000000e+02
1.680876178477628287e+02,1.000000000000000000e+02
1.258528868316128069e+02,1.000000000000000000e+02
4.977403355116458101e+02,1.600000000000000000e+01
3.482906899456860401e+02,1.000000000000000000e+02
4.508835461079693800e+02,1.000000000000000000e+02
6.288999860231195953e+02,1.000000000000000000e+02
4.818060598999222179e+02,1.000000000000000000e+02
1.794792130173146347e+02,1.000000000000000000e+02
5.773417207969612264e+02,7.200000000000000000e+01
7.211405988457199783e+02,8.000000000000000000e+01
7.813089175468424230e+01,1.000000000000000000e+02
5.621384052259331838e+02,1.000000000000000000e+02
9.551977146305366659e+02,1.000000000000000000e+02
5.513645737437541356e+02,2.000000000000000000e+01
4.017704552397012208e+02,1.000000000000000000e+02
6.339027699349932732e+01,1.000000000000000000e+02
2.402527778248669392e+02,1.000000000000000000e+02
3.450683371079363155e+02,1.000000000000000000e+02
9.727044254193022255e+01,1.000000000000000000e+02
8.503632709606685012e+02,1.000000000000000000e+02
4.022566282147244578e+02,1.000000000000000000e+02
1.090534116807238831e+02,1.000000000000000000e+02
4.509501899157566527e+02,1.000000000000000000e+02
5.075183215557942162e+02,1.000000000000000000e+02
6.289791665916136481e+02,1.000000000000000000e+02
3.903297669349769308e+02,1.000000000000000000e+02
6.263986672878701256e+02,1.000000000000000000e+02
9.336960445180370982e+01,1.000000000000000000e+02
3.656749138782440127e+02,1.000000000000000000e+02
5.789008922582770538e+02,1.000000000000000000e+02
5.257145259036155949e+02,1.000000000000000000e+02
4.152270640750368216e+02,1.000000000000000000e+02
3.791710624877118789e+02,1.000000000000000000e+02
8.828623595060054186e+02,1.000000000000000000e+02
6.950520344313064243e+02,1.000000000000000000e+02
2.589704215758065402e+02,1.000000000000000000e+02
8.883981448673782211e+01,1.000000000000000000e+02
6.476463364834295362e+02,6.600000000000000000e+01
4.950991507251874850e+02,1.000000000000000000e+02
4.823714919398308325e+02,1.000000000000000000e+02
2.269428344161510722e+02,1.000000000000000000e+02
3.871778998619756180e+02,1.000000000000000000e+02
3.440437090458244711e+02,1.000000000000000000e+02
8.263603683024159636e+02,1.000000000000000000e+02
6.943593059266894443e+02,6.000000000000000000e+01
5.411486209939211989e+01,1.000000000000000000e+02
3.488919477150671469e+02,5.800000000000000000e+01
4.487896741849609157e+02,1.000000000000000000e+02
8.354669896062954422e+02,1.000000000000000000e+02
1.492427191397112267e+02,1.000000000000000000e+02
2.206633891229311075e+02,1.000000000000000000e+02
2.761826617572597229e+02,1.000000000000000000e+02
1.034641151322471160e+03,8.900000000000000000e+01
6.010556502206425193e+02,5.900000000000000000e+01
5.144565839547458381e+02,1.000000000000000000e+02
9.052426496271036740e+02,1.000000000000000000e+02
4.832701291054130479e+02,1.000000000000000000e+02
4.976545904804279417e+02,1.000000000000000000e+02
8.386942876418277137e+02,1.000000000000000000e+02
6.631600278251288501e+02,1.000000000000000000e+02
4.344552736440098215e+02,6.900000000000000000e+01
2.657278607185384658e+02,1.000000000000000000e+02
8.044895833380855947e+02,1.000000000000000000e+02
5.295492531571836707e+02,7.700000000000000000e+01
2.680717779837139574e+02,5.500000000000000000e+01
1.264737014551005387e+02,1.000000000000000000e+02
4.996836528576883438e+02,6.800000000000000000e+01
6.676715491684211656e+02,6.400000000000000000e+01
1.397222356414024489e+02,1.000000000000000000e+02
6.384245496959355251e+02,1.000000000000000000e+02
5.632510927670402907e+02,1.000000000000000000e+02
9.374393945109883362e+02,5.400000000000000000e+01
4.005682492707114193e+02,4.500000000000000000e+01
7.878875907320212946e+02,5.500000000000000000e+01
6.181168735292451402e+02,1.000000000000000000e+02
2.676398673568353388e+02,1.000000000000000000e+02
7.923994676486483968e+02,1.000000000000000000e+02
5.869864484856731224e+02,7.900000000000000000e+01
4.248140924555833635e+02,4.100000000000000000e+01
4.533264074082902653e+02,6.000000000000000000e+01
3.099003313049954613e+02,1.000000000000000000e+02
4.964340434728263745e+02,1.000000000000000000e+02
5.755895319513464301e+02,1.000000000000000000e+02
8.274202273895215853e+01,1.000000000000000000e+02
1.569827931177520952e+02,1.000000000000000000e+02
5.379158545955750697e+02,5.800000000000000000e+01
4.691450403516724919e+02,8.500000000000000000e+01
4.133730106576427943e+02,1.000000000000000000e+02
5.831052531427494614e+02,1.000000000000000000e+02
5.026738624358673064e+02,1.000000000000000000e+02
2.902915403414603475e+02,1.000000000000000000e+02
4.871401034562292125e+02,2.800000000000000000e+01
5.348559848091326785e+02,1.000000000000000000e+02
3.063962056736078807e+02,1.000000000000000000e+02
5.996900996281474363e+02,6.800000000000000000e+01
5.166050157007795178e+02,2.800000000000000000e+01
2.327848043415993402e+02,1.000000000000000000e+02
7.250431247624560456e+02,6.100000000000000000e+01
6.391052039630721282e+01,1.000000000000000000e+02
1.012857268782137226e+03,5.500000000000000000e+01
7.164679425023481372e+02,1.000000000000000000e+02
4.743558370098871819e+02,1.000000000000000000e+02
4.022385244196377130e+02,1.000000000000000000e+02
3.964259039327985761e+02,1.000000000000000000e+02
5.319417740898853708e+02,1.000000000000000000e+02
3.749670847086049008e+01,1.000000000000000000e+02
8.483759562197149080e+02,1.000000000000000000e+02
6.374600243179487506e+02,1.000000000000000000e+02
7.833885288107018141e+01,1.000000000000000000e+02
5.599592584319233879e+01,1.000000000000000000e+02
2.116895361763851611e+02,1.000000000000000000e+02
4.439315954257291992e+02,1.000000000000000000e+02
9.231991933910804846e+02,1.000000000000000000e+02
4.569184527073466597e+02,1.000000000000000000e+02
4.567794583751025357e+02,1.000000000000000000e+02
4.078117012902538931e+02,1.000000000000000000e+02
2.283025179413146191e+02,1.000000000000000000e+02
9.615928824162160709e+02,1.000000000000000000e+02
4.074695460990479319e+02,1.000000000000000000e+02
7.056471278838299668e+02,9.500000000000000000e+01
5.950409330887996475e+02,1.000000000000000000e+02
7.985583876688905320e+02,1.000000000000000000e+02
4.357559521386243659e+02,1.000000000000000000e+02
9.206482312462740936e+01,8.500000000000000000e+01
1.966889790203419750e+02,1.000000000000000000e+02
3.110405285944094089e+02,7.400000000000000000e+01
8.786128204343823427e+02,9.200000000000000000e+01
1.500460392487866557e+02,1.000000000000000000e+02
1.826157768860534532e+02,1.000000000000000000e+02
3.691413065498582000e+02,1.000000000000000000e+02
5.866801344579986477e+01,1.000000000000000000e+02
6.126586738345062031e+02,1.000000000000000000e+02
6.016411225609539315e+02,5.400000000000000000e+01
5.276584384150299911e+02,1.000000000000000000e+02
7.535386867251459364e+01,1.000000000000000000e+02
6.191059949724881335e+02,9.800000000000000000e+01
8.545501332520699407e+02,8.000000000000000000e+01
3.303187176066653024e+02,1.000000000000000000e+02
4.683602482580773199e+02,1.000000000000000000e+02
4.176939207405117145e+02,1.000000000000000000e+02
8.425149252779100379e+02,4.000000000000000000e+01
4.749889227664843361e+02,7.900000000000000000e+01
2.953490456030530709e+02,1.000000000000000000e+02
3.179478518734288173e+02,6.500000000000000000e+01
6.000040672723978332e+02,1.000000000000000000e+02
8.764449019762877242e+02,1.000000000000000000e+02
1.420508521405176054e+02,1.000000000000000000e+02
2.461236000144778870e+02,1.000000000000000000e+02
1.998001990304497610e+01,7.000000000000000000e+01
4.202943217472125070e+02,1.000000000000000000e+02
3.895974980405951555e+02,1.000000000000000000e+02
5.590288807044630630e+02,1.000000000000000000e+02
6.634120498183689278e+02,1.000000000000000000e+02
2.831804780363826808e+02,1.000000000000000000e+02
3.431102798571977246e+02,1.700000000000000000e+01
8.925578215899181487e+02,1.000000000000000000e+02
5.130544830786865305e+02,7.900000000000000000e+01
5.293007840157472401e+02,1.000000000000000000e+02
8.885499718019300417e+02,6.400000000000000000e+01
8.161823131406598577e+02,1.000000000000000000e+02
1.898166343901851576e+02,1.000000000000000000e+02
4.342422799864938270e+02,1.000000000000000000e+02
5.343575968621628363e+02,1.000000000000000000e+02
4.070589386028836429e+02,1.000000000000000000e+02
2.845275868496297562e+02,1.000000000000000000e+02
3.553199166874383650e+02,1.000000000000000000e+02
5.246455940133066065e+01,6.000000000000000000e+00
6.972038570040353989e+02,1.000000000000000000e+02
4.012432251578050568e+02,1.000000000000000000e+02
7.058824620641228194e+02,1.000000000000000000e+02
5.217462870628866085e+02,1.000000000000000000e+02
5.297151089828014392e+02,5.100000000000000000e+01
4.734894630990875157e+02,1.000000000000000000e+02
8.033202002633333905e+02,1.000000000000000000e+02
3.247440182974960976e+02,1.000000000000000000e+02
5.085637034054017249e+02,6.000000000000000000e+01
5.166777307858664017e+02,6.500000000000000000e+01
7.203139378750238393e+02,1.000000000000000000e+02
1.672110664750192086e+02,1.000000000000000000e+02
2.436479529187226660e+02,3.600000000000000000e+01
1.226538803812000396e+02,1.000000000000000000e+02
8.153394567496379750e+02,6.500000000000000000e+01
5.696864440714234661e+02,1.000000000000000000e+02
6.458854465740358819e+01,1.000000000000000000e+02
5.525747390517894928e+02,6.300000000000000000e+01
5.091650362964812757e+02,1.000000000000000000e+02
1.155319379612312076e+02,9.700000000000000000e+01
6.106809788669061163e+02,1.000000000000000000e+02
2.564663902404496412e+02,2.900000000000000000e+01
6.274893846854754429e+02,1.000000000000000000e+02
6.544726555394724983e+02,1.000000000000000000e+02
5.360817703027613845e+01,1.800000000000000000e+01
1.336843160410784321e+02,1.000000000000000000e+02
6.168008893642919475e+02,1.000000000000000000e+02
6.647952638906192533e+02,1.000000000000000000e+02
8.645911859443336311e+01,6.900000000000000000e+01
5.513228742276490948e+02,7.100000000000000000e+01
2.982319844008161454e+02,1.000000000000000000e+02
3.737966259791762127e+02,1.000000000000000000e+02
1.305364527125865095e+02,1.000000000000000000e+02
1.322284958344740460e+02,1.000000000000000000e+02
1.842659710431854876e+02,1.000000000000000000e+02
3.016797549544271533e+02,1.000000000000000000e+02
1.427772169799746109e+02,1.000000000000000000e+02
4.175878694078360809e+02,1.000000000000000000e+02
2.524193155489142555e+02,1.000000000000000000e+02
3.707950187755170646e+02,1.000000000000000000e+02
2.603261544159854566e+02,1.000000000000000000e+02
9.690787522591766390e+01,1.000000000000000000e+02
6.928918367699917553e+02,1.000000000000000000e+02
1.144942515093721113e+03,1.000000000000000000e+02
4.389278035515669671e+02,1.000000000000000000e+02
4.882551681609832031e+02,1.000000000000000000e+02
2.213273549812678596e+02,1.000000000000000000e+02
1.433937809837571535e+02,7.500000000000000000e+01
3.334285224442187427e+02,1.000000000000000000e+02
2.185173768070465030e+02,1.000000000000000000e+02
4.853601508842118051e+02,5.200000000000000000e+01
1.355824722341768620e+02,1.000000000000000000e+02
3.051748765368377008e+02,1.000000000000000000e+02
6.987783021344317831e+02,1.000000000000000000e+02
2.512305769580691788e+02,1.000000000000000000e+02
7.634455820833549069e+02,3.500000000000000000e+01
5.791326557183095929e+02,1.000000000000000000e+02
9.086106699723218298e+02,1.000000000000000000e+02
4.423643199203422114e+02,5.600000000000000000e+01
1.022742894931849946e+03,1.000000000000000000e+02
8.278442855274618069e+02,1.000000000000000000e+02
9.122895340066914969e+02,1.000000000000000000e+02
3.985392606594525766e+00,1.000000000000000000e+02
4.736369105091318943e+02,1.000000000000000000e+02
4.656413693388034289e+02,1.000000000000000000e+02
5.921724970154127732e+02,1.000000000000000000e+02
3.517658450532769621e+02,1.000000000000000000e+02
1.114769663922624972e+02,5.000000000000000000e+00
8.778197949654445438e+02,3.400000000000000000e+01
1.514704749239772354e+02,1.000000000000000000e+02
2.616277560770764694e+02,1.000000000000000000e+02
8.551672428085597630e+02,1.000000000000000000e+02
1.043262668232669284e+03,1.000000000000000000e+02
4.231706792655564300e+02,1.000000000000000000e+02
9.896638273367166505e+00,1.000000000000000000e+02
5.935393704116926301e+02,1.000000000000000000e+02
4.904506773106418791e+02,1.000000000000000000e+02
3.486399970955273488e+02,1.000000000000000000e+02
1.904482197679069486e+02,1.000000000000000000e+02
1.542805288367222261e+02,1.000000000000000000e+02
4.919282953564106720e+02,1.000000000000000000e+02
3.728433645443615774e+02,1.000000000000000000e+02
3.349037520565958630e+02,5.900000000000000000e+01
8.758033062873257677e+02,4.100000000000000000e+01
2.972498893437075367e+02,1.000000000000000000e+02
7.608396090527238584e+02,5.000000000000000000e+01
4.893082451224661327e+02,1.000000000000000000e+02
1.240019701949047715e+02,1.000000000000000000e+02
1.886742865688576671e+02,1.000000000000000000e+02
4.268667747281546099e+02,1.000000000000000000e+02
6.781070455312575405e+02,1.000000000000000000e+02
2.135213718093727380e+02,7.100000000000000000e+01
3.084808214076065269e+02,1.000000000000000000e+02
2.614050122098133215e+02,1.000000000000000000e+02
7.116098980324333070e+02,1.000000000000000000e+02
5.861607264777472892e+02,7.300000000000000000e+01
2.292005406901801337e+02,1.000000000000000000e+02
3.919440961952954581e+02,1.000000000000000000e+02
1.609927138791942980e+02,1.000000000000000000e+02
3.803357376961748741e+02,1.000000000000000000e+02
7.462545237772419569e+02,1.000000000000000000e+02
6.034337496341216820e+02,1.000000000000000000e+02
6.058018493323479561e+02,1.000000000000000000e+02
7.347699382512096236e+02,1.000000000000000000e+02
5.956153919299479185e+02,1.000000000000000000e+02
1.288833061083872735e+02,1.000000000000000000e+02
1.441649566457941773e+02,1.000000000000000000e+02
3.422330678475752848e+02,2.300000000000000000e+01
2.517476502919149652e+02,1.000000000000000000e+02
7.807861858119518956e+02,5.400000000000000000e+01
3.797879640427530745e+01,6.000000000000000000e+00
5.109711049689710762e+02,5.000000000000000000e+01
5.784437903470449100e+02,6.700000000000000000e+01
1.649128960210686330e+02,1.000000000000000000e+02
8.810735646777786201e+01,1.000000000000000000e+02
6.759303292467869824e+02,8.400000000000000000e+01
4.166728665065199948e+02,1.000000000000000000e+02
5.823157120861521889e+02,1.000000000000000000e+02
6.535400927079080020e+02,1.000000000000000000e+02
1.075825084014171352e+03,1.000000000000000000e+02
5.053252196595839791e+02,1.000000000000000000e+02
6.465357853806656294e+02,1.000000000000000000e+02
3.071993766839837008e+02,1.000000000000000000e+02
4.110567030178528967e+02,1.000000000000000000e+02
5.067846118734051970e+02,1.000000000000000000e+02
7.241965164876551171e+02,1.000000000000000000e+02
7.947221761036418002e+02,1.000000000000000000e+02
5.499763047183404296e+02,6.500000000000000000e+01
6.840660306317712411e+02,5.100000000000000000e+01
4.157270490880088119e+02,1.000000000000000000e+02
4.635462280448787737e+02,1.000000000000000000e+02
3.581887357292203546e+02,1.000000000000000000e+02
7.683578075949166077e+02,1.000000000000000000e+02
1.238840625442134638e+02,1.000000000000000000e+02
8.048533254367939662e+02,1.000000000000000000e+02
6.843353758742452442e+01,4.300000000000000000e+01
3.834285986609477277e+02,1.000000000000000000e+02
6.393955986870483912e+02,1.000000000000000000e+02
3.851680533141847604e+02,1.000000000000000000e+02
5.497073232340820823e+02,1.000000000000000000e+02
7.976385082470618499e+02,4.600000000000000000e+01
7.991717369895727643e+02,1.000000000000000000e+02
4.009913560680756746e+02,1.000000000000000000e+02
1.783241332870995564e+02,4.900000000000000000e+01
6.373679909834651198e+02,5.600000000000000000e+01
4.991777044056088357e+02,5.800000000000000000e+01
8.912758370499434477e+02,1.000000000000000000e+02
5.143053453350395330e+02,1.000000000000000000e+02
7.921741646894537325e+02,1.000000000000000000e+02
6.577028097597801661e+02,8.600000000000000000e+01
4.178672225790403445e+02,1.000000000000000000e+02
7.213520749597980739e+02,1.000000000000000000e+02
1.164698506367527102e+02,9.800000000000000000e+01
1.283585823523859517e+02,4.000000000000000000e+01
3.204117469200085111e+02,1.000000000000000000e+02
1.109510432417946504e+02,2.200000000000000000e+01
8.654772412873603571e+02,7.500000000000000000e+01
5.152656976871838879e+01,1.000000000000000000e+02
6.140423045720975779e+02,6.000000000000000000e+01
2.751702366311038759e+02,1.000000000000000000e+02
2.479014911025612662e+02,1.000000000000000000e+02
5.772117247611777202e+02,7.000000000000000000e+01
1.148581892239023716e+02,1.000000000000000000e+02
4.459628516951937627e+02,1.000000000000000000e+02
2.275304078898511193e+02,1.000000000000000000e+02
1.146706040347972248e+03,1.000000000000000000e+02
5.448540817311544515e+01,1.000000000000000000e+02
5.198526564736868067e+02,1.000000000000000000e+02
2.048507644089577866e+02,1.000000000000000000e+02
2.931811768666736384e+02,1.000000000000000000e+02
5.451940143645918369e+01,1.000000000000000000e+02
1.165262922825263843e+02,1.000000000000000000e+02
6.886746811216734159e+02,1.000000000000000000e+02
5.739790057520988285e+02,1.000000000000000000e+02
8.446915704068690047e+02,5.100000000000000000e+01
7.708120923772817150e+02,1.000000000000000000e+02
5.959648780639738561e+02,1.000000000000000000e+02
7.818011668025069412e+02,6.100000000000000000e+01
4.228317957717744093e+02,1.000000000000000000e+02
4.801015355158458675e+01,1.000000000000000000e+02
3.850112870033034369e+02,1.000000000000000000e+02
7.496755780049508076e+02,1.000000000000000000e+02
6.425344468387849020e+02,7.500000000000000000e+01
3.307624201718130621e+02,1.000000000000000000e+02
2.654392898495057693e+02,1.000000000000000000e+02
3.098415898718008634e+02,1.000000000000000000e+02
8.121944461720780737e+02,1.000000000000000000e+02
1.032728813606049243e+03,1.000000000000000000e+02
1.709870548718302814e+02,1.000000000000000000e+02
7.285220468800891922e+02,5.900000000000000000e+01
3.561252003575418144e+02,1.000000000000000000e+02
2.376181598645692645e+02,5.500000000000000000e+01
7.968079138700453541e+02,1.000000000000000000e+02
2.571728965466981975e+01,1.000000000000000000e+02
3.690881380205721030e+02,1.000000000000000000e+02
3.635560402262266280e+02,8.600000000000000000e+01
2.653942239378838508e+02,4.000000000000000000e+01
5.337155659811051009e+02,1.000000000000000000e+02
3.246850868662145331e+02,1.000000000000000000e+02
3.419159089915992809e+02,1.000000000000000000e+02
8.339173812464239290e+02,1.000000000000000000e+02
8.654376232672747165e+02,4.500000000000000000e+01
3.695412615156997731e+02,1.700000000000000000e+01
5.151149317098645497e+02,1.000000000000000000e+02
4.802145295005885117e+01,1.000000000000000000e+02
1.426985557291990006e+02,1.000000000000000000e+02
3.343488714727744764e+02,1.000000000000000000e+02
1.860297452502003068e+02,1.000000000000000000e+02
4.228802046614564460e+02,1.000000000000000000e+02
3.128604897678760040e+02,1.000000000000000000e+02
5.866427492358003519e+02,9.200000000000000000e+01
3.787680053438227787e+02,1.000000000000000000e+02
4.090754197355990414e+02,1.000000000000000000e+02
3.455893308584838906e+02,1.000000000000000000e+02
5.026102792585110137e+02,1.000000000000000000e+02
6.268902261192614560e+02,2.900000000000000000e+01
5.350754711478437287e+01,1.000000000000000000e+02
2.601564328564771813e+02,1.000000000000000000e+02
2.551207578504603362e+02,1.000000000000000000e+02
1.567424340968339607e+02,1.000000000000000000e+02
5.078733784054263083e+02,5.100000000000000000e+01
3.356387235931907753e+02,3.600000000000000000e+01
9.193700877761511947e+02,6.800000000000000000e+01
5.053654390236366680e+02,7.200000000000000000e+01
3.524280187598238854e+02,1.000000000000000000e+02
2.984589303930090409e+02,1.000000000000000000e+02
4.309120442199060790e+02,6.100000000000000000e+01
3.556334577014476395e+02,1.000000000000000000e+02
3.643839870395942171e+02,1.000000000000000000e+02
4.591838584704177606e+01,1.000000000000000000e+02
9.016613233399287992e+02,4.000000000000000000e+01
3.632008771214162834e+02,6.000000000000000000e+00
5.109285926713451431e+02,1.000000000000000000e+02
6.849862246201837479e+02,1.000000000000000000e+02
6.478806556990844001e+02,1.000000000000000000e+02
4.397835632958465339e+02,1.000000000000000000e+02
5.312039549734842012e+02,1.000000000000000000e+02
2.042340650264667943e+02,1.000000000000000000e+02
5.227787315253154929e+02,1.000000000000000000e+02
8.126980845716648219e+02,1.000000000000000000e+02
7.266414419582150686e+02,5.100000000000000000e+01
8.685378700201963511e+02,1.000000000000000000e+02
6.768003131847910936e+02,1.000000000000000000e+02
7.812063191110466960e+02,1.000000000000000000e+02
7.020249676942784163e+02,1.000000000000000000e+02
4.064159508523942463e+02,1.000000000000000000e+02
8.909649084740502758e+02,5.800000000000000000e+01
8.720879553304357046e+01,1.000000000000000000e+02
4.433642437023741536e+02,1.000000000000000000e+02
3.149796388806968253e+02,6.700000000000000000e+01
5.150800887974068019e+02,1.000000000000000000e+02
2.999028366758570883e+02,1.000000000000000000e+02
5.490958753349580093e+02,1.000000000000000000e+02
2.139715923405547073e+02,1.000000000000000000e+02
7.603612129579570365e+02,1.000000000000000000e+02
7.519329934964890754e+02,1.000000000000000000e+02
6.329471190327616341e+02,1.000000000000000000e+02
5.858982622572015089e+02,1.000000000000000000e+02
2.596775031986579734e+02,1.000000000000000000e+02
8.570837897645093335e+02,4.000000000000000000e+01
3.967533527474062680e+02,1.000000000000000000e+02
3.156655545595079957e+02,6.500000000000000000e+01
3.716492684999388416e+02,5.400000000000000000e+01
7.796769912325733003e+02,1.000000000000000000e+02
8.102409262599182682e+01,1.000000000000000000e+02
2.133102197900168733e+02,1.000000000000000000e+02
8.213954200213262311e+02,1.000000000000000000e+02
1.838410878044411731e+02,1.000000000000000000e+02
5.020736787497208979e+02,7.700000000000000000e+01
1.126817511363205284e+02,1.000000000000000000e+02
3.037738209547642896e+02,1.000000000000000000e+02
2.954155977611164303e+02,1.000000000000000000e+02
6.699835236907712215e+02,1.000000000000000000e+02
4.477046875086353452e+02,5.700000000000000000e+01
2.292167501197354227e+02,1.000000000000000000e+02
2.589959150079652090e+02,1.300000000000000000e+01
4.197248044036134047e+02,1.000000000000000000e+02
1.084268673079310702e+03,8.200000000000000000e+01
6.494092723399853639e+02,1.000000000000000000e+02
2.427943660619918660e+02,1.000000000000000000e+02
2.243615996906196983e+02,1.000000000000000000e+02
6.155278221463304362e+02,1.000000000000000000e+02
3.575752447337883950e+02,1.000000000000000000e+02
5.964237671757806538e+02,1.000000000000000000e+02
5.121352907191283066e+02,1.000000000000000000e+02
7.718711821771813675e+02,1.000000000000000000e+02
6.130131773432129876e+02,1.000000000000000000e+02
3.684605170621211983e+02,1.000000000000000000e+02
3.032917630435837850e+02,1.000000000000000000e+02
5.607458250065222138e+00,9.500000000000000000e+01
6.452280665652876905e+02,1.000000000000000000e+02
2.088102047010633839e+02,2.700000000000000000e+01
7.660402582648184762e+02,1.000000000000000000e+02
4.107173772273173427e+02,1.000000000000000000e+02
4.186932445364562341e+02,1.000000000000000000e+02
3.665890268074734877e+02,1.000000000000000000e+02
4.047043476412995915e+02,1.000000000000000000e+02
6.637202451656668245e+02,7.900000000000000000e+01
5.990421735554339193e+02,1.000000000000000000e+02
4.340884977412630974e+02,1.000000000000000000e+02
3.704868057669910399e+02,8.400000000000000000e+01
4.492682636788106834e+02,1.000000000000000000e+02
5.865277866546275618e+02,1.000000000000000000e+02
5.794308864304341569e+02,1.000000000000000000e+02
9.814949743256660497e+01,1.100000000000000000e+01
2.717976629625391070e+02,1.000000000000000000e+02
7.991086223733395855e+02,6.600000000000000000e+01
4.099722035345628228e+02,1.000000000000000000e+02
1.054176921162552617e+03,1.000000000000000000e+02
4.929990170665726055e+02,1.000000000000000000e+02
3.188939327688566294e+01,7.900000000000000000e+01
4.061308410849214283e+02,1.000000000000000000e+02
4.985825276124705852e+02,1.000000000000000000e+02
5.581502501265609908e+02,1.000000000000000000e+02
5.612288606794410271e+02,1.000000000000000000e+02
5.807622483078566802e+02,9.600000000000000000e+01
1.009120941073797553e+03,9.100000000000000000e+01
3.331110967787899426e+02,1.000000000000000000e+02
4.689765825243035806e+02,1.000000000000000000e+02
1.928204405311759615e+02,1.000000000000000000e+02
6.805649351374679554e+02,1.000000000000000000e+02
1.251230898043652502e+02,2.900000000000000000e+01
5.230808717362660900e+02,1.000000000000000000e+02
5.138048522971813554e+02,1.000000000000000000e+02
7.439340591883761817e+02,1.000000000000000000e+02
1.021606757639947745e+02,1.000000000000000000e+02
3.865122233538093610e+02,1.000000000000000000e+02
7.613608748614922206e+02,1.000000000000000000e+02
2.178362816751676974e+02,1.000000000000000000e+02
2.119909826122201650e+02,1.000000000000000000e+02
7.202854776275685253e+02,1.000000000000000000e+02
2.860682104901602543e+02,1.000000000000000000e+02
5.489200970286890424e+01,1.000000000000000000e+02
3.575860404985121477e+02,6.000000000000000000e+00
1.352677611533897846e+02,1.000000000000000000e+02
5.096840117226921620e+02,1.000000000000000000e+02
6.098144364778561339e+02,1.000000000000000000e+02
3.437452160376767551e+02,1.000000000000000000e+02
8.013363844785656056e+02,1.000000000000000000e+02
8.696213424953906497e+02,1.000000000000000000e+02
5.788673247406815108e+02,1.000000000000000000e+02
4.258177641918246650e+02,5.600000000000000000e+01
6.030048454973712069e+02,1.000000000000000000e+02
4.907766326619511119e+02,1.000000000000000000e+02
6.720900082761640988e+02,5.800000000000000000e+01
5.264058745756537974e+02,6.100000000000000000e+01
6.923553321575041082e+02,1.000000000000000000e+02
4.325726367628313938e+02,5.100000000000000000e+01
2.541182945071866470e+02,1.000000000000000000e+02
7.324566604405864609e+02,1.000000000000000000e+02
2.778615145970006779e+02,1.000000000000000000e+02
3.872315555946436660e+01,1.000000000000000000e+02
2.030841170016255717e+02,1.000000000000000000e+02
4.083194304782625181e+02,1.000000000000000000e+02
5.852228551510579564e+02,1.000000000000000000e+02
7.140085992692188483e+02,1.000000000000000000e+02
4.461994394996609685e+02,1.000000000000000000e+02
2.394056596021165433e+02,1.000000000000000000e+02
5.492082168100023409e+02,1.000000000000000000e+02
1.623092733896199036e+02,1.000000000000000000e+02
5.379991259474574008e+02,1.000000000000000000e+02
4.689909288251544695e+02,7.600000000000000000e+01
2.448880128008184727e+02,1.000000000000000000e+02
2.766644094373252756e+02,1.000000000000000000e+02
7.902177801236109644e+02,1.000000000000000000e+02
6.932113605639744947e+02,1.000000000000000000e+02
2.496888207474478918e+02,1.000000000000000000e+02
2.536386161904534617e+02,1.000000000000000000e+02
3.532348649005342622e+02,1.000000000000000000e+02
5.975115919086802307e+01,1.000000000000000000e+02
6.498455358558741182e+02,1.000000000000000000e+02
6.417607976293039656e+02,1.000000000000000000e+02
6.200716340057708749e+02,1.000000000000000000e+02
3.733629396374334419e+01,1.000000000000000000e+02
1.817370899642034772e+02,1.000000000000000000e+02
5.048899501689623435e+02,1.000000000000000000e+02
1.229433051211783095e+03,1.000000000000000000e+02
2.286922976758806385e+02,1.000000000000000000e+02
8.806164026692608786e+02,1.000000000000000000e+02
8.582021318857283632e+01,1.000000000000000000e+02
7.425974321813745291e+02,1.000000000000000000e+02
8.090362359485218349e+02,1.000000000000000000e+02
1.561393407867593339e+02,1.000000000000000000e+02
5.921863008797998873e+02,5.800000000000000000e+01
9.948967334614404479e+01,1.000000000000000000e+02
2.583000613470708231e+02,3.100000000000000000e+01
6.129474232936105409e+02,1.000000000000000000e+02
5.958602334360980421e+02,1.000000000000000000e+02
7.556297507823333603e+01,1.000000000000000000e+02
4.050124524370347103e+02,1.000000000000000000e+02
8.473320656070811765e+02,4.800000000000000000e+01
9.262625310909764949e+02,1.000000000000000000e+02
1.910994482416524534e+02,9.000000000000000000e+00
7.330814745579716600e+02,1.000000000000000000e+02
4.500611915679027675e+02,9.800000000000000000e+01
1.900994040075699161e+02,1.000000000000000000e+02
8.209986506073472583e+02,1.000000000000000000e+02
6.022956809599966164e+02,1.000000000000000000e+02
6.292031218542468878e+02,6.400000000000000000e+01
3.630780442252212481e+01,3.000000000000000000e+00
1.015139041547256511e+02,1.000000000000000000e+02
4.467330824031837437e+02,1.000000000000000000e+02
2.659254611806865682e+02,1.000000000000000000e+02
8.791080741316425247e+02,3.800000000000000000e+01
1.597014680831894964e+02,5.000000000000000000e+00
7.590925630563037885e+01,1.000000000000000000e+02
5.923089972790487536e+02,1.000000000000000000e+02
6.192582818594225955e+02,1.000000000000000000e+02
7.520012881392244708e+01,1.000000000000000000e+02
1.028604441499297906e+01,1.000000000000000000e+02
4.008442920658884532e+02,1.000000000000000000e+02
2.085718494886118606e+02,6.000000000000000000e+00
7.736528092074206597e+02,1.000000000000000000e+02
2.218372121813530953e+02,1.000000000000000000e+02
5.107397257907551307e+02,1.000000000000000000e+02
3.324413257075607362e+02,1.000000000000000000e+02
8.480722663695776191e+02,1.000000000000000000e+02
2.070692543488324020e+02,1.000000000000000000e+02
1.024036946857926523e+03,1.000000000000000000e+02
5.090884373648889891e+02,1.000000000000000000e+02
4.690512584540081775e+01,1.000000000000000000e+02
1.265150312146537885e+02,1.000000000000000000e+02
3.729289705770971182e+02,2.800000000000000000e+01
4.529195583715002158e+02,1.000000000000000000e+02
4.104583843297107819e+02,1.000000000000000000e+02
6.132065990550506740e+02,1.000000000000000000e+02
1.657045928635620555e+02,1.000000000000000000e+02
8.057817845637275695e+02,1.000000000000000000e+02
5.196157370242759725e+02,9.000000000000000000e+01
5.239189030293638325e+02,1.000000000000000000e+02
2.918560871833103079e+02,1.000000000000000000e+02
2.860782311173837229e+02,1.000000000000000000e+02
4.752233144546904100e+02,1.000000000000000000e+02
5.197532132782361032e+02,1.000000000000000000e+02
2.001467409931198915e+02,5.900000000000000000e+01
7.866520061899061602e+02,4.400000000000000000e+01
3.266527082976348879e+02,1.000000000000000000e+02
3.310117997205378515e+02,1.000000000000000000e+02
9.118489355544342345e+01,1.000000000000000000e+02
1.714158141161611866e+02,1.000000000000000000e+02
7.859763656672355410e+02,4.800000000000000000e+01
3.715456852285536797e+02,1.000000000000000000e+02
1.046317548083660085e+03,4.400000000000000000e+01
1.101107570876086328e+02,1.000000000000000000e+02
3.761203518523961407e+02,1.000000000000000000e+02
1.336600538178133775e+02,1.000000000000000000e+02
3.356082626867033127e+02,1.000000000000000000e+02
4.234132159280496808e+02,1.000000000000000000e+02
1.892428878561587453e+02,1.000000000000000000e+02
4.783617168325376383e+02,4.900000000000000000e+01
1.783684386734055636e+02,1.900000000000000000e+01
1.278037535455806847e+03,1.000000000000000000e+02
4.305201803339843423e+02,1.000000000000000000e+02
3.113370774380993566e+02,1.000000000000000000e+02
3.226524651670078470e+02,1.000000000000000000e+02
6.936023905709004111e+02,4.900000000000000000e+01
1.741061327354433104e+02,6.300000000000000000e+01
3.156191998669269196e+02,5.100000000000000000e+01
3.627644483055410660e+02,1.000000000000000000e+02
3.931948016817562461e+02,8.100000000000000000e+01
1.740003692944681006e+02,1.000000000000000000e+02
8.600987415038424615e+02,1.000000000000000000e+02
5.002403755405686070e+02,1.000000000000000000e+02
5.842305739796622674e+02,5.400000000000000000e+01
4.080601817602329220e+02,4.900000000000000000e+01
1.213929823743321634e+02,1.000000000000000000e+02
1.040551868515140768e+03,1.000000000000000000e+02
6.814343921780039182e+02,3.600000000000000000e+01
1.350653488101857249e+02,1.000000000000000000e+02
5.767980906422541238e+02,1.000000000000000000e+02
4.809149729673809475e+02,1.000000000000000000e+02
8.912635585718214770e+01,1.000000000000000000e+02
2.913096386857897642e+02,1.000000000000000000e+02
4.428865005172367546e+02,1.000000000000000000e+02
5.108334426687727046e+02,1.000000000000000000e+02
1.525134188951993792e+02,1.000000000000000000e+02
4.462981010311775663e+02,1.000000000000000000e+02
2.566948527813256646e+02,1.000000000000000000e+02
5.086240008154738916e+02,5.300000000000000000e+01
2.658822506054509631e+02,1.000000000000000000e+02
3.446068224784015683e+02,1.000000000000000000e+02
3.902533029143772296e+02,1.000000000000000000e+02
2.762794513381414276e+02,1.000000000000000000e+02
3.884876872101631875e+02,6.700000000000000000e+01
1.805439316689993632e+02,7.000000000000000000e+00
1.827079839611062368e+02,1.000000000000000000e+02
2.418749949645963397e+02,1.000000000000000000e+02
1.198723851257954465e+02,1.000000000000000000e+02
1.997324194734364937e+02,1.000000000000000000e+02
4.198387741227857077e+02,3.300000000000000000e+01
1.448856010940349108e+02,1.000000000000000000e+02
5.009383483775936270e+02,1.000000000000000000e+02
1.982968343411406238e+02,3.400000000000000000e+01
6.717372162024764748e+01,1.000000000000000000e+02
3.599468008184479118e+02,7.700000000000000000e+01
7.348141708936817622e+02,1.000000000000000000e+02
6.779596617767231237e+02,1.000000000000000000e+02
4.714587572459012677e+02,9.100000000000000000e+01
3.021861895994043152e+02,9.000000000000000000e+00
7.635134846934579400e+02,7.200000000000000000e+01
9.732393854514652958e+02,1.000000000000000000e+02
7.179267487007376758e+02,5.300000000000000000e+01
6.108361594369391696e+02,1.000000000000000000e+02
5.033497300046179816e+02,1.000000000000000000e+02
6.240716661209885388e+02,1.000000000000000000e+02
2.023585103049838949e+02,3.500000000000000000e+01
7.362645316511790270e+02,1.000000000000000000e+02
1.194927143619737393e+02,1.000000000000000000e+02
1.981407298555927241e+02,1.000000000000000000e+02
9.281998555637044319e+02,1.000000000000000000e+02
3.557533932184239802e+02,1.000000000000000000e+02
7.862316495738149342e+02,1.000000000000000000e+02
4.322220244664886764e+02,8.100000000000000000e+01
6.639835061213316294e+02,1.000000000000000000e+02
5.809925040899890973e+02,1.000000000000000000e+02
1.254456873260699155e+02,1.000000000000000000e+02
2.105286519675360637e+02,1.000000000000000000e+02
6.938085371221018249e+02,9.500000000000000000e+01
2.564928499015216516e+02,5.500000000000000000e+01
6.621166143343116346e+02,5.100000000000000000e+01
2.784521365684257717e+02,1.000000000000000000e+02
1.969269568353345505e+02,1.000000000000000000e+02
9.581574481485108663e+02,1.000000000000000000e+02
3.385755742392635739e+02,8.100000000000000000e+01
2.624913735548881846e+02,1.000000000000000000e+02
6.376019479029345121e+02,1.000000000000000000e+02
1.707333523114137677e+02,1.600000000000000000e+01
9.425646353518043270e+02,4.400000000000000000e+01
2.152876262907400360e+02,7.400000000000000000e+01
5.690570647895950742e+02,1.000000000000000000e+02
3.794657704238949805e+02,1.000000000000000000e+02
1.155751317680544190e+02,1.000000000000000000e+02
4.791771445634696533e+02,9.300000000000000000e+01
3.552750441020640437e+02,1.000000000000000000e+02
5.305493349736791515e+02,1.000000000000000000e+02
4.983520370744464003e+02,1.000000000000000000e+02
2.550492215026264375e+02,1.000000000000000000e+02
6.533746302450524581e+02,6.700000000000000000e+01
7.552515877424847304e+02,1.000000000000000000e+02
3.946758606209670006e+02,1.000000000000000000e+02
3.723892534115478270e+02,1.000000000000000000e+02
7.867314287558530168e+02,1.000000000000000000e+02
8.269309421283108463e+01,7.000000000000000000e+00
6.378120215414967333e+02,4.600000000000000000e+01
1.560758744455827518e+01,1.000000000000000000e+02
1.146314142728793513e+03,1.000000000000000000e+02
1.924863863626424063e+02,1.000000000000000000e+02
5.135886635891474725e+02,8.700000000000000000e+01
1.342957793310351065e+02,1.000000000000000000e+02
5.174834379059905132e+02,1.000000000000000000e+02
5.514479153366613673e+02,1.000000000000000000e+02
8.211149346495561758e+02,6.300000000000000000e+01
2.592930057076856087e+02,1.000000000000000000e+02
1.226083210454466013e+02,1.000000000000000000e+02
2.407315303889574238e+02,1.000000000000000000e+02
2.882796380929801785e+02,1.000000000000000000e+02
3.110596118562394850e+02,1.000000000000000000e+02
2.050243521376564502e+02,1.000000000000000000e+02
3.480477661570581063e+02,1.000000000000000000e+02
1.506158068528004890e+02,1.000000000000000000e+02
3.107199853215369671e+02,6.500000000000000000e+01
3.349092081618777570e+02,1.000000000000000000e+02
1.414661835538389312e+02,9.700000000000000000e+01
9.883811475125341417e+01,6.400000000000000000e+01
4.510382104647487154e+02,1.000000000000000000e+02
3.327932205921744071e+02,1.000000000000000000e+02
4.006560801340039006e+02,1.000000000000000000e+02
4.189664016232125050e+02,1.000000000000000000e+02
2.264104022830582608e+02,5.900000000000000000e+01
8.313260268021928141e+02,1.000000000000000000e+02
3.515085277999924074e+02,1.000000000000000000e+02
6.702176254625275931e+01,1.000000000000000000e+02
3.561538272524414310e+02,1.000000000000000000e+02
4.202257488598390864e+02,1.000000000000000000e+02
3.233680613809521560e+02,1.000000000000000000e+02
2.255833588553527136e+02,1.000000000000000000e+02
7.703852040683331097e+02,1.000000000000000000e+02
1.078381752841284538e+02,1.000000000000000000e+02
2.633571767002373463e+02,1.000000000000000000e+02
2.138805943759552122e+02,1.000000000000000000e+02
5.454890456622302963e+02,8.000000000000000000e+01
1.904502152360143441e+02,7.100000000000000000e+01
1.246556062783371459e+02,1.000000000000000000e+02
2.083604977632830071e+02,1.000000000000000000e+02
6.121390510615954099e+02,1.000000000000000000e+02
1.161771369665305201e+03,1.000000000000000000e+02
3.512559179655060007e+02,1.000000000000000000e+02
5.157464126485249380e+02,1.000000000000000000e+02
4.988945724996041804e+02,1.000000000000000000e+02
3.445625218014352242e+01,5.000000000000000000e+00
1.147118944640730660e+03,3.000000000000000000e+01
4.197603674006583105e+02,1.000000000000000000e+02
4.004376478465371747e+02,1.000000000000000000e+02
5.880290266612130381e+02,1.000000000000000000e+02
5.592206230709798547e+02,1.000000000000000000e+02
4.194309611208105366e+02,1.000000000000000000e+02
7.700989616689389550e+02,5.300000000000000000e+01
6.588345131144068318e+02,6.700000000000000000e+01
6.215481061238563143e+02,9.100000000000000000e+01
4.816951245468529237e+02,1.000000000000000000e+02
6.436473540929813453e+02,5.000000000000000000e+01
2.491078257234615023e+02,1.000000000000000000e+02
2.712641206978536843e+02,1.000000000000000000e+02
6.345092662362039846e+02,1.000000000000000000e+02
2.348784110892314061e+02,5.500000000000000000e+01
1.200613411812801132e+02,4.400000000000000000e+01
5.677802866466010983e+02,2.100000000000000000e+01
8.132470867495745779e+02,1.000000000000000000e+02
8.279689183767740701e+01,1.000000000000000000e+02
7.988454153001433724e+02,1.000000000000000000e+02
4.752769169440809947e+02,1.000000000000000000e+02
1.349738082723548871e+02,1.000000000000000000e+02
3.447551459094233905e+02,6.400000000000000000e+01
4.223086307300161479e+02,4.400000000000000000e+01
6.190498571107007137e+02,1.000000000000000000e+02
5.702450792060268441e+02,7.900000000000000000e+01
5.052938655293729084e+02,5.900000000000000000e+01
7.400425703648438684e+02,1.000000000000000000e+02
7.123334490175559495e+02,1.000000000000000000e+02
4.509045648808255464e+02,1.000000000000000000e+02
9.210673452640842243e+02,1.000000000000000000e+02
3.509221471864959199e+02,1.000000000000000000e+02
3.662886087403257420e+02,7.100000000000000000e+01
5.287138354142256276e+02,6.000000000000000000e+00
6.220063830495794264e+02,1.000000000000000000e+02
2.924891859664563754e+02,1.000000000000000000e+02
1.305222429477610717e+02,1.000000000000000000e+02
5.867551429121473348e+02,8.100000000000000000e+01
1.584329370172092410e+02,1.000000000000000000e+02
3.283969843054827606e+02,6.500000000000000000e+01
1.145606978932031268e+02,1.000000000000000000e+02
7.249496079490924103e+02,5.400000000000000000e+01
8.570580227446652088e+02,1.000000000000000000e+02
8.293166404577413005e+02,1.000000000000000000e+02
2.982738180324811879e+02,1.000000000000000000e+02
8.175650100985722020e+02,1.000000000000000000e+02
3.374551402312563368e+02,1.000000000000000000e+02
7.008883019354514943e+01,1.000000000000000000e+02
3.756308189530270170e+02,7.400000000000000000e+01
2.364599531671846933e+02,1.000000000000000000e+02
3.758360550945956788e+02,9.000000000000000000e+00
4.088980912790099183e+02,1.000000000000000000e+02
4.197850321759439112e+02,8.000000000000000000e+00
1.117748172733697061e+02,1.000000000000000000e+02
1.440673005849323260e+02,1.000000000000000000e+02
7.705976684185139902e+02,1.000000000000000000e+02
