1.001881098754373852e+03,1.000000000000000000e+02
6.279202482133847525e+02,1.000000000000000000e+02
1.674643906536209386e+02,1.000000000000000000e+02
4.134000124775070617e+02,1.000000000000000000e+02
1.516998044759999686e+02,1.000000000000000000e+02
3.187891573323871626e+02,6.900000000000000000e+01
1.037323372059280757e+02,1.000000000000000000e+02
4.563248859116503127e+02,1.000000000000000000e+02
1.036730253568419812e+03,1.000000000000000000e+02
3.711517541941536251e+02,1.000000000000000000e+02
2.706217273824743188e+02,1.000000000000000000e+02
4.004349198723720065e+02,1.000000000000000000e+02
4.676343253293443354e+02,1.000000000000000000e+02
6.447550498772948231e+02,3.400000000000000000e+01
6.783179038995444898e+02,1.000000000000000000e+02
3.123447026262644499e+02,1.000000000000000000e+02
4.198088984103545158e+02,1.000000000000000000e+02
1.474064331872050388e+02,1.000000000000000000e+02
5.203354475210456940e+02,1.000000000000000000e+02
7.167414227811294722e+02,1.000000000000000000e+02
3.696793718539024098e+02,1.000000000000000000e+02
1.990110511489288285e+02,1.000000000000000000e+02
3.852882779331374081e+02,1.000000000000000000e+02
2.560131318997607650e+02,1.000000000000000000e+02
5.742935896723203086e+02,5.600000000000000000e+01
2.309884639114960123e+02,1.000000000000000000e+02
1.206199946077647155e+03,8.900000000000000000e+01
4.904771386821682881e+02,1.000000000000000000e+02
2.361880112854434799e+02,5.000000000000000000e+00
2.778847610130076760e+02,1.000000000000000000e+02
1.208716939106886002e+03,1.000000000000000000e+02
2.263550012231022777e+02,1.000000000000000000e+02
3.068906401877709982e+02,1.000000000000000000e+02
4.452410120279526495e+02,1.000000000000000000e+02
7.316533746772179825e+01,1.000000000000000000e+02
6.058740607652256926e+01,1.000000000000000000e+02
5.056712096791675322e+02,9.400000000000000000e+01
2.572384847598875695e+02,1.000000000000000000e+02
1.036647378005458080e+02,1.000000000000000000e+02
3.999261213256234555e+02,1.000000000000000000e+02
2.580101504757771522e+02,1.000000000000000000e+02
8.860284398432251862e+01,8.000000000000000000e+00
3.638988154165173796e+02,1.000000000000000000e+02
1.934644107973648204e+02,2.000000000000000000e+01
5.197450086365402058e+02,1.000000000000000000e+02
6.766833795902034581e+02,1.000000000000000000e+02
1.487110120759571998e+02,1.000000000000000000e+02
2.262566019282272691e+02,2.500000000000000000e+01
1.998549286453135494e+02,1.000000000000000000e+02
1.182927095873462235e+02,1.000000000000000000e+02
2.271156908686613747e+02,1.000000000000000000e+02
6.487510953465712191e+02,1.000000000000000000e+02
2.874824984719448935e+02,1.000000000000000000e+02
8.648454187303595972e+02,1.000000000000000000e+02
2.358202172942045820e+02,1.000000000000000000e+02
5.453630314743647887e+02,1.000000000000000000e+02
6.260751614468759954e+02,1.000000000000000000e+02
2.928367622800295180e+02,1.600000000000000000e+01
7.722272920641049723e+02,7.500000000000000000e+01
8.333515636702843494e+02,1.000000000000000000e+02
2.120661855983687474e+02,1.000000000000000000e+02
2.858965300676842958e+02,1.000000000000000000e+02
5.488945280981666883e+02,1.000000000000000000e+02
2.603054533214671551e+02,1.000000000000000000e+02
1.187063347903190788e+03,1.000000000000000000e+02
5.713101509639867572e+02,8.000000000000000000e+01
3.905789497309025364e+02,1.000000000000000000e+02
8.405583268760268538e+02,8.700000000000000000e+01
2.811420633356239023e+02,1.000000000000000000e+02
6.577847758086647900e+02,1.000000000000000000e+02
5.144585590908325230e+02,1.000000000000000000e+02
6.504237577708513527e+02,6.200000000000000000e+01
2.343115245664400845e+02,1.000000000000000000e+02
2.863165279704091404e+02,1.000000000000000000e+02
1.134171534066929468e+02,1.000000000000000000e+02
1.609343067624016044e+02,1.000000000000000000e+02
4.565512664659942743e+02,1.000000000000000000e+02
6.081728016814932971e+02,1.000000000000000000e+02
3.964264838846887642e+02,1.000000000000000000e+02
2.098282248959473009e+02,1.000000000000000000e+02
5.355105191767887618e+02,1.000000000000000000e+02
2.148387567661718265e+02,1.000000000000000000e+02
2.202240054952140724e+02,1.000000000000000000e+02
3.290673913351720330e+02,1.000000000000000000e+02
4.636441280704842143e+02,1.000000000000000000e+02
3.763023549836327675e+01,1.000000000000000000e+02
5.550716491706797342e+02,1.000000000000000000e+02
2.446003008003796708e+02,1.000000000000000000e+02
5.592174677653918025e+02,8.400000000000000000e+01
6.629991023572417816e+02,1.000000000000000000e+02
3.205321511141100927e+02,1.000000000000000000e+02
4.003920657173705990e+02,1.000000000000000000e+02
2.852408905474132439e+02,6.500000000000000000e+01
6.371723498883053480e+02,1.000000000000000000e+02
2.934990629863429490e+02,1.000000000000000000e+02
4.952448846121719157e+02,1.000000000000000000e+02
1.462411676840509926e+02,1.000000000000000000e+02
7.558683995012070511e+01,1.000000000000000000e+02
6.556293210974184831e+02,1.000000000000000000e+02
3.376965547566342707e+02,1.000000000000000000e+02
4.635974865997863503e+02,8.600000000000000000e+01
3.117007971835226385e+02,8.100000000000000000e+01
3.143355780786404807e+02,1.000000000000000000e+02
3.587358791587577684e+02,1.000000000000000000e+02
7.975635938204528657e+02,1.000000000000000000e+02
4.951244713828027102e+02,1.000000000000000000e+02
2.026475924577047465e+02,1.000000000000000000e+02
6.728878870958286598e+02,1.000000000000000000e+02
4.216487159523959463e+02,1.000000000000000000e+02
2.979004960354533864e+02,1.000000000000000000e+02
5.890737025347256122e+02,1.000000000000000000e+02
3.412722014734996492e+02,1.000000000000000000e+02
4.115103816196538560e+02,1.000000000000000000e+02
8.064991250479491782e+02,6.000000000000000000e+01
2.925444709621779680e+02,1.000000000000000000e+02
3.725656931589273881e+02,1.000000000000000000e+02
2.317746575369345408e+02,5.500000000000000000e+01
3.232991055132824840e+02,2.100000000000000000e+01
1.453135124603340955e+02,1.000000000000000000e+02
9.376640798138195123e+02,1.000000000000000000e+02
7.602586051288958515e+02,1.000000000000000000e+02
8.884126331854165528e+02,1.000000000000000000e+02
7.432850208710279958e+02,1.000000000000000000e+02
6.290060266623526104e+02,1.000000000000000000e+02
3.776483809919308783e+02,1.000000000000000000e+02
8.768212665577292455e+02,7.300000000000000000e+01
3.150211331294239585e+02,1.000000000000000000e+02
3.465135677152392191e+02,1.000000000000000000e+02
5.352472956287850820e+02,5.500000000000000000e+01
3.920989970015597805e+02,9.000000000000000000e+00
1.546292247862429861e+02,1.000000000000000000e+02
1.787367745171382012e+02,1.000000000000000000e+02
4.585017714042647867e+02,1.000000000000000000e+02
3.830012739837646336e+02,1.000000000000000000e+02
5.425118567920239911e+02,1.000000000000000000e+02
8.359808149893837026e+02,5.200000000000000000e+01
2.799975005207830350e+02,1.000000000000000000e+02
2.915418107362474984e+02,1.000000000000000000e+02
1.167779882418953321e+03,1.000000000000000000e+02
5.318510429727090241e+02,5.600000000000000000e+01
1.064932454693609770e+03,4.600000000000000000e+01
6.160149615958679306e+02,1.000000000000000000e+02
3.970481374356964466e+02,1.000000000000000000e+02
1.759162589772082015e+02,1.000000000000000000e+02
7.222323605572853467e+02,1.000000000000000000e+02
4.553826720739702409e+02,1.000000000000000000e+02
5.157057176480349199e+02,9.900000000000000000e+01
1.201876301060644892e+02,1.000000000000000000e+02
5.671671916217732132e+02,1.000000000000000000e+02
4.084820593664277908e+02,1.000000000000000000e+02
3.855894376000907187e+02,1.000000000000000000e+02
3.740707677917137062e+02,7.300000000000000000e+01
3.030012929074497379e+02,8.400000000000000000e+01
3.873343520154317048e+02,7.000000000000000000e+01
3.583496022623195358e+02,1.000000000000000000e+02
8.693835757554107886e+02,1.000000000000000000e+02
4.425943653179816124e+02,1.000000000000000000e+02
2.606401118399361394e+02,1.000000000000000000e+02
5.742211875766570301e+02,1.000000000000000000e+02
1.215147840635574568e+02,7.200000000000000000e+01
1.367138833707203673e+02,1.000000000000000000e+02
2.471175477327897738e+02,1.000000000000000000e+02
2.849601943080056685e+02,1.000000000000000000e+02
7.283930209609980011e+02,1.000000000000000000e+02
6.282287536490784987e+02,1.000000000000000000e+02
5.149246347395107932e+02,6.200000000000000000e+01
7.542073941433021673e+02,3.400000000000000000e+01
5.286051909471158297e+02,1.000000000000000000e+02
3.906731869536922659e+02,6.100000000000000000e+01
1.013346104900272024e+02,1.000000000000000000e+02
5.228986426725606407e+02,1.000000000000000000e+02
3.721322132357273063e+02,1.000000000000000000e+02
4.827080495320191744e+02,1.000000000000000000e+02
2.949225218736178817e+02,1.000000000000000000e+02
6.965042376425772090e+02,1.000000000000000000e+02
7.292789888122067623e+02,6.600000000000000000e+01
5.337877647932693890e+02,3.800000000000000000e+01
3.665302123075194345e+02,1.000000000000000000e+02
5.171156482910654404e+02,2.800000000000000000e+01
4.215723967632885092e+02,6.900000000000000000e+01
2.840418502797498377e+02,6.000000000000000000e+01
6.227695086253934278e+02,1.000000000000000000e+02
1.128588483252600412e+02,6.800000000000000000e+01
3.147840720264416063e+02,4.400000000000000000e+01
7.534485128738045887e+02,8.400000000000000000e+01
5.297827225104489344e+02,1.000000000000000000e+02
9.357958615550992363e+02,4.100000000000000000e+01
5.389792863002707008e+02,1.000000000000000000e+02
6.774078710310327551e+02,1.000000000000000000e+02
2.711209882635093749e+01,5.400000000000000000e+01
1.149834283616672934e+02,9.000000000000000000e+00
2.246020549037928618e+02,5.900000000000000000e+01
4.543672002516145199e+02,5.300000000000000000e+01
4.242184515983230995e+02,1.000000000000000000e+02
4.301963422638605721e+02,1.000000000000000000e+02
3.034551971761505911e+02,2.800000000000000000e+01
2.696272861401967020e+02,1.000000000000000000e+02
3.212971070171342944e+02,1.000000000000000000e+02
1.196347647931089341e+03,1.000000000000000000e+02
7.226179122000989707e+01,1.000000000000000000e+02
8.925824656869141336e+02,4.200000000000000000e+01
7.656663123813445964e+02,1.000000000000000000e+02
3.004046264955030665e+02,1.000000000000000000e+02
1.995636408632527150e+02,7.200000000000000000e+01
1.836014290821147199e+02,6.700000000000000000e+01
1.490001008345527111e+02,1.000000000000000000e+02
2.269381196720447633e+02,1.000000000000000000e+02
5.043187916205099555e+02,1.000000000000000000e+02
9.611948360307476946e+01,1.000000000000000000e+02
4.166679535667484515e+02,1.000000000000000000e+02
1.754505878111725536e+01,1.000000000000000000e+02
2.468369488170450552e+02,1.000000000000000000e+02
1.751026993647392374e+02,1.000000000000000000e+02
2.372954189030952250e+02,3.900000000000000000e+01
3.989071013395289356e+02,1.000000000000000000e+02
5.863675835697933962e+02,1.000000000000000000e+02
9.268627401575579370e+02,1.000000000000000000e+02
5.196143001670028525e+02,6.200000000000000000e+01
1.074142876743645502e+03,1.000000000000000000e+02
4.142800228900325124e+02,3.000000000000000000e+01
4.654834319398347589e+02,1.000000000000000000e+02
5.611442880827917179e+02,1.000000000000000000e+02
6.822184027683255181e+02,1.000000000000000000e+02
3.576175873804444336e+02,1.000000000000000000e+02
9.250813400967021494e+01,1.000000000000000000e+02
6.263963874918683814e+02,5.100000000000000000e+01
4.316372463396784838e+02,1.000000000000000000e+02
5.388674450984742634e+02,1.000000000000000000e+02
8.874504147385466979e+01,1.000000000000000000e+02
6.712653023657446738e+02,1.000000000000000000e+02
8.353480683496037784e+01,1.000000000000000000e+02
5.834859883247896732e+02,5.700000000000000000e+01
2.556566509333290753e+02,1.000000000000000000e+02
1.558917366579166526e+02,8.200000000000000000e+01
2.300354626563016609e+02,1.000000000000000000e+02
4.317428182964229109e+02,1.000000000000000000e+02
1.364793037244079699e+02,1.000000000000000000e+02
6.927746527298081674e+02,7.400000000000000000e+01
6.678701322125226625e+02,1.000000000000000000e+02
7.033340853638250110e+02,1.000000000000000000e+02
1.450023606403515544e+02,1.000000000000000000e+02
2.105237725125771817e+02,1.000000000000000000e+02
3.145112899108384141e+01,1.000000000000000000e+02
3.040995303826572922e+02,1.000000000000000000e+02
5.646937491515657257e+02,1.000000000000000000e+02
8.086757515068287603e+02,1.000000000000000000e+02
4.104824923098365730e+02,1.000000000000000000e+02
8.892437802724925859e+02,1.000000000000000000e+02
3.950393059972495280e+02,1.000000000000000000e+02
6.144729759531403488e+02,5.300000000000000000e+01
8.257128482936432192e+02,1.000000000000000000e+02
1.535155706607843911e+02,1.000000000000000000e+02
7.407766003625345093e+02,1.000000000000000000e+02
2.121754026894049332e+02,1.000000000000000000e+02
1.794690799025742365e+02,1.000000000000000000e+02
5.025053671948325018e+01,1.000000000000000000e+02
1.915871989972868050e+02,3.900000000000000000e+01
7.190569810589951203e+02,6.500000000000000000e+01
2.714923842493823258e+02,1.000000000000000000e+02
3.539376134350260941e+02,1.000000000000000000e+02
6.015912549855183897e+02,1.000000000000000000e+02
1.039041105180709110e+03,1.000000000000000000e+02
4.012184568428837110e+02,7.300000000000000000e+01
2.059583476692158115e+02,1.000000000000000000e+02
6.511322108712738554e+02,1.000000000000000000e+02
3.994473410338441113e+02,1.000000000000000000e+02
7.549762372093531440e+02,4.700000000000000000e+01
4.383881462141658290e+02,1.000000000000000000e+02
6.996365807156025767e+02,2.500000000000000000e+01
2.038781125999506401e+02,7.100000000000000000e+01
1.014462489449681470e+02,1.000000000000000000e+02
3.701205183658618125e+02,1.000000000000000000e+02
6.618659561812748962e+02,7.800000000000000000e+01
3.269103726025228411e+02,1.000000000000000000e+02
1.009956903784260817e+03,5.800000000000000000e+01
5.864287677123379581e+02,1.000000000000000000e+02
1.020401551183058899e+02,1.000000000000000000e+02
4.309725707951656091e+02,9.000000000000000000e+00
1.359512659755492336e+02,1.000000000000000000e+02
3.585765466227039155e+02,1.000000000000000000e+02
7.915489832679728579e+02,1.000000000000000000e+02
2.903704439054311024e+02,1.000000000000000000e+02
2.993053215512113070e+02,1.000000000000000000e+02
8.104223740455392999e+02,4.800000000000000000e+01
2.065017869496097376e+02,1.000000000000000000e+02
2.765710823838580268e+02,1.000000000000000000e+02
3.973037281506722138e+02,6.500000000000000000e+01
5.051392796026007090e+02,8.800000000000000000e+01
2.233113034567150521e+02,1.000000000000000000e+02
5.208082300743509450e+02,5.100000000000000000e+01
3.152671792460117786e+02,1.000000000000000000e+02
3.523818866860534058e+02,5.900000000000000000e+01
1.731827375182438686e+02,1.000000000000000000e+02
7.333879668447383438e+02,1.000000000000000000e+02
6.032333443475733930e+02,3.500000000000000000e+01
9.459052199759794632e+01,1.000000000000000000e+02
5.641533940458270990e+01,1.000000000000000000e+02
1.043773064730869180e+02,1.000000000000000000e+02
1.095595552558276182e+02,1.000000000000000000e+02
6.348926387369555613e+01,1.000000000000000000e+02
6.216925343006988669e+02,4.300000000000000000e+01
6.557191526483757116e+02,5.300000000000000000e+01
8.529017324339766901e+02,1.000000000000000000e+02
1.166156274413192904e+02,1.000000000000000000e+02
4.691652128727360491e+02,1.000000000000000000e+02
2.327997291218894134e+02,1.000000000000000000e+02
3.709227895658627858e+02,1.000000000000000000e+02
5.633533884977188109e+02,5.600000000000000000e+01
4.285492047176007304e+02,1.000000000000000000e+02
1.556950140026833367e+02,7.000000000000000000e+00
3.239677142755308523e+02,1.000000000000000000e+02
2.605397936794826705e+02,1.000000000000000000e+02
8.279046936787851507e+01,1.000000000000000000e+02
7.755386894318112354e+02,1.000000000000000000e+02
4.604894578653774602e+02,1.700000000000000000e+01
1.489807251840816491e+02,1.000000000000000000e+02
2.569138277161457609e+02,1.000000000000000000e+02
7.168721183770932726e+01,1.000000000000000000e+02
1.031328430577473682e+03,3.800000000000000000e+01
2.260462272304591238e+02,1.000000000000000000e+02
4.957579012224094299e+02,1.000000000000000000e+02
4.180342150382875843e+02,1.000000000000000000e+02
4.471023476841578486e+02,1.000000000000000000e+02
2.236410386952171621e+02,1.000000000000000000e+02
1.862529879753208490e+02,5.000000000000000000e+00
3.099719857209800011e+02,1.000000000000000000e+02
1.051071969532372123e+03,4.300000000000000000e+01
1.403909202296214289e+02,1.000000000000000000e+02
6.439015344290311305e+02,1.000000000000000000e+02
5.952383471301812961e+02,1.000000000000000000e+02
2.807311690228194152e+02,4.000000000000000000e+00
4.749646804315214013e+02,1.000000000000000000e+02
2.647310935845011386e+02,7.000000000000000000e+00
1.169077432820668491e+03,4.800000000000000000e+01
9.835833099249113047e+02,7.300000000000000000e+01
3.681037041582854954e+02,4.500000000000000000e+01
5.916898293166588019e+01,1.000000000000000000e+02
1.988788523395075742e+02,1.000000000000000000e+02
4.476209980172509972e+02,1.000000000000000000e+02
5.475786041465781864e+02,1.000000000000000000e+02
6.761535887346148002e+02,1.000000000000000000e+02
8.061403668925045167e+02,8.300000000000000000e+01
3.064329885459005141e+02,1.000000000000000000e+02
6.618677784333082172e+02,1.000000000000000000e+02
3.445750885510836383e+02,1.000000000000000000e+02
4.807718036366530896e+02,1.000000000000000000e+02
7.256442184762946681e+02,1.000000000000000000e+02
2.528193456515217576e+02,1.000000000000000000e+02
2.979979844550373969e+02,1.000000000000000000e+02
2.781253389100021991e+02,7.800000000000000000e+01
5.177548618867195955e+02,4.900000000000000000e+01
7.790334302392913060e+02,4.600000000000000000e+01
6.036975173670084871e+01,1.000000000000000000e+02
4.344254885740331247e+02,1.000000000000000000e+02
2.641939027354039808e+02,1.000000000000000000e+02
2.830740558534179172e+02,1.000000000000000000e+02
3.349580004395766650e+02,1.000000000000000000e+02
1.829375382963871743e+02,1.000000000000000000e+02
1.124748162250080668e+03,1.000000000000000000e+02
3.319446055761810044e+02,4.000000000000000000e+00
7.480756323063473019e+02,1.000000000000000000e+02
3.256380228499730123e+01,5.800000000000000000e+01
4.600948600758324574e+02,1.000000000000000000e+02
6.627905070595273855e+02,1.000000000000000000e+02
9.831344585906177826e+02,4.200000000000000000e+01
1.279155956137766452e+02,1.000000000000000000e+02
8.724599659081221716e+02,5.100000000000000000e+01
2.837290271314140568e+02,4.600000000000000000e+01
8.142232710154793267e+02,1.000000000000000000e+02
3.228565505186359701e+02,1.000000000000000000e+02
1.665208423796993742e+01,5.000000000000000000e+00
1.707218744008851843e+02,1.000000000000000000e+02
2.943963781828074389e+02,1.000000000000000000e+02
4.657875668767012485e+02,1.000000000000000000e+02
5.526815771574019891e+02,1.000000000000000000e+02
8.841759670536083604e+02,6.600000000000000000e+01
1.256642820241108183e+02,1.000000000000000000e+02
2.033966445198694828e+02,1.000000000000000000e+02
1.035629749660137975e+02,1.000000000000000000e+02
5.467925784829977829e+02,1.000000000000000000e+02
1.295132180636172961e+03,1.000000000000000000e+02
4.888133097447572482e+02,1.000000000000000000e+02
9.307764567620648677e+01,1.000000000000000000e+02
6.528458278231395298e+02,1.000000000000000000e+02
1.253864233912250086e+02,1.000000000000000000e+02
7.981602106782755754e+02,1.000000000000000000e+02
3.786334817955006997e+02,1.000000000000000000e+02
9.005002725660322085e+02,1.000000000000000000e+02
4.072275419916065857e+02,1.000000000000000000e+02
8.530596675022801492e+02,4.400000000000000000e+01
6.001061474437611878e+02,1.000000000000000000e+02
1.842204208843871811e+02,1.000000000000000000e+02
3.972420074139294570e+02,1.000000000000000000e+02
5.701100219394124906e+02,1.000000000000000000e+02
2.509071165328923882e+02,1.000000000000000000e+02
2.082504422575709668e+02,1.000000000000000000e+02
5.762087411261334182e+02,1.000000000000000000e+02
3.076725697053523163e+02,1.000000000000000000e+02
7.314942258008064755e+02,3.600000000000000000e+01
4.370422385030175292e+02,1.000000000000000000e+02
3.426191783414317342e+02,1.000000000000000000e+02
6.254036847905064178e+02,4.700000000000000000e+01
1.004916583548094877e+03,1.000000000000000000e+02
3.077035781754456139e+02,6.900000000000000000e+01
4.780952288333825777e+02,1.000000000000000000e+02
4.374136287323137253e+02,6.300000000000000000e+01
2.403080014043001711e+02,1.000000000000000000e+02
3.638575399202423455e+02,3.900000000000000000e+01
3.177644709400789225e+02,1.000000000000000000e+02
4.399868378042837662e+02,5.000000000000000000e+00
9.388636041770193970e+02,3.600000000000000000e+01
2.301883794281100108e+02,1.000000000000000000e+02
3.775621621688555933e+02,1.000000000000000000e+02
3.764225496148255843e+02,6.900000000000000000e+01
4.788734432612528167e+02,1.000000000000000000e+02
3.521659103849860344e+02,2.200000000000000000e+01
3.868361715404505503e+02,1.000000000000000000e+02
4.976407588665202297e+01,1.000000000000000000e+02
3.840652967390697654e+02,1.400000000000000000e+01
3.867848666086410390e+02,1.000000000000000000e+02
1.698348694319982144e+02,1.000000000000000000e+02
9.011600562485620003e+02,1.000000000000000000e+02
5.821614456894117495e+01,1.000000000000000000e+02
1.356584393199985072e+02,1.000000000000000000e+02
4.550545250905936427e+02,7.100000000000000000e+01
9.825808498443699364e+02,4.600000000000000000e+01
1.635866898592533403e+02,1.000000000000000000e+02
3.719301436526890825e+02,1.000000000000000000e+02
3.838834670100327457e+02,1.000000000000000000e+02
2.477224505203537888e+02,1.000000000000000000e+02
5.731797736654432356e+02,1.000000000000000000e+02
2.321877615866108044e+02,1.000000000000000000e+02
1.660325571742030775e+02,1.000000000000000000e+02
9.969179923863621298e+02,1.000000000000000000e+02
6.220647129288673796e+02,1.000000000000000000e+02
3.836336180422204620e+02,8.600000000000000000e+01
1.092949235330489273e+03,7.300000000000000000e+01
3.194060114927958125e+02,5.100000000000000000e+01
1.299846272671391603e+02,1.000000000000000000e+02
3.487685934899183167e+02,1.000000000000000000e+02
6.411252088701713774e+02,1.000000000000000000e+02
2.856032347758926448e+02,1.000000000000000000e+02
3.536510397961992567e+02,1.000000000000000000e+02
2.893612838032801733e+02,1.000000000000000000e+02
3.738980129699873487e+02,1.000000000000000000e+02
4.589049164190166721e+02,1.000000000000000000e+02
6.870062878387942362e+01,1.000000000000000000e+02
2.542200585490855644e+02,1.000000000000000000e+02
3.481464604875558280e+02,1.000000000000000000e+02
8.368066660298279658e+02,1.000000000000000000e+02
6.909588858336138628e+02,1.000000000000000000e+02
8.324207306283667549e+02,1.000000000000000000e+02
3.656184052345931832e+02,1.000000000000000000e+02
5.660021512743801395e+02,5.600000000000000000e+01
9.680798359599451715e+02,1.000000000000000000e+02
5.510189135242857219e+02,1.000000000000000000e+02
6.085640487242409336e+02,9.200000000000000000e+01
1.417302468975001375e+02,1.000000000000000000e+02
5.400493810909302539e+01,1.000000000000000000e+02
1.124769320658155493e+03,1.000000000000000000e+02
1.972213045411315022e+02,7.700000000000000000e+01
6.216737385659997699e+02,8.000000000000000000e+01
7.207629215013718067e+02,7.300000000000000000e+01
1.135743367674692763e+03,1.000000000000000000e+02
1.163746481765032513e+03,1.000000000000000000e+02
1.677499375767798426e+02,8.800000000000000000e+01
3.389191257611607284e+02,1.000000000000000000e+02
1.186626226427023170e+02,1.000000000000000000e+02
6.312913712992593673e+02,5.200000000000000000e+01
3.584140762611034461e+02,4.900000000000000000e+01
4.633603827818849936e+02,1.000000000000000000e+02
8.414754849837543134e+02,1.000000000000000000e+02
3.346969064041373088e+01,1.000000000000000000e+02
4.387676450131118600e+02,1.000000000000000000e+02
6.565374182962539180e+02,1.000000000000000000e+02
1.520879879038803324e+02,1.000000000000000000e+02
8.109174947283141819e+02,1.000000000000000000e+02
4.583891246900860210e+02,9.400000000000000000e+01
6.339350048847748553e+01,1.000000000000000000e+02
2.839412634505854385e+02,1.000000000000000000e+02
3.826963013886713725e+02,1.000000000000000000e+02
4.635642303114478864e+02,1.000000000000000000e+02
5.082087766672927955e+02,1.000000000000000000e+02
4.902166468675957276e+02,1.000000000000000000e+02
7.720628652269958820e+02,1.000000000000000000e+02
1.156377692619821147e+02,1.000000000000000000e+02
5.200382946379630766e+02,6.400000000000000000e+01
6.692816787253215125e+02,1.000000000000000000e+02
5.782063858788468451e+02,5.300000000000000000e+01
7.239600003001329469e+02,6.900000000000000000e+01
8.017788117007836490e+02,1.000000000000000000e+02
4.124884585270573325e+02,1.000000000000000000e+02
2.366365798384673838e+02,1.000000000000000000e+02
1.028468300196796292e+02,1.000000000000000000e+02
3.138951340312992784e+02,1.000000000000000000e+02
6.068766438442883526e+01,1.000000000000000000e+02
3.576542507767261441e+02,2.400000000000000000e+01
1.284012886347327367e+02,1.000000000000000000e+02
3.256026731592609167e+02,6.100000000000000000e+01
2.990724108582800795e+02,1.000000000000000000e+02
1.766939547990575363e+02,1.000000000000000000e+02
7.903543990977628937e+02,1.000000000000000000e+02
9.653742842491453757e+02,1.000000000000000000e+02
6.338343770382127218e+01,1.000000000000000000e+02
2.877080036917566304e+02,1.000000000000000000e+02
1.619474677699322740e+02,1.000000000000000000e+02
4.100108760098085554e+02,1.000000000000000000e+02
1.508498773056935249e+02,3.600000000000000000e+01
5.488360873585756963e+02,1.000000000000000000e+02
1.489528390178860207e+02,1.000000000000000000e+02
2.521212238139901842e+02,1.000000000000000000e+02
1.310129269468190500e+02,1.000000000000000000e+02
7.974013214895638839e+02,1.000000000000000000e+02
3.515617271519590190e+02,1.000000000000000000e+02
4.677861477940511463e+02,8.100000000000000000e+01
4.598938200773333165e+02,1.000000000000000000e+02
7.960511542755133405e+02,5.000000000000000000e+01
3.505913483086255269e+02,1.000000000000000000e+02
1.005323065361856720e+03,1.000000000000000000e+02
3.442121793516338926e+02,5.000000000000000000e+01
7.693811660985614935e+02,1.000000000000000000e+02
4.482826788673941110e+02,2.400000000000000000e+01
8.222440977014905457e+02,5.600000000000000000e+01
7.783535771793066260e+02,4.000000000000000000e+01
7.174109687279589025e+02,1.000000000000000000e+02
1.147659424824009591e+02,1.000000000000000000e+02
1.834843982024906097e+02,1.000000000000000000e+02
4.180728758763953010e+02,1.000000000000000000e+02
8.197124505705463662e+02,1.000000000000000000e+02
5.107557300703476812e+02,1.000000000000000000e+02
3.027823398176001888e+02,1.000000000000000000e+02
2.656000490294251222e+02,1.000000000000000000e+02
3.962036376753964078e+02,1.000000000000000000e+01
3.839613361179461322e+02,1.000000000000000000e+02
3.787059391495982368e+02,1.000000000000000000e+02
8.178776742555207875e+02,4.800000000000000000e+01
4.747430311184841116e+02,1.000000000000000000e+02
8.275638562146897357e+02,1.000000000000000000e+02
4.994083389172045031e+02,1.000000000000000000e+02
1.634558419699686169e+02,1.000000000000000000e+02
3.358148281833700253e+02,3.900000000000000000e+01
9.992244129718503700e+02,1.000000000000000000e+02
4.731042134404521562e+02,1.000000000000000000e+02
5.886339918108595839e+02,1.000000000000000000e+02
5.640152562127183273e+02,1.000000000000000000e+02
6.825754489577191180e+02,1.000000000000000000e+02
3.450267862274441200e+02,1.000000000000000000e+02
8.508370932986701973e+02,7.800000000000000000e+01
8.260016722409108070e+02,5.300000000000000000e+01
5.055034222675469664e+02,1.000000000000000000e+02
5.846790840417659183e+02,1.000000000000000000e+02
4.668580710265812428e+01,1.000000000000000000e+02
4.249817346476518765e+02,1.000000000000000000e+02
8.559211802465840719e+02,1.000000000000000000e+02
2.497675128239087030e+02,1.000000000000000000e+02
6.281984447572499448e+02,1.000000000000000000e+02
4.577762034828959372e+02,1.000000000000000000e+02
1.888668992534061033e+02,5.000000000000000000e+00
4.506154261989016163e+02,1.000000000000000000e+02
1.521628121466929144e+02,1.000000000000000000e+02
6.967352247138691155e+02,1.000000000000000000e+02
9.441480011219875905e+02,1.000000000000000000e+02
5.715074676927059727e+02,1.000000000000000000e+02
8.906162269201140589e+02,1.000000000000000000e+02
9.135076445765817255e+01,6.200000000000000000e+01
5.836186959819340245e+02,5.600000000000000000e+01
4.301842356882779654e+02,1.000000000000000000e+02
8.011581031481254058e+02,1.000000000000000000e+02
4.811787689448208312e+02,1.000000000000000000e+02
4.809578783047708725e+02,1.000000000000000000e+02
1.847794023435940574e+02,8.000000000000000000e+00
1.015168049882798584e+02,1.000000000000000000e+02
3.799014669190044060e+02,1.000000000000000000e+02
4.778376364751726442e+02,1.000000000000000000e+02
4.283887173638806303e+02,1.000000000000000000e+02
9.968643147081781990e+02,1.000000000000000000e+02
4.827390522132117781e+02,9.000000000000000000e+01
8.098244623160773017e+02,1.000000000000000000e+02
3.588419180820524161e+02,1.000000000000000000e+02
8.183096908137787295e+02,1.000000000000000000e+02
4.633330864359963357e+02,6.200000000000000000e+01
6.116341564051376736e+02,1.000000000000000000e+02
3.769859648592739632e+02,1.000000000000000000e+02
6.822847961659101657e+02,3.700000000000000000e+01
2.581656489532284695e+02,1.000000000000000000e+02
3.593938698836936965e+02,1.000000000000000000e+02
1.085880486443960820e+02,1.000000000000000000e+02
9.316312763297305821e+01,5.000000000000000000e+00
9.839532064599873138e+02,1.000000000000000000e+02
5.078834346363698842e+02,1.000000000000000000e+02
6.455344581898486922e+02,1.000000000000000000e+02
9.142849803027371536e+02,1.000000000000000000e+02
7.575457934171372187e+01,1.000000000000000000e+02
7.291248523074218610e+02,1.000000000000000000e+02
6.035380400551124467e+02,1.000000000000000000e+02
3.497873198092394205e+02,1.000000000000000000e+02
3.666772125976061147e+02,1.000000000000000000e+02
6.299356036354454318e+02,1.000000000000000000e+02
5.961816485961156786e+02,4.600000000000000000e+01
4.733455041518286635e+02,1.000000000000000000e+02
6.648022415534596803e+02,1.000000000000000000e+02
3.046744735530125467e+02,1.000000000000000000e+02
4.231250515844367328e+02,1.000000000000000000e+02
4.428099595800420616e+02,1.000000000000000000e+02
7.653873419701640159e+02,4.100000000000000000e+01
1.955183899289565943e+02,1.000000000000000000e+02
1.635410382685611808e+02,1.000000000000000000e+02
7.576562020910802175e+02,1.000000000000000000e+02
7.679979386052489190e+02,1.000000000000000000e+02
2.006517157156492601e+02,1.000000000000000000e+02
1.520413326874297866e+02,1.000000000000000000e+02
6.764615235408072067e+02,8.000000000000000000e+01
2.146685209987366250e+02,1.000000000000000000e+02
8.357994011753778523e+02,1.000000000000000000e+02
9.934685797697926546e+02,1.000000000000000000e+02
1.058378135665197760e+03,8.400000000000000000e+01
6.162673611134237035e+02,1.000000000000000000e+02
1.629768201558911755e+02,1.000000000000000000e+02
4.793489191047855797e+02,1.000000000000000000e+02
3.320361592777256874e+02,8.700000000000000000e+01
1.541672240874248132e+02,2.700000000000000000e+01
2.302698245626861251e+02,1.000000000000000000e+02
1.540957503685490906e+02,1.000000000000000000e+02
1.070603708816752260e+03,1.000000000000000000e+02
2.033404310401391228e+02,1.000000000000000000e+02
4.420216850387743790e+01,2.900000000000000000e+01
7.982065361674558517e+02,5.600000000000000000e+01
2.904319012113884924e+02,1.000000000000000000e+02
4.331601105000150369e+02,1.000000000000000000e+02
9.764992722293592919e+01,1.000000000000000000e+02
4.446530158136002342e+02,1.000000000000000000e+02
4.587790794894060582e+02,1.000000000000000000e+02
4.534780003270833504e+02,1.000000000000000000e+02
6.307281059876745530e+02,1.000000000000000000e+02
7.151514137547716246e+02,1.000000000000000000e+02
6.701640419974481802e+02,1.000000000000000000e+02
4.020455000157706422e+02,8.300000000000000000e+01
2.385980434466928841e+02,1.000000000000000000e+02
4.535927770035723938e+02,1.000000000000000000e+02
5.313930764400762428e+02,1.000000000000000000e+02
7.705955523058967174e+02,1.000000000000000000e+02
3.668338595616801854e+02,1.000000000000000000e+02
6.811440462757494174e+01,1.000000000000000000e+02
2.020742566334952244e+02,1.000000000000000000e+02
4.168263363473045047e+02,1.000000000000000000e+02
7.062917151440943826e+02,1.000000000000000000e+02
6.327020065762692411e+02,1.000000000000000000e+02
3.622447653063753137e+02,1.000000000000000000e+02
1.910248360287183687e+02,1.000000000000000000e+02
4.474631311678507473e+02,1.000000000000000000e+02
7.401814757774519649e+02,3.000000000000000000e+01
6.744069187371593443e+02,1.000000000000000000e+02
1.715897333555717239e+02,7.300000000000000000e+01
2.705978755159391653e+02,4.400000000000000000e+01
3.924851341343735385e+02,7.000000000000000000e+00
2.811614465305518706e+02,1.000000000000000000e+02
2.238936867593319562e+02,1.000000000000000000e+02
3.742282172705310472e+02,1.600000000000000000e+01
2.912617656458145916e+02,3.900000000000000000e+01
5.847223708441615599e+02,1.000000000000000000e+02
4.787539040280409495e+02,1.000000000000000000e+02
5.074759401529793763e+02,4.600000000000000000e+01
3.798071818704146381e+02,8.000000000000000000e+00
1.362181591225845523e+02,1.000000000000000000e+02
1.674564676432174508e+02,5.700000000000000000e+01
1.645068505931367326e+02,1.000000000000000000e+02
3.642917277164609118e+02,1.000000000000000000e+02
7.291675287105863390e+02,4.900000000000000000e+01
9.130364570113184755e+02,1.000000000000000000e+02
2.752721930273959856e+02,1.600000000000000000e+01
2.674196584442683502e+02,1.000000000000000000e+02
5.834948715168102495e+01,1.700000000000000000e+01
5.450183369932575488e+02,3.800000000000000000e+01
2.452157822145531441e+01,1.000000000000000000e+02
4.566415975777386507e+02,1.000000000000000000e+02
7.357343010481521333e+02,1.000000000000000000e+02
2.811480393045566757e+02,6.500000000000000000e+01
6.333233648347012377e+02,1.000000000000000000e+02
8.944131944761674049e+02,6.500000000000000000e+01
3.952358800194866149e+02,7.100000000000000000e+01
8.348725473805700403e+02,1.000000000000000000e+02
3.675774074692413933e+02,1.000000000000000000e+02
4.468886480175240195e+02,1.000000000000000000e+02
3.899284504840959471e+02,1.000000000000000000e+02
4.975656577768298803e+02,1.000000000000000000e+02
1.029755817675550361e+03,1.000000000000000000e+02
5.249144098132193221e+02,1.000000000000000000e+02
1.813876282127943966e+02,1.000000000000000000e+02
6.352887523561917504e+01,4.000000000000000000e+00
4.494128866074561870e+02,1.000000000000000000e+02
9.062445682423580138e+02,1.000000000000000000e+02
3.857218414221655394e+02,1.000000000000000000e+02
6.990720738752568195e+02,3.500000000000000000e+01
7.391429834641772345e+01,1.000000000000000000e+02
1.855738242007980148e+02,1.000000000000000000e+02
1.035786211295136638e+02,1.000000000000000000e+02
4.390547711050451767e+02,1.000000000000000000e+02
7.046716030301762430e+02,1.000000000000000000e+02
4.544234292020543649e+02,1.000000000000000000e+02
5.561629572929251708e+02,5.300000000000000000e+01
6.249412618086392968e+02,1.000000000000000000e+02
3.012796905633406936e+02,1.000000000000000000e+02
3.368127865921809985e+02,6.100000000000000000e+01
2.886802638917133663e+02,1.000000000000000000e+02
7.693802463717648834e+02,1.000000000000000000e+02
3.235895347940929696e+02,1.000000000000000000e+02
7.851250244561113050e+02,8.300000000000000000e+01
1.243144927793465371e+02,1.000000000000000000e+02
2.554527863895498641e+01,5.900000000000000000e+01
1.076412363834326982e+02,4.000000000000000000e+00
3.956009531781765531e+02,1.000000000000000000e+02
6.682975094322239329e+01,1.000000000000000000e+02
5.210708891629775508e+02,1.000000000000000000e+02
6.922445960468179464e+02,6.500000000000000000e+01
4.255370513343968355e+02,6.700000000000000000e+01
7.425143612865192608e+02,1.000000000000000000e+02
1.854527477569715757e+02,1.000000000000000000e+02
3.712135619052691027e+02,1.000000000000000000e+02
5.710164580715673992e+02,1.000000000000000000e+02
2.326900958992852395e+02,1.000000000000000000e+02
2.957892965979249311e+02,1.000000000000000000e+02
8.171839082162971408e+02,5.200000000000000000e+01
1.251568613691691922e+02,1.000000000000000000e+02
8.341132093365276887e+02,1.000000000000000000e+02
1.899357067038639855e+02,1.000000000000000000e+02
7.861830881111783356e+02,1.000000000000000000e+02
2.168652673696105069e+02,1.000000000000000000e+02
8.052250717052793334e+02,7.000000000000000000e+01
1.398462185141326017e+02,1.000000000000000000e+02
6.107643281878865764e+02,4.300000000000000000e+01
2.188042838328473181e+02,1.000000000000000000e+02
5.103656169272840089e+02,1.000000000000000000e+02
1.579671636881562335e+02,1.000000000000000000e+02
1.220520933009883038e+02,7.600000000000000000e+01
2.687072986807970665e+02,1.000000000000000000e+02
4.370826138133728591e+02,1.000000000000000000e+02
3.043231204614459102e+02,1.000000000000000000e+02
5.786885360770886564e+02,1.000000000000000000e+02
4.202909781605027320e+02,7.000000000000000000e+01
6.630728673937990152e+02,1.000000000000000000e+02
6.891222877798450099e+02,1.000000000000000000e+02
4.271253614833245820e+02,8.800000000000000000e+01
3.477151765978018148e+02,1.000000000000000000e+02
3.352633483406074220e+02,1.000000000000000000e+02
4.225261988348569844e+02,1.000000000000000000e+02
1.707206673580059828e+02,1.000000000000000000e+02
5.540409547368118410e+02,1.000000000000000000e+02
1.096757872670260667e+02,1.000000000000000000e+02
4.204989294705644056e+02,8.700000000000000000e+01
4.318061465487605801e+02,1.000000000000000000e+02
5.966098916232762122e+02,1.000000000000000000e+02
5.147823701882821297e+02,1.000000000000000000e+02
1.191065093262135548e+02,5.600000000000000000e+01
7.113695098449427405e+02,1.000000000000000000e+02
1.443770080127564484e+02,1.000000000000000000e+02
4.035479321980447480e+02,1.000000000000000000e+02
3.659326274474128695e+02,9.500000000000000000e+01
3.999412012007821886e+02,1.000000000000000000e+02
7.427307987348044662e+02,8.200000000000000000e+01
6.814615423174412854e+02,7.200000000000000000e+01
2.463549003840393254e+02,8.000000000000000000e+01
7.322132312469021826e+02,1.000000000000000000e+02
7.212002413267932752e+02,6.700000000000000000e+01
4.955139663396496417e+02,1.000000000000000000e+02
6.472016283201542137e+02,1.000000000000000000e+02
3.132857201383839651e+02,1.000000000000000000e+02
2.263614180341099882e+02,1.000000000000000000e+02
4.296634935695082191e+01,1.000000000000000000e+02
3.697627507888571472e+02,1.000000000000000000e+02
5.518918404839636338e+01,1.000000000000000000e+02
7.583320632190630306e+01,1.000000000000000000e+02
7.104857265815805079e+01,1.000000000000000000e+02
1.005326769307373979e+03,1.000000000000000000e+02
4.173533888293776499e+02,1.000000000000000000e+02
2.248219901425337355e+02,1.000000000000000000e+02
1.517107937064376983e+02,1.000000000000000000e+02
8.804664692308964504e+02,1.000000000000000000e+02
3.090080632814194814e+02,1.000000000000000000e+02
8.147101089234995186e+01,1.000000000000000000e+02
2.267399328248353356e+02,1.000000000000000000e+02
6.166046444813580365e+02,1.000000000000000000e+02
2.008307390768690937e+02,1.000000000000000000e+02
4.876633836657117627e+02,1.000000000000000000e+02
7.072390402738882358e+02,1.000000000000000000e+02
1.350725736803096027e+02,1.000000000000000000e+02
6.058564530606494145e+02,1.000000000000000000e+02
1.136767704894333662e+02,1.000000000000000000e+02
4.227189407057453536e+02,1.000000000000000000e+02
2.903502447884362141e+02,4.500000000000000000e+01
4.888586360920179459e+02,1.000000000000000000e+02
5.344766559681470426e+02,2.900000000000000000e+01
1.109727180565711251e+03,1.000000000000000000e+02
4.650117373590673964e+01,1.000000000000000000e+02
9.098605533195838007e+02,8.000000000000000000e+01
4.361050142138092838e+02,1.000000000000000000e+02
1.481036380436543141e+02,1.000000000000000000e+02
6.672635411276116884e+02,4.800000000000000000e+01
7.063151577534839589e+02,5.100000000000000000e+01
4.011856103297815253e+02,1.000000000000000000e+02
7.950646187420280739e+02,4.600000000000000000e+01
3.057022338878607570e+02,2.900000000000000000e+01
2.768244158885961497e+02,1.000000000000000000e+02
3.650771832106760826e+02,5.600000000000000000e+01
3.309728768384565569e+02,1.000000000000000000e+02
9.462399167402294324e+02,1.000000000000000000e+02
5.076465580827574513e+02,1.000000000000000000e+02
6.725273344935020532e+02,1.000000000000000000e+02
2.045445739049509655e+02,1.000000000000000000e+02
8.083310683833782377e+02,1.000000000000000000e+02
5.803081560858901184e+02,1.000000000000000000e+02
6.708062608641353108e+02,1.000000000000000000e+02
1.667613861309014283e+02,1.000000000000000000e+02
6.902249017355518390e+02,1.000000000000000000e+02
7.102872482062092558e+02,1.000000000000000000e+02
8.718471973336153269e+02,1.000000000000000000e+02
3.587184423832258062e+02,1.000000000000000000e+02
2.800392991879376723e+02,1.000000000000000000e+02
8.116040763981582131e+02,5.600000000000000000e+01
3.589838129544010030e+02,1.000000000000000000e+02
6.132175752117286720e+02,1.000000000000000000e+02
6.600024518488866079e+02,1.000000000000000000e+02
6.581233165469280948e+02,1.000000000000000000e+02
1.165311726582713021e+02,1.000000000000000000e+02
6.230410551457790689e+02,9.500000000000000000e+01
5.333454313145150536e+02,1.000000000000000000e+02
6.777566830360502763e+02,1.000000000000000000e+02
3.875255259255254714e+02,1.000000000000000000e+02
3.553968026210799849e+02,1.000000000000000000e+02
9.172359497085490148e+02,7.300000000000000000e+01
4.268328705674841785e+02,1.000000000000000000e+02
5.575565613628010624e+02,4.700000000000000000e+01
5.839996210296682193e+02,1.000000000000000000e+02
5.672033234360385023e+01,8.100000000000000000e+01
4.086499310454735223e+02,1.000000000000000000e+02
2.700964798291771558e+02,1.000000000000000000e+02
4.635759129537127023e+02,4.600000000000000000e+01
6.950434286087116789e+02,1.000000000000000000e+02
3.157591057605466744e+02,8.900000000000000000e+01
1.978366785696546515e+02,1.000000000000000000e+02
2.637395727926369773e+02,1.000000000000000000e+02
5.276639807892939871e+02,1.000000000000000000e+02
5.948589813484554725e+02,3.100000000000000000e+01
4.240226725417995226e+02,1.000000000000000000e+02
2.609073185832315289e+02,1.000000000000000000e+02
6.035147378374276741e+02,1.000000000000000000e+02
2.188821587631771877e+02,1.000000000000000000e+02
7.993742033096323496e+01,1.000000000000000000e+02
4.501619617652324905e+02,1.000000000000000000e+02
1.726685362600705105e+02,1.000000000000000000e+02
5.724084986362233849e+02,1.000000000000000000e+02
1.584316308589849882e+02,1.000000000000000000e+02
5.227518133714818305e+02,1.000000000000000000e+02
6.202163888328910843e+02,1.000000000000000000e+02
2.028229592414039359e+02,1.000000000000000000e+02
2.727218696114010754e+02,1.000000000000000000e+02
5.852324472756283740e+02,1.000000000000000000e+02
1.759477945782132622e+02,1.000000000000000000e+02
1.173043416930420108e+03,2.900000000000000000e+01
8.425685647459533811e+02,7.600000000000000000e+01
9.597332203972632669e+02,8.200000000000000000e+01
3.176742827927764097e+02,7.000000000000000000e+00
3.648095074155403950e+02,1.000000000000000000e+02
8.866175349604338862e+02,3.900000000000000000e+01
3.233499025275399390e+02,7.400000000000000000e+01
1.709172307260307377e+02,1.000000000000000000e+02
1.258442710600361124e+03,6.600000000000000000e+01
4.512224526621172913e+02,1.000000000000000000e+02
5.972509198486651485e+02,1.000000000000000000e+02
3.021106810111561458e+02,1.000000000000000000e+02
3.443015388045219538e+02,1.000000000000000000e+02
8.280561851246642391e+02,8.300000000000000000e+01
5.358003284813185019e+02,1.000000000000000000e+02
2.540853801227633539e+02,1.000000000000000000e+02
8.235311781122690036e+02,4.400000000000000000e+01
3.393013449602587457e+02,1.000000000000000000e+02
1.849162295952548050e+02,2.600000000000000000e+01
3.674454657762949523e+02,1.000000000000000000e+02
1.753256900060880525e+02,1.000000000000000000e+02
2.687597117353673184e+02,1.000000000000000000e+02
5.678675259493097656e+02,1.000000000000000000e+02
3.583338855399348404e+02,3.800000000000000000e+01
2.009331228124828499e+02,1.000000000000000000e+02
9.644484324748884774e+02,1.000000000000000000e+02
3.180923258934441265e+02,1.000000000000000000e+02
5.521339486034030131e+01,1.000000000000000000e+02
4.384141872768890948e+02,1.000000000000000000e+02
8.515681552448285174e+02,3.500000000000000000e+01
5.356607407017797868e+02,3.100000000000000000e+01
1.072259426623768377e+03,1.000000000000000000e+02
6.457578280886136781e+02,7.500000000000000000e+01
4.235858821392812956e+02,7.000000000000000000e+01
9.165749991052316545e+02,1.000000000000000000e+02
2.748777227630706648e+02,1.000000000000000000e+02
6.812908468339190904e+01,3.800000000000000000e+01
3.052359226301212516e+02,1.000000000000000000e+02
6.443195862752372705e+02,1.000000000000000000e+02
2.895033507498928316e+02,8.600000000000000000e+01
4.861916476715808244e+02,7.000000000000000000e+01
4.762915302568104039e+02,4.400000000000000000e+01
1.767730226911073999e+02,3.200000000000000000e+01
4.056936119961142140e+02,1.000000000000000000e+02
5.330049573014164253e+02,1.000000000000000000e+02
5.588779513661479541e+02,6.300000000000000000e+01
6.668201611268168563e+02,1.000000000000000000e+02
5.230349485904995390e+02,1.000000000000000000e+02
3.880552491551687240e+02,1.000000000000000000e+02
3.965884349639555921e+02,3.600000000000000000e+01
6.422665457327979084e+02,1.000000000000000000e+02
6.091262208540930487e+02,4.700000000000000000e+01
4.486185043928806522e+02,9.700000000000000000e+01
3.407954519910447289e+02,1.000000000000000000e+02
3.312413701696175963e+02,1.000000000000000000e+02
7.660155430317893206e+02,1.000000000000000000e+02
1.068362006230492170e+03,3.400000000000000000e+01
4.206533055976356081e+02,1.000000000000000000e+02
3.969285724034240275e+02,5.300000000000000000e+01
6.642633452868290078e+02,1.000000000000000000e+02
5.391714191649532495e+02,8.000000000000000000e+00
8.724169786017416754e+02,1.000000000000000000e+02
9.288199298248724745e+02,2.600000000000000000e+01
5.241372673170623386e+01,1.000000000000000000e+02
1.672392142371103603e+02,1.000000000000000000e+02
6.789982994188935663e+02,8.300000000000000000e+01
6.528654847211319066e+02,1.000000000000000000e+02
5.356862568044119826e+02,1.000000000000000000e+02
4.307142533282319619e+02,1.000000000000000000e+02
5.669325429036393871e+02,7.000000000000000000e+01
3.105319653396829835e+02,5.000000000000000000e+00
4.944473793598509701e+02,1.000000000000000000e+02
3.335589213003765963e+02,3.400000000000000000e+01
3.895337548059881669e+02,1.000000000000000000e+02
3.446837453804618008e+02,1.000000000000000000e+02
8.676701568451166224e+01,1.000000000000000000e+02
1.879094489665765764e+02,1.000000000000000000e+02
4.495990828111980591e+02,1.000000000000000000e+02
2.036605125567688503e+02,1.000000000000000000e+02
6.068846541719381094e+02,1.000000000000000000e+02
2.775064767883944228e+02,1.000000000000000000e+02
1.210135425821310804e+02,1.000000000000000000e+02
1.401054065110579359e+02,1.000000000000000000e+02
9.937008796387156053e+02,1.000000000000000000e+02
3.720395629547334693e+02,1.000000000000000000e+02
1.660091160999808721e+02,1.000000000000000000e+02
2.994432828657462551e+02,1.000000000000000000e+02
1.637857819955501668e+02,1.300000000000000000e+01
2.466573421337551224e+02,1.000000000000000000e+02
6.595438998972329046e+02,1.000000000000000000e+02
2.432044241727446376e+02,1.300000000000000000e+01
5.377233430709997037e+02,5.500000000000000000e+01
3.406687477152163410e+02,1.000000000000000000e+02
1.331171624267711593e+02,1.000000000000000000e+02
1.585766001530419373e+02,1.000000000000000000e+02
5.430875791327595152e+02,1.000000000000000000e+02
6.614585060474024658e+02,1.000000000000000000e+02
3.211699279676108176e+02,1.000000000000000000e+02
6.449286518226002727e+02,1.000000000000000000e+02
2.443379962037657265e+02,1.000000000000000000e+02
1.395937348499862480e+02,1.000000000000000000e+02
6.214446189423997566e+02,1.000000000000000000e+02
6.320980068957130698e+02,5.600000000000000000e+01
2.652563722949915359e+02,1.000000000000000000e+02
5.690749904766291820e+02,1.000000000000000000e+02
2.968814183145701691e+02,1.000000000000000000e+02
6.343430620693826540e+02,1.000000000000000000e+02
6.112645528211709234e+02,1.000000000000000000e+02
3.373249871724555078e+02,7.000000000000000000e+00
2.141792038177355550e+02,1.000000000000000000e+02
6.800422717017083869e+02,1.000000000000000000e+02
2.431506553534822217e+02,1.000000000000000000e+02
4.279503259308688143e+02,9.100000000000000000e+01
4.954534144889986180e+01,1.000000000000000000e+02
3.094197981266777333e+02,1.000000000000000000e+02
1.013957207271312654e+03,2.900000000000000000e+01
4.976779139614055225e+01,1.000000000000000000e+02
3.463720314892980241e+02,1.000000000000000000e+02
6.578998241079230525e+01,1.000000000000000000e+02
5.628357852484120940e+02,6.700000000000000000e+01
3.290813389448838393e+02,1.000000000000000000e+02
2.336650084347861309e+02,8.100000000000000000e+01
6.766419328704953386e+02,1.000000000000000000e+02
2.796303382031917408e+02,1.000000000000000000e+02
1.271652955645335510e+02,1.000000000000000000e+02
4.928749578892626459e+02,6.000000000000000000e+01
5.630976223224357682e+02,5.400000000000000000e+01
1.534538934998320485e+02,1.000000000000000000e+02
8.213891304172578884e+02,1.000000000000000000e+02
9.266379018074545115e+01,1.000000000000000000e+02
6.698515213957697370e+02,1.000000000000000000e+02
2.746651446622287835e+02,1.000000000000000000e+02
8.297870328181124933e+02,4.200000000000000000e+01
3.773963388291700198e+02,1.000000000000000000e+02
2.751620662748870814e+02,1.000000000000000000e+02
7.680965797221389266e+02,1.000000000000000000e+02
1.965663827286781782e+02,1.000000000000000000e+02
4.937699455520012748e+02,9.100000000000000000e+01
7.824509748801143587e+02,1.000000000000000000e+02
3.898183031589240386e+02,1.000000000000000000e+02
9.032682894858366751e+01,1.000000000000000000e+02
2.085000680015931493e+02,1.000000000000000000e+02
1.049420850491520241e+03,1.000000000000000000e+02
