6.030478768615480476e+02,1.000000000000000000e+02
3.501377923481572196e+01,9.200000000000000000e+01
8.523785062238307830e+01,1.400000000000000000e+01
5.850652923584169685e+02,7.100000000000000000e+01
2.997902225533429146e+02,1.000000000000000000e+02
4.031214888505530212e+02,1.000000000000000000e+02
7.963824197518711117e+02,9.600000000000000000e+01
2.854967555049655630e+02,1.000000000000000000e+02
5.918237235699983785e+02,1.000000000000000000e+02
6.154422609183533268e+02,1.000000000000000000e+02
2.703850975600582274e+02,1.000000000000000000e+02
5.259044326164704444e+02,1.000000000000000000e+02
7.880274664630453572e+02,1.000000000000000000e+02
3.471340807717961070e+02,1.000000000000000000e+02
3.006818965467298881e+02,1.000000000000000000e+02
2.629856802112383320e+02,1.000000000000000000e+02
5.600923901105787763e+02,1.000000000000000000e+02
1.990435972967143812e+02,1.000000000000000000e+02
3.711387816526527672e+02,5.000000000000000000e+01
2.107225396321340156e+02,1.000000000000000000e+02
6.070868802471076151e+02,1.000000000000000000e+02
6.720206565507771757e+02,1.000000000000000000e+02
6.212963668059022666e+02,1.000000000000000000e+02
2.840444099950398140e+02,1.000000000000000000e+02
7.235098334545072021e+02,5.200000000000000000e+01
6.407502157124827136e+02,1.000000000000000000e+02
3.238358669089663522e+02,2.600000000000000000e+01
1.087520557002158966e+03,3.700000000000000000e+01
6.517479656512548445e+02,1.000000000000000000e+02
1.293874469832243221e+02,5.700000000000000000e+01
3.693187165241476464e+02,1.000000000000000000e+02
5.822457484759962654e+02,1.000000000000000000e+02
3.394155319490586749e+02,1.000000000000000000e+02
9.442694102457164718e+01,1.000000000000000000e+02
1.880749085678377810e+02,1.000000000000000000e+02
9.990571190977818787e+02,1.000000000000000000e+02
4.444475577918898352e+02,5.400000000000000000e+01
3.459389454899261978e+02,4.800000000000000000e+01
6.216398935884089951e+02,1.000000000000000000e+02
5.439379813536705797e+02,1.000000000000000000e+02
7.669612435184893684e+02,1.000000000000000000e+02
5.600418727578444305e+02,1.000000000000000000e+02
5.541279109036570105e+01,1.000000000000000000e+02
2.288622560421834748e+02,1.000000000000000000e+02
4.696501937030492968e+02,3.700000000000000000e+01
5.289154176781016758e+02,1.000000000000000000e+02
1.263499615824432112e+03,1.000000000000000000e+02
4.016098179853319721e+02,1.000000000000000000e+02
3.028973622280910263e+02,5.200000000000000000e+01
2.480793924798560113e+02,6.900000000000000000e+01
1.013675668433366582e+03,1.000000000000000000e+02
4.680664364171608440e+02,1.000000000000000000e+02
3.414020507576744308e+02,6.900000000000000000e+01
4.066883087107950701e+02,4.800000000000000000e+01
3.294649234182183477e+02,1.000000000000000000e+02
8.465032366065031511e+02,4.500000000000000000e+01
1.924028732361824723e+02,1.000000000000000000e+02
3.985630642374654258e+02,1.000000000000000000e+02
6.017928310996666141e+00,7.000000000000000000e+00
5.164772819968586646e+02,4.900000000000000000e+01
4.217309512170242556e+02,4.000000000000000000e+01
3.203743858304829928e+02,8.800000000000000000e+01
3.779101572770979942e+02,5.200000000000000000e+01
1.042923258725598856e+02,1.000000000000000000e+02
7.195182873941001844e+02,1.000000000000000000e+02
3.544977490138452367e+02,6.700000000000000000e+01
1.289156776640586486e+02,1.000000000000000000e+02
5.049836741441099548e+02,1.000000000000000000e+02
7.619900039207401505e+02,1.000000000000000000e+02
3.006448942018633943e+02,1.900000000000000000e+01
5.667716893734767609e+02,1.000000000000000000e+02
7.355352212004082730e+02,1.000000000000000000e+02
1.399777047590517611e+02,1.000000000000000000e+02
7.327325614126974642e+02,7.200000000000000000e+01
2.590777985270858608e+02,1.000000000000000000e+02
8.190513275305971774e+02,1.000000000000000000e+02
1.969913824114165095e+02,1.000000000000000000e+02
1.526470874942992282e+02,5.000000000000000000e+01
1.457143124481958978e+02,1.000000000000000000e+02
4.843516129438722260e+02,1.000000000000000000e+02
2.040382730783923932e+02,3.900000000000000000e+01
8.955264905764540799e+02,5.700000000000000000e+01
3.099329454611888224e+01,8.000000000000000000e+00
1.477153890973668524e+02,1.000000000000000000e+02
5.262151095647475358e+02,1.000000000000000000e+02
5.306870132325544773e+02,1.000000000000000000e+02
5.475763401693277501e+02,1.000000000000000000e+02
3.916832291237574850e+02,7.400000000000000000e+01
1.846003990299623183e+02,8.200000000000000000e+01
5.598210311669261046e+02,1.000000000000000000e+02
3.983786344175831573e+02,1.000000000000000000e+02
4.323573483684397161e+02,2.600000000000000000e+01
7.896048120740674676e+02,7.300000000000000000e+01
7.586412391374026356e+02,5.500000000000000000e+01
6.269888669147126166e+02,1.000000000000000000e+02
2.094201981209141650e+02,1.000000000000000000e+02
7.353407563574460255e+02,1.000000000000000000e+02
1.327832024919323430e+02,7.500000000000000000e+01
1.119750615875476143e+02,1.000000000000000000e+02
3.557236579991917438e+02,1.000000000000000000e+02
1.833073013397522004e+02,1.000000000000000000e+02
3.551050407702786060e+02,1.000000000000000000e+02
5.192158534972679007e+01,1.000000000000000000e+02
1.046922371327110568e+03,5.200000000000000000e+01
6.824154896225801394e+02,4.000000000000000000e+01
6.183984033331387309e+02,1.000000000000000000e+02
5.687605547311426335e+02,1.000000000000000000e+02
1.700353676370669973e+02,1.000000000000000000e+02
2.835854208756045409e+02,1.000000000000000000e+02
6.648662612460691435e+02,1.000000000000000000e+02
4.282696848452172844e+02,6.400000000000000000e+01
7.864486547306614739e+02,1.000000000000000000e+02
1.644382017966276237e+02,1.000000000000000000e+02
8.195239866796355273e+02,1.000000000000000000e+02
1.336871704680473556e+02,1.000000000000000000e+02
1.286696583247257649e+03,3.300000000000000000e+01
8.537479413712873111e+02,1.000000000000000000e+02
2.155745339840017039e+02,1.000000000000000000e+02
5.120330825736996303e+02,1.000000000000000000e+02
2.633962669714827598e+02,1.000000000000000000e+02
6.021796822547430565e+02,1.000000000000000000e+02
3.036085283993237454e+02,1.000000000000000000e+02
6.385524011744437303e+02,1.000000000000000000e+02
4.939820380753121185e+02,1.000000000000000000e+02
9.022753150279250178e+01,5.000000000000000000e+00
1.401950860059419597e+02,8.400000000000000000e+01
3.922591236303441065e+02,1.000000000000000000e+02
6.890741203786543565e+02,5.700000000000000000e+01
4.874172771890658282e+02,1.000000000000000000e+02
4.692344951656733656e+02,1.000000000000000000e+02
9.729813185284955352e+02,6.700000000000000000e+01
4.814209849285586529e+02,1.000000000000000000e+02
1.135507520267276732e+03,3.600000000000000000e+01
2.724058915401847116e+02,1.300000000000000000e+01
1.634070153964138399e+02,1.000000000000000000e+02
2.876799592179092997e+02,1.000000000000000000e+02
1.810392201279979361e+02,8.700000000000000000e+01
7.843851507371908838e+01,1.000000000000000000e+02
3.057724865133985190e+02,3.000000000000000000e+01
1.327906850872592486e+02,9.000000000000000000e+00
2.519904979360479160e+02,1.000000000000000000e+02
3.121309685976430046e+02,7.000000000000000000e+01
7.999126976562960181e+02,4.900000000000000000e+01
1.146569854858071267e+02,1.000000000000000000e+02
5.476965249510359399e+02,1.000000000000000000e+02
6.408405733095211190e+02,1.000000000000000000e+02
1.004192078148371706e+03,7.700000000000000000e+01
4.448333461925864754e+02,1.000000000000000000e+02
7.588212139761991466e+02,1.000000000000000000e+02
2.186811722628176540e+02,1.000000000000000000e+02
1.224903447249918003e+02,1.600000000000000000e+01
7.690256367463831566e+02,1.000000000000000000e+02
8.685758764839421247e+02,1.000000000000000000e+02
2.788841604861372616e+02,1.000000000000000000e+02
7.131091265557261067e+02,3.200000000000000000e+01
3.775806719320200955e+02,1.000000000000000000e+02
5.214226297509684400e+02,1.000000000000000000e+02
3.118792665166147913e+02,1.000000000000000000e+02
3.231317429770772947e+02,1.000000000000000000e+02
5.297475432977688570e+01,1.400000000000000000e+01
3.124898852559787343e+01,1.000000000000000000e+02
1.160701451146156160e+03,1.000000000000000000e+02
9.469622727671874145e+02,7.900000000000000000e+01
9.465811919024909002e+02,1.000000000000000000e+02
8.625676750666117414e+02,5.400000000000000000e+01
5.868388122778034131e+02,1.000000000000000000e+02
1.132550832824237546e+02,1.000000000000000000e+02
5.656360049552328064e+02,1.000000000000000000e+02
2.611381176690296115e+02,1.000000000000000000e+02
3.188438158176274442e+02,1.000000000000000000e+02
3.702746144697485988e+02,1.000000000000000000e+02
5.724900540231539026e+02,6.000000000000000000e+00
4.132523939540027982e+02,1.000000000000000000e+02
4.783718719180548362e+01,6.000000000000000000e+00
9.904578307657077403e+02,4.500000000000000000e+01
6.329023796955821126e+02,1.000000000000000000e+02
3.857350684190093375e+02,7.600000000000000000e+01
4.355730082146233144e+02,1.000000000000000000e+02
3.742169310614598885e+02,9.000000000000000000e+00
3.525708356350219788e+02,5.900000000000000000e+01
4.280277531448729178e+02,1.000000000000000000e+02
6.524328704430255357e+02,1.000000000000000000e+02
2.925309056912980736e+02,1.000000000000000000e+02
4.567311364403432776e+02,1.000000000000000000e+02
1.235868740383108815e+02,1.000000000000000000e+02
1.588678165624499741e+02,1.000000000000000000e+02
6.131907703823476368e+02,1.000000000000000000e+02
1.125731469735443397e+03,1.000000000000000000e+02
9.147685980289513736e+02,7.400000000000000000e+01
7.157774308910330774e+02,1.000000000000000000e+02
2.977298562806790869e+02,1.000000000000000000e+02
2.446926374819093155e+02,3.100000000000000000e+01
6.376564763211761147e+02,1.000000000000000000e+02
1.387958937156170691e+02,9.300000000000000000e+01
1.366913696750599740e+02,1.000000000000000000e+02
3.561143645012772367e+02,6.600000000000000000e+01
4.831373777840710204e+02,9.000000000000000000e+01
4.194976967363527933e+02,8.000000000000000000e+00
4.857761888905630485e+02,1.000000000000000000e+02
7.226713058689022091e+02,1.000000000000000000e+02
7.473795350071400208e+02,6.300000000000000000e+01
4.047561198157941931e+02,1.000000000000000000e+02
1.494975263920872521e+02,4.000000000000000000e+00
5.799709863944677863e+02,4.000000000000000000e+01
5.534300162368842848e+02,1.000000000000000000e+02
3.469666999485170891e+02,5.000000000000000000e+00
2.206056589305710531e+02,1.000000000000000000e+02
6.094962664952042815e+02,1.000000000000000000e+02
2.595886353166978893e+02,6.600000000000000000e+01
8.905023354953641501e+02,1.000000000000000000e+02
5.528331194388134691e+02,1.000000000000000000e+02
6.759327412257860033e+02,1.000000000000000000e+02
1.399981330032616995e+02,1.000000000000000000e+02
2.121295355098544633e+02,1.000000000000000000e+02
2.869678257770254959e+02,1.000000000000000000e+02
5.115625462206348288e+02,1.000000000000000000e+02
2.078062268014163578e+02,1.000000000000000000e+02
6.941868290995608959e+02,1.000000000000000000e+02
5.223959234582611089e+02,1.000000000000000000e+02
3.347888123630889936e+02,1.000000000000000000e+02
7.350682433896688508e+02,1.000000000000000000e+02
6.729904281175780625e+02,1.000000000000000000e+02
5.814091189100297186e+01,1.900000000000000000e+01
5.821748906621076003e+02,1.900000000000000000e+01
4.841308015282309043e+02,5.000000000000000000e+01
1.662654176694942976e+02,1.000000000000000000e+02
2.769280528760289712e+02,3.000000000000000000e+01
4.716303120401641991e+02,1.000000000000000000e+02
5.858893720856284517e+02,1.000000000000000000e+02
6.549155216186792359e+02,1.000000000000000000e+02
2.053982617201684775e+02,1.000000000000000000e+02
1.305214207598734504e+02,1.000000000000000000e+02
4.345418427037650986e+02,1.000000000000000000e+02
3.009202196509651799e+02,1.000000000000000000e+02
1.038290768982516511e+03,1.000000000000000000e+02
4.209900870003893942e+02,1.000000000000000000e+02
7.021330153521573436e+01,3.000000000000000000e+00
1.417833249214268676e+02,1.000000000000000000e+02
8.264408904320995362e+02,1.000000000000000000e+02
8.440792713113263517e+02,1.000000000000000000e+02
3.843431238027901600e+02,1.000000000000000000e+02
1.801149134711412785e+02,1.000000000000000000e+02
6.029660207121989970e+02,1.000000000000000000e+02
6.112247747406828466e+02,1.000000000000000000e+02
1.829273742668590899e+02,1.000000000000000000e+02
4.750962219427565287e+02,1.000000000000000000e+02
2.079525958822027576e+02,1.000000000000000000e+02
7.664940952030760855e+02,1.000000000000000000e+02
4.609405064882693068e+02,1.000000000000000000e+02
1.788207425314413115e+02,1.000000000000000000e+02
1.327051598240326769e+02,7.000000000000000000e+00
1.064639044542274462e+02,1.000000000000000000e+02
8.525699202586662295e+02,1.000000000000000000e+02
3.403086228628960725e+02,1.000000000000000000e+02
1.501040467720807499e+02,8.800000000000000000e+01
4.258215254309008628e+02,1.000000000000000000e+02
5.539602546788879636e+02,1.000000000000000000e+02
4.776609454880378394e+02,1.000000000000000000e+02
4.688123936608160420e+02,1.000000000000000000e+02
7.155154014464841339e+02,1.000000000000000000e+02
9.094309844725850098e+02,1.000000000000000000e+02
1.445090056019047324e+02,1.000000000000000000e+02
3.998752413865441895e+02,7.600000000000000000e+01
1.319570346360106043e+02,1.000000000000000000e+02
3.217901644793343507e+02,1.000000000000000000e+02
3.193619526256842391e+02,1.000000000000000000e+02
2.653736027274920843e+02,1.000000000000000000e+02
3.987081192245099714e+02,1.000000000000000000e+02
1.072121182788006308e+03,1.000000000000000000e+02
3.855364763404164137e+02,1.000000000000000000e+02
5.426607507716066721e+02,1.000000000000000000e+02
1.538249296941650641e+02,8.000000000000000000e+00
1.211783195469005534e+02,1.000000000000000000e+02
4.262812377162559301e+02,1.000000000000000000e+02
4.913444638951085039e+02,1.000000000000000000e+02
4.292174079731628922e+02,1.000000000000000000e+02
2.957403482820738532e+02,1.300000000000000000e+01
7.248015156930390503e+02,1.000000000000000000e+02
3.449558382003994552e+02,1.000000000000000000e+02
2.095620872374159092e+02,1.000000000000000000e+02
3.883130242738131415e+02,1.000000000000000000e+02
3.051008676442600631e+02,5.900000000000000000e+01
4.863918012303952878e+02,1.000000000000000000e+02
4.780773828612526586e+02,1.600000000000000000e+01
2.390351056572879997e+02,1.000000000000000000e+02
3.978672239812920566e+02,1.700000000000000000e+01
4.619878383646471889e+02,1.000000000000000000e+02
3.392043308818431910e+02,1.000000000000000000e+02
4.053932536593590612e+02,3.700000000000000000e+01
3.621323928118590061e+02,5.700000000000000000e+01
6.844823318943465438e+02,1.000000000000000000e+02
5.561562911137600622e+02,1.000000000000000000e+02
3.921004364144072269e+02,1.000000000000000000e+02
1.819623175110432385e+02,1.000000000000000000e+02
3.570601916998094794e+02,1.000000000000000000e+02
2.801020651641910604e+02,1.000000000000000000e+02
5.815431920355484863e+02,1.000000000000000000e+02
6.110648837414372565e+02,1.000000000000000000e+02
8.650723922598747322e+02,1.000000000000000000e+02
6.509307356228487151e+02,5.000000000000000000e+01
1.324035657908636949e+02,1.000000000000000000e+02
8.339092278827091320e+01,1.000000000000000000e+02
5.165029833458245321e+02,7.300000000000000000e+01
3.556768558386231689e+02,1.000000000000000000e+02
2.460826193572999898e+02,1.000000000000000000e+02
6.811610285463062837e+02,1.000000000000000000e+02
4.534825349572686832e+02,1.000000000000000000e+02
2.430938383594341303e+02,1.000000000000000000e+02
3.796973461880294280e+02,1.000000000000000000e+02
7.560653606915531100e+02,8.800000000000000000e+01
3.005426952186521135e+02,1.000000000000000000e+02
6.264723287838512533e+02,9.300000000000000000e+01
5.920632596620738468e+02,5.800000000000000000e+01
5.685280452254197598e+02,1.000000000000000000e+02
4.742018295746961485e+02,1.000000000000000000e+02
7.988724797169709291e+02,3.800000000000000000e+01
5.494655147633428669e+02,1.000000000000000000e+02
4.371727157105127048e+02,1.000000000000000000e+02
5.042933226925462691e+02,8.000000000000000000e+00
2.367001627390653766e+02,4.600000000000000000e+01
1.340653947514891797e+02,1.000000000000000000e+02
2.131133154436902828e+02,1.000000000000000000e+02
4.529147525317268332e+02,9.000000000000000000e+01
3.090576148629010049e+02,7.500000000000000000e+01
2.071233277850552952e+02,1.000000000000000000e+02
6.410370872829324753e+02,1.000000000000000000e+02
3.883462474992030025e+02,1.000000000000000000e+02
4.211973915201713226e+02,1.000000000000000000e+02
7.634897693608402847e+01,1.500000000000000000e+01
4.682502459648114268e+02,1.000000000000000000e+02
4.984078914461729823e+02,9.000000000000000000e+01
6.156093421678415467e+01,4.600000000000000000e+01
5.526680357223384590e+02,1.000000000000000000e+02
4.579249351358091076e+02,5.500000000000000000e+01
5.053661169023070556e+02,3.800000000000000000e+01
6.156851956520214344e+02,7.400000000000000000e+01
4.863356137002386959e+02,1.000000000000000000e+02
3.391276823568090322e+02,4.400000000000000000e+01
2.686229296814527743e+02,1.000000000000000000e+02
1.071311626032189679e+03,1.000000000000000000e+02
5.120927678128289244e+02,1.000000000000000000e+02
3.997183574314909151e+02,1.000000000000000000e+02
1.394947751824210798e+02,1.000000000000000000e+02
2.398644511140534235e+02,1.000000000000000000e+02
5.689823238541226829e+02,1.000000000000000000e+02
7.524565606167091119e+02,1.000000000000000000e+02
4.519211714375961719e+02,7.000000000000000000e+01
1.965184520390450587e+02,1.000000000000000000e+02
1.211430957241995657e+03,4.000000000000000000e+01
5.870319520252221537e+02,1.000000000000000000e+02
7.588624444687825417e+02,8.100000000000000000e+01
8.574485388384076145e+01,1.000000000000000000e+02
6.945703965204647830e+02,5.200000000000000000e+01
4.000278490843130612e+02,1.000000000000000000e+02
5.716069928457826421e+01,1.000000000000000000e+02
2.377690022640127268e+02,1.000000000000000000e+02
6.220357657434408338e+02,1.000000000000000000e+02
2.486654909833499971e+02,1.000000000000000000e+02
5.471363357841476045e+02,1.000000000000000000e+02
1.110883045871115655e+03,8.000000000000000000e+01
9.044855848174718176e+02,1.000000000000000000e+02
1.157658320520307882e+02,2.800000000000000000e+01
8.557328846044207467e+02,1.000000000000000000e+02
3.490214452317082987e+02,1.000000000000000000e+02
2.259101562745552201e+02,1.000000000000000000e+02
1.006842144618310471e+02,1.000000000000000000e+02
7.051210890531827999e+02,1.000000000000000000e+02
4.044509682211628387e+02,1.000000000000000000e+02
1.735202647566471512e+02,7.600000000000000000e+01
7.008161778682963359e+02,7.600000000000000000e+01
5.447980160757739441e+02,4.600000000000000000e+01
1.042428199652174271e+03,1.000000000000000000e+02
6.845168978487885170e+02,1.000000000000000000e+02
1.700986316314632347e+02,1.000000000000000000e+02
6.715298703193276424e+02,1.000000000000000000e+02
6.270841813703028720e+02,1.000000000000000000e+02
2.583339654991007706e+01,1.000000000000000000e+02
1.040399173982662433e+03,3.100000000000000000e+01
1.073380787185908076e+02,1.000000000000000000e+02
4.348425984306236955e+02,1.000000000000000000e+02
5.403598533854506059e+02,1.000000000000000000e+02
3.211450241460611323e+02,5.200000000000000000e+01
6.527560017409216471e+02,8.300000000000000000e+01
8.495216072157303699e+01,1.000000000000000000e+02
6.847653929928847560e+01,1.000000000000000000e+02
6.772469900306134605e+01,3.100000000000000000e+01
4.423428523822082639e+02,1.000000000000000000e+02
9.447848215679340456e+01,1.000000000000000000e+01
4.316114190498421408e+02,1.000000000000000000e+02
2.411975883301498129e+02,4.300000000000000000e+01
6.783451487330156624e+02,4.100000000000000000e+01
3.841219200815907016e+02,1.000000000000000000e+02
2.118528719341669557e+02,1.000000000000000000e+02
5.188908839133187030e+02,1.000000000000000000e+02
5.947878389532040728e+02,1.000000000000000000e+02
4.073341307188373435e+02,1.000000000000000000e+02
5.267948248148469474e+02,3.500000000000000000e+01
5.876873117250640917e+02,1.000000000000000000e+02
5.009514032276057947e+02,1.000000000000000000e+02
4.908487684585530815e+02,1.000000000000000000e+02
5.709632772021432174e+02,1.000000000000000000e+02
1.160659479441910435e+03,1.000000000000000000e+02
5.941519509792964300e+02,1.000000000000000000e+02
3.909289393389638434e+01,1.000000000000000000e+02
5.546839663237336708e+02,1.000000000000000000e+02
5.605527011361978111e+02,1.000000000000000000e+02
6.975129726521723796e+02,6.300000000000000000e+01
3.271764053323481676e+02,1.000000000000000000e+02
9.725113255409514750e+02,1.000000000000000000e+02
4.059092929680131761e+02,1.000000000000000000e+02
4.111828375622443446e+02,1.000000000000000000e+02
6.258311031792696895e+02,1.000000000000000000e+02
5.878478524248980648e+02,1.000000000000000000e+02
7.107254803479492011e+02,4.400000000000000000e+01
5.600876799884075581e+02,7.500000000000000000e+01
1.033401300687038656e+03,1.000000000000000000e+02
8.170448342023020416e+01,1.000000000000000000e+02
9.251396379862508184e+02,5.300000000000000000e+01
4.630701173621349653e+02,1.000000000000000000e+02
5.201751561147867733e+02,1.000000000000000000e+02
1.795217391865412537e+02,1.000000000000000000e+02
1.076906110877940961e+02,1.000000000000000000e+02
3.634174581043930630e+02,1.000000000000000000e+02
5.130638021120892063e+02,1.000000000000000000e+02
5.396827156252029454e+02,1.000000000000000000e+02
9.149289917294762517e+02,7.900000000000000000e+01
5.141119914630604626e+02,1.000000000000000000e+02
1.745281156142682732e+01,1.000000000000000000e+02
4.776767046749974384e+02,5.900000000000000000e+01
5.995008161382045273e+02,1.000000000000000000e+02
5.450744674023532070e+02,1.000000000000000000e+02
2.659772036237450266e+02,2.600000000000000000e+01
7.535976315365466860e+01,1.000000000000000000e+02
2.145259129766781143e+02,1.000000000000000000e+02
5.315739116806299762e+02,1.000000000000000000e+02
4.895065158297979337e+02,8.200000000000000000e+01
4.424696848056810836e+02,8.000000000000000000e+00
4.320432434180007135e+02,1.000000000000000000e+02
3.853095236767946403e+02,4.800000000000000000e+01
5.276979521873303156e+02,1.000000000000000000e+02
4.007168948816665193e+02,1.000000000000000000e+02
7.833896152779574322e+02,1.000000000000000000e+02
3.676269297572356436e+02,1.000000000000000000e+02
1.812116539731922558e+02,1.000000000000000000e+02
9.526210276966654646e+02,7.400000000000000000e+01
5.707498920474511124e+02,1.000000000000000000e+02
6.000071368351273122e+02,1.000000000000000000e+02
3.026321142736313163e+02,1.000000000000000000e+02
3.265428648800090059e+02,1.000000000000000000e+02
8.289004452901026525e+02,1.000000000000000000e+02
4.121896071448833254e+02,1.000000000000000000e+02
3.821287498757402545e+02,7.800000000000000000e+01
5.092995062620092881e+02,1.000000000000000000e+02
2.441407729967383204e+02,1.000000000000000000e+02
3.155012598930835566e+02,1.000000000000000000e+02
4.174363170504540790e+02,1.000000000000000000e+02
6.333249226439287440e+02,5.000000000000000000e+01
6.551508838914415946e+02,1.000000000000000000e+02
3.392578661797355721e+02,1.000000000000000000e+02
3.569739847610197785e+02,1.000000000000000000e+02
1.086065839270504966e+03,4.400000000000000000e+01
1.861802655037334091e+02,1.000000000000000000e+02
7.087391820008435843e+02,1.000000000000000000e+02
1.103586881578198017e+03,9.400000000000000000e+01
4.214152528932188488e+02,1.000000000000000000e+02
4.976731712331247195e+02,1.000000000000000000e+02
1.446022437393546909e+02,1.000000000000000000e+02
1.009347404234288547e+03,1.000000000000000000e+02
1.478329753603769063e+02,4.100000000000000000e+01
3.151224970216214274e+02,1.000000000000000000e+02
9.636944050023515729e+02,1.000000000000000000e+02
7.384961051831003260e+02,1.000000000000000000e+02
5.360195811523107068e+02,1.000000000000000000e+02
5.378488891460989407e+02,1.000000000000000000e+02
8.307817289598054913e+02,1.000000000000000000e+02
2.029550615779891700e+02,1.000000000000000000e+02
3.335933053421269960e+02,6.000000000000000000e+00
9.348490763674301434e+02,1.000000000000000000e+02
4.721836450804327114e+02,1.000000000000000000e+02
5.020088370129548707e+02,5.300000000000000000e+01
6.975213927584408680e+01,1.000000000000000000e+02
5.126087021400369395e+02,1.000000000000000000e+02
5.982039409365008851e+02,1.000000000000000000e+02
2.772572681987285819e+02,8.000000000000000000e+00
2.726151559995361140e+02,5.300000000000000000e+01
2.002888865232475553e+02,1.000000000000000000e+02
7.429165388886061692e+02,1.000000000000000000e+02
4.013910919407003348e+02,1.000000000000000000e+02
5.015621755487199493e+02,1.000000000000000000e+02
5.738329728790315585e+02,1.000000000000000000e+02
3.615295669748587670e+02,1.000000000000000000e+02
5.309375575758118657e+02,1.000000000000000000e+02
8.665722749715318969e+02,1.000000000000000000e+02
2.653087866452826233e+02,1.000000000000000000e+02
7.623998138748503095e+01,1.000000000000000000e+02
7.004509354712924960e+02,1.000000000000000000e+02
1.861002181995389435e+02,1.000000000000000000e+02
4.958553759704847153e+02,1.000000000000000000e+02
4.991948945735981056e+02,1.000000000000000000e+02
3.524010177817681893e+02,1.000000000000000000e+02
1.854014553050170377e+02,7.300000000000000000e+01
8.192539414058469447e+02,8.100000000000000000e+01
3.483296723188244073e+02,1.000000000000000000e+02
5.082102446573292127e+02,1.000000000000000000e+02
4.000481665432831733e+02,6.600000000000000000e+01
2.335646420373200840e+02,1.000000000000000000e+02
6.362564175160838431e+02,1.000000000000000000e+02
4.359626354293174018e+02,1.000000000000000000e+02
1.143120062126928786e+02,4.000000000000000000e+00
2.468107868523792376e+02,1.000000000000000000e+02
3.399820922608282672e+02,1.000000000000000000e+02
2.217865088174053767e+02,1.000000000000000000e+02
7.474802615561991388e+02,1.000000000000000000e+02
6.410285001503101512e+02,1.000000000000000000e+02
1.856156724544746908e+02,1.000000000000000000e+02
1.364285461058570093e+02,1.000000000000000000e+02
4.514453571305537025e+02,1.000000000000000000e+02
4.748085570144725693e+02,1.000000000000000000e+02
1.988271484904699946e+02,1.000000000000000000e+02
7.903610151299008635e+01,1.700000000000000000e+01
4.165237409554435430e+02,1.000000000000000000e+02
4.537501110430568474e+02,1.000000000000000000e+02
1.107581246507461628e+03,1.000000000000000000e+02
6.301474613708198831e+02,1.000000000000000000e+02
4.357404922860824854e+02,5.100000000000000000e+01
1.088552887531648423e+02,1.000000000000000000e+02
9.055532760985252025e+02,1.000000000000000000e+02
4.104781798486447428e+02,9.200000000000000000e+01
1.133809095441809518e+02,1.000000000000000000e+02
4.088382828465354351e+02,1.000000000000000000e+02
4.884773469587939871e+02,1.000000000000000000e+02
3.933717183665490325e+02,1.000000000000000000e+02
9.424080252948321004e+02,1.000000000000000000e+02
7.805691726107534123e+02,1.000000000000000000e+02
3.106655708669622413e+02,6.000000000000000000e+01
5.768678191490878362e+02,1.000000000000000000e+02
2.834595014223916820e+01,1.000000000000000000e+02
6.601126350944746264e+02,6.200000000000000000e+01
1.581439536738496798e+01,1.300000000000000000e+01
9.504259715853464741e+01,1.000000000000000000e+02
1.825348501534578531e+02,5.000000000000000000e+00
1.173125649638531058e+02,1.000000000000000000e+02
5.548847593518738677e+02,1.000000000000000000e+02
7.337336413223385989e+02,5.500000000000000000e+01
2.508817577490812312e+02,1.000000000000000000e+02
3.006079870881575857e+02,1.000000000000000000e+02
3.917010187623344564e+02,1.000000000000000000e+02
1.465309799056587678e+02,1.000000000000000000e+02
3.761559821339876919e+01,1.000000000000000000e+02
2.825697318520392400e+02,1.000000000000000000e+02
1.375645156956513802e+02,1.000000000000000000e+02
5.780239395537693099e+02,1.000000000000000000e+02
8.185689865800324014e+02,1.000000000000000000e+02
6.577330304305173740e+02,1.000000000000000000e+02
6.242483983831668866e+02,1.000000000000000000e+02
4.881911473580792631e+02,1.000000000000000000e+02
2.777467506131792447e+02,7.100000000000000000e+01
3.979022292700128105e+02,1.000000000000000000e+02
2.455743870727955596e+02,1.000000000000000000e+02
1.783184303397490851e+02,1.000000000000000000e+02
6.865379664398531645e+01,9.000000000000000000e+00
3.786658626398996148e+02,1.000000000000000000e+02
8.421718213220638063e+02,1.000000000000000000e+02
4.265386146116020427e+02,1.000000000000000000e+02
3.121579103455350719e+02,1.400000000000000000e+01
3.586446627229980777e+02,1.000000000000000000e+02
1.704426361421061529e+02,1.000000000000000000e+02
7.722779620546502883e+02,1.000000000000000000e+02
7.006079482640675451e+02,1.000000000000000000e+02
3.790935189453139742e+02,1.000000000000000000e+02
2.505667103600638086e+02,1.000000000000000000e+02
1.231536107265619648e+02,1.000000000000000000e+02
3.487312457826673153e+02,6.000000000000000000e+00
2.816700204461888006e+02,1.000000000000000000e+02
8.327778945677503089e+02,1.000000000000000000e+02
6.477346972409942509e+02,1.000000000000000000e+02
3.119708967230594112e+02,1.000000000000000000e+02
9.130486212625382905e+02,6.300000000000000000e+01
6.927891154204818349e+02,1.000000000000000000e+02
4.152312240043719385e+02,7.600000000000000000e+01
5.332067390927882400e+01,5.000000000000000000e+00
6.693111591211941231e+02,1.000000000000000000e+02
4.285572119691537978e+02,1.000000000000000000e+02
4.570636243654604414e+02,1.000000000000000000e+02
4.590463079513374964e+02,1.000000000000000000e+01
1.356670217211206193e+02,3.700000000000000000e+01
1.063352877569413295e+03,4.200000000000000000e+01
1.085968905336568923e+03,1.000000000000000000e+02
2.528134476225403660e+02,1.000000000000000000e+02
9.042449063306121388e+02,1.000000000000000000e+02
1.954115901374882185e+02,1.300000000000000000e+01
3.285957809282940616e+02,1.000000000000000000e+02
6.182141113552041816e+02,1.000000000000000000e+02
6.648334425821619789e+02,1.000000000000000000e+02
5.147160355397249987e+02,9.000000000000000000e+00
9.829913256019218579e+02,1.000000000000000000e+02
6.048350734070000954e+02,1.000000000000000000e+02
5.155335179636380190e+02,1.000000000000000000e+02
1.618400879154738732e+02,3.100000000000000000e+01
6.520651091428106838e+02,6.100000000000000000e+01
2.469039375860592429e+02,6.600000000000000000e+01
4.180664118855057154e+02,1.000000000000000000e+02
2.812795012663156058e+02,1.000000000000000000e+02
3.071407037176126096e+02,1.000000000000000000e+02
5.658719602749519026e+02,1.000000000000000000e+02
4.678650830937364162e+02,5.500000000000000000e+01
4.782861200407251658e+02,1.000000000000000000e+02
5.916957145980929909e+02,1.000000000000000000e+02
7.536395512432390831e+01,3.600000000000000000e+01
3.703637615308336422e+02,7.000000000000000000e+00
5.416636096479422235e+01,4.000000000000000000e+00
6.377311295456097469e+02,1.000000000000000000e+02
4.075825097824359204e+02,1.000000000000000000e+02
4.816577030306302163e+02,1.000000000000000000e+02
8.136933446181855061e+02,1.000000000000000000e+02
1.916801099779914637e+02,1.000000000000000000e+02
3.849249198868950543e+02,1.000000000000000000e+02
3.230673040043379842e+02,1.000000000000000000e+02
7.143992910604495137e+02,1.000000000000000000e+02
2.639687521275406823e+01,5.000000000000000000e+00
1.322216916551035979e+02,1.000000000000000000e+02
5.875533274262650139e+02,1.000000000000000000e+02
2.746637459820707150e+01,1.000000000000000000e+02
2.622280136380033611e+01,1.000000000000000000e+02
5.763552688154647967e+02,5.400000000000000000e+01
1.655358019337236897e+02,1.000000000000000000e+02
3.829093114502714457e+02,1.000000000000000000e+02
1.092932107430350186e+02,1.000000000000000000e+02
3.479040813136623456e+02,1.000000000000000000e+02
2.570672440003410770e+02,1.000000000000000000e+02
1.698687754522261457e+02,1.000000000000000000e+02
4.790191670557880457e+02,2.700000000000000000e+01
8.057676128709877048e+02,5.900000000000000000e+01
5.105278452386076538e+02,1.000000000000000000e+02
2.470739370681655771e+02,1.000000000000000000e+02
4.122842511836851713e+02,7.700000000000000000e+01
5.296067656733827107e+02,1.000000000000000000e+02
2.398540199920014402e+02,1.000000000000000000e+02
2.260035724054725961e+02,1.000000000000000000e+02
4.823356647476765033e+02,1.000000000000000000e+02
2.738999730447234811e+02,1.000000000000000000e+02
3.365221476190526460e+02,1.000000000000000000e+02
2.360037656448500059e+02,1.000000000000000000e+02
4.589288703269478447e+02,7.700000000000000000e+01
5.670940065855713783e+02,1.000000000000000000e+02
4.166107146021931271e+02,1.000000000000000000e+02
4.224133587627072757e+02,2.900000000000000000e+01
5.674584807162214020e+02,1.000000000000000000e+02
2.765901094990472870e+02,6.500000000000000000e+01
2.834555388313357298e+02,1.000000000000000000e+02
1.478523539505264353e+02,1.000000000000000000e+02
1.313660645572500698e+02,1.000000000000000000e+02
2.040346926110660775e+02,1.000000000000000000e+02
6.823673940312716013e+01,1.000000000000000000e+02
2.372720452652251595e+02,1.000000000000000000e+02
3.470975280394599167e+02,1.000000000000000000e+02
5.943536835080529102e+01,1.000000000000000000e+02
2.087266153937637796e+02,7.600000000000000000e+01
7.556424312874621592e+02,1.000000000000000000e+02
4.571339964322003198e+02,1.000000000000000000e+02
3.111338538557744187e+02,7.200000000000000000e+01
5.631580930735258335e+02,1.000000000000000000e+02
1.663534882954170939e+02,1.000000000000000000e+02
5.102872655517310250e+02,6.000000000000000000e+00
5.925185541740590907e+02,1.000000000000000000e+02
3.575155576146580643e+02,1.000000000000000000e+02
9.867694201706885906e+02,1.000000000000000000e+02
5.862063224489352109e+01,6.000000000000000000e+00
4.464606283135178160e+02,1.000000000000000000e+02
7.173650559398257087e+01,9.000000000000000000e+00
8.031534476862287875e+02,4.000000000000000000e+01
2.399851393927454524e+02,1.000000000000000000e+02
1.004596264542247610e+02,1.000000000000000000e+02
1.911151839684438301e+02,1.000000000000000000e+02
5.303520774764411527e+01,1.000000000000000000e+02
8.057034802882975555e+02,1.000000000000000000e+02
1.569713835579890713e+02,1.000000000000000000e+02
6.930530347768171850e+02,1.000000000000000000e+02
6.480288078607227362e+02,1.000000000000000000e+02
2.969141080977821048e+02,1.000000000000000000e+02
5.378391539016561183e+02,1.000000000000000000e+02
8.491307881166292191e+02,1.000000000000000000e+02
8.850989446305667343e+02,1.000000000000000000e+02
2.974824031313005435e+02,1.000000000000000000e+02
2.261414981766656354e+02,1.000000000000000000e+02
5.990226918977580226e+02,1.000000000000000000e+02
1.377436004120021948e+02,5.000000000000000000e+01
5.012180884551412987e+02,1.000000000000000000e+02
2.178980321236721522e+02,6.700000000000000000e+01
1.854388265738475070e+02,1.000000000000000000e+02
7.265108864259135544e+02,1.000000000000000000e+02
1.435973643718271830e+02,1.000000000000000000e+02
4.566458246196756363e+02,7.300000000000000000e+01
6.906845654505649463e+02,1.000000000000000000e+02
2.119024036551062125e+02,1.000000000000000000e+02
5.528899377003914424e+02,3.400000000000000000e+01
9.371891156372693388e+01,2.100000000000000000e+01
8.819410803298542589e+01,1.000000000000000000e+02
4.957881218214629939e+02,2.400000000000000000e+01
3.657147984518762200e+02,1.000000000000000000e+02
7.193910300976095868e+02,1.000000000000000000e+02
4.429979555432248048e+02,1.000000000000000000e+02
3.697100602454943896e+02,1.000000000000000000e+02
6.584778074154771730e+02,1.000000000000000000e+02
7.361782052082478458e+02,1.000000000000000000e+02
6.307986206368540252e+02,1.000000000000000000e+02
6.791940966535798907e+02,1.000000000000000000e+02
4.648047036106689234e+02,1.000000000000000000e+02
3.595888515529806568e+02,1.000000000000000000e+02
7.752105473985336630e+02,1.000000000000000000e+02
6.086834647862732481e+02,1.000000000000000000e+02
6.642245457736190701e+02,8.100000000000000000e+01
6.417059089220034593e+02,1.000000000000000000e+02
3.033871982349647283e+02,1.000000000000000000e+02
6.267144225339898185e+02,1.000000000000000000e+02
1.119988388101249939e+03,4.800000000000000000e+01
5.870690121107996902e+02,1.000000000000000000e+02
2.688612271642717815e+02,1.000000000000000000e+02
5.219752303775712790e+02,1.000000000000000000e+02
6.899488643051869303e+02,1.000000000000000000e+02
6.074366687332024384e+01,1.000000000000000000e+02
3.445119459817229881e+02,1.000000000000000000e+02
1.754070729843178356e+02,1.000000000000000000e+02
2.450128881442790885e+02,1.000000000000000000e+02
6.687601785068341087e+02,1.000000000000000000e+02
6.747732489879673494e+02,1.000000000000000000e+02
2.196121055888229989e+02,1.000000000000000000e+02
1.330661469364963239e+02,1.000000000000000000e+02
9.991337948987198558e+01,1.000000000000000000e+02
4.203029634722072387e+02,1.000000000000000000e+02
5.956020010379116911e+02,1.000000000000000000e+02
5.389881511315417129e+02,1.000000000000000000e+02
5.679490027222226445e+02,1.000000000000000000e+02
6.669095944100497491e+02,1.000000000000000000e+02
8.276773443277672868e+02,1.000000000000000000e+02
1.141596716573463368e+02,3.200000000000000000e+01
1.275671812769925140e+02,1.000000000000000000e+02
1.899187433673306202e+02,1.000000000000000000e+02
6.194469512250362868e+02,1.000000000000000000e+02
6.209902155727066884e+02,1.000000000000000000e+02
1.106629252485309962e+02,6.000000000000000000e+00
4.133876496129930729e+02,1.000000000000000000e+02
3.913988502955195372e+02,1.000000000000000000e+02
5.605475833634800438e+02,1.000000000000000000e+02
5.480375682929595769e+02,1.000000000000000000e+02
6.123345895865583088e+01,1.000000000000000000e+02
2.690147616683527190e+02,1.000000000000000000e+02
1.420547779808085238e+02,1.000000000000000000e+02
1.706702298098536801e+02,1.000000000000000000e+02
9.236415477354787527e+02,2.900000000000000000e+01
1.153782000834336543e+02,1.000000000000000000e+02
1.052476434635057558e+03,5.700000000000000000e+01
3.632351261194821745e+02,7.300000000000000000e+01
2.615104431500741953e+02,1.000000000000000000e+02
7.257235217360836259e+02,1.000000000000000000e+02
3.975247440160418932e+02,1.000000000000000000e+02
8.280276708720912211e+02,1.000000000000000000e+02
3.206070838051844589e+02,1.000000000000000000e+02
5.510751280384720303e+02,1.000000000000000000e+02
9.890473197737645705e+01,2.400000000000000000e+01
1.820522876153435732e+02,1.000000000000000000e+02
3.958787981614092928e+02,1.000000000000000000e+02
6.069095390236906269e+02,9.500000000000000000e+01
7.889689992355655477e+02,1.000000000000000000e+02
1.019379791948763682e+03,1.000000000000000000e+02
2.152868488983166060e+02,1.000000000000000000e+02
4.352411061298052459e+02,1.000000000000000000e+02
7.499732642300054408e+01,3.400000000000000000e+01
2.427341767034402551e+02,1.000000000000000000e+02
8.048078283512609232e+01,1.000000000000000000e+02
2.153185255465189130e+02,1.000000000000000000e+02
2.798830201702422187e+02,1.000000000000000000e+02
1.741796926076963814e+02,1.000000000000000000e+02
3.172568540432497457e+02,1.000000000000000000e+02
5.729499859339149452e+02,1.000000000000000000e+02
7.337892047680031737e+02,6.800000000000000000e+01
2.267955230729029950e+02,1.000000000000000000e+02
3.631767324156597851e+02,1.000000000000000000e+02
4.930292667065649681e+01,1.000000000000000000e+02
1.113620264474079704e+03,1.000000000000000000e+02
1.224676606911169074e+03,1.000000000000000000e+02
4.723062502881071509e+02,9.000000000000000000e+00
7.045418098575347585e+02,5.800000000000000000e+01
6.886796526810263686e+01,1.000000000000000000e+02
5.041255292267677532e+02,1.000000000000000000e+02
6.752108624680993216e+02,1.000000000000000000e+02
2.330934497294355197e+02,1.000000000000000000e+02
9.994095095408773943e+01,1.000000000000000000e+02
4.349053783776884075e+02,5.000000000000000000e+00
5.264663779748058232e+02,1.000000000000000000e+02
2.781648220709720931e+02,1.000000000000000000e+02
6.044026470531905488e+02,1.000000000000000000e+02
7.092508537720279094e+01,1.000000000000000000e+02
5.866406901306696682e+02,1.000000000000000000e+02
1.092640165930966077e+03,1.000000000000000000e+02
8.421569520043150305e+02,1.000000000000000000e+02
5.763161924185723137e+02,1.000000000000000000e+02
7.207062335635387171e+02,1.000000000000000000e+02
1.795584797359034326e+02,1.000000000000000000e+02
4.283942965349338579e+02,1.000000000000000000e+02
1.241993554772375319e+02,1.000000000000000000e+02
1.927650648345398281e+02,1.000000000000000000e+02
5.806534430634282984e+01,1.000000000000000000e+02
5.927567913396180757e+02,1.000000000000000000e+02
1.384472899057099937e+01,1.000000000000000000e+02
6.193945405754068361e+02,6.400000000000000000e+01
3.583650533754488947e+02,1.000000000000000000e+02
2.759510691648944771e+02,1.000000000000000000e+02
6.955869127970769341e+02,1.000000000000000000e+02
1.817545066703716259e+02,2.400000000000000000e+01
8.210283096597447638e+02,1.000000000000000000e+02
2.744600393731248573e+02,7.600000000000000000e+01
3.213222033412891392e+02,1.000000000000000000e+02
5.446799920509126878e+02,4.800000000000000000e+01
7.262235601036120158e+01,1.000000000000000000e+02
6.186123822790743816e+02,1.000000000000000000e+02
8.368304225575362807e+02,5.800000000000000000e+01
6.722019637393615312e+02,1.000000000000000000e+02
2.142798338401056810e+02,1.000000000000000000e+02
1.091919045506494435e+01,1.000000000000000000e+02
5.149406975659547214e+01,1.000000000000000000e+02
3.816276658644211466e+02,1.000000000000000000e+02
1.152615363727749980e+02,1.000000000000000000e+02
9.160278479406777024e+02,1.000000000000000000e+02
5.172533955349035750e+02,1.000000000000000000e+02
2.981868465264473116e+02,1.000000000000000000e+02
1.565907580410069215e+02,1.000000000000000000e+02
2.753655323459972806e+02,1.000000000000000000e+02
4.710665224520154197e+02,1.000000000000000000e+02
2.245447676737836673e+02,6.900000000000000000e+01
3.799258187473683961e+02,1.000000000000000000e+02
9.409014065408759109e+01,1.000000000000000000e+02
1.867308257105639200e+02,1.000000000000000000e+02
7.191561771721702598e+02,6.900000000000000000e+01
4.075813106884122021e+02,9.000000000000000000e+00
2.531343143251103811e+02,1.000000000000000000e+02
1.429650913850777840e+02,4.800000000000000000e+01
1.382935339468984353e+02,2.200000000000000000e+01
5.958758248056174125e+02,1.000000000000000000e+02
6.985547401029649563e+02,1.000000000000000000e+02
6.751954784253400987e+01,1.000000000000000000e+02
6.515114840984080047e+02,5.700000000000000000e+01
5.478236096418169154e+02,1.000000000000000000e+02
4.270068920698055308e+02,1.000000000000000000e+02
5.105626523043364386e+02,1.000000000000000000e+02
3.331448346432875383e+02,1.000000000000000000e+02
4.344248980393433612e+02,1.000000000000000000e+02
8.931256597150163543e+02,1.000000000000000000e+02
6.816864015114313133e+02,1.000000000000000000e+02
3.376273919322412098e+02,1.000000000000000000e+02
6.528916044882561209e+02,1.000000000000000000e+02
1.079681798737161671e+03,1.000000000000000000e+02
2.011159766401630407e+02,1.000000000000000000e+02
5.585031381822611820e+02,1.000000000000000000e+02
4.540008026853415117e+02,1.000000000000000000e+02
4.657213735454654966e+02,7.100000000000000000e+01
3.452813680446151352e+02,1.000000000000000000e+02
5.895794600143773323e+02,1.000000000000000000e+02
5.563175470488863539e+02,5.700000000000000000e+01
4.214514945726710948e+02,7.100000000000000000e+01
1.012281985384698714e+03,1.000000000000000000e+02
5.495196983067132805e+02,8.100000000000000000e+01
5.171742202252685274e+02,1.000000000000000000e+02
4.756998754547133217e+02,1.000000000000000000e+02
3.264906839487400134e+02,1.000000000000000000e+02
3.706307059779690576e+02,1.000000000000000000e+02
7.954942276873373430e+02,1.000000000000000000e+02
1.522590122938722175e+02,1.000000000000000000e+02
4.813066148122079113e+01,1.000000000000000000e+02
1.053382434845294711e+03,2.700000000000000000e+01
1.480487478258816623e+02,1.000000000000000000e+02
5.393214054586240991e+02,1.000000000000000000e+02
5.229540547601777689e+02,1.000000000000000000e+02
5.195611421613617722e+02,1.000000000000000000e+02
4.205147594751412043e+02,1.000000000000000000e+02
1.303070611469947551e+02,1.000000000000000000e+02
8.078405193513082168e+02,1.000000000000000000e+02
8.145649028147701074e+02,8.600000000000000000e+01
1.937884167970516387e+02,5.000000000000000000e+00
1.078822893021166919e+03,3.400000000000000000e+01
6.220828908225294072e+02,1.000000000000000000e+02
1.357504739117701149e+02,1.000000000000000000e+02
6.256902903281443287e+02,1.000000000000000000e+02
2.146671776295926577e+02,1.000000000000000000e+02
1.700603307444139034e+02,1.000000000000000000e+02
5.952573943640230709e+02,1.000000000000000000e+02
1.662642251131360638e+02,1.000000000000000000e+02
7.863279023367514355e+02,1.000000000000000000e+02
5.448787921608857232e+02,1.000000000000000000e+02
5.644466281868370743e+02,1.000000000000000000e+02
3.029948194940898247e+02,1.000000000000000000e+02
8.904406368176298656e+02,1.000000000000000000e+02
1.271901973629681777e+02,1.500000000000000000e+01
6.739228956429765276e+02,1.000000000000000000e+02
2.882929798620641009e+02,7.000000000000000000e+00
2.626055337946839359e+02,1.000000000000000000e+02
4.704896622320455890e+02,1.000000000000000000e+02
5.088509477812152682e+02,6.300000000000000000e+01
2.495427246246381969e+02,7.600000000000000000e+01
2.129964585101782859e+02,1.000000000000000000e+02
8.839280063877289422e+02,4.700000000000000000e+01
8.452413429848480746e+02,7.400000000000000000e+01
2.538888732956781382e+02,1.000000000000000000e+02
1.147407959721367661e+03,1.000000000000000000e+02
1.865722089715610537e+02,4.500000000000000000e+01
1.523039075612454099e+02,1.000000000000000000e+02
1.052413080191097151e+03,5.800000000000000000e+01
7.934902254177982286e+02,1.000000000000000000e+02
2.720840750163500843e+02,1.500000000000000000e+01
2.028021432720833275e+02,1.000000000000000000e+02
1.052688747360162779e+03,8.500000000000000000e+01
1.339834439651557432e+02,1.000000000000000000e+02
1.036055769683800918e+03,1.000000000000000000e+02
8.085758328717304266e+01,1.000000000000000000e+02
9.837142256030935528e+01,1.000000000000000000e+02
2.506322588503831241e+02,1.000000000000000000e+02
2.714982706652150455e+02,1.000000000000000000e+02
9.712767681982518297e+02,1.000000000000000000e+02
5.853812405678551158e+02,4.400000000000000000e+01
1.997826930317436904e+02,1.000000000000000000e+02
3.654823394078222236e+02,1.000000000000000000e+02
6.032697780314713754e+01,1.000000000000000000e+02
1.997590444179525377e+02,1.000000000000000000e+02
1.994884748744549441e+01,1.000000000000000000e+02
1.123716719120768403e+03,1.000000000000000000e+02
9.772995662530159962e+02,6.300000000000000000e+01
6.482004860494766945e+02,1.000000000000000000e+02
3.500470411166541567e+02,1.000000000000000000e+02
8.327614736010830256e+02,5.400000000000000000e+01
6.181558588103573584e+02,1.000000000000000000e+02
7.065053709423901864e+02,1.000000000000000000e+02
4.807182458057895360e+02,1.000000000000000000e+02
6.223973983129902763e+02,1.000000000000000000e+02
1.124251087887325411e+03,1.000000000000000000e+02
3.150331643964717614e+02,8.900000000000000000e+01
3.434857196633800527e+02,1.000000000000000000e+02
6.494806956886939986e+01,1.000000000000000000e+02
3.488471619310636811e+02,1.000000000000000000e+02
6.682015508598975657e+02,1.000000000000000000e+02
7.129046265019800330e+02,1.000000000000000000e+02
4.981912749746757640e+02,1.000000000000000000e+02
4.325519207954675380e+02,1.000000000000000000e+02
3.009766751800158318e+02,6.400000000000000000e+01
3.573066938637123826e+02,1.000000000000000000e+02
2.871745896515039931e+02,6.300000000000000000e+01
2.496357324266857063e+02,1.000000000000000000e+02
7.260409274219617828e+02,1.000000000000000000e+02
2.919174530475993379e+02,1.000000000000000000e+02
1.284487069616546364e+02,1.000000000000000000e+02
5.554145343694724488e+02,1.000000000000000000e+02
2.814188469205357706e+02,2.800000000000000000e+01
4.728763815486739190e+02,1.000000000000000000e+02
1.051049394218571706e+03,1.000000000000000000e+02
6.327251202369731118e+02,1.000000000000000000e+02
4.138555526012704604e+02,1.000000000000000000e+02
3.099397131994142001e+02,1.000000000000000000e+02
3.125440247831507463e+02,4.900000000000000000e+01
7.285428640594366243e+02,1.000000000000000000e+02
5.625013603437263328e+02,5.500000000000000000e+01
1.274923468623792644e+02,1.000000000000000000e+02
2.535108994400027314e+02,1.000000000000000000e+02
6.962581977224407410e+02,1.000000000000000000e+02
8.561276765056991280e+02,5.900000000000000000e+01
3.715422217399924421e+02,1.000000000000000000e+02
2.312282046362836070e+02,1.000000000000000000e+02
2.328550938948424118e+02,1.000000000000000000e+02
1.071371559361725332e+02,1.000000000000000000e+02
2.479197385178914601e+02,1.000000000000000000e+02
3.156474398950861655e+02,5.300000000000000000e+01
3.612012765106691745e+02,1.000000000000000000e+02
3.244385886694222449e+02,9.900000000000000000e+01
6.200735562409087152e+02,1.000000000000000000e+02
8.153985267099160410e+02,7.400000000000000000e+01
5.399083952338112340e+02,4.100000000000000000e+01
1.097528873106530000e+03,1.000000000000000000e+02
1.047936584455796265e+03,5.200000000000000000e+01
5.634054294751938414e+02,1.000000000000000000e+02
5.302034469605690674e+02,1.000000000000000000e+02
2.228234012097204300e+02,1.000000000000000000e+02
5.660536803668156836e+02,1.000000000000000000e+02
3.488233740787855481e+02,1.000000000000000000e+02
1.226211755544579631e+02,7.900000000000000000e+01
2.018469893197079728e+02,1.000000000000000000e+02
2.076278188832607157e+02,5.500000000000000000e+01
3.321293821244543096e+02,1.000000000000000000e+02
8.878884042851717595e+02,8.000000000000000000e+01
4.378390006829258709e+02,1.000000000000000000e+02
2.486029588356683746e+02,1.000000000000000000e+02
5.327391049999519055e+02,7.000000000000000000e+00
4.034170829412812509e+02,1.000000000000000000e+02
3.018724957555094193e+02,1.000000000000000000e+02
8.578904946118373118e+02,1.000000000000000000e+02
6.460886485392892382e+02,7.300000000000000000e+01
8.444791864995453352e+02,6.400000000000000000e+01
3.436440952708691157e+02,1.400000000000000000e+01
5.466098294037622196e+01,1.000000000000000000e+02
2.972210208991550644e+02,1.000000000000000000e+02
6.095168673224726490e+02,1.000000000000000000e+02
4.990384977691823565e+02,1.000000000000000000e+02
2.070316871758167281e+02,1.000000000000000000e+02
