1.663822919897487651e+01,1.000000000000000000e+02
2.115653120344056504e+02,1.000000000000000000e+02
6.637504994768501376e+01,5.600000000000000000e+01
6.996086076388710353e+02,4.300000000000000000e+01
3.706336506923419734e+02,1.000000000000000000e+02
3.501084120235030355e+02,5.400000000000000000e+01
5.441142744547025814e+02,1.000000000000000000e+02
5.847023891950160532e+02,8.800000000000000000e+01
5.839015381806775622e+02,1.000000000000000000e+02
3.744718239498296839e+02,1.000000000000000000e+02
4.589748025701627512e+02,1.600000000000000000e+01
9.778216240055038497e+02,1.000000000000000000e+02
5.271601543896267685e+02,1.000000000000000000e+02
6.512604892442492428e+02,6.800000000000000000e+01
5.446800028000518523e+02,1.000000000000000000e+02
7.599892521369774840e+02,6.500000000000000000e+01
4.613881509370978620e+02,1.000000000000000000e+02
3.563473129698909361e+02,1.000000000000000000e+02
4.507154643448935190e+02,4.600000000000000000e+01
1.008115765902380048e+02,1.000000000000000000e+02
6.013561509661575428e+02,1.000000000000000000e+02
1.170845472810754870e+02,1.000000000000000000e+02
4.535887897766975243e+02,1.000000000000000000e+02
1.822996729784817376e+02,2.000000000000000000e+01
4.422916773751724122e+02,1.000000000000000000e+02
7.051745466953287860e+02,5.200000000000000000e+01
1.545801048775625759e+02,1.000000000000000000e+02
3.163496616030384985e+02,1.000000000000000000e+02
4.904164563386218560e+02,1.000000000000000000e+02
4.669607389950371044e+02,1.000000000000000000e+02
4.939079526122321226e+02,1.000000000000000000e+02
6.762202278067449015e+02,1.000000000000000000e+02
5.928953279688103066e+02,1.000000000000000000e+02
4.779689680054073051e+02,1.000000000000000000e+02
4.875985752172135790e+02,4.700000000000000000e+01
3.796478368728836017e+02,1.000000000000000000e+02
3.549539157506071092e+02,1.000000000000000000e+02
9.252488104434332854e+02,1.000000000000000000e+02
1.790537611799137210e+02,1.000000000000000000e+02
4.067816881682429653e+02,1.000000000000000000e+02
4.117989518453932760e+02,1.000000000000000000e+02
3.260505047690218134e+02,1.000000000000000000e+02
5.722467933930912523e+02,1.000000000000000000e+02
4.468197691020400271e+02,3.500000000000000000e+01
1.248552170886460289e+02,3.300000000000000000e+01
1.249073514948180161e+02,7.900000000000000000e+01
8.492909276621668369e+01,1.000000000000000000e+01
3.749568174518375940e+02,1.000000000000000000e+02
4.388507919187810558e+02,1.000000000000000000e+02
1.064625544189677413e+02,1.000000000000000000e+02
7.993628060467429464e+01,1.000000000000000000e+02
2.398914739197029533e+01,1.000000000000000000e+02
2.995861312429400982e+02,1.000000000000000000e+02
5.668165270782542393e+02,1.000000000000000000e+02
4.353395020598135829e+02,1.000000000000000000e+02
8.100782935533275122e+02,1.000000000000000000e+02
3.802808330650608468e+02,1.000000000000000000e+02
4.973256177104331641e+02,1.000000000000000000e+02
4.492991361177238332e+02,6.000000000000000000e+01
4.632366623368847058e+02,1.000000000000000000e+02
2.868031909863591977e+02,7.100000000000000000e+01
2.888264129259109723e+02,6.800000000000000000e+01
4.378542002336724295e+02,6.700000000000000000e+01
9.222482958269463325e+02,1.000000000000000000e+02
1.739835014730349201e+02,1.000000000000000000e+02
1.126623861543320970e+02,1.000000000000000000e+02
5.262268638550768856e+02,1.000000000000000000e+02
6.131771155208116397e+02,1.000000000000000000e+02
3.405920371777222613e+02,1.000000000000000000e+02
9.399695785896996085e+02,1.000000000000000000e+02
7.158157245546047989e+02,9.000000000000000000e+01
2.424766708996094735e+02,1.000000000000000000e+02
3.306696655205608408e+02,1.000000000000000000e+02
1.229538601109355227e+02,1.000000000000000000e+02
9.946805503439113636e+02,1.000000000000000000e+02
1.250199166213146555e+03,3.100000000000000000e+01
8.136875085254110900e+02,3.900000000000000000e+01
7.531982524996104758e+02,1.000000000000000000e+02
4.734233441842201842e+02,1.000000000000000000e+02
2.002706288171847007e+02,7.000000000000000000e+01
5.366609757743334512e+02,1.000000000000000000e+02
1.789374953026404853e+02,1.000000000000000000e+02
6.031608909388110078e+02,1.000000000000000000e+02
1.729343431903648707e+02,1.000000000000000000e+02
6.625252803547099347e+02,3.600000000000000000e+01
1.416767673592689221e+02,1.000000000000000000e+02
5.111660837937151882e+02,1.000000000000000000e+02
1.048946624967364158e+02,1.000000000000000000e+02
7.998974116382747752e+02,1.000000000000000000e+02
2.562284570575532143e+02,1.000000000000000000e+02
5.694536886587983417e+02,1.000000000000000000e+02
8.736534982184655291e+02,1.000000000000000000e+02
2.633466727000438823e+02,1.000000000000000000e+02
4.140815568140814094e+02,1.000000000000000000e+02
2.308695547752991217e+02,1.000000000000000000e+02
5.503021975373706027e+02,1.000000000000000000e+02
4.183827559062916635e+02,1.000000000000000000e+02
1.702308602237071113e+02,1.000000000000000000e+02
6.450028059469874506e+02,1.000000000000000000e+02
6.152756242101292372e+01,1.000000000000000000e+02
3.793106399114458895e+02,1.000000000000000000e+02
2.978671495083768264e+02,1.000000000000000000e+02
6.040548364085533422e+02,1.000000000000000000e+02
1.181013499516769656e+02,1.400000000000000000e+01
8.215545043511550602e+02,4.000000000000000000e+01
5.119113677241217601e+02,6.200000000000000000e+01
7.730865518645883867e+02,1.000000000000000000e+02
5.827488119045840449e+02,1.000000000000000000e+02
2.263993343329179879e+02,1.000000000000000000e+02
7.462171925496301128e+02,4.400000000000000000e+01
6.094534892997135103e+02,1.000000000000000000e+02
9.866144343963543406e+02,1.000000000000000000e+02
3.436987248265112953e+02,1.000000000000000000e+02
7.451990123685717435e+02,1.000000000000000000e+02
7.126893167325542890e+02,1.000000000000000000e+02
1.377734584081001685e+02,1.000000000000000000e+02
7.091823738445158369e+02,5.200000000000000000e+01
8.849787705204427084e+02,4.100000000000000000e+01
6.209179879179288264e+02,1.000000000000000000e+02
4.627682322973270743e+02,1.000000000000000000e+02
5.210682712097938065e+02,1.000000000000000000e+02
4.146251339178956528e+02,1.000000000000000000e+02
8.303321778807519422e+02,1.000000000000000000e+02
6.048514390702206356e+02,1.000000000000000000e+02
5.625133051534292008e+02,1.000000000000000000e+02
5.759972360153003592e+02,5.100000000000000000e+01
5.437728235205951250e+02,1.000000000000000000e+02
6.732675419588655359e+02,1.000000000000000000e+02
5.745914248354820302e+02,1.000000000000000000e+02
5.806659307232309857e+02,1.000000000000000000e+02
1.757174037212645885e+02,4.800000000000000000e+01
8.284415001799288802e+01,1.000000000000000000e+02
2.792812653517228796e+02,1.000000000000000000e+02
4.413384021677892406e+02,1.000000000000000000e+02
7.750560980529138533e+02,1.000000000000000000e+02
4.178478224916820523e+02,1.000000000000000000e+02
2.291592065636825737e+02,1.000000000000000000e+02
2.768344085334314855e+02,1.000000000000000000e+02
1.098952483037433581e+02,1.000000000000000000e+02
3.011752506350361500e+02,1.000000000000000000e+02
2.797280309675260241e+02,1.000000000000000000e+02
5.503735395861516366e+01,1.000000000000000000e+02
2.620389432489941441e+02,1.000000000000000000e+02
4.363820975133047000e+02,1.000000000000000000e+02
2.329750552055926107e+02,1.000000000000000000e+02
7.219799397618288594e+02,1.000000000000000000e+02
8.943000310937635788e+01,1.400000000000000000e+01
3.838489587857954888e+01,1.000000000000000000e+02
2.909802853238236366e+02,1.000000000000000000e+02
3.691332104928868034e+02,1.000000000000000000e+02
3.317829727313044259e+02,8.000000000000000000e+00
5.648371514996540554e+02,1.000000000000000000e+02
3.040794345026249061e+02,1.000000000000000000e+02
6.565960659473086025e+02,5.700000000000000000e+01
5.427881541384929278e+02,1.000000000000000000e+02
5.809333909415985318e+02,2.800000000000000000e+01
6.023680456660432583e+02,4.600000000000000000e+01
3.252586096476437660e+02,8.400000000000000000e+01
5.124205931819992657e+02,1.000000000000000000e+02
7.817051908398216256e+02,1.000000000000000000e+02
4.329456061899284123e+02,1.000000000000000000e+02
9.686798388922785534e+02,6.000000000000000000e+01
6.012699418353755618e+02,9.000000000000000000e+01
2.731148553710039550e+02,1.000000000000000000e+02
5.160525565704456312e+02,1.000000000000000000e+02
6.553527411058358894e+02,1.000000000000000000e+02
3.953534658494658061e+02,1.000000000000000000e+02
4.363148927736916676e+02,1.000000000000000000e+02
6.524479661005361777e+02,4.900000000000000000e+01
1.434543472527270183e+02,1.000000000000000000e+02
2.922813479365685794e+02,1.000000000000000000e+02
2.325868666750012324e+02,1.000000000000000000e+02
4.822074732885344588e+02,6.300000000000000000e+01
1.582494931966450622e+02,1.000000000000000000e+02
6.694441912076724748e+02,1.000000000000000000e+02
5.367135909063505324e+02,1.000000000000000000e+02
7.848865142377829898e+02,1.000000000000000000e+02
1.992731777629635701e+02,1.000000000000000000e+02
4.235811245866576087e+02,1.000000000000000000e+02
3.313593936064589798e+02,6.900000000000000000e+01
8.491003681633503675e+02,1.000000000000000000e+02
2.028020563955081457e+02,6.000000000000000000e+00
9.658350047727585661e+02,1.000000000000000000e+02
3.018230253169222692e+02,1.000000000000000000e+02
2.827355692732268722e+02,1.000000000000000000e+02
8.339449027861041941e+02,1.000000000000000000e+02
4.128663201256682669e+02,1.000000000000000000e+02
5.136907288687272057e+02,1.000000000000000000e+02
6.302312436438489840e+02,1.000000000000000000e+02
3.868103044509426809e+02,1.000000000000000000e+02
6.605910490641041122e+01,5.000000000000000000e+00
2.367688478273377939e+02,1.000000000000000000e+02
3.984187076224347379e+02,1.000000000000000000e+02
3.779708265291308180e+02,1.000000000000000000e+02
7.585994548856494930e+02,1.000000000000000000e+02
5.928333547400261523e+02,1.000000000000000000e+02
1.265671174371859706e+02,1.000000000000000000e+02
7.757488664126825597e+02,1.000000000000000000e+02
2.086776235931476720e+02,1.000000000000000000e+02
5.485883887083946320e+01,1.000000000000000000e+02
3.632428236377609210e+02,1.000000000000000000e+02
4.058195112620865075e+02,1.000000000000000000e+02
4.973799084459496953e+02,1.000000000000000000e+02
4.649977780497207505e+02,1.000000000000000000e+02
3.340526391087009870e+02,1.000000000000000000e+02
5.712648579483181948e+02,1.000000000000000000e+02
1.474607898098363705e+02,1.000000000000000000e+02
8.500189980192961912e+02,1.000000000000000000e+02
5.109744315231071710e+02,1.000000000000000000e+02
3.203062844087361327e+02,6.000000000000000000e+00
4.328812885585888353e+02,1.000000000000000000e+02
3.031103514745494181e+02,1.000000000000000000e+02
2.041639202523497261e+02,7.700000000000000000e+01
2.090975639901864724e+02,1.000000000000000000e+02
4.030072846792106702e+02,1.000000000000000000e+02
5.878040082286119059e+02,2.000000000000000000e+01
2.045416069724364547e+02,1.400000000000000000e+01
5.636666364724833329e+02,1.000000000000000000e+02
2.877098376588435826e+02,5.600000000000000000e+01
2.704063794298695029e+02,1.000000000000000000e+02
4.320624343759002954e+02,1.000000000000000000e+02
8.509162761187111528e+02,1.000000000000000000e+02
1.513246973893473353e+02,1.300000000000000000e+01
1.498003591393726026e+02,1.000000000000000000e+02
3.030208294258044361e+02,1.000000000000000000e+02
8.230986149579233597e+02,7.900000000000000000e+01
4.026874062003893755e+02,1.000000000000000000e+02
8.325854417901030047e+02,5.300000000000000000e+01
6.433601686990514281e+02,1.000000000000000000e+02
4.753493461631908303e+02,1.000000000000000000e+02
2.902846402938775441e+02,1.000000000000000000e+02
2.608947590913226122e+02,1.000000000000000000e+02
3.837284983994141498e+02,3.700000000000000000e+01
3.215900512109813576e+02,1.000000000000000000e+02
1.365330172811813725e+02,2.600000000000000000e+01
2.166493035152241760e+02,1.000000000000000000e+02
5.585909990328058257e+02,1.000000000000000000e+02
4.711299293545715159e+02,1.000000000000000000e+02
4.068117745874994284e+02,6.500000000000000000e+01
2.285981793861046754e+02,1.000000000000000000e+02
1.950862244372185614e+02,1.000000000000000000e+02
5.765900654933462874e+02,4.100000000000000000e+01
7.207708557943969936e+02,1.000000000000000000e+02
3.453436962283231537e+02,1.000000000000000000e+02
4.727970733323156765e+02,1.000000000000000000e+02
4.190436984529482061e+02,1.000000000000000000e+02
6.981637812229720339e+02,1.000000000000000000e+02
7.109153420107641068e+02,4.000000000000000000e+01
5.767566600921193185e+02,2.900000000000000000e+01
8.438463361696990717e+01,8.000000000000000000e+00
1.622106557243889711e+02,1.000000000000000000e+02
8.908126724293958887e+02,6.700000000000000000e+01
5.698551601347239739e+02,1.000000000000000000e+02
6.385555040565513991e+02,1.000000000000000000e+02
8.548831612147786245e+02,8.300000000000000000e+01
3.309915648490033959e+02,7.300000000000000000e+01
2.540827688017269566e+02,3.200000000000000000e+01
2.796224062697042996e+02,1.000000000000000000e+02
8.206922137723697688e+02,4.600000000000000000e+01
1.949705964839357648e+02,1.000000000000000000e+02
3.768649106914350000e+02,1.000000000000000000e+02
1.212017177461755040e+02,1.000000000000000000e+02
8.487064389914650064e+02,1.000000000000000000e+02
6.695290528239755758e+02,3.300000000000000000e+01
2.204019556186530622e+02,1.000000000000000000e+02
5.301342153168634468e+02,1.000000000000000000e+02
2.510562650922512091e+02,1.000000000000000000e+02
8.406241179650228332e+02,7.800000000000000000e+01
4.922918162302938754e+02,1.000000000000000000e+02
7.045585945049288057e+02,1.000000000000000000e+02
2.853732909113185201e+02,1.000000000000000000e+02
5.975335565987339805e+02,1.000000000000000000e+02
4.493150769279370138e+02,1.000000000000000000e+02
7.794338414969843143e+02,1.000000000000000000e+02
1.700676259459981736e+02,1.000000000000000000e+02
5.450584013479609666e+02,4.900000000000000000e+01
2.023408888567515476e+02,1.000000000000000000e+02
5.032056740826272403e+02,1.000000000000000000e+02
8.514452016520845063e+02,5.300000000000000000e+01
4.267805455717874565e+02,1.000000000000000000e+02
6.238393471853920573e+02,1.000000000000000000e+02
6.295433945744861148e+02,1.000000000000000000e+02
4.021462614812704714e+02,1.000000000000000000e+02
2.232561498459256484e+02,1.000000000000000000e+02
2.377582444517974807e+02,1.000000000000000000e+02
1.292068772788324850e+03,1.000000000000000000e+02
1.049499057879670119e+02,1.000000000000000000e+02
2.358263280109329401e+02,1.000000000000000000e+02
6.389858559748370226e+02,1.000000000000000000e+02
4.574769676662418760e+01,1.000000000000000000e+02
4.322382125327067115e+02,1.000000000000000000e+02
3.286933447882145742e+02,1.000000000000000000e+02
7.117470674289852468e+02,1.000000000000000000e+02
6.019917640292244414e+02,1.000000000000000000e+02
2.316594320963033908e+02,7.000000000000000000e+00
2.739297635175732353e+02,1.000000000000000000e+02
5.659764618278863963e+02,1.000000000000000000e+02
6.438975120025695560e+02,7.100000000000000000e+01
4.441229941501701433e+02,5.800000000000000000e+01
3.138858353510942720e+02,1.000000000000000000e+02
1.953464427966942196e+01,6.000000000000000000e+00
1.540229271548637087e+02,1.000000000000000000e+02
4.700472967335785484e+02,1.000000000000000000e+02
5.950078963751632273e+02,1.000000000000000000e+02
1.446817383210858452e+02,1.000000000000000000e+02
4.568327707315038424e+02,1.500000000000000000e+01
2.298099608148777122e+02,2.500000000000000000e+01
4.979229620133119738e+02,6.400000000000000000e+01
2.934577675522880327e+02,8.700000000000000000e+01
3.696792714570875660e+02,3.100000000000000000e+01
7.058009604294574579e+00,1.000000000000000000e+02
1.601470015202146726e+02,5.800000000000000000e+01
4.554801033816608538e+02,1.000000000000000000e+02
5.069769412919704337e+02,1.000000000000000000e+02
1.333491833394282651e+02,1.000000000000000000e+02
9.945042409168032691e+02,1.000000000000000000e+02
1.131124171113141443e+02,4.000000000000000000e+00
4.370393271025275794e+02,1.000000000000000000e+02
6.295668612802592179e+02,1.000000000000000000e+02
6.833636766539002565e+02,1.000000000000000000e+02
1.304820615294505899e+02,1.000000000000000000e+02
8.970873999477682901e+02,3.900000000000000000e+01
4.868905700581188967e+02,4.300000000000000000e+01
7.696037548423269072e+02,6.600000000000000000e+01
5.940684821068556403e+02,6.000000000000000000e+01
7.858993571665350828e+02,5.700000000000000000e+01
3.631341460888443748e+02,1.000000000000000000e+02
7.122604725437510069e+02,6.700000000000000000e+01
7.408889919116733154e+02,5.100000000000000000e+01
3.610475288802521163e+02,1.000000000000000000e+02
5.166099226447552155e+02,1.000000000000000000e+02
3.477266801044004296e+02,1.000000000000000000e+02
3.410474082193263143e+02,1.000000000000000000e+02
5.563994198962911923e+02,1.000000000000000000e+02
7.178166810712290271e+02,1.000000000000000000e+02
3.011867092175752987e+02,1.000000000000000000e+02
6.450066292131054979e+02,1.000000000000000000e+02
4.689349621684847875e+02,7.800000000000000000e+01
7.713615129208446888e+02,6.100000000000000000e+01
6.040851729559565229e+02,1.000000000000000000e+02
3.008718820270043466e+02,2.500000000000000000e+01
2.930176562701037710e+02,1.000000000000000000e+02
7.922111766201018099e+02,1.000000000000000000e+02
6.271655239129393067e+02,1.000000000000000000e+02
6.702498695641835411e+02,1.000000000000000000e+02
1.851883737067646507e+02,1.000000000000000000e+02
6.349345855981675868e+02,6.800000000000000000e+01
7.610193506424812995e+02,6.500000000000000000e+01
4.620329431445001660e+02,1.000000000000000000e+02
3.043919164726737563e+02,1.000000000000000000e+02
5.699892652797241226e+02,8.300000000000000000e+01
7.261788212143505916e+02,5.900000000000000000e+01
3.315072567987429011e+02,1.500000000000000000e+01
6.273035180619998528e+02,1.000000000000000000e+02
2.926946579615403721e+02,1.000000000000000000e+02
4.528520350142547954e+02,1.000000000000000000e+02
5.547085107111604430e+02,1.000000000000000000e+02
1.231944268383408598e+03,1.000000000000000000e+02
4.982902739828831500e+02,6.300000000000000000e+01
3.888205157634488955e+02,1.000000000000000000e+02
5.717768824355537163e+02,1.000000000000000000e+02
3.315290355829902182e+02,8.200000000000000000e+01
6.288392212130757741e+01,1.000000000000000000e+02
4.894291089439055327e+02,1.000000000000000000e+02
2.059136225957416002e+02,1.000000000000000000e+02
2.769927255383152556e+02,1.000000000000000000e+02
3.470724633468157094e+02,1.000000000000000000e+02
1.818956603714343601e+02,1.000000000000000000e+02
2.890190896085118766e+02,1.000000000000000000e+02
5.526293274472992607e+02,1.000000000000000000e+02
8.556536333137457007e+01,1.000000000000000000e+02
1.030028020111392152e+03,1.000000000000000000e+02
8.133656260492804790e+01,1.000000000000000000e+02
1.075178936109939087e+02,5.500000000000000000e+01
2.453525963142549529e+02,1.000000000000000000e+02
5.522038005199179906e+02,4.500000000000000000e+01
8.849891427025017947e+02,1.000000000000000000e+02
3.102507580953388455e+01,1.000000000000000000e+02
4.655227896475685725e+02,1.000000000000000000e+02
2.757441258749281019e+02,1.000000000000000000e+02
1.131716609881009674e+02,1.000000000000000000e+02
3.031736268941060075e+02,1.000000000000000000e+02
3.232263675124451083e+02,1.000000000000000000e+02
5.601584901723695111e+02,1.000000000000000000e+02
4.083275101524549200e+02,1.000000000000000000e+02
1.045999140252200050e+03,1.000000000000000000e+02
2.782677246531481501e+02,1.000000000000000000e+02
3.969234784622589700e+02,1.000000000000000000e+02
8.174489401998740732e+02,1.000000000000000000e+02
5.642997258408689731e+02,1.000000000000000000e+02
2.260172983870311896e+02,1.000000000000000000e+02
3.285342127958661536e+02,1.000000000000000000e+02
7.203712927183397596e+02,1.000000000000000000e+02
6.533306001076610983e+02,1.000000000000000000e+02
1.652544473968831085e+02,1.000000000000000000e+02
3.377509381702495261e+02,1.000000000000000000e+02
3.050049919674692660e+02,1.000000000000000000e+02
1.949104334969397456e+01,1.000000000000000000e+01
6.001692142145781190e+02,1.000000000000000000e+02
3.709421753832370428e+02,5.600000000000000000e+01
6.086282014212027889e+02,3.300000000000000000e+01
3.279466824863739021e+02,1.000000000000000000e+02
3.512300638370169850e+02,1.000000000000000000e+02
3.280360161197738762e+02,2.100000000000000000e+01
8.092873048862022642e+02,3.700000000000000000e+01
7.227258619028891644e+02,1.000000000000000000e+02
2.387813606656476964e+02,1.000000000000000000e+02
3.810400327579039867e+02,1.000000000000000000e+02
3.729279579092274162e+02,6.000000000000000000e+01
2.533264475120539316e+02,1.000000000000000000e+02
5.580146973134204700e+02,1.000000000000000000e+02
6.182777605671827814e+02,1.000000000000000000e+02
3.265618382296328264e+02,1.000000000000000000e+02
5.161720253006870962e+02,1.000000000000000000e+02
3.850006379769655496e+02,3.400000000000000000e+01
3.992422549111242347e+02,1.000000000000000000e+02
6.603770848023517601e+02,1.000000000000000000e+02
4.218661044688417405e+02,1.000000000000000000e+02
6.337366285030561386e+01,1.000000000000000000e+02
7.925071230340154216e+02,1.000000000000000000e+02
5.965107475610210486e+02,1.000000000000000000e+02
7.133473392744082275e+01,5.200000000000000000e+01
4.037640106922489736e+02,1.000000000000000000e+02
7.897653257348572424e+02,1.000000000000000000e+02
1.841049919519348634e+02,9.100000000000000000e+01
1.723145726276324297e+02,1.000000000000000000e+02
2.321877400745895272e+02,1.000000000000000000e+02
4.958167162128179939e+02,1.000000000000000000e+02
8.418610550451131758e+02,7.000000000000000000e+01
1.136236845927660852e+03,1.000000000000000000e+02
4.042893625383867970e+02,1.000000000000000000e+02
7.570993023219111819e+02,1.000000000000000000e+02
1.270910085137934402e+02,1.000000000000000000e+02
3.905075756079337452e+02,1.000000000000000000e+02
6.526905200198875718e+02,1.000000000000000000e+02
6.340367291050996528e+02,1.000000000000000000e+02
6.366591957037232987e+02,7.800000000000000000e+01
6.671292645730179061e+01,1.000000000000000000e+02
4.494502751658010311e+02,1.000000000000000000e+02
4.350890063426371626e+02,1.000000000000000000e+02
4.910426928112976697e+01,5.000000000000000000e+01
6.254770306906559085e+01,1.000000000000000000e+02
1.127092185262303303e+02,5.400000000000000000e+01
4.903670339200063495e+02,1.000000000000000000e+02
5.660705067751634942e+02,1.000000000000000000e+02
4.444015734833350848e+02,1.000000000000000000e+02
1.665914779328504380e+02,1.000000000000000000e+02
3.277662972911344923e+02,1.000000000000000000e+02
6.810374510069389089e+02,1.000000000000000000e+02
5.641136735793800199e+02,1.000000000000000000e+02
1.671267759620356514e+02,1.000000000000000000e+02
8.126212724203658126e+02,1.000000000000000000e+02
1.023244711681292415e+03,1.000000000000000000e+02
4.104786410248989341e+02,4.500000000000000000e+01
4.239725948165958016e+02,1.000000000000000000e+02
5.282077216969356641e+02,1.000000000000000000e+02
3.174566405897576828e+02,1.000000000000000000e+02
3.345506354692817581e+02,1.000000000000000000e+02
1.958803305468012184e+02,1.000000000000000000e+02
7.892299653434946549e+02,1.000000000000000000e+02
7.681719884464372683e+01,1.800000000000000000e+01
8.155773984595455204e+02,1.000000000000000000e+02
1.771319901915159392e+02,1.000000000000000000e+02
2.381208265797474724e+02,1.000000000000000000e+02
1.022688264084180332e+03,1.000000000000000000e+02
5.659044063769945296e+02,1.000000000000000000e+02
1.708501472242717512e+02,1.000000000000000000e+02
4.234513935528864863e+02,1.000000000000000000e+02
4.816296018679067288e+02,1.000000000000000000e+02
7.477792169333658876e+02,7.500000000000000000e+01
1.253753578082139938e+03,1.000000000000000000e+02
2.910186911451584706e+02,5.800000000000000000e+01
1.062811262462698096e+03,1.000000000000000000e+02
5.349947502994421029e+02,1.000000000000000000e+02
8.654080789332223276e+02,5.800000000000000000e+01
8.348105620116908767e+02,1.000000000000000000e+02
6.860515481634452044e+02,1.000000000000000000e+02
4.186472096516183683e+02,1.000000000000000000e+02
8.410323177997349831e+02,1.000000000000000000e+02
2.333867975426205987e+02,1.000000000000000000e+02
6.110655970184529906e+02,1.000000000000000000e+02
5.017857820722858833e+02,6.700000000000000000e+01
1.525521662981983013e+02,1.000000000000000000e+02
3.891529011884888973e+02,1.000000000000000000e+02
4.314300842767974586e+02,1.000000000000000000e+02
5.085662658118850459e+02,1.000000000000000000e+02
5.983847882370371281e+02,1.000000000000000000e+02
3.589617515860243202e+02,4.900000000000000000e+01
3.927647489412841537e+02,1.000000000000000000e+02
4.725217455989934479e+02,1.000000000000000000e+02
1.799697037650233256e+02,1.000000000000000000e+02
6.282327346671808073e+02,3.800000000000000000e+01
8.602279255625556686e+01,1.000000000000000000e+02
3.181672165365235401e+02,1.000000000000000000e+02
1.076198836853724288e+02,8.200000000000000000e+01
5.032644505808773943e+02,1.000000000000000000e+02
1.730033289150716769e+02,3.900000000000000000e+01
1.195426649335866841e+03,1.000000000000000000e+02
1.063143539599341921e+03,3.000000000000000000e+01
6.158108587555486793e+02,6.000000000000000000e+01
8.235726536653096446e+02,5.100000000000000000e+01
7.139115471539945190e+01,1.000000000000000000e+02
4.014640689078339051e+02,2.700000000000000000e+01
5.376106978377293899e+02,1.000000000000000000e+02
1.141854794267452888e+02,1.000000000000000000e+02
7.550351284005969319e+02,4.000000000000000000e+01
7.092218299790139326e+02,1.000000000000000000e+02
3.664710068042372200e+02,1.000000000000000000e+02
3.787420849591688210e+01,5.000000000000000000e+00
3.806654633690350238e+02,1.000000000000000000e+02
5.310538649625435710e+02,1.000000000000000000e+02
4.793909598309872422e+02,1.000000000000000000e+02
8.086797893282580389e+02,9.300000000000000000e+01
2.953914182881970873e+02,1.000000000000000000e+02
7.772494801887779659e+02,1.000000000000000000e+02
3.894032736385129851e+02,1.000000000000000000e+02
4.219933285847245088e+02,1.000000000000000000e+02
7.067716263634580400e+02,1.000000000000000000e+02
3.234760655429774374e+02,1.000000000000000000e+02
1.023731406868318345e+03,1.000000000000000000e+02
6.423519035650410842e+02,6.800000000000000000e+01
2.950080389211011038e+02,1.000000000000000000e+02
4.111289386988876231e+02,1.000000000000000000e+02
3.133084702189989343e+02,5.000000000000000000e+01
2.311117828520215483e+02,1.000000000000000000e+02
5.091943637083069802e+02,1.000000000000000000e+02
8.851590250883481303e+02,1.000000000000000000e+02
1.148615216710697950e+02,1.000000000000000000e+02
2.373548893016036061e+02,1.000000000000000000e+02
1.674776827339906617e+02,1.000000000000000000e+02
8.071851279039977953e+02,1.000000000000000000e+02
5.331202230843282450e+02,1.000000000000000000e+02
5.182379996092233796e+02,1.000000000000000000e+02
8.900176510144389113e+02,1.000000000000000000e+02
1.491566965891141194e+02,1.000000000000000000e+02
4.423913399575547487e+02,1.000000000000000000e+02
3.251218593009242568e+02,1.000000000000000000e+02
4.662393183433049444e+02,8.900000000000000000e+01
3.051176274873562875e+02,1.000000000000000000e+02
9.811101601338774003e+01,1.000000000000000000e+02
6.337094783387145753e+02,1.000000000000000000e+02
2.762427873884337259e+02,1.000000000000000000e+02
6.289017756834217607e+02,1.000000000000000000e+02
6.772404829971710569e+02,3.900000000000000000e+01
6.813992589368269819e+02,1.000000000000000000e+02
1.339189110186283749e+01,3.000000000000000000e+00
2.226126649433079194e+02,1.000000000000000000e+02
8.037291301187374302e+02,5.300000000000000000e+01
4.966636504966575103e+02,1.000000000000000000e+02
7.586886297112182547e+02,1.000000000000000000e+02
9.426144369467756405e+02,1.000000000000000000e+02
6.932332274112916366e+02,1.000000000000000000e+02
8.077899473778263655e+02,1.000000000000000000e+02
3.857836638856585978e+02,3.900000000000000000e+01
1.186867294240324071e+02,1.000000000000000000e+02
2.463603662140804431e+02,6.500000000000000000e+01
4.776358257034156622e+02,9.000000000000000000e+00
4.867710496139403631e+02,9.000000000000000000e+00
4.588660880454290236e+02,1.000000000000000000e+02
7.035728570052461919e+02,1.000000000000000000e+02
5.639654082185838888e+02,1.000000000000000000e+02
4.697428237027462501e+02,9.600000000000000000e+01
2.795583642579524053e+02,1.000000000000000000e+02
1.393971519665738015e+02,1.000000000000000000e+02
9.905521761154961951e+02,4.100000000000000000e+01
3.531550277524116837e+02,1.000000000000000000e+02
6.808624903052871105e+02,6.100000000000000000e+01
7.023058014642546141e+02,1.000000000000000000e+02
2.336241783237520337e+02,8.500000000000000000e+01
8.600834299103090643e+02,1.000000000000000000e+02
7.759104430746126582e+02,1.000000000000000000e+02
4.622359214221664274e+02,1.000000000000000000e+02
1.142697064597738517e+03,1.000000000000000000e+02
5.531448879968819483e+02,1.000000000000000000e+02
7.653840967644916873e+02,7.600000000000000000e+01
9.274243730801792935e+02,1.000000000000000000e+02
2.205566522748372051e+02,1.000000000000000000e+02
8.097864258561861561e+02,1.000000000000000000e+02
7.151833024255807914e+02,1.000000000000000000e+02
5.295580597029652381e+02,1.000000000000000000e+02
3.337405251836038360e+02,1.000000000000000000e+02
4.031472364584085994e+02,1.000000000000000000e+02
6.080577251712487623e+02,1.000000000000000000e+02
3.304442199676379914e+02,1.000000000000000000e+02
7.408148153324694931e+02,1.000000000000000000e+02
2.725213745630524045e+02,1.000000000000000000e+02
1.922043050004062366e+02,7.600000000000000000e+01
5.183928261363404317e+02,3.000000000000000000e+01
1.820576461708994316e+02,1.000000000000000000e+02
4.633189377785401462e+02,1.000000000000000000e+02
5.837851849160233542e+02,1.000000000000000000e+02
2.212667837720277078e+02,1.000000000000000000e+02
3.697017740745221204e+02,1.000000000000000000e+02
4.537161243603597427e+02,1.000000000000000000e+02
9.229209982277258177e+02,1.000000000000000000e+02
5.621989978749118109e+02,1.000000000000000000e+02
3.396519795449044068e+02,1.000000000000000000e+02
5.610800748140638916e+02,5.100000000000000000e+01
4.068908415509525298e+02,8.000000000000000000e+00
3.581623548266323809e+01,1.800000000000000000e+01
8.980410813473988583e+02,1.000000000000000000e+02
5.066779075403098886e+01,5.300000000000000000e+01
6.585964329084861220e+02,1.400000000000000000e+01
6.974810019445890248e+02,1.000000000000000000e+02
9.950021639412500463e+01,1.500000000000000000e+01
2.183572515736164803e+02,7.100000000000000000e+01
3.900118975104920196e+02,1.000000000000000000e+02
5.967632518007175122e+02,1.000000000000000000e+02
4.314249936434735559e+02,1.000000000000000000e+02
2.872673079416534279e+02,6.400000000000000000e+01
2.463907103148589215e+02,1.000000000000000000e+02
2.555914398643124841e+01,1.000000000000000000e+02
2.520961899202841607e+02,1.000000000000000000e+02
4.174983082700684349e+02,1.000000000000000000e+02
5.167557151158492843e+02,5.800000000000000000e+01
6.111987647225941345e+01,3.000000000000000000e+00
5.571862164014618202e+02,1.000000000000000000e+02
5.226973366584123823e+02,1.000000000000000000e+02
4.872510391408377473e+02,1.000000000000000000e+02
8.722101285693298678e+01,1.000000000000000000e+02
5.818524720676659854e+02,1.000000000000000000e+02
6.030594834336790200e+02,4.600000000000000000e+01
4.045453147525479380e+02,1.000000000000000000e+02
7.978081230965802888e+02,1.000000000000000000e+02
6.447648072532575725e+01,1.000000000000000000e+02
7.839526104023717608e+02,1.000000000000000000e+02
1.087251706277546788e+02,2.700000000000000000e+01
9.112351876956751084e+02,4.800000000000000000e+01
7.076653891462732417e+02,4.900000000000000000e+01
4.934937094977648258e+02,1.000000000000000000e+02
6.382782472331928147e+01,1.000000000000000000e+02
6.318495403820238607e+02,1.000000000000000000e+02
4.370345977378602242e+02,3.400000000000000000e+01
5.503459371745074122e+02,1.000000000000000000e+02
3.632870290144972500e+02,5.700000000000000000e+01
2.291042155892239123e+02,1.000000000000000000e+02
1.015404869588276142e+03,3.100000000000000000e+01
4.081316918795631068e+02,3.600000000000000000e+01
3.383834553648504766e+02,1.000000000000000000e+02
1.225111332485316638e+02,1.000000000000000000e+02
5.208442307535684677e+02,6.300000000000000000e+01
3.981965649874358064e+02,1.000000000000000000e+02
1.270069994681603873e+02,4.000000000000000000e+00
8.417534817752884919e+02,4.700000000000000000e+01
2.816431476133233787e+02,1.000000000000000000e+02
1.686955362092421922e+02,8.000000000000000000e+00
2.294349610109699142e+02,1.000000000000000000e+02
2.560331897158870333e+02,1.000000000000000000e+02
4.732406060470954685e+02,1.000000000000000000e+02
7.079288711840957831e+02,1.000000000000000000e+02
4.978595341886174310e+02,1.000000000000000000e+02
2.909450250300650396e+02,8.600000000000000000e+01
9.675828398773526828e+01,9.000000000000000000e+00
6.400804173992188453e+02,1.000000000000000000e+02
2.148077315819854221e+02,8.000000000000000000e+01
6.231685171381361670e+02,1.000000000000000000e+02
7.326513066336462998e+02,6.900000000000000000e+01
8.769612139033006315e+01,1.000000000000000000e+02
9.049293607106935724e+02,4.600000000000000000e+01
1.191722997158229191e+03,1.000000000000000000e+02
2.883369198759955339e+02,1.000000000000000000e+02
1.089146516412080473e+03,1.000000000000000000e+02
3.006958044468290723e+02,1.000000000000000000e+02
2.841567933131900077e+02,1.000000000000000000e+02
6.851548268504010366e+02,1.000000000000000000e+02
8.614610742088008237e+02,1.000000000000000000e+02
5.009827191264436692e+02,1.000000000000000000e+02
4.733676021941352587e+02,1.000000000000000000e+02
9.578087368443726746e+02,1.000000000000000000e+02
5.383842352116633947e+02,9.700000000000000000e+01
4.088613746223060161e+02,1.000000000000000000e+02
6.913158538913048687e+02,1.000000000000000000e+02
3.562272017096178729e+02,1.100000000000000000e+01
7.140101412565741157e+02,5.700000000000000000e+01
7.378992997388967012e+01,1.000000000000000000e+02
2.264601407488853226e+02,1.000000000000000000e+02
3.142916298611403931e+02,1.000000000000000000e+02
4.446198366409043388e+02,4.900000000000000000e+01
2.291790323701816305e+02,1.000000000000000000e+02
7.170911119468837569e+02,4.600000000000000000e+01
1.272133821960993743e+02,1.000000000000000000e+02
5.226186304462189582e+02,6.100000000000000000e+01
8.905234803906828347e+02,1.000000000000000000e+02
4.616591706502575789e+02,1.000000000000000000e+02
5.847343729823347758e+02,1.000000000000000000e+02
2.528295838618993514e+02,1.000000000000000000e+02
4.823025969857204132e+02,1.000000000000000000e+02
1.854446629384306391e+02,5.700000000000000000e+01
6.181837612374482660e+02,1.000000000000000000e+02
2.612652464891373256e+02,1.000000000000000000e+02
6.575564119588909762e+02,5.700000000000000000e+01
2.728685076059371681e+02,1.000000000000000000e+02
2.286070629169379345e+02,1.000000000000000000e+02
4.079262257139824897e+02,1.000000000000000000e+02
2.963938307793242757e+02,7.000000000000000000e+01
2.389825066922193173e+02,1.000000000000000000e+02
5.637119826790775505e+02,1.000000000000000000e+02
3.920247406304632136e+02,1.000000000000000000e+02
1.096563480275442402e+02,1.000000000000000000e+02
6.929757347066284865e+02,1.000000000000000000e+02
4.079384067866104715e+02,3.600000000000000000e+01
6.670024531033749327e+02,5.100000000000000000e+01
2.764275691245478015e+02,2.900000000000000000e+01
4.698588365345079296e+02,8.800000000000000000e+01
2.539716642254098815e+02,1.000000000000000000e+02
3.028823178104314593e+02,1.000000000000000000e+02
1.830762839289041040e+02,1.000000000000000000e+02
6.757272566556313222e+02,5.000000000000000000e+01
1.052941838272037955e+02,1.000000000000000000e+02
3.495892034876546290e+02,1.000000000000000000e+02
4.458251876930842172e+02,1.000000000000000000e+02
5.129344809520958961e+02,1.000000000000000000e+02
4.921664184367760981e+02,1.000000000000000000e+02
8.456729475476870448e+02,6.300000000000000000e+01
3.615601433920119803e+02,1.000000000000000000e+02
9.534510040090631264e+02,7.000000000000000000e+01
6.416426916017769599e+02,1.000000000000000000e+02
6.985351074398004130e+02,1.000000000000000000e+02
7.972852250036213491e+02,1.000000000000000000e+02
5.405516983264304827e+02,1.000000000000000000e+02
4.049936641078762136e+02,6.200000000000000000e+01
2.843355978056341655e+02,1.000000000000000000e+02
1.745421687458978113e+02,1.000000000000000000e+02
6.495761736779073772e+02,3.800000000000000000e+01
1.554666507316919990e+02,1.000000000000000000e+02
9.412633523456710236e+02,1.000000000000000000e+02
1.807880653192366935e+02,1.000000000000000000e+02
3.297842620702057275e+02,1.000000000000000000e+02
6.707107812206859307e+02,1.000000000000000000e+02
4.224305828105700584e+02,1.000000000000000000e+02
7.156822280959530644e+02,1.000000000000000000e+02
4.919827865966253171e+02,1.000000000000000000e+02
1.147737095975426342e+02,1.000000000000000000e+02
7.046344693354542414e+02,1.000000000000000000e+02
4.563391797361327349e+02,1.000000000000000000e+02
4.646709798311196664e+02,1.000000000000000000e+02
5.087420028248919834e+02,1.000000000000000000e+02
5.023953393758055768e+02,1.000000000000000000e+02
4.084322905676502273e+02,1.000000000000000000e+02
7.968261940629148512e+02,1.000000000000000000e+02
2.307574369038906639e+02,1.000000000000000000e+02
3.569349652462487938e+02,1.000000000000000000e+02
4.252584233215189329e+02,4.800000000000000000e+01
4.891744995353465697e+02,1.000000000000000000e+02
2.945741345896647658e+02,1.000000000000000000e+02
5.700952412617446043e+02,1.000000000000000000e+02
7.310502716395426432e+02,1.000000000000000000e+02
3.677350315227439523e+02,5.400000000000000000e+01
2.037107870207684357e+02,1.000000000000000000e+02
3.053918521427905830e+02,1.000000000000000000e+02
3.252818222615154014e+02,9.800000000000000000e+01
4.606309778961492611e+02,1.000000000000000000e+02
5.103368215488183637e+02,5.900000000000000000e+01
2.172648572130108562e+02,1.000000000000000000e+02
6.190354128018005895e+02,1.000000000000000000e+02
7.544902786943165438e+02,7.100000000000000000e+01
8.301954485678387528e+02,1.000000000000000000e+02
2.738338350421805103e+02,1.000000000000000000e+02
5.051183890363187174e+02,4.900000000000000000e+01
7.821401581680139543e+02,5.800000000000000000e+01
2.929559917023267417e+02,9.600000000000000000e+01
5.311817677286992421e+02,4.600000000000000000e+01
5.314012569323291473e+02,1.000000000000000000e+02
7.565009002666768083e+02,1.000000000000000000e+02
2.966226225312951783e+02,5.100000000000000000e+01
9.382160580910617682e+02,3.200000000000000000e+01
8.342113692243589185e+02,5.000000000000000000e+01
5.009559258142425620e+02,1.000000000000000000e+02
8.603305699258386596e+01,1.000000000000000000e+02
4.430130488555406032e+02,5.700000000000000000e+01
1.234524663740151254e+03,1.000000000000000000e+02
2.498993910832420084e+01,1.000000000000000000e+02
2.316154760478000583e+02,1.000000000000000000e+02
4.829827110449809879e+01,1.000000000000000000e+02
2.659432763953565200e+02,1.000000000000000000e+02
7.970289385598771332e+02,1.000000000000000000e+02
7.209216344327290926e+02,1.000000000000000000e+02
5.477969601434721199e+02,1.000000000000000000e+02
6.316324594907514438e+02,5.400000000000000000e+01
4.511460471609910314e+02,1.000000000000000000e+02
9.361052202178627795e+02,1.000000000000000000e+02
3.018657761985252819e+02,8.900000000000000000e+01
3.833682243058979111e+02,1.000000000000000000e+02
3.742933735261523793e+02,6.700000000000000000e+01
9.767405353462412450e+02,1.000000000000000000e+02
8.002215930480225552e+02,1.000000000000000000e+02
1.398684893763558819e+02,1.000000000000000000e+02
3.259967335147586027e+02,1.000000000000000000e+02
4.614130058526852736e+02,1.000000000000000000e+02
5.145854991330180610e+02,1.000000000000000000e+02
3.342672111635883425e+02,1.000000000000000000e+02
5.526354430513196121e+02,1.000000000000000000e+02
7.651244880073408012e+02,1.000000000000000000e+02
3.905231840202203557e+02,1.000000000000000000e+02
3.182345230550531596e+02,5.400000000000000000e+01
3.610843004526876712e+02,1.000000000000000000e+02
4.860101220292081621e+02,5.700000000000000000e+01
5.556170432561075359e+02,1.000000000000000000e+02
1.280257155000837486e+02,1.000000000000000000e+02
4.205713064378547017e+01,1.000000000000000000e+02
5.341746762502897354e+02,1.000000000000000000e+02
7.812552742804552963e+02,1.000000000000000000e+02
6.506521339275245452e+01,1.000000000000000000e+02
7.889706806982012495e+02,1.000000000000000000e+02
1.868710660266817740e+02,8.300000000000000000e+01
2.491151142483444403e+02,1.000000000000000000e+02
5.724414025269365993e+02,1.000000000000000000e+02
8.228979987634716053e+02,1.000000000000000000e+02
2.398026969240328583e+02,1.000000000000000000e+02
1.521063576597326517e+02,5.000000000000000000e+01
6.821335218416418229e+02,1.000000000000000000e+02
2.837715689701760766e+02,1.000000000000000000e+02
1.378320882966467877e+02,1.000000000000000000e+02
5.554259111845218513e+02,1.000000000000000000e+02
8.300351496564949230e+02,3.700000000000000000e+01
4.898681421241915359e+02,4.500000000000000000e+01
7.328407795330533645e+02,9.000000000000000000e+01
3.131774607014550611e+02,1.000000000000000000e+02
4.367096796425928851e+00,1.000000000000000000e+01
5.733834287806698740e+02,6.400000000000000000e+01
9.097563393728918868e+01,1.000000000000000000e+02
9.979904409744243310e+01,7.000000000000000000e+00
7.560277479355967216e+02,5.500000000000000000e+01
6.562152005114838857e+02,1.000000000000000000e+02
6.762236414499473085e+02,4.400000000000000000e+01
4.374112915829893495e+02,1.000000000000000000e+02
3.569614171960406566e+02,1.000000000000000000e+02
6.922753077667185551e+01,1.000000000000000000e+02
5.819422415651379197e+02,1.000000000000000000e+02
6.546835429489336775e+02,1.000000000000000000e+02
3.194924989626441629e+02,1.000000000000000000e+02
3.616329830863788857e+02,1.000000000000000000e+02
3.833338906448524881e+02,1.000000000000000000e+02
1.232833327182089960e+02,1.000000000000000000e+02
5.724553503371431589e+02,1.000000000000000000e+02
3.564891097983169743e+02,1.000000000000000000e+02
2.085757830709941629e+02,6.000000000000000000e+00
5.204218691339010547e+02,1.000000000000000000e+02
2.984207070487549913e+02,1.000000000000000000e+02
2.052708966099584131e+02,1.000000000000000000e+02
3.441227858355829881e+02,1.000000000000000000e+02
7.124126580631861998e+02,1.000000000000000000e+02
2.790025947108938453e+02,1.000000000000000000e+02
5.783142520035838743e+02,1.000000000000000000e+02
7.634629737450843550e+02,1.000000000000000000e+02
3.703503422218853416e+02,4.500000000000000000e+01
2.564293092508361269e+02,1.000000000000000000e+02
7.094261495795619794e+02,1.000000000000000000e+02
1.058303490334175194e+02,1.000000000000000000e+02
6.633756823995794321e+02,1.000000000000000000e+02
4.401850838847465184e+02,8.500000000000000000e+01
8.455787364560150081e+02,1.000000000000000000e+02
7.551597742408066551e+02,1.000000000000000000e+02
5.318790494212648809e+02,7.200000000000000000e+01
4.546208412212450298e+02,1.000000000000000000e+02
6.342569511507442712e+02,1.000000000000000000e+02
7.418503821590718417e+02,1.000000000000000000e+02
5.869231582565940926e+02,1.000000000000000000e+02
5.207552391334982076e+02,7.800000000000000000e+01
1.830190586788214375e+02,1.000000000000000000e+02
8.459451099312058204e+02,1.000000000000000000e+02
3.864732506768203848e+02,8.000000000000000000e+00
1.478279505285492235e+02,1.000000000000000000e+02
5.227813678252995260e+02,1.000000000000000000e+02
2.321585489139708329e+02,1.000000000000000000e+02
1.165271267559765533e+02,1.000000000000000000e+02
3.803741643508164998e+02,1.000000000000000000e+02
7.732323391268274690e+02,1.000000000000000000e+02
9.609678747420496165e+02,1.000000000000000000e+02
4.947887788565160463e+02,4.400000000000000000e+01
1.439202433102133796e+02,4.300000000000000000e+01
2.595047515683111783e+02,1.000000000000000000e+02
8.266893445700752636e+02,1.000000000000000000e+02
7.187419061863804473e+02,8.100000000000000000e+01
3.999077308347086159e+02,1.000000000000000000e+02
1.272021645166479857e+03,1.000000000000000000e+02
2.282199201440091656e+02,1.000000000000000000e+02
3.634503769924879180e+02,1.000000000000000000e+02
9.771324951193869310e+02,1.000000000000000000e+02
1.011343408826293057e+03,8.400000000000000000e+01
5.031928016298108446e+02,7.400000000000000000e+01
5.622560730342848956e+02,7.900000000000000000e+01
8.836055367134748906e+01,1.000000000000000000e+02
8.478109301240209561e+02,4.000000000000000000e+01
1.451331212085405014e+02,1.000000000000000000e+02
5.779512813965089890e+02,1.000000000000000000e+02
7.090282564957205977e+02,1.000000000000000000e+02
8.977752314388377499e+02,1.000000000000000000e+02
8.741469498283079247e+02,5.200000000000000000e+01
9.847112037282660424e+01,6.400000000000000000e+01
6.603627453230038782e+02,1.000000000000000000e+02
6.940437816831114333e+02,8.000000000000000000e+01
2.070329885056193291e+02,1.000000000000000000e+02
4.774118278475058901e+02,1.000000000000000000e+02
1.746462421661922235e+02,8.600000000000000000e+01
6.047270119572737030e+02,1.000000000000000000e+02
3.541896568766426299e+02,6.500000000000000000e+01
1.385363631498985342e+02,1.000000000000000000e+02
5.621678551091343934e+02,1.000000000000000000e+02
6.114117011574405751e+02,1.000000000000000000e+02
8.868893994773907252e+01,2.500000000000000000e+01
2.028823752524982922e+02,1.000000000000000000e+02
4.541109788608776512e+02,1.000000000000000000e+02
2.355532592468518089e+02,1.000000000000000000e+02
1.001401171161410986e+02,6.000000000000000000e+00
1.730020907398365182e+02,1.000000000000000000e+02
1.490036038642975598e+02,1.000000000000000000e+02
6.910972334086802675e+02,4.200000000000000000e+01
6.497615497595450051e+02,1.000000000000000000e+02
8.314527585311567748e+01,8.000000000000000000e+00
8.272800217487649661e+02,1.000000000000000000e+02
7.095078344330945583e+02,1.000000000000000000e+02
6.837396736149622711e+02,1.000000000000000000e+02
1.341646553301140727e+02,6.000000000000000000e+00
3.666248945570267210e+02,1.000000000000000000e+02
1.572918925846771288e+02,9.100000000000000000e+01
6.982786639569105773e+02,1.000000000000000000e+02
8.077880642556524435e+02,8.400000000000000000e+01
2.492913102602525441e+02,1.000000000000000000e+02
7.218398957500978668e+02,1.000000000000000000e+02
9.117847074089194166e+02,1.000000000000000000e+02
3.942271011981135302e+02,1.000000000000000000e+02
3.220611123675124645e+02,1.000000000000000000e+02
1.681210988834719160e+02,2.500000000000000000e+01
5.293948597699957190e+02,4.600000000000000000e+01
4.886042032183947299e+02,1.000000000000000000e+02
2.766378791962649757e+02,1.000000000000000000e+02
7.868678773133935067e+01,1.000000000000000000e+02
3.522682632706777213e+02,1.000000000000000000e+02
4.394056873836544810e+02,1.000000000000000000e+02
5.594719477124181140e+02,8.100000000000000000e+01
2.349279183351973757e+02,1.000000000000000000e+02
6.546192885057772628e+02,1.000000000000000000e+02
3.915492945684813435e+02,1.000000000000000000e+02
6.820262892982599112e+01,1.000000000000000000e+02
5.486567094381371135e+02,1.000000000000000000e+02
5.931841653234465639e+02,6.200000000000000000e+01
5.843195714404204182e+02,2.900000000000000000e+01
2.496013725278678805e+02,1.000000000000000000e+02
2.116990741447766311e+02,1.000000000000000000e+02
4.347411162691915365e+02,1.000000000000000000e+02
2.097587770939553025e+02,8.000000000000000000e+00
4.380906125937365232e+02,1.000000000000000000e+02
4.460600056695733429e+02,1.000000000000000000e+02
1.651050477145994648e+02,1.000000000000000000e+02
1.177048788921910614e+02,1.000000000000000000e+02
4.758178868207605774e+02,1.100000000000000000e+01
2.307528500406311025e+02,3.000000000000000000e+01
2.435441314211112740e+02,1.000000000000000000e+02
6.665467229646435499e+02,9.800000000000000000e+01
6.665770382710405784e+02,1.000000000000000000e+02
9.379520913967180604e+02,3.400000000000000000e+01
4.687880248903163647e+02,1.000000000000000000e+02
7.665508452850086485e+01,1.000000000000000000e+02
2.522302216337023992e+02,1.000000000000000000e+02
7.962428532557668177e+02,1.000000000000000000e+02
1.385648182380927267e+02,1.000000000000000000e+02
1.138686891236423548e+02,1.000000000000000000e+02
3.192654885118107586e+02,1.000000000000000000e+02
3.047559205780986957e+01,1.000000000000000000e+02
2.315674954619362893e+02,5.100000000000000000e+01
7.164840481260957858e+02,1.000000000000000000e+02
2.014858595605995788e+02,1.000000000000000000e+02
4.591870713083934561e+02,5.700000000000000000e+01
3.025134229272446191e+02,1.000000000000000000e+02
5.390723085242700563e+02,7.400000000000000000e+01
2.717883997284345696e+02,1.000000000000000000e+02
3.846297539304349584e+02,1.000000000000000000e+02
1.273880915829068101e+02,1.000000000000000000e+02
4.695696000721691803e+02,1.000000000000000000e+02
2.747766414362273508e+02,6.500000000000000000e+01
6.784241361227014977e+02,1.000000000000000000e+02
9.073094274220095485e+02,5.000000000000000000e+01
2.435366770966755041e+02,1.000000000000000000e+02
6.024167175568699122e+02,6.500000000000000000e+01
5.602384045091952203e+02,1.000000000000000000e+02
1.555002675210046164e+02,1.000000000000000000e+02
4.408897179714525691e+02,1.000000000000000000e+02
1.128061135688903107e+02,1.000000000000000000e+02
4.574416139311563825e+02,1.000000000000000000e+02
4.547485741241780488e+02,1.000000000000000000e+02
1.837499408561333212e+02,1.000000000000000000e+02
1.596201126886764996e+02,5.900000000000000000e+01
8.471210235147794947e+02,1.000000000000000000e+02
5.766271311377074653e+02,1.000000000000000000e+02
2.171724249191604770e+02,1.000000000000000000e+02
6.301745219092086927e+02,1.000000000000000000e+02
2.071548041173386707e+02,1.000000000000000000e+02
2.435810976721073473e+02,1.000000000000000000e+02
2.517075548578926032e+02,1.000000000000000000e+02
1.014088880687755932e+03,1.000000000000000000e+02
4.317437073666303036e+02,8.700000000000000000e+01
6.235020066659013764e+02,1.000000000000000000e+02
6.051079300799639213e+02,1.000000000000000000e+02
1.013416260200044121e+02,1.000000000000000000e+02
7.001420453941886990e+01,1.000000000000000000e+02
7.272413866244835390e+01,1.000000000000000000e+02
5.433626993489800725e+02,1.000000000000000000e+02
1.361349700041726862e+02,1.000000000000000000e+02
8.693075240751301180e+01,1.000000000000000000e+02
