8.234101515790966914e+02,5.800000000000000000e+01
6.832257447359545495e+02,1.000000000000000000e+02
3.656421384064846620e+02,1.000000000000000000e+02
8.364576915471902794e+02,1.000000000000000000e+02
1.024897366980915649e+03,1.000000000000000000e+02
1.979425899142706555e+02,1.000000000000000000e+02
2.118746338854945748e+02,1.000000000000000000e+02
5.865255822725940789e+02,8.900000000000000000e+01
7.374075452271895301e+02,1.000000000000000000e+02
3.104691489628206114e+02,1.000000000000000000e+02
2.034609000667241219e+02,1.000000000000000000e+02
5.100824213438078800e+02,1.000000000000000000e+02
9.862944243796827095e+02,8.300000000000000000e+01
9.143549212789550893e+02,1.000000000000000000e+02
4.029522711946967206e+02,1.000000000000000000e+02
3.460877053794813492e+02,1.000000000000000000e+02
7.419985882349288886e+02,7.800000000000000000e+01
1.827707001751150813e+02,1.000000000000000000e+02
3.706463324588650607e+02,1.000000000000000000e+02
1.899213784211272582e+02,1.000000000000000000e+02
3.598131007036729443e+02,1.000000000000000000e+02
4.619157323064741263e+02,1.000000000000000000e+02
6.105630644258782240e+02,1.000000000000000000e+02
2.252672059189770835e+02,1.000000000000000000e+02
1.258962955602175811e+02,1.000000000000000000e+02
5.807007309158934731e+02,5.900000000000000000e+01
1.381935482281385816e+02,1.400000000000000000e+01
4.367334836244032772e+02,1.000000000000000000e+02
4.334535399924768058e+02,1.000000000000000000e+02
2.655146300420036596e+02,1.700000000000000000e+01
3.308396357459969295e+02,1.000000000000000000e+02
1.881677386039955877e+02,1.000000000000000000e+02
2.851210873914013746e+02,1.000000000000000000e+02
1.212888283497913164e+02,1.000000000000000000e+02
3.454324642393584668e+02,1.000000000000000000e+02
8.289784865369930458e+02,1.000000000000000000e+02
7.894439804983935574e+02,1.000000000000000000e+02
8.274258194723014412e+02,5.800000000000000000e+01
6.631457471403980435e+02,1.000000000000000000e+02
8.048023930100110590e+01,1.000000000000000000e+02
9.429742873285083533e+02,1.000000000000000000e+02
6.535468091536970405e+02,6.100000000000000000e+01
2.207119393782089958e+02,1.000000000000000000e+02
3.991704415898238949e+02,1.000000000000000000e+02
6.201501945372370983e+02,1.000000000000000000e+02
3.940917646510523014e+02,4.200000000000000000e+01
5.370234494433312875e+02,4.800000000000000000e+01
8.367211700290678209e+02,2.700000000000000000e+01
7.954082785187280251e+02,1.000000000000000000e+02
1.910498011066618744e+02,1.000000000000000000e+02
2.956314706923969879e+02,1.000000000000000000e+02
2.985997284031148524e+02,1.000000000000000000e+02
7.844205349470729516e+02,8.000000000000000000e+01
3.824557282668076823e+02,1.000000000000000000e+02
5.348229741659364436e+02,7.100000000000000000e+01
2.360065471121008329e+01,1.000000000000000000e+02
5.486336500829726219e+02,3.600000000000000000e+01
2.139564485528192392e+02,1.000000000000000000e+02
3.268835888527697193e+02,1.000000000000000000e+02
5.099331985747642761e+02,1.000000000000000000e+02
1.104409519775556703e+02,1.000000000000000000e+02
8.628118428767446630e+02,3.900000000000000000e+01
8.028962327224854789e+02,3.000000000000000000e+01
2.057225816115829105e+02,1.000000000000000000e+02
6.193735739114528087e+02,8.200000000000000000e+01
2.748567976103512365e+02,5.700000000000000000e+01
3.562021369824459498e+02,8.600000000000000000e+01
4.619992119230474827e+02,1.000000000000000000e+02
3.417222634440352635e+02,1.000000000000000000e+02
6.304341550556056291e+02,1.000000000000000000e+02
5.615522540556759168e+02,1.000000000000000000e+02
8.383678462280288386e+02,1.000000000000000000e+02
5.297770588313983353e+02,1.000000000000000000e+02
6.403325676756008988e+02,1.000000000000000000e+02
2.238054208856916034e+02,1.000000000000000000e+02
2.302748360128445597e+02,1.000000000000000000e+02
1.051456659777449886e+03,1.000000000000000000e+02
7.467737439371447863e+02,1.000000000000000000e+02
9.212646959124342629e+02,4.400000000000000000e+01
6.794856201217468197e+02,1.000000000000000000e+02
5.189220372888856900e+02,1.000000000000000000e+02
3.202033110708858885e+02,1.000000000000000000e+02
7.413116540084565713e+02,1.000000000000000000e+02
6.971106183684855750e+02,1.000000000000000000e+02
6.841525757732650845e+02,1.000000000000000000e+02
2.739776827987818137e+02,5.500000000000000000e+01
2.141980933977669963e+02,6.000000000000000000e+00
3.372126834989497866e+02,1.000000000000000000e+02
3.709007765212976437e+02,1.000000000000000000e+02
6.399014727351785723e+02,1.000000000000000000e+02
6.867085774595808516e+02,1.000000000000000000e+02
1.850808530757124970e+02,5.400000000000000000e+01
2.127073222614303347e+02,1.000000000000000000e+02
2.274584573296904182e+02,1.000000000000000000e+02
1.721163645733952308e+01,1.000000000000000000e+02
4.174765237073488038e+02,1.000000000000000000e+02
1.535787105782500817e+02,1.000000000000000000e+02
6.200167953384815291e+02,1.000000000000000000e+02
8.041666794165992087e+02,1.000000000000000000e+02
3.633774792391843107e+02,6.200000000000000000e+01
1.178222519988973318e+03,1.000000000000000000e+02
5.475663458214867205e+02,6.400000000000000000e+01
1.040327363535991935e+03,1.000000000000000000e+02
7.845796777063131913e+02,1.000000000000000000e+02
9.346291455171175357e+02,1.000000000000000000e+02
6.270206889793651044e+02,1.000000000000000000e+02
8.930840147864842038e+02,7.100000000000000000e+01
5.882753244238336947e+02,1.000000000000000000e+02
3.703079894679548261e+02,1.000000000000000000e+02
1.158475952163231426e+02,9.800000000000000000e+01
3.537417717997701061e+02,1.000000000000000000e+02
8.807844655020124947e+02,1.000000000000000000e+02
4.030080927631580039e+02,8.100000000000000000e+01
3.445334181392015012e+02,8.600000000000000000e+01
2.153658183114954170e+02,7.000000000000000000e+00
3.724739928100356678e+02,1.000000000000000000e+02
6.390711910193416543e+02,1.000000000000000000e+02
1.384365374292357558e+02,1.000000000000000000e+02
7.831048632403649208e+02,1.000000000000000000e+02
5.043029307449660337e+02,1.000000000000000000e+02
8.382226616827755379e+02,1.000000000000000000e+02
3.674365821928346350e+02,1.000000000000000000e+02
2.287764880390801920e+02,1.000000000000000000e+02
4.006680138849263813e+02,1.000000000000000000e+02
3.628065586801011477e+02,1.000000000000000000e+02
9.324827141978805685e+02,6.800000000000000000e+01
6.184702143432783714e+02,1.000000000000000000e+02
6.137140409847106639e+02,4.700000000000000000e+01
4.408121426418679789e+02,1.000000000000000000e+02
1.269914211321936364e+02,1.000000000000000000e+02
7.260647046109010034e+02,1.000000000000000000e+02
8.154721908563400348e+02,1.000000000000000000e+02
8.692129078609968929e+02,1.000000000000000000e+02
3.665922461790210036e+02,6.000000000000000000e+00
6.108466199160923225e+02,1.000000000000000000e+02
8.760616181333722352e+02,9.200000000000000000e+01
3.778474930099717426e+02,1.000000000000000000e+02
8.229734205927142057e+02,4.400000000000000000e+01
4.091537850882106113e+02,1.000000000000000000e+02
3.006896301236550357e+02,1.000000000000000000e+02
2.319384979521406933e+02,1.000000000000000000e+02
5.826576769739452857e+02,1.000000000000000000e+02
2.648214598321317794e+02,1.000000000000000000e+02
4.377453514571676010e+02,1.000000000000000000e+02
2.909850016059504014e+02,1.000000000000000000e+02
7.340786983817981763e+02,1.000000000000000000e+02
8.898897400824897659e+02,5.600000000000000000e+01
2.408783910967229076e+02,3.000000000000000000e+01
5.268369886262505588e+02,1.000000000000000000e+02
3.936771299858569932e+02,1.000000000000000000e+02
1.022178043157577463e+02,8.900000000000000000e+01
5.193775266750645869e+02,1.000000000000000000e+02
7.767817222003197912e+02,1.000000000000000000e+02
3.754614452417757775e+02,1.000000000000000000e+02
5.162271297835659567e+01,3.000000000000000000e+00
1.764151277592279996e+02,1.900000000000000000e+01
3.126512614239182426e+02,1.000000000000000000e+02
5.674615099860575356e+02,1.000000000000000000e+02
6.546836782499603942e+02,1.000000000000000000e+02
4.345045982320199300e+02,1.000000000000000000e+02
5.880875724655311387e+02,1.000000000000000000e+02
8.098084535544801383e+02,1.000000000000000000e+02
1.137727571032193339e+02,1.000000000000000000e+02
2.500948743814861075e+02,1.000000000000000000e+02
4.495349807886146323e+02,1.000000000000000000e+02
5.916200253776743239e+02,1.000000000000000000e+02
7.036204773899012821e+01,5.000000000000000000e+00
6.152986636932597548e+02,6.000000000000000000e+01
5.291076043140757292e+02,1.000000000000000000e+02
2.464411547174273949e+02,1.000000000000000000e+02
3.413976324794992934e+02,1.000000000000000000e+02
6.013422739720075469e+02,1.000000000000000000e+02
8.653277513568922359e+02,1.000000000000000000e+02
8.083315069791290171e+02,1.000000000000000000e+02
3.978275423921294305e+02,1.000000000000000000e+02
2.825702090257085501e+02,1.000000000000000000e+02
2.988558260615305926e+02,5.800000000000000000e+01
6.050177404363662390e+02,1.000000000000000000e+02
3.717854737667113909e+02,1.000000000000000000e+02
7.481455726156912078e+02,1.000000000000000000e+02
4.054616254645608819e+02,8.000000000000000000e+01
2.386400822324588091e+02,1.000000000000000000e+02
5.132128109429967253e+02,9.800000000000000000e+01
3.610929613873780113e+02,4.200000000000000000e+01
7.277270107328437234e+02,1.000000000000000000e+02
9.517452100882845798e+02,3.200000000000000000e+01
3.153810032547908691e+02,1.000000000000000000e+02
6.687849303888417580e+02,1.000000000000000000e+02
5.778997671259604658e+02,3.800000000000000000e+01
7.356207510583872136e+02,1.000000000000000000e+02
1.039559819425439287e+02,1.000000000000000000e+02
6.565966375264783892e+02,1.000000000000000000e+02
3.371979520505494747e+02,1.000000000000000000e+02
7.850016503392263303e+02,1.000000000000000000e+02
5.415315300872650823e+02,1.000000000000000000e+02
2.519067074824519352e+02,1.000000000000000000e+02
6.172870401429208869e+02,1.000000000000000000e+02
5.097836923829216857e+02,7.000000000000000000e+00
5.996800714829498702e+02,1.000000000000000000e+02
4.633751728895060040e+01,1.000000000000000000e+02
6.388015600682421109e+02,1.000000000000000000e+02
6.392933463547556130e+02,1.000000000000000000e+02
2.677342342837441151e+02,1.000000000000000000e+02
2.859363442428669941e+02,1.000000000000000000e+02
3.034522251807996440e+02,1.000000000000000000e+02
7.983457210121758862e+02,1.000000000000000000e+02
9.315830904897280789e+02,1.000000000000000000e+02
6.188020318718217823e+02,1.000000000000000000e+02
1.051519606643691304e+03,1.000000000000000000e+02
3.650982461697923895e+02,1.000000000000000000e+02
5.455327467274196351e+02,1.000000000000000000e+02
3.912080731480285749e+02,1.000000000000000000e+02
8.805985654384230088e+01,1.000000000000000000e+02
2.959797147598586093e+02,1.000000000000000000e+02
4.861090929379783461e+02,1.000000000000000000e+02
4.350358900912276567e+02,7.100000000000000000e+01
4.297075667115547617e+02,1.000000000000000000e+02
5.586885075281375066e+02,1.000000000000000000e+02
9.994328203112441145e+01,1.000000000000000000e+02
5.305341392366252649e+02,2.700000000000000000e+01
4.617795575052893469e+02,1.000000000000000000e+02
1.076804486980921865e+03,1.000000000000000000e+02
1.303561874659287980e+02,8.000000000000000000e+00
2.829661428430587193e+02,6.700000000000000000e+01
6.112781962079456122e+01,5.000000000000000000e+00
2.145215342378452021e+02,1.000000000000000000e+02
4.983247987005216260e+02,1.000000000000000000e+02
5.233149000485067290e+02,1.000000000000000000e+02
5.906011855768173291e+02,1.000000000000000000e+02
6.552973719027971811e+02,1.000000000000000000e+02
7.176175737103336587e+02,4.400000000000000000e+01
4.629443010678961627e+02,1.000000000000000000e+02
1.987888093861644450e+02,1.000000000000000000e+02
3.247913490099821843e+02,1.000000000000000000e+02
2.072623058940909857e+02,7.300000000000000000e+01
3.051551476218457424e+02,4.700000000000000000e+01
1.980682049184424613e+02,1.000000000000000000e+02
1.421030548184152451e+02,1.000000000000000000e+02
3.880282286765080926e+02,1.000000000000000000e+02
4.563959713388531441e+02,1.000000000000000000e+02
3.628201346321893652e+02,1.000000000000000000e+02
8.169388548021072438e+02,1.000000000000000000e+02
1.756991143820905847e+02,1.000000000000000000e+02
5.469721420771081739e+02,5.600000000000000000e+01
6.142484790275303794e+02,1.000000000000000000e+02
1.023999437186568997e+02,1.000000000000000000e+02
5.236584750796594108e+02,1.000000000000000000e+02
9.038294313411524854e+02,1.000000000000000000e+02
3.972337869815273734e+02,1.000000000000000000e+02
3.284523053381520299e+02,1.000000000000000000e+02
5.522499258686601706e+02,1.000000000000000000e+02
7.015288278784503291e+02,1.000000000000000000e+02
2.312245895740452113e+02,1.000000000000000000e+02
5.110909108639179408e+02,4.100000000000000000e+01
3.309966817071277205e+02,1.000000000000000000e+02
8.512965347274834471e+01,1.000000000000000000e+02
4.473729124904856462e+02,5.800000000000000000e+01
1.453706341776124020e+02,1.000000000000000000e+02
1.676531938438466227e+02,7.000000000000000000e+00
1.968400293525584175e+02,1.000000000000000000e+02
2.315841746208112681e+02,1.000000000000000000e+02
5.335576116229512991e+02,1.000000000000000000e+02
2.327491061115101729e+02,2.100000000000000000e+01
3.615806333752411774e+02,1.000000000000000000e+02
6.201514395418536196e+02,1.000000000000000000e+02
5.175291140862931343e+02,6.300000000000000000e+01
3.770884258854526649e+01,1.000000000000000000e+02
5.271974260513798072e+02,1.000000000000000000e+02
3.798825081907226604e+02,1.000000000000000000e+02
3.537708086376246115e+02,1.000000000000000000e+02
4.148310904205434326e+02,9.100000000000000000e+01
4.337827830462004641e+01,1.000000000000000000e+02
6.561818305562549085e+02,5.100000000000000000e+01
4.898637703631824252e+02,1.000000000000000000e+02
3.860605099014069879e+02,1.000000000000000000e+02
5.192502573267355359e+01,8.000000000000000000e+00
4.349435911909469041e+02,1.000000000000000000e+02
2.660337701036485782e+02,1.000000000000000000e+02
6.197508750112638154e+02,1.000000000000000000e+02
1.648071852644783348e+02,1.000000000000000000e+02
2.843691315625375182e+02,9.800000000000000000e+01
3.368906835717789363e+02,1.100000000000000000e+01
1.136568738080298772e+03,1.000000000000000000e+02
6.110179052271457749e+02,1.000000000000000000e+02
5.875858531134057330e+02,1.000000000000000000e+02
6.875852456628866776e+02,1.000000000000000000e+02
1.617084713515017995e+02,1.000000000000000000e+02
6.867696545736473581e+02,1.000000000000000000e+02
1.531963399472045637e+02,1.000000000000000000e+02
1.073873955243685032e+03,1.000000000000000000e+02
6.532544385795263224e+02,1.000000000000000000e+02
1.712435325754335054e+02,5.100000000000000000e+01
2.472927167239462065e+01,1.000000000000000000e+02
1.192044022881668525e+03,1.000000000000000000e+02
5.394107264003985165e+02,1.000000000000000000e+02
4.736099115079361468e+02,1.000000000000000000e+02
2.462574659433104500e+02,1.000000000000000000e+02
7.372985123669650420e+02,1.000000000000000000e+02
7.104565182808401005e+02,9.300000000000000000e+01
8.012761532717780710e+02,4.400000000000000000e+01
1.629071069646571459e+02,1.000000000000000000e+02
1.578910956189703541e+02,1.000000000000000000e+02
9.758510309570543484e+01,1.000000000000000000e+02
7.616626035308673863e+02,1.000000000000000000e+02
7.780366525544683327e+02,9.400000000000000000e+01
1.583378761365930245e+02,1.000000000000000000e+02
2.508552685946614815e+02,1.000000000000000000e+02
5.645871907854235587e+02,5.300000000000000000e+01
3.574123957696704110e+02,5.700000000000000000e+01
3.556930331443641649e+02,8.300000000000000000e+01
1.481606422819068598e+02,1.000000000000000000e+02
1.008220116018202361e+03,1.000000000000000000e+02
2.448983151141246992e+02,1.000000000000000000e+02
4.021477678080783562e+02,1.000000000000000000e+02
5.783992386725925599e+02,1.000000000000000000e+02
2.184957795048649416e+02,1.000000000000000000e+02
2.237245120973041139e+02,1.000000000000000000e+02
1.377479413073378680e+02,5.000000000000000000e+00
1.024003001043610539e+03,1.000000000000000000e+02
5.294453297763882347e+02,8.600000000000000000e+01
7.102152895662402443e+02,1.000000000000000000e+02
1.747851766475940565e+02,1.000000000000000000e+02
4.026424134929612251e+02,1.000000000000000000e+02
3.715439417711894521e+02,7.400000000000000000e+01
6.983538498925321392e+02,1.000000000000000000e+02
5.852589214014753907e+02,1.000000000000000000e+02
1.794137499830911864e+01,1.000000000000000000e+02
4.959573264041163156e+02,1.000000000000000000e+02
4.437093568664221834e+02,1.000000000000000000e+02
4.962830039312813710e+02,1.000000000000000000e+02
2.517990735562132727e+02,1.000000000000000000e+02
2.431254435704229877e+01,1.000000000000000000e+02
6.882137461915889389e+02,5.200000000000000000e+01
2.343343931651894536e+02,1.000000000000000000e+02
3.689231832554874586e+02,1.000000000000000000e+02
5.065809824603676930e+02,1.000000000000000000e+02
3.934447723677527051e+02,1.000000000000000000e+02
5.923133367314154896e+01,1.000000000000000000e+02
3.221799616197543514e+02,1.000000000000000000e+02
8.659392104486369135e+02,9.600000000000000000e+01
3.945290576701528948e+02,1.000000000000000000e+02
2.512291373617888439e+02,1.000000000000000000e+02
8.852518665438329037e+01,1.000000000000000000e+02
4.381013032410235155e+02,4.000000000000000000e+01
9.810808007188322790e+02,1.000000000000000000e+02
8.640984065513425776e+02,1.000000000000000000e+02
4.676020942285937281e+02,1.000000000000000000e+02
3.782501681446964312e+02,1.000000000000000000e+02
1.188473534084362342e+02,1.000000000000000000e+02
6.476512211773020908e+02,1.000000000000000000e+02
2.853813341143531375e+02,6.300000000000000000e+01
1.609653788780814807e+02,2.400000000000000000e+01
6.643442888780576538e+01,8.200000000000000000e+01
8.088196837817731648e+02,1.000000000000000000e+02
8.432579592834234745e+02,6.100000000000000000e+01
8.235840677932827703e+02,1.000000000000000000e+02
7.081419570810207631e+01,1.000000000000000000e+02
2.151531992798539932e+02,1.000000000000000000e+02
4.566703644275134479e+02,1.000000000000000000e+02
8.093309519664397840e+02,1.000000000000000000e+02
5.548535894765257126e+02,1.000000000000000000e+02
3.585373160404329269e+02,1.000000000000000000e+02
4.605173967993371775e+02,1.000000000000000000e+02
2.286908767230297315e+02,1.000000000000000000e+02
8.714843435709138930e+02,7.800000000000000000e+01
3.628978353240059960e+02,1.000000000000000000e+02
9.228081726565658300e+02,1.000000000000000000e+02
3.764487676184920701e+02,1.000000000000000000e+02
1.178512421333112798e+03,8.200000000000000000e+01
2.216799017695679765e+02,1.000000000000000000e+02
4.978248496166340828e+02,1.000000000000000000e+02
4.925427360985398764e+02,1.000000000000000000e+02
4.890372201275814064e+02,4.900000000000000000e+01
3.742397834714243743e+01,1.000000000000000000e+02
1.642844892438859716e+01,1.000000000000000000e+02
1.661794793965598274e+02,1.000000000000000000e+02
8.260646469053126566e+02,9.300000000000000000e+01
1.044167128319765197e+03,1.000000000000000000e+02
3.073511897659185266e+01,1.000000000000000000e+02
6.042453378093952097e+02,1.000000000000000000e+02
5.529762555973470626e+02,1.000000000000000000e+02
3.741990443317205859e+02,1.000000000000000000e+02
1.424513401130156751e+02,1.600000000000000000e+01
1.616646824828703188e+02,1.000000000000000000e+02
3.529344828085826293e+02,6.300000000000000000e+01
3.229772970050550498e+02,1.000000000000000000e+02
9.171982832256921938e+02,4.600000000000000000e+01
5.859798759929395828e+02,1.000000000000000000e+02
6.059017445901516794e+02,1.000000000000000000e+02
2.486031476887045244e+02,1.000000000000000000e+02
5.162592000528227345e+02,3.600000000000000000e+01
7.543689176713303368e+01,1.000000000000000000e+02
5.225102024561083454e+02,6.600000000000000000e+01
4.815095236136542098e+02,1.000000000000000000e+02
1.817371937647551476e+02,1.000000000000000000e+02
8.547146211253533465e+02,1.000000000000000000e+02
2.197724600946799853e+02,1.000000000000000000e+02
5.251771264381458195e+02,7.400000000000000000e+01
3.197593491309014553e+02,9.000000000000000000e+00
6.687934750551771685e+02,1.000000000000000000e+02
2.032065215008222197e+02,1.000000000000000000e+02
2.200567099424641810e+02,7.000000000000000000e+00
9.139443750223584573e+01,6.400000000000000000e+01
2.481054016455521776e+02,1.000000000000000000e+02
5.443230724589005831e+02,6.100000000000000000e+01
6.261581395367954883e+02,1.000000000000000000e+02
2.849521852933869468e+02,1.000000000000000000e+02
7.303985852100196041e+01,1.000000000000000000e+02
4.180935112392113524e+02,1.000000000000000000e+02
1.079896536120588280e+03,1.000000000000000000e+02
3.078449432877233107e+02,1.000000000000000000e+02
6.594343274615968085e+02,4.600000000000000000e+01
4.734393848982914506e+02,9.700000000000000000e+01
4.322443876068583677e+02,1.000000000000000000e+02
3.848167392207058697e+02,6.000000000000000000e+00
2.866156135716213953e+02,1.000000000000000000e+02
7.360553879097378172e+01,6.900000000000000000e+01
5.312206472412939320e+02,3.800000000000000000e+01
6.378488338449814137e+02,1.000000000000000000e+02
1.883753160504079460e+02,8.000000000000000000e+00
5.281214166235018865e+02,1.000000000000000000e+02
2.437876298152013135e+02,3.200000000000000000e+01
6.035339408266315786e+02,1.000000000000000000e+02
5.111943214514697047e+02,8.000000000000000000e+00
7.173918314196789652e+02,6.000000000000000000e+01
4.583380904216364371e+01,1.000000000000000000e+02
9.357876185274701584e+02,1.000000000000000000e+02
3.710352267831144673e+02,1.000000000000000000e+02
9.528288823219151027e+02,1.000000000000000000e+02
3.561622005197100975e+02,1.000000000000000000e+02
8.700644406118397001e+02,1.000000000000000000e+02
5.822011700063925446e+02,1.000000000000000000e+02
9.020431438806828339e+01,1.000000000000000000e+02
3.926605284542778804e+02,1.000000000000000000e+02
6.144773554862274523e+02,4.800000000000000000e+01
7.547735674983266563e+01,1.000000000000000000e+02
8.740163189759362012e+02,1.000000000000000000e+02
6.132451752367110203e+02,1.000000000000000000e+02
7.896680331650309199e+02,6.700000000000000000e+01
6.977390148641538872e+02,1.000000000000000000e+02
1.214372025102400556e+02,1.000000000000000000e+02
1.029641967786032410e+03,1.000000000000000000e+02
4.207279960595002990e+02,2.900000000000000000e+01
9.931895085812902835e+01,1.000000000000000000e+02
5.019225831874832124e+02,1.000000000000000000e+02
6.319171731937957475e+02,1.000000000000000000e+02
6.623488465688839710e+01,1.000000000000000000e+02
7.392604892522107320e+02,1.000000000000000000e+02
6.819819952046329945e+02,1.000000000000000000e+02
1.049785193313166701e+03,1.000000000000000000e+02
2.572100805873781724e+02,1.000000000000000000e+02
8.413811065403804150e+02,4.900000000000000000e+01
7.492829772036228633e+02,1.000000000000000000e+02
4.752014018160755882e+02,3.500000000000000000e+01
2.917376375692691113e+02,1.000000000000000000e+02
5.947644610919453498e+02,1.000000000000000000e+02
5.841025259133849659e+02,1.000000000000000000e+02
2.549647841457407651e+02,5.500000000000000000e+01
3.915397038659123155e+02,1.000000000000000000e+02
7.056966059819959582e+02,1.000000000000000000e+02
4.775373733759304287e+02,1.000000000000000000e+02
8.030861274747700236e+02,1.000000000000000000e+02
3.126361240645180146e+02,1.000000000000000000e+02
1.360948777892907913e+02,1.000000000000000000e+02
3.843119339898572662e+02,1.000000000000000000e+02
6.801768561419409025e+02,7.200000000000000000e+01
6.464415378308574418e+02,1.000000000000000000e+02
3.620559188344190602e+02,1.000000000000000000e+02
5.690691443969225105e+01,1.000000000000000000e+02
4.905563339368511038e+02,1.000000000000000000e+02
2.123682638879006390e+02,4.100000000000000000e+01
5.851174328690735820e+02,1.000000000000000000e+02
4.383400997979125577e+02,1.000000000000000000e+02
1.268399033335779677e+03,3.600000000000000000e+01
4.937873095109200108e+02,1.000000000000000000e+02
1.174314864434174524e+03,3.000000000000000000e+01
1.153848716083517019e+02,1.000000000000000000e+02
8.008324603255326224e+01,1.000000000000000000e+02
2.600797514383048679e+02,1.000000000000000000e+02
3.350065967367473831e+02,8.900000000000000000e+01
2.234986127760167847e+02,1.000000000000000000e+02
2.252201190703260067e+02,4.100000000000000000e+01
3.058288373291104563e+02,1.000000000000000000e+02
4.491014615353892054e+02,1.000000000000000000e+02
4.042175127197650113e+02,8.600000000000000000e+01
1.244946056111839653e+03,1.000000000000000000e+02
4.017224546857283940e+02,1.000000000000000000e+02
7.272435636681071855e+02,1.000000000000000000e+02
1.967014351630633371e+02,1.000000000000000000e+02
5.892820648672937978e+02,1.000000000000000000e+02
1.468026638181530359e+02,1.000000000000000000e+02
3.073173088437188198e+02,1.000000000000000000e+02
9.675431980513616281e+02,1.000000000000000000e+02
3.618382323752094862e+02,1.000000000000000000e+02
7.120583890699542735e+02,1.000000000000000000e+02
3.077474761133534571e+02,1.000000000000000000e+02
2.870587298478790217e+02,1.000000000000000000e+02
2.896661683687851792e+02,1.000000000000000000e+02
2.564045089367859873e+02,1.000000000000000000e+02
5.990387634918714639e+02,1.000000000000000000e+02
4.577348438852823165e+02,1.000000000000000000e+02
5.130046170294908734e+02,5.700000000000000000e+01
6.305152286054670867e+02,1.000000000000000000e+02
3.329641601702272169e+02,5.000000000000000000e+01
5.366923015797534617e+02,9.200000000000000000e+01
5.846965007912034480e+02,1.000000000000000000e+02
2.803389168353873515e+02,1.000000000000000000e+02
2.357990177426320884e+02,1.000000000000000000e+02
7.321612323722973770e+02,1.000000000000000000e+02
3.527177768468196177e+02,7.000000000000000000e+00
3.142407837558627648e+02,1.000000000000000000e+02
7.300175928576448996e+02,1.000000000000000000e+02
2.265912453271785409e+02,1.000000000000000000e+02
5.253553808328882724e+02,1.000000000000000000e+02
7.275797821449895082e+02,1.000000000000000000e+02
8.873765268145625669e+02,5.700000000000000000e+01
4.751890752412700749e+02,7.500000000000000000e+01
5.220951997424330102e+02,1.000000000000000000e+02
1.752944413879823458e+02,1.000000000000000000e+02
2.667645713293181871e+02,1.000000000000000000e+02
4.190360931359313668e+01,1.000000000000000000e+02
4.041076839271692052e+02,1.000000000000000000e+02
8.449359776604385388e+02,9.900000000000000000e+01
9.537591029052899216e+01,3.600000000000000000e+01
4.189881941811141814e+02,1.000000000000000000e+02
5.455292508750260367e+02,1.000000000000000000e+02
5.310006206448059629e+02,1.000000000000000000e+02
3.269137478762591797e+01,1.200000000000000000e+01
8.162089653157004250e+02,1.000000000000000000e+02
2.934562650652518414e+02,1.000000000000000000e+02
2.926530248834758936e+02,2.200000000000000000e+01
5.793064499675763273e+02,1.000000000000000000e+02
5.154407333460451355e+02,9.800000000000000000e+01
6.433572258272082536e+02,1.000000000000000000e+02
5.350091526811047515e+02,9.000000000000000000e+00
7.429339854405054666e+02,1.000000000000000000e+02
1.230487777674321137e+02,1.000000000000000000e+02
1.082888009663466391e+03,1.000000000000000000e+02
3.640045437168335525e+02,1.000000000000000000e+02
1.334598608154133501e+02,1.000000000000000000e+02
5.856479185485252401e+02,8.000000000000000000e+00
2.861061670494288478e+02,1.000000000000000000e+02
3.867590563063782270e+02,1.000000000000000000e+02
1.780035878389677464e+02,1.000000000000000000e+02
4.633501911421912496e+02,1.000000000000000000e+02
2.870091656024121463e+01,1.000000000000000000e+02
4.254578775947649092e+02,6.100000000000000000e+01
5.226980656309143569e+02,1.000000000000000000e+02
7.561257204846527884e+02,1.000000000000000000e+02
1.266713413899160514e+02,1.000000000000000000e+02
5.143105739166031753e+02,8.300000000000000000e+01
5.969291124330143248e+02,1.000000000000000000e+02
5.659206281003085905e+02,1.000000000000000000e+02
7.323752516338976193e+02,1.000000000000000000e+02
4.948136808399694360e+02,1.000000000000000000e+02
9.209651310018887216e+01,1.000000000000000000e+02
8.117097417141986853e+02,8.400000000000000000e+01
3.192051142132223731e+02,5.000000000000000000e+01
2.250729899488258070e+02,1.000000000000000000e+02
6.465392190895706790e+02,8.900000000000000000e+01
1.430092613772913808e+02,9.500000000000000000e+01
3.138378561373097000e+02,1.000000000000000000e+02
3.003604149827854144e+02,1.000000000000000000e+02
1.671319739018790074e+02,2.800000000000000000e+01
4.887228540528611234e+02,1.000000000000000000e+02
4.131231230558519201e+02,1.000000000000000000e+02
5.281908210178654883e+01,1.000000000000000000e+02
6.805681308766103257e+02,6.600000000000000000e+01
3.742656970122319535e+02,1.000000000000000000e+02
1.317709122864623623e+02,1.700000000000000000e+01
1.166308673531266322e+02,7.400000000000000000e+01
3.811900124592132215e+02,1.000000000000000000e+02
1.269199836855508892e+02,1.000000000000000000e+02
7.309929037055599110e+02,9.100000000000000000e+01
4.581020935978675084e+02,1.000000000000000000e+02
5.895196744846588217e+02,1.000000000000000000e+02
6.302367550575365840e+01,4.000000000000000000e+00
5.801355594268983396e+02,1.000000000000000000e+02
2.814212293113055807e+02,6.200000000000000000e+01
1.144196881537259742e+03,1.000000000000000000e+02
4.460276947366314744e+02,1.000000000000000000e+02
3.200991003859709849e+02,1.000000000000000000e+02
2.479291218992908057e+02,5.300000000000000000e+01
7.246135524431479098e+02,1.000000000000000000e+02
1.704286544474117591e+02,1.000000000000000000e+02
4.795495799225972746e+02,1.000000000000000000e+02
7.407188383805666945e+02,1.000000000000000000e+02
4.812531511392359675e+02,1.000000000000000000e+02
5.212636571517708717e+02,1.000000000000000000e+02
6.956964267489897793e+02,1.000000000000000000e+02
1.412202749462969962e+02,1.000000000000000000e+02
4.610814519132972009e+02,1.000000000000000000e+02
4.761026907061521456e+02,1.000000000000000000e+02
4.307377251726535974e+02,1.000000000000000000e+02
6.956824008365558143e+01,1.000000000000000000e+02
5.019603900404000569e+02,5.900000000000000000e+01
4.001576767667767172e+02,1.000000000000000000e+02
5.177289204510050240e+02,1.000000000000000000e+02
2.347964105798776586e+02,1.000000000000000000e+02
4.444098808204578290e+02,1.000000000000000000e+02
1.797020883022585167e+02,1.400000000000000000e+01
2.305016224597446524e+02,1.000000000000000000e+02
2.453050339028625615e+02,5.700000000000000000e+01
3.886301960531744157e+02,6.100000000000000000e+01
1.559129154250644547e+02,1.000000000000000000e+02
2.038649349702371012e+02,1.000000000000000000e+02
6.503926554339677750e+02,1.000000000000000000e+02
6.552962462735116560e+02,6.900000000000000000e+01
2.261173338541910596e+02,1.000000000000000000e+02
8.424676426359272909e+02,1.000000000000000000e+02
4.842566586060034410e+02,1.000000000000000000e+02
2.469608479230026603e+02,3.500000000000000000e+01
4.687862535214231343e+02,1.000000000000000000e+02
3.159190280236906290e+01,1.000000000000000000e+02
5.618098415446160061e+02,1.000000000000000000e+02
1.057259422956205754e+03,1.000000000000000000e+02
6.728723679806122391e+02,1.000000000000000000e+02
3.779762420143895838e+02,1.000000000000000000e+02
1.055347569620599302e+02,1.000000000000000000e+02
5.597149221176287028e+02,1.000000000000000000e+02
3.857695066338644097e+02,1.000000000000000000e+02
2.753800700705441500e+02,1.000000000000000000e+02
1.465852286986589377e+02,8.700000000000000000e+01
3.498200440075314646e+02,9.400000000000000000e+01
6.778037285078277137e+02,5.000000000000000000e+01
1.356725417704569736e+02,1.000000000000000000e+02
2.226932246173728345e+02,1.000000000000000000e+02
2.616719427554177742e+02,1.000000000000000000e+02
7.365106051927361932e+02,1.000000000000000000e+02
2.334971160218524062e+02,5.100000000000000000e+01
8.924106548940751793e+01,1.000000000000000000e+02
1.500749534240755736e+02,1.000000000000000000e+02
3.852613870028415590e+02,1.000000000000000000e+02
7.133273863511652735e+02,1.000000000000000000e+02
4.098873402562453805e+01,4.000000000000000000e+00
1.492509907180262019e+02,1.000000000000000000e+02
6.263315913147513356e+02,5.200000000000000000e+01
1.781914303190846738e+02,1.000000000000000000e+02
5.369431901240210436e+02,1.000000000000000000e+02
3.386605329774823190e+02,1.000000000000000000e+02
1.923566471364498511e+02,3.500000000000000000e+01
5.284566185463124839e+02,6.800000000000000000e+01
7.177554054622061130e+02,1.000000000000000000e+02
2.862507945937692284e+02,1.000000000000000000e+02
6.703901312836514990e+02,1.000000000000000000e+02
3.750855995357957084e+01,6.900000000000000000e+01
4.287573462996835474e+02,7.400000000000000000e+01
5.390335520327934091e+02,1.000000000000000000e+02
3.337295166584814865e+02,1.000000000000000000e+02
5.198973901054880571e+02,1.000000000000000000e+02
9.580271373529141954e+01,1.000000000000000000e+02
4.099818719716568012e+02,6.800000000000000000e+01
4.028533202914474032e+02,1.000000000000000000e+02
2.004746595021804865e+02,1.000000000000000000e+02
6.446736739245059198e+02,6.400000000000000000e+01
4.409926872538592306e+02,3.800000000000000000e+01
6.472581625912272330e+02,6.700000000000000000e+01
7.362506717954524902e+02,1.000000000000000000e+02
7.768643265093361379e+02,1.000000000000000000e+02
9.868738706519290815e+01,1.000000000000000000e+02
1.124058200034628953e+03,1.000000000000000000e+02
6.968446298223987014e+02,1.000000000000000000e+02
7.596728833699430652e+02,9.000000000000000000e+01
6.517892444245305796e+02,1.000000000000000000e+02
7.016208504344058383e+01,1.700000000000000000e+01
6.049525605821670524e+02,4.700000000000000000e+01
2.095981489767952723e+02,1.000000000000000000e+02
1.542353528998996239e+02,1.000000000000000000e+02
3.711195639392404928e+02,1.000000000000000000e+02
1.123376622909449196e+02,1.000000000000000000e+02
5.599832197844735902e+02,1.000000000000000000e+02
4.390464919800620578e+02,1.000000000000000000e+02
1.105166643469922576e+02,9.500000000000000000e+01
1.958027905004822173e+02,1.000000000000000000e+02
1.275440241662571736e+02,1.000000000000000000e+02
7.833961994801011315e+02,3.100000000000000000e+01
3.342744172530498190e+02,1.000000000000000000e+02
2.490150299216161898e+02,1.000000000000000000e+02
3.187264078716982567e+02,1.000000000000000000e+02
6.370989280187234272e+02,9.800000000000000000e+01
4.447950710483578405e+02,1.000000000000000000e+02
5.157055235665495729e+02,1.000000000000000000e+02
2.437710982719879382e+02,1.000000000000000000e+02
4.125327652690352238e+02,1.000000000000000000e+02
3.960894747848504949e+02,1.000000000000000000e+02
9.764926344803673146e+02,1.000000000000000000e+02
2.709984136253540328e+02,1.000000000000000000e+02
6.108693858921575384e+02,4.200000000000000000e+01
7.114510232828998824e+02,1.000000000000000000e+02
4.472914532391000648e+02,1.000000000000000000e+02
7.220259462889241604e+02,1.000000000000000000e+02
9.521345398434681329e+01,1.500000000000000000e+01
7.274719550295594672e+02,1.000000000000000000e+02
2.913597811605157517e+02,1.000000000000000000e+02
8.020200343314436395e+02,1.000000000000000000e+02
5.805404431980314257e+02,1.000000000000000000e+02
7.398588174402369759e+02,1.000000000000000000e+02
4.065411166746181379e+02,1.000000000000000000e+02
4.892423537202060402e+02,1.000000000000000000e+02
3.818187840290810300e+02,1.000000000000000000e+02
3.927066063601317865e+02,3.000000000000000000e+01
1.039559064175804679e+03,1.000000000000000000e+02
4.647153035807589845e+02,1.000000000000000000e+02
8.562576640365582534e+02,6.700000000000000000e+01
1.514497181865468747e+02,1.000000000000000000e+02
3.460181200735026437e+02,7.600000000000000000e+01
3.541994843206364294e+02,1.000000000000000000e+02
1.125169523454564455e+02,1.000000000000000000e+02
7.201519558515966537e+02,1.000000000000000000e+02
3.774190519861305688e+02,9.000000000000000000e+00
6.153007232425617303e+02,1.000000000000000000e+02
5.379651763223207581e+02,1.300000000000000000e+01
4.094147144064523332e+02,1.000000000000000000e+02
3.274969849153085875e+02,1.000000000000000000e+02
6.021809024299844850e+02,1.000000000000000000e+02
1.107127976925254188e+03,1.000000000000000000e+02
6.465756514994508279e+02,1.000000000000000000e+02
6.329294971685853852e+02,1.000000000000000000e+02
3.379711635115222066e+02,1.000000000000000000e+02
1.389733283447927192e+02,1.000000000000000000e+02
4.675148389817276211e+02,1.000000000000000000e+02
8.430092686964040638e+01,1.000000000000000000e+02
7.790056330622427367e+02,1.000000000000000000e+02
8.132255020679659765e+02,8.700000000000000000e+01
5.175234099725672650e+02,1.000000000000000000e+02
2.376405236389974220e+02,1.000000000000000000e+02
4.070306495229717143e+02,5.500000000000000000e+01
3.605242386307053835e+02,1.000000000000000000e+02
6.866128792734762101e+02,7.600000000000000000e+01
1.939712755782693137e+02,9.000000000000000000e+00
3.865902622406666751e+02,6.900000000000000000e+01
3.265732621314963353e+02,5.300000000000000000e+01
2.432021880396034987e+02,1.000000000000000000e+02
6.028011950702559716e+02,1.000000000000000000e+02
4.865053823268031152e+01,1.000000000000000000e+02
4.640014831078138400e+02,1.000000000000000000e+02
5.373594390133849856e+02,1.000000000000000000e+02
1.857710313002467615e+02,8.500000000000000000e+01
3.458021219202168481e+02,7.000000000000000000e+00
6.858484374883078090e+02,1.000000000000000000e+02
5.956398543411933133e+02,1.000000000000000000e+02
4.317894149139992805e+02,9.100000000000000000e+01
9.134243846403066982e+02,1.000000000000000000e+02
8.453600915859466340e+02,1.000000000000000000e+02
5.269732513941486332e+02,1.000000000000000000e+02
5.535795536955251919e+02,1.000000000000000000e+02
6.166479548119552874e+02,1.000000000000000000e+02
1.642246820833688048e+02,1.000000000000000000e+02
3.609211285929716837e+02,1.000000000000000000e+02
3.041318412646596698e+02,1.000000000000000000e+02
1.378501224491290031e+02,1.000000000000000000e+02
3.146320394441211192e+02,1.000000000000000000e+02
1.619420187530990916e+02,1.000000000000000000e+02
3.069777913900960016e+02,1.000000000000000000e+02
2.193320803124015299e+02,1.000000000000000000e+02
7.099383758983434518e+02,4.500000000000000000e+01
8.449662148871688032e+02,1.000000000000000000e+02
7.425407263877963260e+02,1.000000000000000000e+02
7.351563974418922953e+02,1.000000000000000000e+02
1.389622233193952354e+02,1.000000000000000000e+02
2.228573118069167833e+02,7.000000000000000000e+00
1.033139762604701673e+03,8.700000000000000000e+01
1.242661159860398357e+03,1.000000000000000000e+02
2.627382446845996924e+02,1.000000000000000000e+02
2.439542660742540079e+02,1.000000000000000000e+02
5.732318470010839064e+02,7.300000000000000000e+01
1.285770296652080447e+02,1.000000000000000000e+02
5.297882864107831438e+02,1.000000000000000000e+02
1.423542444319234050e+02,9.000000000000000000e+00
1.529416722693475492e+02,1.000000000000000000e+02
5.151427271239048196e+02,1.000000000000000000e+02
5.150496541487012792e+02,7.400000000000000000e+01
4.050143198958123776e+02,1.000000000000000000e+02
5.957466999536110279e+02,8.600000000000000000e+01
2.630443637602549529e+02,1.000000000000000000e+02
4.294403142364662358e+02,5.300000000000000000e+01
7.129940899378384245e+01,1.000000000000000000e+02
2.653130697677926264e+02,1.000000000000000000e+02
6.311407487218014012e+02,6.100000000000000000e+01
4.229851517926521751e+02,1.000000000000000000e+02
8.094798641180879031e+02,6.300000000000000000e+01
3.783769512604974921e+02,1.000000000000000000e+02
5.794411026232975814e+01,1.000000000000000000e+02
1.270032821644090149e+02,1.000000000000000000e+02
8.865774778966564327e+02,1.000000000000000000e+02
2.602042234802819394e+02,1.000000000000000000e+02
6.377373961756923109e+02,8.000000000000000000e+01
4.517277926589575259e+02,1.000000000000000000e+02
6.612569188272595966e+02,1.000000000000000000e+02
4.191143645645685183e+02,1.000000000000000000e+02
3.862744592375085517e+02,1.000000000000000000e+02
5.294456150053391639e+02,1.000000000000000000e+02
3.043436350604937957e+02,1.000000000000000000e+02
4.471599474647864554e+02,9.200000000000000000e+01
9.355683754757330917e+01,1.000000000000000000e+02
1.784991172422151351e+02,1.000000000000000000e+02
7.089512285328692087e+02,1.000000000000000000e+02
6.492437407288684881e+02,1.000000000000000000e+02
8.300337963208681913e+02,1.000000000000000000e+02
6.290341925016385858e+02,1.000000000000000000e+02
4.476064635923908099e+02,1.000000000000000000e+02
7.152823867319094688e+02,4.000000000000000000e+01
3.474897626668822568e+02,1.000000000000000000e+02
3.449959337947591393e+02,1.000000000000000000e+02
4.705793131712713375e+02,1.000000000000000000e+02
6.980521766209138832e+02,1.000000000000000000e+02
2.407872203128833632e+02,1.000000000000000000e+02
6.741948328230541847e+02,1.000000000000000000e+02
8.250595919652016619e+02,1.000000000000000000e+02
1.299992109014458777e+02,1.000000000000000000e+02
1.422368801056048540e+02,1.000000000000000000e+02
2.410698752626431087e+02,1.000000000000000000e+02
6.081617009121354158e+02,1.000000000000000000e+02
3.265514233332625622e+02,1.000000000000000000e+02
4.947521953701260600e+02,1.000000000000000000e+02
1.948052996968089872e+02,1.000000000000000000e+02
7.335361741048027397e+02,1.000000000000000000e+02
4.931790354062380857e+02,1.000000000000000000e+02
3.906869041111085039e+02,1.000000000000000000e+02
6.523130473637710338e+02,1.000000000000000000e+02
1.357669970585981218e+02,1.000000000000000000e+02
6.291037280331634065e+02,1.000000000000000000e+02
3.257364044676032790e+02,1.000000000000000000e+02
3.288055606597596920e+02,1.000000000000000000e+02
8.070335005832083652e+01,2.300000000000000000e+01
2.112140428200265774e+02,1.000000000000000000e+02
1.844619710916503834e+02,1.000000000000000000e+02
6.300232783246746067e+02,1.000000000000000000e+02
7.968229753522221017e+02,1.000000000000000000e+02
5.233676081206510844e+02,1.000000000000000000e+02
4.402441238557805150e+02,5.500000000000000000e+01
5.620658695999205747e+02,1.000000000000000000e+02
4.237417252325781192e+01,1.000000000000000000e+02
4.300951548250312158e+02,1.000000000000000000e+02
6.270857857490429978e+02,1.000000000000000000e+02
1.169384111271775453e+02,1.000000000000000000e+02
1.041277816151054822e+03,1.000000000000000000e+02
1.113528060112068943e+03,8.600000000000000000e+01
9.841982241479082916e+01,1.000000000000000000e+02
3.948184716293843053e+02,1.000000000000000000e+02
3.198614325096648940e+02,1.000000000000000000e+02
3.307130433792128201e+02,1.000000000000000000e+02
5.600032662034307123e+02,1.000000000000000000e+02
7.938385740776270723e+02,1.000000000000000000e+02
6.378796286005788261e+02,1.000000000000000000e+02
6.755409359752823093e+02,1.000000000000000000e+02
1.558899049842902969e+02,1.000000000000000000e+02
8.296488216729521810e+02,8.400000000000000000e+01
1.979941986832759824e+02,1.000000000000000000e+02
1.084805839506795166e+02,1.000000000000000000e+02
2.832213477525328358e+02,1.800000000000000000e+01
3.892161146618720977e+02,1.000000000000000000e+02
3.573033244279362179e+02,5.000000000000000000e+00
4.538836616880453221e+02,1.000000000000000000e+02
4.239859098627037497e+02,1.000000000000000000e+02
5.599284062587103108e+02,1.000000000000000000e+02
8.392827156643771787e+02,1.000000000000000000e+02
6.967973692946247866e+02,1.000000000000000000e+02
2.504538858392742497e+02,1.000000000000000000e+02
7.181540678326549596e+02,6.300000000000000000e+01
3.726758639302690312e+02,1.000000000000000000e+02
3.181658087226712155e+02,1.000000000000000000e+02
2.757525885744908010e+02,1.000000000000000000e+02
1.984252766469390394e+02,4.000000000000000000e+00
3.538342560662272263e+02,1.000000000000000000e+02
5.474773518749749428e+02,1.000000000000000000e+02
5.336987993923726208e+02,1.000000000000000000e+02
5.224703973580612910e+02,1.000000000000000000e+02
8.246863457449015868e+02,4.600000000000000000e+01
5.976985839507178753e+02,7.700000000000000000e+01
6.880443620717320528e+02,1.000000000000000000e+02
2.918283827509973776e+02,1.000000000000000000e+02
6.306496530566821548e+02,1.000000000000000000e+02
3.067906419007048271e+02,1.000000000000000000e+02
5.395994199454752334e+02,8.300000000000000000e+01
1.020676567369988561e+03,1.000000000000000000e+02
5.190713985329394120e+01,1.000000000000000000e+02
1.206767144508520317e+02,1.000000000000000000e+02
1.489122624913672155e+02,4.500000000000000000e+01
7.629318089013975168e+01,4.000000000000000000e+00
5.505556134823040111e+02,8.800000000000000000e+01
8.974576831194882232e+01,1.000000000000000000e+02
1.719174172945348573e+02,1.000000000000000000e+02
4.680901862755777643e+02,1.000000000000000000e+02
7.800851598731562717e+02,1.000000000000000000e+02
3.764577287534302172e+02,1.000000000000000000e+02
5.064410285319397076e+02,1.000000000000000000e+02
7.713743440431668432e+02,6.300000000000000000e+01
2.809224193462888479e+02,1.000000000000000000e+02
9.042077177944933055e+02,1.000000000000000000e+02
5.804547378626772343e+02,6.800000000000000000e+01
7.467725008175021912e+02,7.200000000000000000e+01
1.594301712689934192e+01,1.000000000000000000e+02
1.240314631802551588e+02,1.000000000000000000e+02
8.339363865492836680e+01,1.000000000000000000e+02
6.488774747875150979e+02,5.400000000000000000e+01
1.429716232925054840e+02,1.400000000000000000e+01
2.575515906051420529e+02,1.000000000000000000e+02
1.684773476345636141e+02,1.000000000000000000e+02
1.224381547434260966e+02,1.000000000000000000e+02
2.469036236351864204e+02,1.000000000000000000e+02
8.002301993437913552e+02,1.000000000000000000e+02
5.713438698412688836e+02,7.000000000000000000e+01
4.899693637472290675e+02,1.000000000000000000e+02
6.296618351117534758e+02,1.000000000000000000e+02
5.614848430308637717e+02,1.000000000000000000e+02
6.514777308568363878e+02,1.000000000000000000e+02
3.934228806803927228e+02,1.000000000000000000e+02
6.547179109904758434e+02,1.000000000000000000e+02
3.544130305653250161e+02,5.700000000000000000e+01
5.624930091643391279e+02,1.000000000000000000e+02
4.259971942349701521e+02,1.000000000000000000e+02
7.126630773012549298e+02,8.000000000000000000e+01
4.376376199230203383e+02,8.000000000000000000e+01
3.689798210870989692e+02,1.000000000000000000e+02
3.143509240623325809e+02,1.000000000000000000e+02
3.885699918039375120e+02,4.700000000000000000e+01
2.132715619024208991e+02,1.000000000000000000e+02
9.294038572026327074e+02,6.100000000000000000e+01
1.010613235673630584e+03,4.900000000000000000e+01
2.667437035378713404e+02,1.000000000000000000e+02
3.729829816718034294e+02,1.000000000000000000e+02
4.612817409452856623e+02,1.000000000000000000e+02
9.223533031293814020e+02,1.000000000000000000e+02
1.105610331860378537e+01,1.000000000000000000e+02
2.700294901921664632e+02,4.900000000000000000e+01
1.503929825732057850e+02,1.000000000000000000e+02
9.112617444410898315e+02,4.400000000000000000e+01
3.172705150372174643e+01,1.000000000000000000e+02
6.484202180023801247e+02,1.000000000000000000e+02
8.191657284811881823e+01,3.300000000000000000e+01
2.410214211066935661e+02,1.000000000000000000e+02
3.505419070741114638e+02,1.000000000000000000e+02
5.710418032727302489e+02,1.000000000000000000e+02
3.749818682477732636e+02,4.200000000000000000e+01
3.553614190283695962e+02,1.000000000000000000e+02
7.251140497561455049e+02,5.500000000000000000e+01
7.933135039355887557e+02,5.700000000000000000e+01
2.840968215910332333e+02,1.000000000000000000e+02
2.927410080898060869e+02,1.000000000000000000e+02
4.136488128657803145e+02,1.000000000000000000e+02
2.454088749456298331e+02,1.000000000000000000e+02
2.931633644184361174e+02,1.000000000000000000e+02
4.617753012686328020e+02,9.600000000000000000e+01
4.732731731048195343e+02,4.200000000000000000e+01
1.834411374340980103e+02,7.200000000000000000e+01
6.098560550377598020e+02,1.000000000000000000e+02
7.965362701193572548e+01,8.300000000000000000e+01
4.870394430464302218e+02,1.000000000000000000e+02
3.975483485901089580e+02,3.500000000000000000e+01
2.858231837139970821e+02,5.700000000000000000e+01
6.375869878218127269e+02,1.000000000000000000e+02
6.550349882756063380e+02,1.000000000000000000e+02
6.428043229842736537e+02,1.000000000000000000e+02
5.215842385511640487e+02,7.200000000000000000e+01
1.818219074162769573e+02,1.000000000000000000e+02
1.093743770439936497e+03,1.000000000000000000e+02
5.850114643170811632e+02,1.000000000000000000e+02
2.353415543504388268e+02,1.000000000000000000e+02
2.002752815400757811e+02,1.000000000000000000e+02
3.868023879753284291e+02,1.000000000000000000e+02
5.655950756049928714e+02,1.000000000000000000e+02
5.409327725454852498e+02,8.400000000000000000e+01
8.068482956129370223e+02,1.000000000000000000e+02
4.784991248872590290e+02,1.000000000000000000e+02
5.350779419026770256e+02,1.000000000000000000e+02
5.949868233606831609e+02,1.000000000000000000e+02
1.228236100282691723e+02,1.000000000000000000e+02
4.404758691688335830e+02,1.000000000000000000e+02
4.299031053602346901e+02,1.000000000000000000e+02
1.133946752198687591e+02,1.000000000000000000e+02
1.351907301192820228e+02,1.000000000000000000e+02
4.262444255240367283e+02,1.000000000000000000e+02
1.099521356885274344e+02,1.000000000000000000e+02
7.890274882989845082e+02,1.000000000000000000e+02
5.119804415083316229e+01,1.000000000000000000e+02
3.465803080689269677e+02,1.000000000000000000e+02
1.953290320263479316e+02,1.000000000000000000e+02
3.645785328110720798e+02,1.000000000000000000e+02
3.405186590568797556e+02,1.000000000000000000e+02
3.374543301159944235e+02,6.600000000000000000e+01
4.824003239561145051e+02,1.000000000000000000e+02
1.880205866747778032e+02,1.000000000000000000e+02
2.855911014589890442e+02,1.000000000000000000e+02
3.888965815271456563e+02,1.000000000000000000e+02
5.859774011981912736e+02,5.900000000000000000e+01
1.876241571695978791e+02,1.000000000000000000e+02
2.089135608466941676e+02,9.000000000000000000e+00
6.710911500389410094e+02,1.000000000000000000e+02
1.422110504092166536e+02,1.000000000000000000e+02
5.926507839863129448e+02,1.000000000000000000e+02
2.993775947527144581e+02,1.800000000000000000e+01
7.464061270373288437e+01,2.800000000000000000e+01
2.931876396274017225e+02,1.000000000000000000e+02
1.619574702833386937e+02,3.400000000000000000e+01
4.669979878457173754e+02,1.000000000000000000e+02
1.043035699738455833e+03,1.000000000000000000e+02
8.150769974695732571e+02,1.000000000000000000e+02
1.098189039987530862e+02,1.000000000000000000e+02
7.455978691705896608e+02,9.200000000000000000e+01
