-1.383871638096358936e-01,-1.059290297490344646e+00,8.793833015915076823e-01
3.404527861783184228e-01,1.838865239307434507e-01,6.396972027322520571e-01
1.113754849603549868e+00,-6.165097743898273475e-01,1.751936505493749685e-01
-8.173217804171193368e-01,1.767110356593635245e+00,2.552067842249200469e-01
-8.523967249439743377e-01,9.358869741227229255e-01,7.690809557810899255e-01
5.429016559057231461e-01,1.216181134706380895e+00,2.416414430815869707e-01
-1.676864513314471949e+00,-1.661015601486396376e+00,3.839177264759449093e-01
5.893448859933192452e-02,-3.724647484450893664e-01,9.347372624619916248e-01
5.560660919529185620e-01,-1.154254244196502688e+00,9.596354652507708138e-01
-8.733538400224034604e-01,2.089441563188883411e+00,9.999832907140050464e-01
-1.761000230225801433e+00,-5.006284889567953478e-01,2.617847837543079148e-01
-1.146234276208993652e+00,9.202116353072624655e-01,6.864972050670514747e-01
-1.765227448784825848e+00,-1.643002514554100513e+00,6.815502346504839215e-01
1.704809542360581354e-01,-9.136254358724391622e-01,7.280013253302617393e-01
-1.257549587880681718e+00,1.010569314244142980e+00,3.221274899577838413e-01
-1.954652807407303960e+00,2.501757464700355982e-01,8.395342593127930186e-02
-1.739758055480982168e+00,9.731693842859057142e-02,9.386488231199872079e-01
-9.091395484745863342e-01,1.601314240669319489e+00,6.415173498080442016e-01
7.576719939627762912e-02,-1.007160818514058809e+00,2.317167476071112509e-01
-1.161632388651204995e+00,-8.363988203244530073e-01,2.626877082919653050e-01
6.567413759216402802e-01,1.969334482293375377e+00,2.651533752679765543e-01
-1.769800100973347057e+00,6.458094419317550461e-02,5.244939028006726511e-01
-8.316918190450994786e-03,-3.119798827012540965e-01,8.770065720254687225e-01
-6.526385078776970605e-01,-1.178973243065359000e+00,1.163898672864760453e-01
-8.636459402332219426e-02,3.780713090569443047e-01,8.681627102477066371e-01
1.828359099760228812e+00,-8.781800890667472714e-01,6.745790014579718941e-01
1.845808340462266717e+00,-7.601851193784936456e-01,5.057533432849667943e-01
6.772999193960669295e-01,-1.356641981718860190e-01,8.680382717276236004e-01
-7.536128886751027878e-01,-1.136196641148752962e+00,3.191795822761760437e-01
-7.769913399376295882e-01,7.401010847897775413e-01,1.021946110604806668e-01
5.023226859638958430e-01,-5.043295571318719972e-01,3.251004947831436231e-01
-1.203405840657140846e+00,1.030927799574778536e+00,2.621972885336136816e-01
-1.679330568871514995e+00,-9.046922125241969592e-01,3.100414336899415257e-02
3.188224149355862735e-01,-5.485752594424964101e-02,7.119347653965648615e-01
-1.643228217996336449e+00,7.451912698653928580e-01,4.456954180556187417e-01
2.013820322572653421e+00,-8.437322581685964273e-01,3.991113337615259660e-01
8.901491840719617521e-01,5.422527895148077093e-02,2.019829991134657332e-01
-8.219177531631309819e-01,-1.294555514891326808e-02,9.480861176479120633e-01
6.014671077227173868e-02,-2.945883410178018469e-01,3.598786313066592024e-01
-7.752448781652736542e-01,-1.878647830942861585e+00,1.444292904609547623e-01
-5.013139577546219527e-01,1.379256646514098517e+00,3.490553574341594967e-01
-1.182175123081655066e+00,1.147125729682860751e+00,2.082679574650829757e-01
1.989278436154644947e+00,-1.787856969722445788e+00,5.201792219282885821e-02
4.298973281771547583e-01,-1.218048416589814220e+00,9.898010547104401091e-01
3.622330036345653426e-01,8.872846296347502992e-01,2.986556958796459105e-01
-1.235634451145690038e+00,-4.570463349042386270e-01,5.253874703329103335e-01
-1.427277968495623384e+00,1.464857982286732252e+00,7.723648559192107799e-01
-2.020695806334380951e+00,-1.345498268772397532e+00,4.748297646792788429e-01
-1.029337864787788437e+00,1.161086320003732908e+00,1.044197061055868181e-01
-1.729410750600985702e+00,9.949336395046057824e-01,2.458172840782142377e-01
8.094230062915910295e-01,-4.190077989857374785e-01,4.372230351258399317e-02
-1.567128717100936264e-01,-1.084372497144299619e+00,2.760969753569809670e-01
6.195963839043896471e-01,-1.317495590752078893e+00,9.290950858588369332e-01
1.469124695035976647e+00,-1.518255641326224925e+00,9.300872909762141205e-01
-1.993337109920206185e+00,1.332234306889001907e-01,6.723622056559167559e-01
-1.933436156384452431e+00,-1.454545575264790891e+00,5.249056756165729754e-01
1.037072078857773860e+00,-2.998648606587512866e-01,6.416711929023661831e-01
-4.052229882860320931e-01,-2.201679516735426390e-01,2.340345889081287822e-01
-6.122012418520750288e-02,1.535502773577459124e+00,7.400094653907263176e-01
7.486223814008887700e-01,-1.852846945091135344e+00,3.172569930674136174e-01
-1.975650376162419342e+00,-4.096599084340450947e-01,3.984891057153824301e-01
5.883662672946599059e-03,2.422760736631168754e-02,9.557670895834616820e-01
1.823734982468064203e+00,-1.100736341848770561e+00,3.204637085239673278e-01
-1.790025111614121034e+00,-2.070928646409059493e+00,1.492349828269566858e-01
1.350925749013835997e+00,1.318143755734913380e+00,6.623876209225637579e-01
-1.516414291112604396e-01,-7.048562358285008767e-01,6.200732371179318303e-01
7.181117249386770318e-01,9.810337415114478432e-02,3.949759156245916669e-01
4.040586710066991216e-01,-8.348066166972363256e-01,6.708416618790820074e-01
-3.567631523167822394e-01,-1.571646982209782939e+00,5.004643432098092592e-01
-4.678510893623319955e-01,2.018268941707991093e+00,6.814878114934437292e-01
5.167946561258007776e-02,1.831642014507583127e+00,1.365223566264803789e-01
-6.603204629081504962e-02,3.318925148788030022e-01,7.041502434733940552e-01
-1.803749891300867603e-01,1.226136604127538998e+00,6.491220887994753053e-02
-8.589604557182228817e-01,-2.020988200197711748e+00,7.464608208817302692e-01
1.663435952187622302e+00,7.773264675733018159e-01,2.385154691511381930e-02
2.361429824007696965e-01,6.669940260389624065e-01,3.089618929640657319e-01
1.550186282683037042e+00,-1.463788446677221522e+00,5.084697357699281550e-01
1.170145023063353662e+00,-6.091468379466027372e-01,8.356265261105134678e-01
1.803375554669742975e+00,1.252853788009101077e+00,9.787213005099515417e-02
-6.313021275308989821e-01,6.237581796719515737e-01,6.528550425348128572e-01
-1.747739053404430365e+00,-1.406683589205691476e+00,8.413165444553937222e-01
-1.160989242284873324e+00,9.900174417033644758e-01,8.383536585361412996e-01
-1.524581293558262107e+00,2.047447771010427520e+00,7.463471281927915868e-01
1.537794079004861647e+00,-1.056815677794379793e+00,7.798146547037715370e-01
1.622395562813566450e+00,4.617173952227493494e-01,4.219618173304994224e-01
1.140340782947420806e+00,-7.254086511356598876e-01,4.927601932798084672e-01
-8.723933907770831109e-01,1.938191387350725936e+00,9.233233071845476925e-01
-1.366124073074436618e+00,1.840335901678729957e+00,2.873247019265687818e-01
9.252282031248304506e-01,1.782206783311159448e+00,7.043999924760890874e-01
-1.483793371629823721e+00,-6.688300159213962370e-01,7.869835022694138260e-01
-1.096689425537274998e+00,-7.755611551772261247e-01,6.285916897530202663e-01
-1.674674054649612831e+00,-1.787306436290529987e-01,6.479903330515714988e-01
1.737927523231848070e-01,-7.195414759533771409e-01,1.880697432654097057e-01
5.083767022465379704e-01,1.141189429336342709e+00,7.302750101657101700e-01
1.524091507386700073e+00,1.820234867087676900e+00,1.692441836209013228e-01
-1.702119744374906318e+00,1.010907979045159610e+00,1.659275962478162780e-01
2.952717230017136707e-01,-9.703392272797091156e-01,1.505159620700126100e-01
1.137238359202865645e-01,-1.815818400600216709e+00,1.084584572667457447e-02
3.575821918737114302e-01,1.878700427411481133e+00,1.308458814391908476e-01
1.022286884816027364e+00,-7.583194841919662643e-01,5.129796166924440737e-01
-1.370018622488900162e+00,7.411485428514268392e-01,7.970912300503862902e-01
1.201613780946594101e+00,1.735907075904612462e-01,6.179591965461812553e-01
-1.527005410127983742e+00,-2.098891026197048149e+00,1.432046634825820952e-01
1.979910122491751689e+00,8.052510571294169139e-02,8.079238430238542268e-01
1.054090651948045299e+00,-1.597034404737120550e+00,7.738012340578612758e-01
1.528310027907297197e+00,-6.247316870768848673e-04,8.905498504054634168e-01
-8.281475821167554319e-01,-1.936674513311043455e+00,7.324384650819104614e-01
1.096577144043482388e+00,1.126738320020781892e+00,1.904237924658254144e-01
5.393236766131526139e-01,1.348083232564687872e+00,2.933070966884776531e-02
5.830090789918904726e-01,7.216116362078426327e-01,7.821438669333041771e-01
1.232813471247836912e+00,2.337089482640628546e-01,2.723238160977846656e-01
-1.165881315479079694e+00,3.560427316967857969e-01,8.963090820699113337e-01
1.458611707046087780e+00,7.838065055848284501e-01,9.208975977669876523e-01
4.100012676697195602e-01,1.446758986041395190e+00,2.602717130877556517e-01
-1.536018825803349586e+00,-3.324912836378071113e-01,5.831821862236099552e-01
-1.331511476658514770e+00,8.989586937623634810e-01,9.226708004849948352e-02
-1.058703990139113760e+00,1.505659451022365758e+00,2.453390157297073992e-01
-5.938409944049238831e-01,-1.348364265590673794e+00,5.251968140825324927e-02
-1.881840649940240473e+00,-1.940841715918535382e+00,8.328564131562782302e-01
-9.042932064029562955e-01,-4.573169469925530972e-01,1.714464270873047314e-01
-1.364019551119894702e+00,-1.944130784724303007e+00,8.961437984440679960e-01
-5.533271494680538360e-01,1.721886621201875300e+00,3.631479898061149569e-01
-1.004248889808274869e+00,-1.081765567428557118e+00,1.437005375723120482e-01
1.569574259675234895e+00,6.334020621227920422e-01,8.742358478070194616e-01
3.474130535139803300e-01,-1.813004711533813484e+00,7.355923478451086295e-01
1.364411939532610862e+00,-3.155392368453950880e-01,6.834221794539384609e-01
-2.074483115885977114e+00,-7.190388760823382963e-01,2.971665068118589659e-02
3.009121846255955468e-01,3.885777573782847050e-01,8.537386775040556319e-02
4.439577726171770600e-01,9.845193749941034689e-01,9.301975937446491649e-01
-1.608492659803020475e+00,1.205939034091008111e-01,9.513158017120805221e-01
-1.770147115617238587e+00,-1.989969550723490466e+00,3.096269243842719732e-01
4.178822322973272385e-01,1.029479387775016352e+00,8.421474909216878357e-01
3.780704856010972392e-01,2.035845510383222479e+00,4.811986082052543967e-02
1.816787314942053921e+00,-1.470830263037596897e-01,3.350216846221718558e-01
-1.912475982201569114e+00,-1.269799241236263310e+00,1.429161326648277219e-01
1.357455473639860521e+00,1.694234344565024752e+00,1.099784644298034131e-01
-5.243139221389205851e-01,1.010338948238204804e+00,3.419472641303298310e-01
1.142046868825073336e+00,1.337340686942933399e+00,9.040803605675470367e-01
1.552824095723788655e+00,-1.351290394071972267e+00,7.768035759039582100e-02
8.029453596893616485e-01,1.532174778388492253e+00,8.269534010589820738e-01
-3.374810752193977414e-01,6.909870735753198545e-02,2.604148241472736824e-01
1.619600440124221663e+00,-1.836722683890643637e-01,4.286333266657885721e-01
-1.937574036692385038e+00,8.018786332113485571e-01,2.553151007062777200e-01
1.587356714428039606e+00,1.731554708767018003e+00,9.516170607893199573e-01
-2.032313369410952308e+00,-1.914530440506532205e+00,5.413904830801035128e-01
-2.580670085275693637e-01,-1.282193773076075738e+00,5.138026257670360586e-01
1.978949759280825393e+00,-7.243585165884802723e-01,6.846353063206644940e-01
8.181739705781625460e-01,1.714702494408941291e+00,9.024726680909243015e-01
-1.675135371084150115e+00,-6.463755059533067282e-01,5.972834862549588619e-01
2.036856617856289464e+00,1.813862771489470394e+00,6.981883842271010554e-01
2.022080476796598969e+00,2.943718693463761582e-01,8.406083687430597751e-01
-2.668250086618506600e-02,-1.643767172421148670e+00,5.523922271638238568e-01
-5.184994223485304143e-01,-8.976841652728437815e-01,9.439994672112169694e-01
-1.453767273201272081e+00,1.402135289554965691e+00,3.024146011398120004e-01
-2.015014003111558871e+00,2.175555960851824899e-01,4.899594496389524378e-01
4.682076128128680459e-01,-7.191111464727399927e-01,9.742968236783033920e-02
1.197735921548231719e+00,4.052835015988907053e-01,9.902227380039448912e-01
1.480107391454726251e+00,1.997563459333582703e+00,2.196971352058599836e-01
6.464753124084592351e-01,8.671329653620221123e-01,3.225467127224426189e-01
5.311848213932726104e-01,-1.790788016770407998e+00,9.627029786992671312e-01
-1.000007061483116688e+00,-1.119486657583582234e+00,9.476137409293848846e-01
-1.651136423157552269e+00,1.726149147108998250e+00,6.201213273774953683e-01
-2.098606844793695636e+00,-1.186516676636737433e+00,1.544991398160503460e-01
1.508258055282491572e+00,-1.768930130455612648e+00,8.242903968765813438e-02
-1.889473299071996903e+00,6.546981417345132392e-01,7.106374349207801311e-01
1.367516734857386229e+00,-1.196612259204354878e-01,5.182356143863419140e-01
8.686334080642139632e-01,1.502773912628501574e+00,6.593402140370223652e-01
3.208399453580428329e-01,1.822579891996349399e+00,1.452734444333353414e-01
1.791595268733618074e+00,-1.321276619074499337e+00,1.915684233297521022e-01
-1.065706767964462509e+00,1.887521546041504017e-01,8.123845850082500597e-01
-1.328595604085234916e+00,-1.926589911603004079e+00,9.869150527343066859e-01
-1.647955392433170241e+00,1.825402755604002003e+00,4.869723703315628205e-01
-4.210780216384109043e-01,8.442013266752055323e-01,4.631760990154377700e-01
-1.368030501123863818e+00,1.466161769703005824e+00,3.407663940070726483e-02
-1.975307510579903170e+00,-1.537877149295582946e+00,1.506212558794540746e-01
-1.506924030162070771e+00,-2.063435125120081981e+00,1.470008507181330693e-02
1.268074549660358041e+00,-1.481766812264515121e+00,9.149822226279293869e-01
1.669609351639921524e+00,5.702702402347132882e-01,6.964108771987301827e-01
-2.392296436021446038e-01,-1.486764494245852664e+00,9.367454714706633379e-01
-5.042700696720956444e-01,-1.637276238517925364e+00,4.291484563531799967e-02
-2.010151602949145300e+00,-6.957687891273152125e-01,5.056529410253222112e-01
1.906847376615636858e+00,1.724337021898189271e+00,1.341389189304353913e-02
1.517904789586068226e+00,-4.192089801739655730e-01,4.432485886074515324e-01
8.059520090008622795e-01,3.034583168425344368e-01,6.662141135497912092e-01
2.322253387509820577e-01,-1.703534272015119422e+00,4.784487861638717643e-01
-5.410558861985927948e-01,7.042408212893809250e-01,2.200632520736822695e-01
-3.959525581803826633e-01,-4.910022155229278873e-01,5.909049373823216378e-02
-6.307093558431107194e-01,4.599026966159565077e-01,5.293951623285197972e-01
4.296809141847379721e-01,-4.035032232147084397e-01,5.481239067211901572e-01
-1.898236651611915571e+00,-3.603742055488186047e-01,9.521126582841163977e-01
-1.265003074471859446e+00,3.961353117206338759e-01,8.938647669887751501e-01
2.060605689795486750e+00,7.293622726494373154e-01,6.540848448549966276e-01
-1.767512067344375382e+00,1.085008900016531719e+00,3.404661240462790728e-01
-1.671379692314257648e+00,6.180557865626505887e-01,5.671446932740855651e-01
-5.509493423947113833e-01,5.079823113924000211e-01,7.151829521894597086e-01
-1.996796927186066384e-01,1.822297244076850564e+00,9.627145980628437627e-01
7.141533890551725605e-01,1.827024916978853053e+00,6.387235320134387884e-02
-6.643803779313595115e-02,-2.629082023993094541e-01,9.078318167674517269e-01
-4.481655955655721169e-01,-1.851599642400167500e+00,8.495196399413976751e-01
1.993018292683355508e+00,-1.500192090103713571e+00,5.268205491944787378e-01
1.943081721151159957e+00,-9.642154196557228829e-02,8.873264862341695425e-01
9.607941698517059592e-01,1.418159047814682605e+00,6.239087163609984277e-01
1.475389231461305961e-01,2.002049669138061816e-02,8.639986131114165691e-01
6.438350738779270444e-01,-6.197371285059229962e-01,9.607890283263956777e-01
7.131659835336447983e-01,1.378157368202691746e+00,8.186409880297054187e-01
1.074928714523553097e-01,-3.465378873946023397e-01,8.853819809832897958e-01
-1.623959774654103905e+00,-1.973942019613265542e+00,2.552154473568766235e-01
-1.341817301948184937e-01,-1.264546884459161635e+00,2.965469555980337901e-01
-8.501427135915902156e-01,-1.854452482311705896e-01,6.367278349950812322e-01
-2.007390716843626688e-01,1.350730368868444220e+00,2.582267664730679702e-01
1.849370409754619526e+00,1.112041865979661370e+00,9.982420460241441251e-01
1.042953057722897370e-01,-1.772866752719236771e+00,4.678112281932530481e-01
-1.607074775931130350e+00,5.953655350020992110e-01,2.977788291296024070e-01
-1.028794015643149429e+00,-1.907548733698527288e+00,6.357389706774639881e-01
-8.090593274165793769e-01,-4.255353038657780917e-01,5.160207593239836132e-01
-8.456973285631510517e-01,9.802297556808095003e-01,4.294502407702691649e-01
9.012029137316064364e-01,-1.491325798004285996e+00,9.791941219850058831e-01
6.023660427126871220e-01,1.621745758758928790e+00,5.239132262131153128e-01
1.039926784871922472e+00,-1.082006146647532585e+00,1.681692937995022952e-01
1.169762274434605676e+00,-8.655829091417557297e-01,3.414041998404528933e-01
2.053703461979760281e+00,-1.326491037020709474e+00,4.799523588940582952e-01
1.141495390905348462e+00,-1.573882571497988936e+00,8.111367388743555562e-01
-1.672135523105222399e+00,-3.728388142091836333e-01,4.051461201646907595e-01
5.258686874017826085e-02,4.318673574226843392e-01,5.581996650767316881e-01
-4.654536644992612882e-01,1.788252084518594742e+00,6.711198383707501769e-01
-6.947063920779470436e-01,-1.453659955782946600e+00,2.482308831846784525e-01
1.127741514213046692e+00,-1.201097316868928289e+00,1.743503848666237976e-01
8.652339187310418289e-01,9.935027637979421122e-01,7.128316942297840964e-01
1.039143611211605922e+00,-9.755236725576510448e-01,2.889746053955064564e-01
1.483407499235210647e+00,3.805775191196976159e-01,9.883532241824989351e-01
1.504748022653311867e+00,-1.709501518252660945e+00,2.161557727423920605e-01
2.040937358743470487e+00,-5.037802961707380511e-01,9.236895521006115439e-01
-5.247402832320353649e-01,-2.562072441296465719e-01,2.039220908303037705e-01
-1.402350766470231713e+00,6.563406642085869436e-01,2.688547418069614503e-01
1.584904936459295310e+00,1.189566797295801504e+00,2.973843187759085405e-01
-1.868361002584435937e+00,1.435394382990413220e+00,3.804884472586296251e-01
2.805068856147840961e-03,6.605245001823938367e-01,7.875018180958265335e-01
9.709692876437601150e-01,-4.576042882126676314e-01,4.442235220562525955e-01
2.367853858427277913e-01,-9.387468464498105458e-01,2.983309919111871711e-01
-1.756276859505125465e+00,1.975538940900740226e+00,1.539092053908163171e-01
-1.626751265438826977e+00,1.305754116665224895e+00,2.969660270138729796e-02
-1.898968990376977528e+00,-1.202484441898677314e+00,3.063788007291778914e-01
-1.843028567906051851e+00,-2.013842959427484924e+00,2.722733546785642833e-01
2.537570190701234907e-01,-1.399179489021702860e+00,1.154278919672255821e-01
-1.988259689217027670e+00,6.335027064569871413e-01,2.156909871683726498e-01
-2.391924629572568239e-01,2.082412928352650017e+00,3.191944369534198689e-01
2.014805756141968107e+00,-1.112689960931633415e+00,1.536073668518640467e-01
-4.991783326413490318e-01,-1.295776992278122375e+00,9.606416931523720226e-02
-1.487595315712807453e+00,-7.616882207809232419e-01,3.977581679651537305e-01
1.335594276905244460e+00,-1.714935367553034773e+00,3.174382573475549307e-01
8.270317183172055664e-01,1.466303638138308330e+00,1.008715671641922107e-01
1.333793946801813846e+00,3.437601933428324763e-01,8.821265301454683794e-01
5.632201460977528384e-01,-4.016912881995637896e-01,2.805576812037766654e-01
-1.912410621596965621e+00,-6.074524973694952479e-01,9.686261073463593441e-01
-7.871617044988292733e-01,1.713374822653108254e+00,7.372632966426372336e-01
6.046081215095804318e-01,-4.064631472133100054e-01,3.841086913839591999e-01
3.870206027908040802e-01,2.080245031569993852e+00,9.854964153045664421e-01
2.065477227707323227e+00,9.669329417844672037e-01,9.395303859284858117e-01
-1.558012733090618607e+00,1.922967055223887112e+00,1.125737362028600419e-01
1.070677576457196967e+00,-1.027875424312564290e+00,1.859459541674289840e-01
-7.169302437177065279e-01,2.039481065293020645e+00,9.031560433758192286e-01
1.177972132243064962e+00,-1.375253781419046861e+00,6.508678551600906026e-01
9.292540512585767409e-01,1.144903098861294488e+00,8.058079886202438313e-01
1.197496092293579562e+00,-1.755034250509019511e+00,3.120516813209057716e-01
-1.116816917707737833e+00,1.365817545611338168e+00,4.536153748136549924e-01
-1.837185124419844051e+00,-7.190301944230363951e-01,8.443595536707294569e-01
1.900421240596334105e+00,1.114426707481229073e+00,4.219394511612334364e-01
-1.769449595946195775e+00,2.642608687121774658e-01,1.378606278350474890e-01
1.033893134700522687e+00,-1.236806540274300703e+00,2.984301968748157563e-01
-1.643243779226190693e+00,-1.562595524547320203e+00,4.360173935490290198e-01
-4.355175988139030618e-01,-3.935585800635890141e-01,2.819571119453350150e-01
1.138840099833597908e+00,-4.349137433075789261e-02,3.915535323962801018e-01
1.401248862503238435e+00,-9.027195106149177306e-01,9.970703221557344342e-01
1.956524294295236555e+00,7.343056642283323221e-01,8.348666048506163673e-01
1.493138148425770861e+00,-8.890628291777091796e-01,9.342871848558642611e-02
7.783733467836335684e-01,-1.517544312205092893e+00,2.305765235952967895e-01
-2.175936057572411819e-01,1.602094271396193648e+00,8.241836652973149047e-01
1.564016674326537348e+00,-2.033999800780563749e-01,3.636673365232685473e-01
2.087041205042032832e+00,1.537468320359658414e-01,6.250671733646708805e-01
5.376496870292037933e-01,1.727791129562018302e+00,7.069408581646837719e-01
2.370313360446534290e-01,-1.100284913294679257e+00,8.728435868051577229e-01
1.086142469063295035e+00,1.720982211039118859e+00,4.242690374279018961e-01
1.872223003641412031e+00,1.416232846420129921e+00,8.458226758111228039e-01
-1.481129259680115107e+00,-4.847296037765211896e-01,1.457703362981622730e-01
-1.382766159973709552e+00,1.472083957169461055e+00,6.264973945461771443e-01
-6.770121248459988195e-01,1.287599567331465522e-01,1.485248377408451281e-01
-2.054724356792915874e+00,1.571236689614698090e+00,5.043861314180827504e-01
1.843660509843395356e+00,-1.265427986548852246e+00,2.805365493203372251e-01
2.049401701319568669e+00,-3.061894795148778492e-01,3.649354646868138152e-01
1.915180255959085809e+00,9.441803554818890554e-01,5.910203309568392571e-01
-4.381665253140123450e-01,1.205142590248404755e+00,4.040479945130852624e-01
1.919444305004066376e+00,-8.968603763468210310e-01,1.065401351335075741e-01
-3.582549055289401263e-01,-2.084618846553363269e-01,2.102384463529904934e-01
1.497506593775168149e+00,-1.835355139503665578e+00,3.186002197735871011e-02
1.378342419985847389e+00,1.901820678688791677e+00,6.401204410422672852e-01
-3.052076397355094617e-01,-4.152979005891077602e-01,7.609559921028664631e-01
-2.738380455654443324e-02,2.610220685065263169e-01,5.797982822007567982e-01
1.146109054021307916e+00,-4.007197210850204083e-01,2.403545233549341242e-01
-1.510380545016640541e+00,-1.494830301267241257e+00,8.437268271769762240e-01
9.950026764442188032e-01,-2.052450864845973388e+00,2.944150096214611656e-01
1.618547445013152508e+00,1.379135784605929782e+00,5.763282056497014416e-01
-6.744554967652511834e-01,-1.581727370313698477e+00,7.073628933334616953e-01
7.717890433544560835e-01,1.291762125901851022e+00,3.264855632198712110e-01
-3.782365527510875847e-01,7.830746474113987610e-01,6.804860234406966413e-01
-1.804617689086613463e+00,1.654724405822132205e+00,5.446311513341134392e-01
-7.137954407816622382e-01,-1.207933998497231709e+00,4.435506086010887472e-02
-2.036479384419592975e+00,1.182709161150304666e+00,1.674536439319309622e-01
2.451582079479650567e-01,-1.703095012558218713e+00,5.332971768584485739e-01
-9.987944384795410802e-01,-1.906205688609524440e+00,1.446584540269335584e-02
1.381989750786310367e+00,-1.040491956212740821e+00,3.608405022447702670e-02
-9.079691346921840989e-01,5.226461608890886623e-02,2.374874197475196347e-01
-4.659660695674083808e-01,6.347087011938898904e-01,6.548108587740546493e-01
1.554732032678538989e+00,3.925515184765733245e-01,7.848018053325079846e-01
1.535608719144891054e+00,1.908194898592662891e+00,3.340964456296313667e-02
-4.924146448102595386e-02,5.958185439702350372e-01,2.712495422116664168e-01
-1.070227815222074774e+00,-4.910528023083606808e-01,8.320116802745507467e-01
1.854235964683218718e+00,-1.568758437734047995e-01,3.557588096345958295e-01
4.119283006715197537e-01,-1.182083182754654072e-01,4.811494271139394874e-01
8.663378210606844654e-01,1.687312665505484421e+00,2.753619084870246869e-01
-1.875127232337901351e+00,5.988907704741222027e-01,7.580492112003369698e-01
-3.654255088603011181e-01,1.498147447004944510e+00,3.154574439394827179e-01
6.049135675903944964e-01,-1.866913773438934054e-01,2.400103079182729360e-01
1.071186903324321538e+00,1.984066606920098064e+00,7.750221674237187663e-01
1.003188930093351861e+00,-1.932331764988645784e+00,4.474955275320732229e-01
-2.565354517416145175e-01,1.167579897814784662e+00,9.095984705512470958e-01
9.200229048142833932e-01,1.692053619822289523e+00,8.301675666867055492e-01
1.325776599921945742e+00,-6.326061327720897687e-01,8.456559322790372368e-01
-1.417650493769826214e+00,1.712353855822631665e+00,4.453970402802776007e-01
1.046987659472430110e+00,1.421894539405472280e+00,3.392621450342738765e-01
-1.181547344247392939e+00,2.740921787749082128e-01,8.781103058203173495e-01
-4.058112689059849565e-01,1.059321987977347224e+00,8.796833637698331376e-01
5.078103888276870315e-01,-1.611891386733439013e+00,4.413880966512118142e-02
1.845345440475714138e+00,-1.467660348570529294e+00,5.189948214365193158e-01
-1.058957117541625692e+00,1.729692388535979397e-01,2.453695625387315449e-01
-5.284652708828632139e-01,7.804957893487927123e-01,4.748814527146739684e-01
-4.822066438905465713e-01,-4.203011209172036189e-02,3.305389360193156101e-02
-1.842031507925425693e+00,-1.101405848166116197e+00,5.040019502615925573e-01
-1.546423832126482711e+00,-1.283364332908203398e+00,7.324502013079994267e-01
1.773412829939214674e+00,-4.458069872619441210e-01,9.348743730325607126e-01
-1.265461442164406369e+00,-2.007721392806436356e+00,6.957564489256873319e-01
7.628268099203019403e-01,1.211749574894164905e+00,8.232337661617961100e-01
-1.450861264036833020e+00,-1.145447481434995529e+00,8.502479080121573274e-01
-2.092474195471942799e+00,1.384426345185863827e+00,3.713762653040532102e-01
1.643367029217249975e+00,-5.475752949877117359e-01,8.552286295972860719e-01
1.812424408468944925e+00,1.394418161443697901e+00,4.517159985741958650e-01
-1.779283495095534517e+00,1.559013317485822281e+00,4.760894420976485852e-01
2.074921537261184223e+00,-8.466861162014036601e-01,9.588921497631076596e-01
-7.397768585679567188e-01,-7.307315279994286428e-01,3.143254534390049759e-01
1.690778348523330088e+00,-3.394872373263968512e-03,9.041080437953388227e-01
-1.775122680680184972e+00,4.445652060903269032e-01,8.251943496996667626e-01
7.623001366624428954e-01,-1.117698205684109602e+00,5.090901585499616466e-01
1.074216770064568838e+00,-7.805094610259935006e-01,3.131767431695309245e-02
-1.696399564010570238e+00,-8.834237082823850340e-01,3.207923720112556554e-01
3.976544459847559665e-01,1.515527551580864163e-01,6.713905670907870382e-01
-1.645229441779504143e+00,1.483315947729620277e+00,5.143192801043605655e-02
-1.418224017377490265e+00,-1.175762371530723716e+00,3.597337553463256787e-01
-6.370964952980791018e-01,1.818402769421988197e+00,5.743454470289331981e-01
-1.224314450746584182e+00,-1.328272658529481287e+00,1.823701722400183911e-02
1.135933059826599312e+00,-1.348697566881458920e+00,4.244737208689963737e-02
-1.559176071469270841e+00,-1.371376280249509971e+00,4.602481983436913504e-01
-1.449080801381392059e+00,-1.813403346986297571e+00,4.524138292713975051e-02
3.608591981416737760e-01,-1.101276743964353155e+00,8.738447052795191849e-01
-6.937399000574302477e-01,1.407192816470812957e+00,5.849031751934496981e-02
-1.876028333021261485e+00,9.123118734040538413e-01,7.940799198375436685e-02
-1.515305621755312915e+00,1.315002051646299464e+00,9.485830662137334501e-01
8.418289269822376575e-01,5.574835108308606735e-01,9.437547571412840952e-02
-1.695449402611479472e+00,-1.837410055612798132e-01,2.648009199681622405e-02
-5.626892410573947068e-01,-4.872669247588763408e-01,1.444719560944633940e-01
-1.691021761003937751e+00,1.529657152301100886e+00,3.521201085821841215e-01
2.822215285175748711e-01,-1.654532161630257292e+00,5.718004548032105117e-01
5.364123452060685082e-01,3.064576942414496408e-01,2.433342863525510547e-01
1.056640985431241742e+00,-1.434233453825551674e+00,1.548614204849640963e-03
-1.066631376895255112e+00,1.253234318441559747e+00,2.876790962771553772e-01
-4.543756832244478794e-01,3.497951204176033002e-01,5.339480440047946752e-01
-1.182991861685552148e+00,-1.664133823602938822e+00,3.068500045199842319e-01
-1.764335874798366621e+00,-4.691440637294208571e-02,1.075747880248537625e-01
-4.643263004379378778e-01,-1.674976859961057718e+00,6.532089932608242666e-02
1.881490223915373239e+00,1.693026254158712440e+00,5.025543138783077346e-01
2.733361017878310761e-02,-1.256547220486108341e-01,7.734683691743856615e-01
2.038433466700770857e-01,-4.819412323616485416e-01,9.097567136226074602e-01
-9.876090359788276540e-01,-2.036348180744373515e+00,8.612413600873436437e-01
1.981288712457828449e+00,-7.648553411722196493e-01,6.267540394102947277e-01
5.387841372539843299e-01,-3.834033018608185017e-03,7.282293328591878945e-01
1.936026423341398850e+00,1.288881360576874968e+00,3.250764580730874931e-01
-4.408358284112925407e-01,-1.196998518083426610e+00,7.574971408906722159e-01
-1.272822330625835274e+00,7.331271256681430870e-01,4.477903721266306425e-01
1.261242973362803443e+00,5.184528427109258431e-02,9.754836248080478445e-02
1.025331173340219948e+00,1.905868634555143437e-01,5.658312642006223525e-01
-3.370833181536625478e-01,-7.063899376378224293e-01,2.596996752286705457e-01
-7.952713650487717167e-01,-1.237068905195262358e+00,7.583024362370888172e-01
1.074959614107583228e+00,-3.023993245842315769e-01,2.887626271469112549e-02
-1.751981886038702640e-01,-1.469977275583348675e+00,7.775285834218266245e-01
1.310562125147316070e+00,-2.197149666045605798e-02,6.824676670506204523e-01
-1.482057714809497329e+00,-9.025019865777492711e-01,9.969684795364919250e-02
-5.891854652416417260e-01,7.758390199259039832e-01,7.283563422856914604e-01
7.964196787438786451e-01,3.559171734069010995e-02,5.245809296936008170e-01
-1.699873180732172084e+00,-1.783958547344600465e+00,4.262811261984760236e-01
-1.881408774976695453e+00,1.900915405760386978e+00,6.516778790859028003e-01
-2.092355057339081004e+00,2.721170224788531655e-01,2.269244769845772947e-01
-1.387566499533404496e+00,-1.658901604258340878e+00,7.984652952392905512e-01
-1.129796793648789599e-01,8.389533644743591978e-01,5.477158795114885903e-01
8.588071613360224177e-01,4.897084053352132038e-01,8.499205483818729201e-01
4.323378373434905164e-01,-1.101038374852571389e+00,9.727812933848227761e-01
6.586241359653683958e-01,7.756207301593112113e-01,1.730105669853168049e-01
-1.918673550105383097e+00,-2.984020791142736329e-01,8.761056561770084183e-01
-8.330517445040741542e-01,-6.434120920879913275e-01,6.497268865348135858e-01
7.304224349738994704e-01,9.906361259644911321e-01,1.497505364798048522e-01
2.020299900883641975e-01,2.055070307358056514e+00,7.405958406521122583e-01
5.327242408621009062e-01,9.635612363417043191e-01,4.742113096150383234e-01
-1.185463737537552742e+00,1.681701170411421309e+00,7.176063192847085270e-01
-4.242870975040560211e-01,-1.840151616774118315e+00,7.841200031833585049e-01
2.019918509693256592e+00,1.770578850115310576e+00,4.940847696735750638e-02
4.670976230414796149e-01,-1.382483356102482297e+00,9.082115627510439770e-01
-1.825654659056165308e+00,1.730269794516556825e+00,6.248913085750437135e-01
-2.051510721132394632e+00,1.376106321928339149e+00,2.424693794489070076e-01
2.052804280584185737e+00,-1.660260826730359796e+00,7.964054539526799203e-02
6.560330446258122450e-02,3.943210972474586740e-02,1.737775170931228352e-01
-1.163756048130077936e-01,1.458801288817822783e+00,4.841372376722203885e-01
-9.388626778893476299e-01,-1.631945626586710718e+00,7.356506500742567844e-01
1.103926389626713966e+00,-1.447890405449060447e+00,1.624784949825492930e-01
7.029593896427863697e-01,1.342147229848641654e+00,7.144838339383683401e-01
1.167930881654546837e+00,8.228491561418094236e-02,7.765770130100180246e-02
2.013598949258112558e+00,-1.387951505542448505e+00,4.184114025071665743e-01
1.066687593906607390e+00,2.533201238118780729e-01,6.488268290270551297e-01
-1.175354757736442046e+00,-8.080274171400108063e-01,2.384760943393950949e-01
-9.396453268349436172e-02,-2.053613903771678295e+00,2.417063680578146467e-02
1.886493953120462308e+00,-1.720076209396141476e+00,6.237410211920845216e-01
-6.196800259773842523e-01,1.255947787719522868e+00,9.549126750291970778e-01
1.800159318111114182e-01,7.643132595275980989e-02,4.685868582603380794e-02
-2.033190919948731246e+00,4.432826372428015915e-01,6.431051621912352578e-01
-6.279677756702433111e-01,-1.719896850779778719e+00,8.275924499949005586e-01
-1.604440531673021031e+00,6.032925229321692839e-01,1.160736411933904755e-01
-5.174047631365623623e-01,6.392661422653671544e-01,2.323062860555256126e-01
-1.304105204636488935e+00,-3.131459608611448786e-01,2.172025394182950375e-01
1.572489907341217297e+00,1.605610075368005596e+00,8.883013043965292121e-01
5.397368380444556024e-01,-1.120040553704301445e+00,3.822385697286427853e-01
8.710913151197123838e-01,-8.252052005219938646e-01,7.517620338809597458e-01
-1.672172642885027427e+00,1.534941734070285779e+00,8.496188663995308810e-01
-1.349677169752361072e+00,-1.072326395119245435e+00,7.018273282911977606e-01
1.604546903424525883e+00,-1.338014549408929721e+00,8.308526661359009191e-01
-6.832832533759172211e-01,-1.505259954159679392e+00,4.172116100443521436e-01
7.132772708265520123e-01,1.380414316447722278e-01,8.631109489538150159e-01
9.220790410319525954e-01,-3.064393317559408469e-01,5.679060382280679553e-01
1.541825858797039039e+00,1.275479476736524287e+00,4.849624171786369731e-01
-6.538585422233511579e-02,1.928811034902184307e+00,6.218585721034106673e-01
-2.873977188461900312e-01,7.757670925525910199e-01,8.037488468934212982e-01
-1.292373998919353895e-01,-1.168899536670061856e+00,7.183663033972892409e-01
5.878501617619185105e-01,-7.929079929745959099e-01,5.850160849931570484e-01
-1.838564439353808755e+00,-1.637974475445407530e+00,2.521731141865095616e-01
1.945136685089706940e+00,-1.941007486962686990e-01,9.426130223399091790e-01
7.155628992690297174e-01,1.048171906456188296e+00,8.278953880911550378e-01
1.948932432777377155e+00,5.390995618698171121e-01,5.988412039931927389e-01
7.244069333365121821e-02,-6.723868585175725165e-01,9.298950019856669913e-01
1.621114321242810519e+00,8.500015748148799233e-01,9.372481333641465850e-01
8.337266040126971589e-01,-1.851131850793712452e+00,7.434737452425214110e-01
6.908862110957216807e-01,-1.633775962469147469e+00,7.852876611992923861e-01
-5.137780440395978143e-01,-1.637887498849510015e+00,9.680729142927069208e-02
-1.904308677646193715e-02,1.939015244653301995e+00,3.611649324497452351e-01
1.363232229502870929e-01,-1.871502065826165628e+00,9.373648010490872595e-01
1.437996890659509752e-01,-5.245694628110724178e-01,3.730977106461905723e-01
1.055764117660416446e+00,-2.412644690876033504e-01,1.629503879760695328e-01
1.994103380300853434e+00,3.808349539602491340e-01,2.861384497434885654e-01
-1.444720325891934776e+00,3.195382997499844890e-01,2.088998620159754349e-01
-1.462627101840690891e+00,1.642834871168105781e+00,2.235883585531178719e-01
-2.691595127961212697e-01,-7.198587096893849235e-02,6.141558171918990450e-01
-1.579971457198551033e+00,7.823271118423833492e-01,6.061584256766993084e-01
2.003725000400061962e+00,1.513373517514059241e+00,6.123944181542556597e-01
-9.931706715504784455e-02,6.665901239855855920e-01,9.860280696427080604e-01
5.106428295104183945e-01,-3.173259298840125364e-01,1.033459666412330780e-01
6.834775335381308992e-01,1.804481752997927124e+00,2.621626990785104194e-01
-1.501618523922811921e+00,-1.341728983088602556e+00,9.660494497191067786e-01
-1.028542884965619519e+00,1.479772171375605794e+00,6.698701933783735019e-02
-1.388827049001061908e+00,1.341225152691943201e+00,4.950549492653280037e-01
-1.817140832327261979e+00,1.871735489917822459e+00,4.759596919859604425e-01
2.067317325834701958e+00,1.062149506472524152e+00,3.091736648610805549e-01
1.046755873901772826e+00,1.946691287576133522e+00,6.365103769066342565e-01
1.418745798578141315e+00,7.175302709137554302e-01,9.366451401489660489e-01
-1.303168860163203657e+00,-1.501273950389491851e+00,8.846741359877642319e-01
-6.037968179333965679e-01,-1.644550133626401234e+00,6.429410191436558675e-01
-3.536086429252187635e-01,-1.878657969584905052e+00,2.858141127150153338e-01
-1.198471668245423505e+00,1.825235645855214806e+00,6.542534497854335385e-02
-1.138569010522040070e+00,1.239647061419151708e+00,6.695424317580167539e-01
-3.319506360982222848e-01,1.910644189636134360e+00,6.999895521954843103e-01
-1.723811191713179536e+00,-1.127701450613207257e+00,4.376500790595039270e-01
-1.085892177130640901e+00,1.068069293622777138e+00,6.002722172695148517e-01
1.402136113384285121e+00,-6.368037123452519044e-01,3.483847994830591155e-01
-3.630621447481465758e-01,1.949782026536854840e+00,3.295633461281197718e-01
4.831267581113101173e-01,-7.881036473779268192e-02,9.959432697902935727e-01
-1.512008818290186962e+00,-1.900366761834818785e+00,2.189085465305677936e-01
-7.220137410180051951e-01,5.521787571712133413e-02,2.744940747695319150e-01
7.500331908580473161e-01,1.301954255353529266e+00,4.780825340853068761e-01
1.748914438247171521e+00,-1.003756652576571096e+00,5.457581231838541935e-01
1.973879553745019333e+00,2.257698852433125403e-01,4.732367830782480134e-01
1.790140823943722204e-01,-1.743528030956445152e+00,8.945476414212466532e-01
1.133701625390618251e+00,-1.868846105067942354e+00,5.688613077975079868e-03
-1.486456231309655429e+00,1.667421156076121402e+00,2.187229747936363378e-01
1.053690932678729375e+00,-9.147098603553174279e-01,6.274740381108404597e-01
9.684820893604806358e-01,-3.118106495199812755e-02,7.624890684751676195e-01
-1.770508234743640275e+00,1.199726603019267479e+00,1.899402539348629126e-01
-1.492327368093529394e+00,8.303657841769798154e-01,6.153213729076094651e-01
1.697971284228009026e+00,-1.542038717358582112e+00,9.550484878872159689e-01
-1.048536544276427840e+00,-1.758164311567608662e+00,7.688431952469151343e-01
2.236030842722636081e-01,-1.988761780861580952e+00,2.394347737598130355e-01
-1.996467046111091381e+00,1.127603491447028095e+00,1.362298376257267130e-01
-1.185119663286582803e+00,-1.369983927523336309e+00,5.141090185151362402e-01
2.006895932309282760e+00,-6.372432111721539894e-01,9.613293826870280556e-01
-6.172384345691277474e-01,2.889199611155710556e-01,4.346763473752268681e-01
-6.822600709536597030e-01,-1.070774108633658628e-01,9.090284229329701482e-01
-1.314183493255072221e+00,7.810470448384876363e-01,9.800074594289998053e-03
-7.082129340765463965e-01,-1.273741142848954233e-01,7.853535437180081402e-01
-1.425227705620460306e+00,1.860718541425204542e+00,9.536543644621886529e-02
-4.185854944976536984e-01,6.688337095131835497e-03,5.629425539324347527e-01
-1.834358507457078957e-01,1.896594407932859827e+00,9.334043903891720007e-01
1.552047547582783071e+00,2.262901878314838022e-01,6.009229998451478538e-01
-1.440837331091540552e+00,2.052363453405385840e-01,3.219548820320042859e-01
-3.768575853122246855e-02,-1.593316127196825693e+00,1.587709189577336533e-01
8.633529624442148886e-02,-4.741834288931670027e-01,8.374497597999811527e-01
-2.036887849823598717e+00,-7.731365422517086916e-01,6.640311700614562884e-01
5.889065375619835230e-01,9.806198052548884547e-01,6.651847029535503664e-01
-2.068158023717190819e+00,1.702466331728889504e+00,8.759370629981284573e-01
-5.774301047093435280e-01,-2.687918288961952396e-01,2.845996144717326537e-01
-1.751167755666608317e+00,-1.465219194708671235e+00,5.475377550768215640e-01
8.827514677782568597e-01,7.482781587395668232e-01,3.010462750375277885e-01
5.105218866732093019e-01,-9.224142792953466952e-01,9.743963823766874643e-01
3.392041124917657413e-01,6.253720462257383872e-02,7.086857221652915761e-01
8.605060233867538599e-01,2.740980295428321334e-01,6.989787909159066448e-01
7.457120426487984233e-02,-1.927232933203413490e+00,5.705519853087621662e-01
-6.041763307842407116e-02,-1.563307809181096353e+00,1.409614945652182261e-02
-1.500338569781802134e+00,1.742004772376513078e+00,2.209327764595521160e-01
1.949900763481065002e+00,-1.360318953752446269e+00,2.011660958030641044e-01
1.791998891123925741e+00,-8.676213906483580818e-01,5.131051872911709388e-01
1.542823218475029012e+00,-1.447408471577443123e+00,8.139377287643791981e-01
-1.705653955949153033e+00,5.786225938650502165e-01,3.314839238814352163e-01
1.074460251780080533e-01,2.671797198242584770e-01,5.061750234712331098e-01
-1.296423457863202344e+00,-9.938283093027742154e-01,4.194909379779099279e-02
8.649497493239013401e-01,2.083568256415933018e+00,5.579796282225533144e-01
1.859642739580853465e-01,1.913546120167066267e+00,6.742681481725854020e-01
-1.957828114209453796e+00,-4.215655894503913537e-01,2.468401613102134684e-01
-4.271252926087785173e-01,-9.917369945626985928e-01,4.777377524973559497e-01
1.476351741979249788e+00,2.539167840736991089e-01,8.430843641184548876e-01
-6.959129137165525059e-01,-1.972414247050044533e+00,1.057042384359574427e-02
-1.894339716031052001e+00,1.989056646513950977e+00,2.290194622344043918e-02
-1.176989762368279457e+00,-3.699446066638223396e-01,6.429948717240225875e-01
-1.325036531737863621e+00,-1.757569206608331491e+00,1.247640519005027704e-01
1.708208280323163297e+00,3.979974402217711926e-02,6.208643347172869698e-01
-1.076156649166460255e+00,3.590992190145905205e-01,5.797744105323596742e-01
-1.416843428304270347e+00,1.591366266897182857e+00,8.807077795415833021e-01
2.317039296523888403e-01,1.485980096024737129e-01,9.381169773439801407e-02
-9.711948559935976721e-01,-1.476169469217845975e+00,9.184004352219005129e-01
1.524793397345495904e+00,1.004047816092791479e+00,3.187778125375478888e-01
1.524581782406203789e+00,1.827494182379272303e-01,5.771648924740171438e-01
7.787481464803192033e-01,-1.420890553767748754e+00,2.027825724709707567e-01
1.337763192358218500e+00,-6.697314806227245843e-01,2.010817406732527957e-01
1.608929056196599205e+00,9.572269098675927346e-01,7.743704189617020006e-01
1.676621858835757539e+00,-1.481891762686318614e+00,6.151522647393578014e-01
9.175562843694735626e-01,-1.981296287739006123e+00,3.233441193202521990e-01
-1.613980831050914500e+00,-3.099348951142490982e-01,8.986224484477203234e-01
5.629407371621804046e-01,-1.450544804015521105e+00,5.366149203582881722e-01
4.199758849227457347e-01,-1.001619514206242290e-01,3.737796369974646371e-01
-1.016849718994545793e-01,5.824620939980231782e-01,9.011480928003061663e-01
1.165915520961096519e+00,-7.638943486913163383e-01,2.882942794931149244e-01
4.329678412065374182e-01,7.823895551719250996e-01,4.958741595264514190e-01
-1.763771114176171606e+00,-1.141855772824987181e+00,4.646981977880640935e-01
1.471166609596497032e+00,1.016274907970597496e+00,7.689732855226503183e-01
2.044060210033411540e+00,-2.282676933122165241e-01,7.721007225803798724e-01
8.254375983009150097e-01,-9.937024385352830613e-01,7.292867175081755304e-01
-1.884585399153345442e+00,-3.867340791689581891e-01,7.102065077890874489e-01
-2.493107544575676737e-01,-1.102818706360377599e+00,2.039649664877013491e-01
-1.821171645055391641e+00,2.868585310194280424e-01,7.704962915149747849e-01
-1.752430067408517145e+00,8.966590447672633246e-01,6.680534163044405949e-01
5.953324921107849832e-01,-1.608219619547011092e-01,4.473101277184643454e-02
-1.350629192013656610e+00,4.700025121537492190e-01,1.639543414564799129e-01
1.315014116240639019e+00,-4.685667522195964274e-01,1.815186125052238308e-01
-6.082778834617885710e-01,-7.349695778771887511e-01,5.853312530817611492e-01
1.653692412732889139e+00,1.241323181076182447e+00,2.080416706865939602e-01
9.467872347327261906e-01,-7.154939643146032147e-01,9.471496996513745215e-01
-1.284858374962638550e+00,1.914813870390075667e+00,6.547284680299881865e-01
-1.013870466888704414e+00,1.208380833865933202e+00,7.628714310054135472e-01
7.721928005729798983e-01,-9.677278045757400360e-01,5.385149303946570321e-01
1.695066578595252338e-01,9.790617250097986002e-01,1.733442437489578491e-01
-1.382239949063237328e+00,9.829301710696660699e-01,1.188815277188070008e-01
1.309276460312843504e+00,1.310979649557632687e+00,8.877789920486139907e-01
1.367314055449528443e+00,1.247605999284811418e+00,6.200324171832658493e-01
-2.800875687137542869e-01,4.774810390300521235e-02,6.037665447016836717e-01
1.258407424846546441e+00,-1.901559837971795064e+00,4.345418878515888705e-01
-1.462699037749527919e+00,-1.106620311244615795e+00,9.612282358660441117e-01
1.795012074723737250e+00,1.361300053866924209e+00,4.582521739821602269e-01
-1.516390127327305937e+00,1.224071550386117480e+00,9.151573058863496923e-01
-2.016037054561397479e+00,5.703494842468650461e-01,7.300210093651086085e-01
1.735102319864961995e+00,3.870675615529335367e-01,9.900059379847810925e-01
1.062364937716795854e+00,-1.245625646725835978e+00,6.720403871951925456e-01
-4.705297047559806600e-01,-7.842040389748792251e-01,3.227327018839131201e-01
-1.006457793044085003e+00,1.311642410963480554e+00,2.716299313033165852e-01
1.034207308935791492e+00,-1.906246809478906901e+00,8.795608093427073060e-01
1.604819298328740373e+00,-1.552824632915893011e+00,6.409931226755383182e-02
-1.951097257392772510e+00,1.338565066502791279e+00,5.674328770891089446e-01
2.009032528649808302e+00,-8.988255757254699496e-01,4.635538104641081514e-01
-2.039942279047188833e+00,9.160737162910446152e-01,7.687968907287195952e-01
-9.594811442461859130e-02,-1.794217421640509125e+00,1.080504368803112403e-01
-5.150193920161683092e-01,-1.542066732231093917e+00,8.853036757759750186e-01
-2.032629149595420515e+00,1.481042026625117636e+00,2.914704867064273897e-01
-1.852120284033824671e-01,3.683347686509730323e-01,2.668062984864364440e-01
-4.428884449521157674e-01,1.360969841723986828e+00,7.331008188003464987e-01
-2.890695653916730556e-01,1.029817600128549504e+00,2.976178224716518050e-01
1.119512790046409467e+00,-1.238642316990102410e+00,3.048359414418588820e-01
8.751757231315377972e-01,1.221843412282860086e+00,7.420811810945266984e-01
-2.068449808596180883e+00,-5.970900247914729952e-01,9.154512339684875988e-01
-7.275256630098443367e-01,-7.327049940232939207e-01,1.044632894684031088e-01
-1.888068677150181340e+00,-1.703814828096398282e+00,2.393093037555569236e-01
-1.531236888005469421e-01,1.937517722194671332e+00,2.896364957109976990e-01
-4.986098791223958493e-01,-1.958434093782297936e+00,7.760595156726409760e-01
2.006414708643087241e+00,6.718540307873155371e-02,9.808202307726853197e-01
-8.460716341415683850e-01,6.106693074457165693e-01,6.623510804952864595e-01
1.860945644569060420e+00,-1.332571018940019281e+00,7.268642076754998627e-01
-1.975010580673126626e-01,-1.401435066870377888e+00,7.211783294703468794e-01
-1.410627012996845231e+00,-7.598824563400445875e-01,9.683623789443569496e-01
-1.807307505325721264e+00,-4.838666825587434328e-01,7.013806691159560902e-01
1.571663904052066130e+00,-1.622350440219990197e+00,1.510819269390689668e-01
-4.358844694635100048e-01,1.559931325591974449e-01,6.267472499670718733e-01
2.901638313321530660e-01,-7.728500530497344201e-01,7.003591529099094659e-01
6.355060603159135013e-02,1.995554615717157088e+00,3.874027319021700055e-02
1.150229688967895569e+00,5.500093565484251990e-01,2.103374955981829331e-01
1.863281503066577915e+00,9.699767826659657644e-01,2.728630951202848376e-02
-9.706177789754624197e-01,1.520609040418032798e-01,1.752756717435994815e-01
1.289306691403257155e+00,1.007534607819573047e+00,4.487152006651510261e-01
-1.133032301958632804e+00,-8.969946449395735932e-01,1.960971084833095235e-01
3.827023888800322737e-01,-1.915428371182198219e+00,8.336512235813096083e-01
-2.054602344171924333e+00,4.679777135146512279e-01,1.390685498232898665e-01
-1.397169497599256571e+00,-5.722295112592081789e-01,2.044236712161840996e-01
-1.756787767960153346e+00,-1.502800378394995029e-01,4.051019505020403422e-03
-2.341159643817014580e-01,-1.271885658366768146e+00,2.470618336802580250e-01
-1.997614643651705935e+00,1.966579374014896242e+00,1.071572566194973763e-01
-9.451549568970878390e-01,1.583102869804945190e+00,6.667671191646923345e-01
1.992290845641284669e-01,-8.825121396938220286e-01,5.534626070724386615e-01
-1.478704819093158651e+00,2.024180710471989997e-01,1.601860288465336568e-01
1.157625636619332710e-01,-1.649610338613251681e+00,3.337762527401832990e-02
6.772296276033427098e-01,1.350548856357533190e+00,7.068731804631734894e-01
1.715663738556146178e+00,1.534743025819691908e+00,3.712139985919462593e-01
2.408303438137315844e-01,1.499528074274376177e+00,4.219035886547756187e-01
-1.697145113088155410e+00,-1.877985736721935695e+00,3.468838965312205369e-01
-4.367643518399526581e-01,1.646164415213845267e+00,2.389817608845146157e-01
-1.901036492290624436e+00,-2.399504155298468611e-01,5.124872027414762998e-01
5.934268635290820271e-01,1.320909385507501366e+00,9.966248888260607064e-01
-2.393468466955879226e-01,-3.371981176043625794e-02,7.099281959663039654e-02
-8.403338330581107130e-01,1.658869861254192557e+00,4.909545966978012821e-03
-1.334013779447615455e+00,1.520578722798799909e-01,3.157601606773432490e-01
4.874807135680105930e-01,1.987830871832696022e+00,3.669778779655380463e-01
-2.493423051250540645e-01,-1.467698792102500871e+00,7.913538056370332807e-01
1.749198108504656179e+00,-6.921158797494662007e-01,1.314427218076499315e-01
-1.599009059086136553e+00,3.354399468639210902e-01,5.126018099634775949e-01
1.671810671956354799e+00,9.486629852906069971e-01,1.840070016103007022e-01
6.803605783347190794e-01,1.783986352766870009e+00,2.664933479460577237e-01
3.002539899648146715e-01,-1.625459299618723374e+00,1.233660186971324846e-01
-1.608544926697943689e+00,-1.089500153731347565e+00,2.217108606515898472e-01
-8.647592226385494296e-01,1.015695343977873311e+00,2.596728388906668350e-01
-1.553336263687386642e+00,4.555314464979471900e-01,8.237477370147310296e-01
-8.031988515656065530e-01,-1.737918540946096435e+00,4.860862578741664830e-01
2.079413659931363956e+00,3.811360150524518708e-01,9.533521777363190841e-01
6.134828719708722566e-01,1.964790022821825133e-01,8.247734077274980757e-01
-6.613037930206955295e-01,-1.020376033213221900e+00,4.640319495923740378e-01
-6.767877055105708806e-02,1.968582333062115719e+00,4.284985528112594810e-02
-1.310058413597643856e+00,-1.203537547831035504e+00,3.126243455995806331e-01
1.663115793602714110e+00,-1.904051597673063645e+00,6.874602993536340634e-01
1.722243985224369833e+00,-4.313256407307393125e-01,7.559865070654457897e-01
2.560865363517397242e-01,2.030703695348083926e-01,3.228173233750847304e-01
-1.844590613617191899e+00,-7.826845549577585714e-01,7.720182370118132686e-01
-4.515163370678456634e-01,-1.794133031520050992e+00,9.771673837669687668e-01
1.582174671438844271e+00,1.495851359328223662e+00,3.670936310338648312e-01
1.441573543937008317e+00,-9.606751222025355919e-01,8.858968214693120347e-01
8.504433125094217338e-01,1.728133982842932959e+00,4.876759088460291824e-01
-1.556574944346162503e+00,1.975782356607266532e+00,2.709222670139265210e-01
7.334669235284834166e-01,1.172470123268210873e+00,4.568133972626384764e-01
1.359629074250485736e+00,-8.655163456566563607e-01,6.180499214852203105e-01
-4.177912314608362987e-01,-9.302772964135552769e-01,9.847960801188754276e-01
-6.679390541584786511e-01,1.758155218323761204e+00,5.718538599621967311e-01
-6.476059604311250606e-01,-5.915300886857277618e-02,9.061836546101952328e-01
-6.716995462226753588e-01,-1.675621234328409148e+00,6.229038669399193928e-01
3.123616258502139864e-01,1.604563635399778310e+00,5.577984726367385404e-01
-4.529933804292791688e-01,1.873173103592205457e+00,1.332141880422947899e-01
3.686962990183113575e-01,-3.372146150620249916e-01,5.409611466040973315e-01
3.391231856358452035e-01,-1.184880668448467178e+00,9.479315332730453569e-02
2.063950471041085866e+00,-7.137557725781380480e-01,9.167271804757995968e-01
1.436091787180034718e+00,3.311538256676440639e-01,5.343423851041406714e-01
1.559973458066551188e+00,7.507021182174833385e-02,2.121964718349154122e-01
2.081500194835125495e+00,-7.849544126345830986e-01,6.428984509530338842e-01
1.672297404157936818e+00,-7.174874295859723361e-03,3.653734274742773680e-01
6.470670782364491558e-01,4.035522313308659292e-02,3.734638891098390756e-01
1.615112355059675320e+00,1.000204468620675247e+00,8.136089840935840645e-01
7.708133928934266521e-01,5.980390138861513272e-01,8.303752699078417177e-01
1.930754356191863863e-01,1.733617160094088394e+00,9.013688568620523700e-01
-1.764596865643040635e+00,-1.274275149128171858e+00,2.750127462867402173e-03
-2.969120531149471720e-01,-1.095096019347276739e+00,1.271625562600526838e-01
1.824204730733072211e+00,-1.190841315502828568e+00,8.772506962806240205e-01
-1.894941224903654797e+00,-1.826242241230811469e+00,1.371383535496669692e-01
1.993187825013712722e+00,1.552587831082430814e+00,7.749842653177789753e-01
-1.646133732082752044e+00,9.831739829047592139e-02,8.834999547025537137e-01
1.957519543594782530e+00,-4.443029694497977466e-01,7.867054741592933720e-01
-8.085400319443403205e-01,1.314446438822684193e+00,8.882720014223697280e-01
-8.845865873739722218e-02,1.811910012893190647e+00,3.291443847833555036e-01
-1.481053133417775669e-01,1.511352184797130960e+00,2.557292495870566729e-01
-1.410143526436081096e+00,1.403105004571420178e+00,5.249915280225412317e-01
-3.533783184482528483e-01,1.297286988724871026e+00,3.086460043942557130e-01
-1.123062103591641936e+00,-1.029466098133274832e+00,8.324988519362431783e-01
-1.305378943805098224e+00,1.547320918038689985e+00,5.603539624067024327e-01
-1.147053046809629606e+00,-1.107660908782979403e+00,7.467389576093600434e-01
5.912796616524409465e-01,-1.026421333865843444e-01,2.399189410512980736e-03
-1.142111810849093301e+00,6.352064848021132804e-02,6.310064942488805562e-01
1.694447106858291807e+00,-7.862487007710052822e-01,2.829536348096273191e-02
1.023011941826150295e+00,1.569785887478827746e+00,1.631920927716163927e-01
-8.044670075406208376e-01,-2.037164875234891426e+00,5.912203113068790206e-01
-1.248224004507705764e+00,9.468833574057131663e-01,4.691293351149670166e-01
1.329680377769651312e+00,-2.982587066539941212e-01,3.151706565745502342e-01
1.675641295447743317e+00,-5.371611211042335299e-01,9.888404093787013238e-01
-5.486270112726037151e-01,-6.114348989510522969e-01,1.268633797080240821e-01
6.192097289049560693e-01,-1.558018425011997277e+00,9.574316088417205162e-01
-7.340649935284397909e-01,1.312362493174133338e+00,9.608698866453041498e-01
-8.675105047139761716e-01,-9.905806738602123129e-01,5.755996534862040104e-01
-1.574610645985461854e+00,-2.827143854931168931e-02,4.741212872076034923e-01
-1.140024830028336655e+00,1.776072648739015047e+00,2.999651629531938646e-01
-1.050363011436797223e+00,-1.996832697710927640e+00,5.778629054163088030e-01
-1.360189069703130915e+00,-5.794485560346298580e-01,7.953194808973916841e-01
-1.634238337329861235e+00,-4.288408717685034954e-01,1.459338173717992237e-01
7.763508100458826888e-02,1.309543809158177474e+00,8.226439371651801391e-01
-1.487233709197262055e-01,-3.295345730735748102e-01,5.044624424456158884e-01
1.556528770804809003e+00,-1.085843254579386796e+00,9.031680038723177706e-01
1.495236658003353369e+00,-1.448988751229907113e+00,3.570547710565341593e-02
5.490009530452737430e-01,-1.646649676923845007e+00,3.173676431600669368e-02
6.338350255461833171e-02,-1.877595105960814248e-01,3.833321061866848956e-01
1.393217002827464857e+00,-1.516260916885128207e-01,8.744071263621799872e-02
-1.800981530011172005e+00,-9.867093507580193545e-03,9.979209949405333235e-01
1.926393506869989114e+00,-2.000219948555487015e+00,7.776328410180042283e-01
3.912481920590282769e-01,-7.613675956707819381e-01,9.958427088728779575e-01
-1.396395046314592658e+00,-2.045436918652893787e+00,1.986500445507796142e-01
-4.309107099693911813e-01,2.885951425498292089e-01,3.144908800801831106e-01
-1.912206368583186045e+00,-1.967547235217735002e+00,6.363005189326937927e-01
7.204656012953094546e-01,-1.989083878025119656e+00,6.206292607007889428e-01
-1.041163521285005444e+00,-4.782239954003841831e-01,1.671745434274012343e-01
-5.899039228291766968e-01,1.584451501167397414e+00,8.841460724394312187e-02
-3.775553248107454962e-01,3.509930820397109130e-01,3.852747828731925006e-01
1.030723592991560356e+00,-1.945724986567851644e-01,9.984197486572388147e-01
1.122115499068286226e+00,2.040191490383533424e+00,8.897677542664811368e-01
9.153227259786209657e-01,-1.484194148990169548e+00,6.706731669231406068e-01
-6.249150229088140662e-02,-3.808286469338562075e-01,5.769542348943731414e-01
1.779089531691268711e+00,-5.398222939346368765e-01,2.241381807563201933e-01
-6.922107034529527692e-01,2.020116564826460515e+00,3.806463344836928941e-01
-1.448204678865889328e+00,1.829922998960566538e+00,8.069182129526858427e-01
-8.994723157170063654e-01,-8.085389021428079914e-01,9.187717166884953324e-01
-1.343247703656144765e+00,1.515691580203601951e+00,6.332500257916362507e-01
6.677690146534551729e-01,-1.285672988069235245e+00,7.933088273514721234e-02
-7.576171877573669722e-01,-7.833913753520560519e-01,4.516107699470826020e-01
1.488428214277360606e+00,-1.586538402867980979e+00,7.096419628121937162e-01
-2.640405571931798701e-01,-1.699282773322387641e+00,4.806754371895345379e-01
-1.948340085288933210e+00,5.459755170331597185e-01,7.984149417654862191e-01
6.639877736459220969e-02,2.781214400135256781e-02,6.666082087746186824e-01
-1.805117360110954916e-01,4.204073526006011363e-01,2.591464288732971966e-01
1.585411661120065929e+00,1.175430258428677543e+00,2.845973884553453237e-01
-9.018596445048210342e-02,-9.067625497053839467e-01,1.738543679018023091e-01
-1.816714742278951800e+00,1.422834783937532599e+00,7.327277597165832157e-01
-1.220148717728493093e+00,-4.764492375268680746e-01,4.912595415835412371e-01
1.965582195421875511e-01,3.351503396428272552e-01,2.940992745070325487e-02
1.537072475098770763e+00,-1.248229292471327856e+00,1.777538987292197614e-01
-2.769504656759291805e-02,-1.749811637416178289e+00,4.159575916009224938e-01
1.109996511871851332e-01,-2.975733077691511408e-01,7.003703116593374967e-01
-2.560146124703708281e-01,2.719420883695899960e-02,1.442373261234844994e-01
-1.062787548415641714e+00,9.239211326469889407e-01,5.585696103455115580e-01
1.455761578084477037e+00,4.586499611276053656e-01,4.594353151244632283e-01
1.423323279177544531e+00,-1.656234834208454298e+00,2.021722022873992941e-01
1.382664703771086856e+00,5.694756322213807564e-01,2.303357197246652666e-01
1.668003089820546236e+00,-8.768135414864888233e-01,3.247992153176449959e-01
3.669628487103628878e-01,1.370506870268223487e+00,9.822128722137285495e-01
-2.942310728499841765e-01,-2.050804314503717585e+00,6.569604644238258295e-02
-5.854549706763032546e-01,-7.958161313767360134e-01,3.301983215671400185e-01
-1.929696344893878202e+00,1.739388875750135455e+00,3.938232029185260163e-01
1.882057220946588227e+00,1.282023457259479304e+00,4.193906455398277444e-01
3.809583526763304917e-03,2.442005054805802544e-01,4.227714791876837630e-01
-3.211679282472481578e-01,4.586893762130968000e-01,5.324193106673498210e-01
1.616292723378095264e+00,2.169726094880868317e-01,8.809512963417207576e-01
-1.925573620205863534e+00,-9.247532982235178167e-01,1.938501402563252984e-01
4.409974957466258338e-01,1.266126113323969182e+00,2.266291000484792484e-01
7.505200926138120288e-01,-1.586944615233049971e+00,5.275219307902424548e-01
8.360322625362570648e-02,-6.921930067073220894e-01,7.972073010758589096e-01
2.093505940375858021e+00,-1.158266544833610912e+00,4.271088926539237107e-01
-1.021346788119676052e+00,1.238911260087365296e+00,8.043445840154502813e-01
7.906796333124073151e-01,1.727971752669632988e+00,6.923290097054111136e-01
-9.681521561675188181e-02,-1.087144578275392348e+00,6.092919919119069716e-01
1.146185576705377684e+00,1.143925560790860718e+00,8.654177925804591442e-01
-8.388384726479243270e-01,1.309642443906013476e+00,5.515440831725326731e-02
-1.445816023204222756e+00,-1.650460978559576075e+00,6.694376115314357722e-01
-8.984688335526029856e-01,4.478551401031642953e-01,4.107456310075627837e-01
4.419882893631728038e-01,-2.091196235224933364e+00,7.514127756007527026e-01
1.148795254935410348e+00,-4.536337138654777945e-01,9.094203922516891359e-01
-8.619106376236889133e-01,7.973894000761285739e-01,8.685816096406401288e-01
-3.722675609788952400e-01,-4.891541298451758113e-01,7.758406501925276810e-01
9.364420466404732579e-01,-4.091439658636346621e-01,2.043005776072074342e-01
-4.330345759360851865e-01,-1.961148567194607617e+00,1.429964111558027495e-01
1.797871974032570819e+00,9.660578281463161332e-01,5.161538836675177988e-01
-1.954787858058836036e+00,1.658472562818116725e+00,6.575710092028381748e-01
-1.022071258936918525e+00,-3.327788530328430472e-01,4.416566729551893999e-01
-4.804021940049938433e-01,-1.225464643800685760e+00,3.574470742980713212e-01
-8.539056618989304681e-02,5.395053223254064889e-01,2.550531526283495998e-01
-9.507242250525265170e-01,-1.150193031023882817e+00,4.193982300995916512e-01
1.437814757733624216e+00,-4.113667464773151927e-01,9.678541275035538183e-01
-2.041365996974933150e-01,-8.659872109536328466e-01,8.392914040670859110e-01
-8.552218372875706187e-01,-1.364295660267033750e+00,1.237362662517357270e-01
-7.625247018556695622e-01,1.225756737857390810e-01,9.776707016360770552e-01
2.013859661137079815e+00,-2.050324792395359363e+00,5.357842464150642803e-01
1.512340970509867155e+00,-6.123627714476767014e-01,5.880246958359848231e-01
1.659135191502044915e+00,-1.469885352198190276e-01,3.822321365322667308e-01
-1.170305762502013902e+00,6.168782462610464812e-01,5.269775349890427618e-01
1.910457368273732914e+00,1.404792958362679922e+00,4.356573085724557703e-02
-8.636132900310347082e-01,4.787190064252349053e-01,1.516099366943768345e-01
-8.570183321880857630e-01,7.569442375870973905e-01,8.247167400266496307e-01
2.875310049593182704e-01,1.336532143835882369e+00,7.465662454039493356e-01
1.585089033892878252e+00,-1.624272416640673011e-01,8.006635026951742784e-01
-1.329423242279121009e+00,-3.377018723134064260e-01,1.170864484348986823e-01
1.761079603894691203e+00,-1.436038851265676319e+00,7.254551728421939627e-01
2.097035975324442969e+00,-6.789755372076102802e-01,6.675433258441643147e-02
-1.778053186879971159e+00,1.079513073766926734e+00,1.779148314956775501e-01
1.803601227942732255e+00,-4.353228256806549457e-01,3.163615636337286929e-01
-5.690007677910653427e-01,-5.484166147918239087e-01,9.203230645618089012e-01
-1.386583601068557492e+00,2.068217758688692509e+00,6.790910162645642512e-01
-1.607919264656983760e+00,1.104957206150322779e+00,9.482986275609820437e-01
1.968114174926061111e-02,6.068934622289225977e-01,8.611869186847684876e-01
9.161156076742678067e-01,-1.467773037750601528e+00,9.286801838943259391e-01
1.031710625884814547e+00,-1.170454074545175249e+00,4.540212438447962517e-01
-7.882513762195006990e-01,-3.064890246039733146e-01,5.978550435093986648e-01
-1.191888814766873805e+00,-1.017571335689506196e+00,4.772421662894340555e-01
5.372493595741283379e-01,-1.283073723824665890e+00,2.134368848674789154e-01
-1.664369636535504293e+00,-1.605575567729720099e+00,8.349644279174972539e-01
1.018596789484857545e+00,-7.197816657278455210e-02,4.964947840768318965e-01
1.200550121982001173e+00,-1.124920091689189494e+00,7.933302781142359539e-02
8.535457383447373481e-01,-6.189593609794825646e-01,5.833876275920318877e-01
-7.447855027525820404e-01,1.383166541222413670e+00,1.547101970194113552e-01
1.660789939316030139e+00,5.449984590333629697e-01,2.794185689943262663e-01
2.566299432175891404e-01,-1.105356828153113202e+00,2.720247339270760456e-01
-2.105014534325713171e-01,1.216974538202914236e+00,2.703284189459174147e-01
1.353818251395601635e+00,4.359307643330456727e-01,9.040983953060742762e-01
-5.003240192349522886e-01,1.175745734759814365e+00,5.112222628274269987e-01
-9.992354349253047552e-01,-5.924313272976573508e-01,8.804153034428170432e-01
1.727666899752215990e-01,-6.766889523638961457e-01,1.475694983198269084e-01
1.371597556577312194e+00,6.533758658449042578e-01,2.370856022613899716e-01
7.849995669293892142e-01,5.089829081629400065e-01,3.550268251122096208e-01
1.113547929668845082e+00,-2.741671580721900536e-01,4.069962491726305531e-01
-1.470492534845381449e+00,7.170185743993022776e-01,4.322027789963525102e-01
-9.947465414389866645e-01,-6.083675216389230478e-01,5.929328040148783563e-01
8.659004761997710631e-01,-1.291943723452207093e+00,5.990756573004425434e-01
1.210107579434910541e+00,2.003491269114623385e-01,6.876773601268958425e-01
4.528278602615354309e-01,-2.147339931317038264e-02,6.534064985626786282e-01
1.226336325888037759e+00,1.014144155608834641e+00,1.513040656396767991e-01
-2.996100435391377825e-01,2.023560611034267875e+00,7.178356994545296299e-01
-2.118848758385298847e-01,-1.761817904924397604e+00,5.175030272454317348e-02
9.398649044000486619e-01,1.729489228367114162e+00,8.874053436268667383e-01
1.369150662517811590e+00,7.702414787154054920e-01,9.629647011137379975e-01
-7.848267006575810889e-01,1.921686887653154319e+00,7.922339472393037374e-01
-1.496705397578614649e+00,1.947855730318890810e+00,2.615294636113750792e-01
2.045753948086548313e-01,-1.885285728863443477e+00,3.356388780470118682e-01
-1.071248894961064790e+00,-1.695275207109304239e+00,3.354809910669193096e-01
4.131379871629685674e-01,1.461295184251441892e+00,2.347058171102552881e-01
-1.614223349229970683e-01,-1.887012661211010300e+00,7.007458992058338554e-01
-1.109347378891190061e+00,4.100415101717924671e-02,6.924816420937521810e-01
-1.903397280382349566e+00,-1.539329034651999883e+00,9.866415703993158814e-02
9.658779949209277405e-01,4.091476437585952475e-01,2.544895035018356344e-01
7.386049773287775011e-01,9.220071651093859622e-01,9.601620573825958571e-01
2.094182602752931555e+00,1.954382520367297094e+00,2.697165182248530968e-01
-1.383484932708880510e-01,1.270786589529587118e+00,8.581407242993946971e-01
4.468705520570610545e-01,-1.944987186581442762e+00,3.674768659742733146e-02
-4.991142227248002161e-01,1.276374684773210255e+00,4.605437026379753940e-01
1.900850595810938071e+00,1.875960458472834880e+00,7.957445750467825318e-01
-5.119776107657481035e-02,-1.699502373344686124e+00,4.786822225250453311e-01
2.741773401603277982e-01,4.994857582240923577e-01,2.944435361792696604e-02
5.001860104268947005e-01,8.068398809097798718e-01,3.393390972265325489e-01
2.029858808984677854e+00,1.802358670805764174e+00,6.348731064580122041e-01
-1.355365397309240993e+00,-6.523740287953265771e-01,8.217189425660225144e-01
-1.852084329587383227e+00,-1.462280470378573671e+00,1.649641840700445394e-01
1.386431246824933794e+00,9.282755351996199167e-01,5.250931861968498593e-01
-6.297286594096147549e-01,5.828038235373513842e-01,4.474654925403153127e-01
1.754016897613988046e+00,-1.687432002577312407e+00,5.397549132099844771e-01
1.528085818907339632e+00,9.197187205837642487e-01,3.032892565387098616e-01
1.283866634344699165e-01,9.142677192446373446e-01,2.552632761871530542e-01
1.283189574159369073e+00,-1.368443313591491961e+00,5.211616243936623150e-01
-1.199745478026361223e+00,-5.720604996153095811e-01,5.642322177025289598e-01
1.267346386523951374e+00,-1.970130582647978690e+00,4.008081367394339400e-01
9.005064607903290330e-01,7.132443217008184178e-01,1.500107830582573243e-01
1.194236858366132470e+00,1.626442389276995026e+00,3.894610516414114265e-01
5.067425737926480878e-01,1.289160121237957313e+00,5.086504409248240322e-01
8.772286002263944837e-01,3.685230581399649985e-01,1.128381262598875390e-01
-1.748398239739628046e+00,2.341961046806604330e-01,8.363814360578095686e-01
5.476021795652203927e-01,1.260908434574184778e+00,5.624686498544315683e-01
3.903987470591463449e-01,-1.585461067355792286e+00,7.386093114601335330e-01
1.542846604398616428e+00,-1.098442297364666365e+00,5.744603428332184514e-02
-3.622116609717935809e-01,8.593893102791794192e-01,2.260224696397343802e-01
2.070741957608577266e-01,1.949756033503414532e+00,7.030132191183142698e-01
-1.485260864240575573e+00,-1.924344722281067233e+00,3.770987105114262938e-01
-2.003794806904055203e+00,3.031309907772059553e-01,1.538812180656761175e-01
-1.852902862077515644e+00,-7.219994775668407971e-01,1.889581869481486986e-01
6.226038112407121794e-01,2.068866559204754818e+00,4.461202158935450024e-01
-6.167530391489521868e-01,-2.624455026530672086e-01,7.283593778110025729e-01
-3.184521761777607818e-01,1.927684292346761641e+00,9.938046265671267587e-01
1.653016725875042781e-01,-2.350375930379211553e-02,3.578083737232676809e-01
-1.674815577270995171e+00,2.057000864188186728e+00,7.313337807495142728e-01
-1.184665260872775239e+00,-2.378831887153245450e-01,7.062049911426775406e-01
1.226274905244149949e+00,1.535482305506177259e+00,4.400083897275242073e-01
2.258825347949771079e-01,-4.555773648448042668e-01,9.486916271691614444e-01
9.461287606494828140e-02,1.481570057117950423e+00,1.925360662303122750e-01
-1.340032241484524045e+00,1.083473651859782727e+00,6.955192095175583011e-01
-4.900670997074405566e-01,1.998070052528948093e+00,7.376410599939209334e-02
-3.595273113992532021e-01,-8.921173354102001074e-01,1.414376986328380603e-01
-7.732669199871105015e-01,-4.703753085361466191e-01,2.158326374544214943e-01
-1.680119042262075535e+00,-1.182777272760087151e-01,2.077317890807427458e-01
-1.705831077016346287e+00,2.438903629228494907e-03,3.339948319417257450e-01
1.546453986977124551e+00,-5.793377661120904243e-01,4.558535104769245727e-02
1.181359605941549429e+00,-3.215664961321884618e-02,6.149268441981359246e-01
1.672680220972176723e+00,-4.690180084929969073e-01,2.010702859640769447e-01
-2.593354570510446599e-01,-7.404759337447226475e-01,8.651818700035396326e-01
1.418605844199917421e+00,8.894795597997706693e-01,3.012056034064201082e-01
-1.715034525539749222e-01,-1.299275467318410593e+00,8.781141437930450877e-01
-8.030751985305835117e-01,3.006120330117352246e-01,3.693854622949044320e-01
3.543720526733462606e-01,5.289353947796233690e-01,6.325071600961302831e-01
-1.335087494993305146e+00,-1.573406662017480029e+00,7.877814536231433351e-01
1.295020081792173983e+00,-7.840210119851207526e-01,8.756168107269290957e-02
-6.833987944848076701e-01,1.157976211384553977e+00,1.800950317548002388e-01
-1.718549819359104003e+00,6.697508789692196984e-02,7.715272306343206044e-01
8.011582205254357270e-01,7.528965621260037544e-01,1.042939551454385994e-01
-1.364068073024954808e+00,-1.991984550918704633e+00,2.362872448274047077e-01
-5.017546819249438794e-01,1.102342188333733208e+00,7.941557898866805631e-01
4.700574882971269020e-01,3.416795960777858632e-01,3.180438646783531054e-01
-8.144684392801846418e-01,9.510892480596062626e-01,5.718298020612515575e-01
-1.865313394705186978e+00,-8.185073637374387090e-01,1.281386850575316760e-01
3.920308851040625875e-01,1.349783841967250542e+00,9.812769738677635800e-01
-7.101618129068889562e-01,6.442635770992621858e-01,4.134697409198379026e-01
6.309090043621825572e-01,-1.958418931859030598e+00,6.430611084786432841e-01
2.113559920756351573e-01,5.441211409273130073e-01,8.332083801112684096e-01
-5.748526256637909171e-01,-1.030337116023522404e+00,5.519272156753942671e-01
-1.349033203983723173e+00,-3.517973024467968557e-02,4.870111026998870107e-01
1.547355438293442909e+00,-1.215568171727592794e+00,4.160979177096590931e-02
1.252644447837067965e+00,4.151183742614064087e-01,3.736139834254925685e-02
4.309951055367680084e-01,-4.307500457605935029e-01,3.621666930646988414e-01
-4.665445433384118878e-01,-9.935030651725453854e-01,9.538355408595333707e-01
9.843246932459019938e-01,1.746486847203498449e+00,4.136416673221606777e-01
1.998485998080769210e+00,-1.910622950860759062e+00,4.315388524331764675e-01
-2.732074986084596091e-01,1.155325099368503139e+00,5.478659848232362295e-01
-1.736209264832890842e-01,1.617322634528243874e+00,7.413305767412997627e-01
-1.930964357862984926e+00,-6.875180067331088107e-01,9.463123836206618344e-01
2.847865502614386202e-01,1.454153491082470495e-01,5.671808304131626954e-01
1.698612467750335142e+00,-2.081172048219222859e+00,4.062778633108848902e-01
-9.251083556399273267e-01,-1.455448683698664869e+00,6.118722271504865029e-01
1.523722585207597735e+00,-7.293575023757508102e-01,2.533222677464564976e-01
1.802866862776919987e+00,1.319795349583181565e+00,1.598090790723158960e-01
-3.763800047457976916e-01,-1.802434586831796803e+00,7.777814299560406042e-01
-1.209871499010426898e+00,-1.351271184145069082e+00,4.835588521654575755e-01
2.078006799625834677e+00,2.021239253351540643e+00,7.698594841721457804e-01
1.765084974656882633e+00,-1.151572747415260611e+00,3.496782947348352488e-01
-4.200370636913808298e-01,1.672181182327850735e+00,3.074201339605281413e-01
6.987327866377648355e-01,1.580941728483072684e+00,6.046364364364609223e-01
1.210741679118874092e+00,1.682497841001453498e+00,2.334267206596816191e-01
-7.378654470941536925e-01,7.444434595020283929e-01,2.254499330635746368e-01
-1.093991445598843315e+00,-1.111464240262091341e+00,7.844499851330489770e-01
-1.079561517567076745e+00,1.500630051421514288e+00,9.973350432539457300e-01
-1.026619919710492601e+00,2.683433627820051015e-01,7.774470792505797645e-01
-1.589562956734535959e-01,4.101484122870195925e-01,9.636398537569189626e-01
1.843481388789892428e+00,1.559380463122569616e+00,9.643031860696457125e-01
1.714722953469371536e+00,-1.460004229821168398e+00,4.694227683076340751e-01
3.945182001486129408e-01,-4.274827899697264399e-02,8.206438523816149688e-01
1.682168785457865745e+00,2.017369890567828339e+00,4.588110268359516519e-01
1.773904088793197609e+00,4.204203298247177756e-02,9.506124094068061359e-01
1.913108016907472120e-03,-5.631471591905619078e-01,3.533801678537987767e-01
1.247040937148371498e+00,1.057555505282525399e+00,3.145728358625433652e-01
-3.362602436907204950e-01,1.362915619778468646e+00,7.989879194279277952e-01
1.534365405909724700e+00,-1.269942500510035988e+00,2.524608562648049670e-01
2.461832264095233924e-01,1.565000300812495748e+00,4.173241617992085040e-02
-3.975097741015920505e-02,-1.570577107679784756e+00,5.564490649207177730e-01
-9.330668673588871087e-02,-1.908068415690584718e+00,2.298250403273719433e-01
9.622009507322699662e-01,-1.769250038534409653e+00,9.895023441149383148e-01
-6.673726692414037043e-01,-1.722133229768982865e+00,9.905930757026956135e-01
1.655123935802176760e+00,-1.668861656673661154e+00,6.323153880057720277e-01
1.303859699575653508e+00,-4.025881141819454001e-01,8.266265896061163465e-01
1.138598132115002937e+00,1.024465659528015049e+00,8.009265089731143483e-02
2.044553256970832233e+00,1.282514603769533856e+00,7.530748558863179509e-01
-1.491691499359782735e+00,-2.012451616314548275e+00,9.725820874480827216e-01
-1.435507831451738436e+00,-6.361310987720825150e-01,8.729834151622305471e-01
2.285705521938337093e-01,6.373222965286542419e-01,9.312767032054176664e-01
4.193603552309292937e-01,1.600942029669444100e+00,8.009409663008981717e-02
4.502388975247955116e-01,-4.039935386605906231e-01,9.575203845089772514e-01
-1.456739430800339186e+00,-1.800102732792665527e-01,9.145973943088634428e-01
-8.284473907501241907e-01,-4.906561318867208588e-01,3.855434990472820234e-01
2.245936696356252149e-01,-1.862067644213615702e+00,1.704368113025613862e-01
5.929468469437226830e-01,-2.043963969575155470e+00,1.392817189913725384e-01
1.473002772569695917e+00,2.021007961571804845e+00,3.225738664394200983e-01
-1.211721283734275900e+00,-8.448497361761673208e-01,1.342892351554937358e-01
-2.818761811389396410e-01,-2.054919880017728406e+00,3.935061614383675854e-01
3.213558863630523454e-01,1.229476135185248342e+00,6.312166217423388348e-01
4.515438666640503307e-01,8.794830241683015970e-02,7.488989964392461784e-01
-2.757930078441956923e-01,1.295588349489656732e+00,9.515903625595916182e-01
2.503258701510557849e-01,9.282598097477410271e-01,5.419274278891296204e-01
1.672789262045799141e+00,8.791064563452897218e-01,8.573816153722466638e-01
-1.367407632136829143e+00,-1.259376790609548546e+00,4.367478132531947832e-01
1.914988303635050126e+00,1.035832852390769165e+00,6.117250127080596789e-01
1.129182916775124834e+00,1.857533956338350833e-01,1.162264550077987124e-01
9.925075488125170153e-01,-3.154534544246248018e-01,1.112922182871216581e-01
1.330066973734744806e-02,1.936397493546446302e+00,1.389725556266977469e-01
