-1.282757694608099630e+00,2.063256517776802301e+00,3.722562617775042604e-01
1.574337023389090096e+00,-1.009773037037060783e+00,8.759517666153326942e-01
-1.140436799438437454e+00,-5.933684589294248024e-01,4.149123416489687299e-01
1.706036757730672093e+00,-6.000955828251397506e-02,7.734853541862940496e-01
-1.146469273725170268e-02,-6.020695096058126250e-01,2.521974919108859181e-01
-8.129907791937343031e-01,8.076145232772127258e-01,8.022086449042947764e-01
-1.719497005095520503e-01,-4.437133291300692228e-01,9.728257910183122359e-01
-1.097781660705194451e+00,-1.305804090124079941e+00,2.036106800383239435e-01
1.904362906369623243e+00,-1.880794614158491029e+00,1.976572214577828612e-01
7.039388958530312657e-01,1.331668871288201217e+00,6.022991743315669888e-01
7.123111380589230990e-02,1.106769907333700509e+00,9.234136646744728338e-01
-2.623428801969336366e-01,-1.217856249894807341e+00,2.230334187352800424e-02
1.816882270991916126e+00,9.417335162800246628e-01,6.756636297614004860e-02
-1.413928064466964951e+00,1.313652633709213369e+00,4.671529215615464192e-01
-1.762799921814536264e+00,-1.738505910930268517e+00,4.333690827864153938e-01
-1.381856054607133455e-01,1.017213166963174764e+00,9.383330275255963304e-02
-2.525465169632001849e-01,1.350990929268176988e+00,6.551148293999985439e-01
4.497997194413612121e-01,-4.770285049418301337e-01,5.532358365138504430e-01
3.748091787289387078e-01,-1.494512902629865359e+00,4.042191780656928524e-01
-1.262538580956580336e+00,1.539545001409781122e+00,9.001877223458847332e-01
-1.467854664798707631e+00,7.089274856459404361e-01,2.085622511589100281e-01
-1.394336945561821750e+00,-4.800719921018403724e-02,3.614856927257451558e-01
3.342941468127613724e-01,-1.199232283985137038e+00,3.650017319551149830e-01
1.121827665950503317e+00,8.345751691517748760e-01,2.878668988557475661e-01
-7.329237298861226435e-01,-1.950748226603521207e+00,8.885618525038325721e-01
2.252579152601525969e-01,1.035598580882341135e+00,9.939875392880325178e-01
-1.910777077637808130e+00,1.972921534161172108e+00,8.311343262498553930e-01
1.720594495416500891e-01,1.460821070463868221e+00,3.151003755020163055e-01
-1.265463725258845873e+00,-7.997305434415102887e-01,7.820975297079739708e-01
-4.220843820821555958e-01,9.091943014089260977e-01,2.417726804589729328e-01
2.092022480837645748e+00,-1.858711719416020980e+00,5.886250254229713486e-01
1.584480873265308176e+00,-5.325652578223971645e-02,1.668814707706440803e-01
-6.320735995540691654e-01,-9.766171289073692918e-01,2.199276100079794460e-02
-1.249077620088189899e+00,-1.422018166000309503e+00,5.119530478833147491e-01
-1.776849205356165751e-01,1.631859462092970503e-01,8.283241392144765625e-01
4.524421641287359463e-01,-2.294575554760460712e-01,8.217731059305410923e-02
1.106923359144369901e+00,-1.223534960837072028e+00,3.041043468463918709e-01
9.102653323404923391e-01,-7.208801832840803225e-01,1.567018150216058503e-01
-3.835358195536211490e-01,-4.420782479350018335e-01,1.606348340024427168e-01
1.308398562973467349e+00,-9.375417525720080025e-01,1.294186537116707170e-01
1.051051113864913678e+00,8.203807905855837745e-01,2.045287840901849341e-01
-3.476998653672722650e-01,-1.170891729649656821e-01,9.531752648106650572e-01
-7.903931297827588853e-01,-1.391777312294987468e+00,7.424309747873395482e-01
1.122316094727915381e+00,4.354788795058008866e-01,8.258015634885372824e-01
4.311682029038488295e-01,1.715656412936922504e+00,7.781042027849019993e-01
1.103408524668546331e+00,-1.564348686251857412e+00,8.562066524537825796e-01
4.293183181911950363e-01,6.793024377313794382e-01,5.226961206821012507e-01
-1.490849643011311176e+00,-2.939458904359972813e-01,4.900947768952564898e-01
1.120419373978337241e+00,7.788885915672612015e-01,5.475733094631679565e-01
-1.649331915357183931e-01,-5.123738124503798286e-01,3.244236551022957604e-01
-2.758263443390251979e-03,8.280646808376768142e-01,2.979577916737791154e-01
1.887583982222804657e+00,-6.121816276342353369e-01,9.214856705557228356e-01
-4.207546195194251659e-01,-1.083776297482212492e+00,5.755287616836611830e-01
-1.299002908887180396e+00,-2.003948329045803334e+00,1.323117853489362838e-01
1.086069716567318544e+00,-3.336857909604979966e-01,5.925303157035951562e-01
4.088896608973944247e-01,1.555228035209638371e+00,2.848616582543579412e-01
-1.485288017626207324e-01,-1.664016867553956613e+00,7.192565018550978184e-02
-1.875910229724931044e+00,-2.025967247294420126e-01,1.888539772904493930e-01
1.762937418432200865e+00,1.675876318057959669e+00,1.014649984737214794e-01
1.212199756975590237e+00,-1.854808969242712546e+00,1.687814066963494453e-01
-3.954373677804499110e-01,-9.773932291833233865e-01,8.422181216599334830e-01
-1.863368153494044943e-01,1.005989541202729320e+00,5.509442084632559800e-01
-2.098568626997044717e+00,-1.164618214648008188e+00,3.111993609143330897e-01
1.196398400484522284e+00,1.013626069865412926e+00,8.043536528450447864e-01
2.057250990032756466e+00,-1.890239076984652655e+00,4.805283185536509682e-01
1.100440191980671667e+00,1.675211226984229640e+00,4.449834746560921150e-01
2.016374616382698992e+00,4.615073660927291321e-01,4.953687504696969723e-01
-6.396845315440586877e-01,2.023860276855831142e+00,3.881700321191906555e-01
9.702026065839524094e-01,1.115600475979933837e+00,6.445369748028554335e-01
-4.225077663313681064e-01,-1.741002232190031807e+00,1.505354648921337635e-01
-9.534504058910651114e-01,1.274359338036165745e+00,8.303677269157540008e-01
2.036887490411519952e+00,1.376450032138168744e+00,2.137860293416350421e-01
-1.486017644741324473e+00,-4.187821260111164179e-01,5.620154578648682842e-01
4.276356117848636451e-01,9.626967291343588862e-01,1.531833325062659235e-01
-8.355741654376558358e-02,4.180598850702992308e-01,9.587352002777460580e-01
6.107144976756102572e-01,-5.162795651773932626e-01,2.284929261754573560e-01
1.927543364706921114e+00,-3.243964436786241912e-01,4.376794068346712141e-01
-1.310910887547632075e+00,-2.044635243422750825e+00,9.930668594850721176e-01
3.990180954091027132e-01,-1.205388541124679858e+00,2.702758115166450370e-01
2.147436148960588653e-01,-7.978654742331230398e-01,8.642638591776803381e-01
-3.892670973682232916e-01,-1.658154162583284741e+00,6.284484132880699958e-01
-6.189074109881369523e-01,-7.315792662959950121e-01,1.545356850943713223e-02
6.743448937211207195e-01,-5.078910577450479469e-01,9.423852088979199904e-01
1.166208334947326453e+00,-7.498550908236691903e-01,2.849457991923810551e-01
1.959665518180719435e+00,1.177774321061760610e+00,6.139496198565889129e-01
3.613435337830370742e-01,-1.291783730724789248e-01,2.029344135493545975e-01
-2.034636637732401887e+00,-5.564155733822897520e-01,9.674710416816446612e-01
1.175777465951010292e+00,5.484274548034866470e-01,9.842477685653812092e-01
-6.754346211581849779e-01,-1.563060778016366781e+00,1.844307363708680425e-01
3.985321981021527904e-04,-1.753332572397050537e+00,1.553888054469968472e-01
5.457155060658238632e-01,-9.952120179371206632e-01,2.053538682808513371e-01
3.977969759378425785e-01,-1.213870406022410364e+00,2.540148648018892841e-01
7.375615132644837146e-01,1.249632326569888985e+00,9.221637617567705059e-01
8.496571374554080514e-01,-1.654543503127238857e+00,9.264769240460909439e-01
-6.622375863017855302e-01,-9.604421169892265464e-01,1.158148657244668644e-01
-1.745240818948272654e-01,-1.659792199513359545e+00,8.047697497099429720e-01
9.149591425389167476e-01,8.847487032153500408e-02,7.312346258029397417e-01
-2.711589987537037505e-01,-4.208123048626786211e-01,6.033827182613189510e-01
-1.233872752760826419e+00,1.580912640232819744e+00,1.614594361820353985e-02
1.525256407159159444e+00,-4.617496305657953215e-02,7.423211639941860174e-01
8.602400753741359374e-01,-1.204482997284383794e+00,8.285371413814255348e-01
1.796590892308511211e+00,3.709024958808231354e-01,4.726043954012467685e-01
-8.271704549005720608e-02,1.051591810267784588e+00,2.978543239707516221e-01
-6.673135429404690733e-01,-1.166283712412176321e+00,2.797352874667412559e-01
2.016698196985969194e+00,1.674323412426539370e+00,1.859857843230131591e-01
2.062178953897567890e+00,-4.134864214377882430e-01,3.291319358323915312e-01
-7.402673564503214898e-01,-7.055130663044579808e-01,1.310083179012780930e-01
2.084484956965284130e+00,-8.708552279390120443e-01,3.921692165440877620e-01
-1.529496528986884929e+00,2.861476707774617267e-01,9.127557942178843309e-01
-1.378971359630738247e+00,5.523036128639557951e-01,2.031782076361340339e-01
1.893752837274451650e-01,1.689672729267015061e+00,3.962787512908599874e-01
-1.398039344513065441e+00,-8.631953678054298251e-01,9.984621885983235856e-02
-1.677225588650368415e+00,-1.060910399390698977e+00,9.161750568169466646e-01
8.358492473954322044e-01,1.956180001555431591e+00,5.407192243114422592e-02
-1.423622275737119747e+00,-8.382955366296940269e-01,3.113537850075211999e-01
8.784805818472856132e-01,-9.847550348467537518e-01,4.185981536377888501e-01
-4.506070577165763869e-01,7.683633196946142441e-01,4.363860688105452024e-01
-1.523162533483305214e+00,-5.673217995366706123e-01,8.844300780753130420e-01
9.651950969797078450e-01,4.507183055955623630e-01,1.256684562545509198e-01
1.683856975507240783e+00,1.982164681701317210e+00,7.649861263447454984e-02
-1.696683928011371689e+00,1.304175662087535326e+00,6.215592822298798836e-01
1.278628167499987534e+00,-1.929004515975645040e+00,1.546579013883125908e-01
3.331119248689873302e-02,-2.096105963838793329e+00,7.125185241741764930e-01
1.629568762643002877e+00,-9.831470111054720906e-01,7.829973696274561412e-01
1.892325274455830098e+00,-6.216243763168582959e-02,4.047589677141093523e-01
-1.976076862048903093e+00,-1.717406374975180228e+00,2.657489989024797161e-02
7.820061571720273719e-01,1.177052415649622485e+00,5.631899616796099961e-01
5.413703362259378871e-01,1.080988303935357386e+00,4.939708106191820214e-03
-2.944397858380853883e-01,1.601410749941140299e+00,6.531084471409625003e-01
1.996078327548014730e+00,7.840646994837414674e-01,4.472698897853002453e-01
-1.084642485405584722e-02,6.172179858379878148e-01,3.057340447970066100e-01
7.206315532138520830e-01,7.360878537327968374e-01,4.142471668658311845e-01
1.345686888820463167e-01,-1.425775597493652347e+00,4.936977158700150969e-01
-1.853451863721200965e+00,-7.309989060362218627e-01,6.870417064009396446e-01
5.915442060999174245e-01,1.841566918016658505e+00,8.532715853319915444e-01
1.339969915722364568e+00,-1.866159035306939717e+00,3.375406172547346095e-02
-5.651128336377555517e-01,-1.216509770056282136e+00,8.820907869545137059e-01
-4.671608518435441670e-01,-1.202672127495764354e+00,7.992738559615699678e-01
-1.975846652578687523e+00,1.912597963235035170e+00,4.902425507710314045e-01
-4.150045726056910134e-01,1.618828225875754256e+00,8.840604515440542155e-01
-1.547831900333864308e+00,2.004977880694322590e+00,6.305902786472583621e-01
1.941235757392970829e+00,-6.344109651513247794e-01,6.650161724721884715e-01
3.471072583818428647e-01,-1.234863695948162032e+00,4.525952233387146029e-01
-4.022743049640564728e-01,-7.726524701821382290e-01,5.592980664174573846e-01
4.208733034677702989e-02,-2.039505023068981959e+00,6.768775272830119816e-01
1.558493675035068637e+00,1.268462003987142150e+00,3.734230929614419381e-01
-1.659453727098725739e+00,4.965403653524798067e-01,8.995326073235683229e-01
6.940728527638224676e-01,-2.667542370864997014e-01,4.085107214949964538e-01
2.038396480777070696e+00,-7.746502828512102923e-02,8.115835049248716349e-01
-1.302100841318463376e+00,-1.213882058224182936e+00,3.323888872242211079e-01
1.812361505573101272e+00,8.919907656977730248e-01,7.144119652530860343e-01
-1.782535167900362705e+00,-8.344294178807354356e-02,6.127679866961788235e-01
1.011768570805642309e+00,9.556407177897390248e-01,2.065523130969963983e-01
-1.249424369131183266e+00,6.866011916190202236e-01,6.858304043078513601e-01
-9.231742019242876740e-01,-1.114870621027242326e+00,2.093326054818964721e-01
-1.042089322714421229e-01,2.098626450860248571e+00,1.368177559630127105e-01
3.655468572397522209e-01,1.475872995970088475e+00,6.207126672590328464e-01
-1.730966538921847597e-01,-9.143760758880299377e-01,2.789264177586684434e-01
7.317167829121071776e-01,-1.517780392306661286e+00,1.661953328359120352e-01
1.052608764815570641e+00,-3.676171722200427538e-02,2.846074613809927989e-01
9.751364131850746020e-01,5.635560773585233107e-01,4.808418988158225105e-01
-1.162805960913063874e+00,4.448195425916292578e-01,3.657251558092637911e-01
-4.877516001567718806e-01,9.103300278775083854e-01,7.581426944526984402e-01
1.321396176324280525e+00,-1.584154543484348920e+00,3.029979825120898695e-01
-7.271253052097319536e-01,-1.922414288336674826e+00,6.754861685791820891e-01
-5.676020458444401839e-01,1.429449587557766410e+00,2.741754329901191500e-01
-1.055721405677631175e+00,1.728914915961361487e+00,5.007682720842128177e-01
-5.150144556792304318e-01,-1.795611260945662035e+00,8.488913638636015335e-01
2.024080580463505807e+00,4.515415525677872743e-01,1.759770122081483201e-02
-4.323290152767806926e-01,-5.514326575506962591e-01,6.992707026346730581e-01
2.028270928136309603e+00,1.282279479027466973e+00,7.528781050137055564e-01
-1.595656155396996567e+00,-1.132180299033265669e+00,5.462982854447339109e-01
7.781778237541239207e-01,1.607847462881450973e+00,6.385990688346810940e-01
1.746126384229351292e+00,4.835628570359618017e-01,1.357389050098154470e-01
-7.196012264313473850e-01,-2.055312150430125939e+00,6.830348108781510996e-01
1.909497021720163890e+00,-1.075597195567495223e+00,5.415940794796261226e-01
1.838242035284987974e+00,1.143110635186944446e+00,1.224184191675946609e-01
-5.531787158815253402e-01,1.108845420998637810e+00,1.570363126598296466e-01
-2.007133571469461142e+00,-2.583066780428286968e-01,8.450053875883196675e-01
-1.429425798653713997e-01,1.371029436671419077e+00,6.117875499610421208e-01
1.119654482479947699e+00,1.123343988327301535e+00,7.072724892753926573e-01
-1.694144921319672425e+00,8.100656848651568431e-01,9.460896745967137811e-01
-7.356173528242102577e-01,2.478112819802902322e-01,3.132133737508159266e-01
1.826986448295671916e+00,3.812190120903191648e-01,4.440480417845846794e-01
-1.497805450319786402e+00,1.442266595088751657e+00,6.611838764746540420e-01
-2.804150158467728637e-01,-1.528168345507582071e+00,3.667649938112665930e-01
-1.843586958044488355e+00,1.647235428252943112e+00,3.753992641847491152e-01
4.161530729347791002e-01,-1.643110604141671427e+00,9.112957350002535151e-01
-1.070204655483090184e+00,1.581564929950435516e+00,7.977520411091509889e-01
-2.070699348926383632e-01,-1.748305022432636857e-01,4.262429665071133522e-01
-1.182565798304806126e+00,4.264504879067487764e-02,1.198014852699336164e-02
-7.749800363587280305e-01,6.255744516662384846e-01,3.449814613459994961e-01
6.828328330355746267e-01,-1.282673142744414241e+00,1.498817299228286659e-01
-1.814880203417723159e+00,2.528775105065483864e-01,5.256313544840836016e-01
1.727338053059372047e+00,-7.804360024239731519e-01,8.631878335359188803e-02
-1.390249257857671061e+00,-8.732364505586820425e-01,9.156430602742365865e-01
-1.392135708139603079e+00,-2.440762095898245665e-01,7.882528346996194868e-01
-1.069717261174675027e+00,-1.265498356465167173e+00,7.544176714419756902e-01
1.963933595577946445e+00,-2.045095781013661185e+00,3.076960623301344677e-01
-4.233446493262578159e-01,1.668520439511200770e-01,5.233647109689054666e-01
2.055314607147325834e+00,1.775783783382681058e+00,1.138711388928127510e-01
6.237388208994572025e-01,-1.889122638692858125e+00,2.616826085283245895e-01
-1.881910018400073659e+00,-3.374150521297123451e-01,2.256605853146086416e-01
-7.298493678245736582e-01,4.845925158982447023e-01,6.294900557246431161e-01
1.141244748598055025e+00,6.982187280548179942e-01,5.259521093969374839e-01
3.026932045574621810e-01,7.406081463283458177e-01,8.406420463335021465e-01
3.057571318065623878e-01,-7.912926570335478971e-01,1.658893243683530194e-01
-1.464924871257252903e+00,9.125092956759930374e-01,5.266393100397464000e-01
5.072762854434915702e-01,4.368224859181970565e-01,2.813029137828175763e-01
2.077368089192148659e-01,1.347475229170453925e+00,4.506394170135538113e-01
7.897944103530019078e-02,-1.138791830466607813e-01,6.240682786806228677e-03
1.339852541291623567e+00,7.533876467809594857e-01,3.494796778956881234e-01
9.844639341182954695e-01,-4.561965618260606092e-01,7.476128363675749178e-02
-1.669816569805648410e+00,-3.019831558260586135e-01,2.120234537850733680e-01
-9.691252771153693324e-01,9.407628563124679211e-01,7.982289917618062836e-01
-1.719012945860725949e+00,-1.792121406990053956e+00,8.638476166426856118e-01
2.050755523897240362e+00,-1.658424852415363970e+00,1.194396881691381918e-01
-1.017099675990812191e+00,1.272936371078969398e+00,4.187064959149274790e-01
-1.829646962112942976e+00,1.886979651546753178e+00,4.015944921230432119e-01
1.685245431777329550e+00,6.939011107870918238e-02,8.756896840935376458e-01
-1.051325048385314487e+00,-1.322454408837601125e+00,1.748551863844896026e-01
-2.328899851928794007e-01,-1.617618118966776430e+00,3.528904730993795980e-01
-1.703819093847641630e+00,-1.900706150543141293e+00,6.156819690702439729e-01
-1.648915958760559519e-01,1.252260339603073813e+00,7.931000655867679328e-01
8.611525305459002411e-01,2.559224836380575852e-01,5.891013982140080874e-02
-1.782882190080053109e+00,-1.371025968395286787e+00,9.990061303773356549e-02
-1.049221829474102696e+00,-1.251592801454846748e+00,1.840148141977556717e-01
-7.424599113177954290e-01,-1.573508174955853267e+00,3.361152084763191494e-01
7.739801005188069460e-01,3.968028763675075510e-01,5.670519159639512141e-01
-1.197749259091812180e+00,1.560089650197499900e+00,1.917608766652031393e-01
-2.372120354192142067e-01,9.358533062809515357e-02,9.191840725222136799e-01
1.074765200580134916e+00,-1.445203729940412796e+00,1.457081367712195208e-01
1.174046154715671531e+00,-2.912383153999276164e-01,6.356583584574203583e-01
-1.103632546883311250e+00,-5.899297163165728719e-01,5.486213531208076200e-01
7.335675236528764742e-01,8.979619700059946474e-01,4.445568195239690823e-01
-1.873810369137757448e+00,-5.868732127951077349e-01,8.208463394382815581e-01
-1.135323315554457091e+00,2.349840212238505366e-01,1.800138520300831324e-02
-1.452664344350105718e+00,-1.931865265319107516e+00,5.440896855705629198e-01
-1.586874852847658834e+00,-2.038522986110182789e+00,8.295129642451892771e-01
-1.846997565942804842e+00,1.208441764540136631e+00,3.200352360737883650e-01
1.858461715599828423e-01,-5.761405238730674672e-01,6.112086407506548413e-01
1.001728543736589927e+00,-4.060826433299420390e-01,4.226782122881641568e-01
3.962942195730763117e-01,1.810299653134053166e-01,4.224162090357478361e-01
1.601487757771860476e+00,1.216720225069432004e-01,6.053779016455825834e-01
-1.944885255251143530e+00,8.205121719170880290e-01,2.733143609520374273e-01
1.719280213559711612e+00,-1.330210404139576807e+00,8.661514597463304543e-01
-1.995127977034398148e+00,3.953055186059106774e-01,1.426157827685287094e-01
6.965874684851254273e-01,-2.079963678862852383e+00,2.906524729639495819e-01
1.216549769777690582e+00,1.107568394549506952e+00,1.554523189317635889e-01
1.428453480230802430e+00,1.579146263758483659e+00,2.425997919158340288e-01
4.058363727370339902e-01,-2.024841594201664652e+00,2.392397116327126261e-01
-7.004824602936567945e-01,-5.944127353517540957e-01,2.319046909637045850e-01
1.817858061069276943e+00,2.031476817472703811e+00,6.833327979516061745e-01
7.707552929279861686e-01,8.330261719049749658e-01,4.163856945043709068e-01
8.111598468709586562e-01,-3.905376004908143184e-01,5.082544232103591852e-01
1.178591270878679431e-01,-2.367487901486169388e-01,3.225777538477709872e-01
-1.469759630772584202e+00,-2.330337933495834069e-01,3.042625986099791735e-01
-7.996181148394048144e-01,-1.880480254735468204e+00,2.656204915380113718e-01
-4.761781219720255809e-01,8.741184869978364524e-01,7.102627016017066808e-01
-1.788961636348580964e+00,-2.384419085631384050e-02,5.006913901333484018e-01
1.975349584294849858e+00,1.605455453128220800e+00,6.347683947921231029e-01
1.644182605044311352e+00,-2.007354865820579537e+00,2.102500462403077419e-01
6.872163550279175581e-01,1.567474216178309732e+00,9.193659486048364471e-01
4.754841171043824311e-01,-6.994929282926236613e-01,2.139349265637856545e-01
-1.153309598485725118e+00,-1.972198188396686591e+00,6.663991058976422854e-01
1.507129289843578412e+00,-4.003214474875469442e-01,7.266256464655395098e-01
1.994509767595743721e+00,-1.338241029641829893e+00,1.451682650599915858e-01
1.946475184766827571e+00,1.246085314390876775e-01,6.389914906815410411e-01
2.053599168030244559e+00,-4.902619236727503438e-01,9.328347610523304301e-01
-6.737318203010511652e-01,5.606089828335827363e-01,5.499543792062608905e-01
6.480461288831067534e-01,-2.944468706733354146e-01,1.916511889311444117e-01
-1.322935646686253630e+00,4.101951099006195811e-01,8.927760777862516761e-01
1.164125457840416544e+00,-1.481915268645761063e+00,7.959013026638218635e-01
1.716074571476307042e-01,1.112554076351102594e+00,3.833072269617353589e-01
1.896707587245760163e+00,2.099360923249224964e+00,1.803765947534139436e-01
-3.988796384333825884e-02,1.602536953003498965e+00,1.076756655178564559e-01
6.991906904338573980e-02,-4.326992639404201313e-01,1.986479602755294449e-01
-1.719782214532920683e+00,-1.016835448264872710e+00,9.460542370703816095e-01
7.346185018180841908e-01,-3.091201681965665138e-01,4.046483313819305705e-01
-1.178435069498422472e+00,8.993292309544278496e-01,1.163934512100812668e-01
-7.868817236172764851e-01,1.954507506858643939e+00,7.207076474269967781e-01
1.623048058962901496e+00,4.070965832423554254e-01,6.241717627653029510e-01
-1.361234884320161598e-02,-9.993215467347356107e-01,1.998678755114055017e-01
9.591322104023021211e-01,-1.913391273816020588e+00,6.102888541663220590e-02
8.800921536688370850e-01,-5.647802658151692690e-01,1.934197290676028524e-01
-1.773639033557733224e+00,-3.142363931899718743e-01,8.442090168526306115e-02
-2.857915321898800709e-01,1.341078869983532318e+00,9.065003357406093976e-01
-1.248937038919064824e+00,1.150741484809352677e+00,3.050712104035381289e-01
3.771762670570510956e-01,9.791560937342023152e-01,7.511459475008445130e-01
8.065656710256878803e-01,-1.368360492930323691e+00,4.042157293219961200e-01
6.253976974027977143e-01,-9.351664817355278547e-01,5.588025518897349331e-01
1.184851864561589974e+00,-5.965923325477020533e-01,7.605069325121640578e-01
1.019770664314059161e+00,7.357549599832227116e-01,6.343936986593154970e-01
-6.395827037612102917e-01,-2.008117228283944122e+00,5.052276760268696876e-01
1.771793180670861112e+00,-1.046209009887980379e+00,3.008296312862983601e-01
5.874344375468130153e-01,-3.072668991596945176e-01,1.420664880207652692e-01
1.762136554595983284e-01,3.185121647922186661e-01,5.341491042245029019e-01
-4.062960919886349220e-01,-4.373620194849419107e-01,1.264937548755981078e-01
5.714594100046483938e-01,-1.607818901755313501e-01,7.014186901920930195e-01
5.733617360269391838e-01,-3.036320625644561844e-02,4.638752631322066167e-01
-7.413925035923565332e-01,1.603159463777840799e+00,2.092214279119413156e-01
1.683419761253888591e+00,1.711172146860380217e+00,4.236347970823883813e-01
2.092125073363411136e+00,-9.920296798664107740e-01,8.538903941542658194e-01
-1.928891851712821737e-01,-5.124131525723243374e-01,3.471201200788053276e-01
3.851062643101652583e-01,1.642069415614348049e+00,8.509920023242059095e-01
6.544831572962284127e-02,-8.567485234267211425e-01,3.977571996119715347e-01
-1.354466839971032677e+00,4.003660736191534397e-01,8.485572663634828317e-01
-1.658676544329749092e+00,8.751511250012065091e-01,5.687107856445694498e-01
1.892469911562525642e+00,-3.643723334827297933e-01,3.508234339792281054e-01
8.193976615785105722e-01,4.840215911712086871e-01,9.529785257332431536e-01
-4.762958387600746413e-01,-1.132967427302128627e+00,4.486388192304273659e-01
4.616393379172425426e-01,-8.478893041202353320e-01,6.328667709254340856e-01
-1.335166167113992497e-01,2.210791878352273976e-01,8.873094247181043670e-01
2.051383668576803654e+00,-1.243144027929367512e+00,2.733180227562831410e-01
1.857524718604213199e+00,1.238386701075962826e+00,7.676626206798563556e-01
-1.119364216170577464e+00,3.089776188647230803e-01,9.560814601586864470e-03
1.628086294072710771e+00,-4.091842471701978567e-02,2.701281730103956003e-01
-5.373650043753031014e-01,-4.002103714090816666e-01,5.639502658119442957e-01
-2.060799434861325885e+00,1.477892230707326338e+00,8.228957248489998655e-01
8.532972542764771795e-01,-5.421053051966617797e-01,4.910054515983749424e-01
-1.703809721794794507e+00,-1.307984105085515214e+00,3.742707690250546282e-01
4.017892934873041888e-01,1.582123477408295287e+00,9.499668672533249092e-01
7.320494088664850629e-01,-1.236185415348029393e+00,7.486126899298581883e-01
4.412223994925721371e-01,1.025090811625773313e+00,8.611744760927725340e-01
-1.489833258036443731e+00,-1.974462352205794691e-01,1.950350923214793086e-01
-1.486308710850492210e+00,6.091441072846892624e-02,6.696120038334062441e-01
1.863794962528514620e+00,-1.728969705391497635e+00,7.495771519485762147e-01
9.918133079137496644e-01,5.682387193357421040e-01,6.296662764323518457e-01
1.983079798769793012e+00,-4.023919547727266011e-01,9.311207319936928295e-01
-1.812409617680313278e+00,-1.713403036882954034e+00,7.000480416074588152e-01
-1.769070602417052385e+00,-4.573110127092345767e-01,3.401511493599791436e-01
1.526516924028156197e+00,-6.412501426180285957e-01,7.518396358697290172e-01
1.416605802430677130e+00,8.478898029733796804e-01,7.004570930486172520e-01
-2.016064442548501923e+00,2.084057916725311710e+00,1.186335920327519222e-01
-1.602232038812007042e+00,1.951854422436995140e+00,1.746175078721803331e-01
-1.725052236662522276e+00,3.594952047565982411e-01,3.340452389014790802e-01
3.741833503785541026e-01,-7.725643750255040132e-02,6.043744911249155916e-01
-7.712363159265978041e-02,-7.376620444159724954e-01,2.302279146745184191e-01
-1.537247563187724042e+00,-1.179512543977369488e+00,2.558332295352058194e-01
-1.505209335242048585e+00,-1.576220481789057271e+00,4.827921621549915443e-01
-1.332966473815048847e+00,-2.018439065549755718e+00,6.859495530879017311e-01
-1.676896649439548970e+00,1.382630344097665720e+00,7.796815119299155272e-01
1.190856183498179899e+00,-3.654415172941090084e-01,8.178796421228664570e-01
-7.698534369541145672e-01,1.666701793173571478e+00,3.201182082672200391e-01
-1.858876746157621440e+00,-5.044439985490176692e-01,6.214319145059243876e-02
-1.879771924353682566e+00,-9.481228750600776412e-01,8.486575729806966617e-02
6.119062699636059754e-01,-1.820953698491275974e+00,1.603642292147324788e-01
1.134329374956539738e-01,1.053204790006431857e+00,8.748387352283442109e-01
1.444461346525989676e+00,-4.322295280841730314e-01,2.944394543686806864e-01
-9.061215445014587644e-01,6.087535834332551410e-01,7.236636164251123438e-01
3.299045485128728750e-01,-1.467772158395107995e+00,1.607014600106912994e-01
1.647425116464320549e+00,-1.668170630901381957e+00,4.505715043087832328e-03
-3.287143153586054023e-01,-3.486681442020500565e-01,4.745906417770665575e-01
1.804477601990663871e+00,-1.161181052162882921e-01,6.772583843897228562e-01
-1.377453549209846528e+00,-8.922871292404905841e-01,7.144517274553581210e-01
-3.044314402482637405e-01,9.956745396913442292e-01,8.265718391092176098e-01
3.076017261092607313e-01,1.178967405973736060e+00,5.180495046633508682e-01
-8.569344741091744488e-01,5.635630527442456739e-01,1.244575322377761140e-02
-1.996448211083604818e+00,1.733362257122258665e+00,8.903726783932153221e-01
1.977404201225830160e+00,3.548575348871003676e-01,2.403860353929994087e-01
-8.979308487329795696e-02,1.949649448436168608e+00,3.382522079656777869e-01
-3.215232213702137187e-01,-2.050314150063015095e-01,3.089740486576740830e-01
-1.810055447013568575e+00,-1.265627019314296664e+00,8.174481760138739839e-01
1.530899981656471009e+00,2.085746559707937653e+00,9.289056632155636706e-01
-1.741342159398527212e+00,1.698720192539220797e+00,8.276095595966770357e-01
8.578185853571667074e-01,5.475575319022283338e-01,7.214690251688038458e-01
-9.424983182203761078e-01,-2.071128955202827804e+00,1.194407851835440626e-01
1.049428125438491843e+00,-4.041816747546040922e-01,8.838488712645811152e-01
1.687002631168477151e+00,-1.424327866151644528e+00,6.426510791764734609e-01
9.043084911492913491e-01,-7.117213427391397840e-01,9.403631378372638849e-01
1.492878648498718874e-01,2.798639487659881908e-02,4.251853427585657874e-01
-1.346470738773814402e+00,-3.947010805738613293e-01,2.863791001641694534e-01
8.519917963180190235e-01,-7.039635940806963088e-01,7.542803108734645878e-01
-5.311187814778073335e-01,-1.395000107497910591e+00,2.556021802082125705e-01
-2.043890200416902836e+00,-1.030497789815697729e+00,9.501486047801033230e-02
-1.306533963303763368e+00,-2.052821121525618686e+00,1.676591025543413549e-01
1.175084829312454282e+00,1.944866102096063365e-01,3.079826905188707276e-01
-8.999845536093420417e-01,-8.059503974384676361e-01,9.934835047200504254e-01
3.393851144443265078e-01,5.143444899166280670e-01,4.888511180399121026e-01
-1.662791636158506003e+00,-1.267026693705655127e+00,1.203666138253685070e-01
1.980214101848869479e+00,-2.069646208572943014e+00,8.433174704956157841e-01
-1.357398461731585515e+00,-1.341542552163353275e+00,2.574374419809446479e-01
-7.058191634956503258e-01,-4.233134152409627760e-01,3.515450230266430331e-01
4.264739941371837872e-01,-1.873515030069529796e+00,8.588222080077676512e-01
-5.610314792756156965e-01,-5.797529722025549503e-01,4.317512551468016824e-01
-1.731646982550077984e+00,-1.826961388376179718e+00,2.276640305823811605e-01
6.263410492039422905e-02,1.367522672597068389e+00,8.103738658433601305e-01
-2.064390188669650072e+00,-2.028094877286815478e+00,3.982517156384545176e-01
-1.626779053809404019e+00,-1.148102241715888372e+00,9.189467071020829270e-01
1.744606394902839419e+00,-1.740737191030783393e+00,3.682186516801078113e-02
-8.163514697554143940e-01,-1.589412261363281065e+00,3.983691494838503822e-02
1.518664698860496820e-01,-6.785799475567257932e-01,7.783938418932656589e-02
-1.639974135311508041e+00,3.579022491481662627e-01,5.606493315499004870e-01
-2.011136679093765700e+00,-1.204806441605926759e+00,2.191310133543991068e-01
-1.098702822686329572e+00,5.070077426619663541e-01,3.681328227026785527e-01
-7.157537414734793657e-03,8.815042179086316487e-01,9.595919595609988528e-01
1.664484237927836840e+00,1.575792389067166344e+00,4.636494072366517116e-01
-1.567102445553363310e-01,-1.066647942906346236e+00,3.884450504309876484e-01
-1.638760269159261540e+00,1.365777226133530142e+00,4.196618428435714421e-01
-1.744113186857375819e+00,-7.012392544176160314e-01,9.877467203775830429e-01
4.012440275534499001e-01,-1.146041951244479495e+00,9.748954629197991162e-01
1.598783207004551343e+00,1.651941983333503838e+00,3.917190423385880083e-01
-1.422956231170441788e+00,1.983890219284181189e+00,6.912108135541504828e-01
-1.914237332418093684e+00,9.056290805943323363e-02,6.210545290815749908e-02
-1.889026130305592854e+00,-1.301930753464842772e+00,7.256271486871036513e-01
-1.920210057342303100e+00,3.129354472395502462e-01,3.915090787687744989e-01
1.051809982309928060e-01,8.567807742677304716e-01,2.578291471280261815e-01
1.778723825595914576e+00,6.416264021594102474e-01,4.916757264846183251e-02
1.782256481789236346e+00,4.440150562220557262e-02,3.854258179765887027e-01
1.689581084701923253e+00,1.240711631497992240e+00,9.129822506740061794e-01
-1.346020093130138928e+00,1.912987233984566604e+00,5.357102103535251736e-01
-6.193820570013119919e-02,8.054522682067797312e-01,8.891540846868339898e-02
2.066812788320904204e-01,1.444834783478539109e+00,9.548788442188425041e-01
1.067948201033027456e+00,-1.018536896868995623e+00,5.076442559618410399e-02
1.083439505744255626e+00,1.726553195275616570e+00,8.652504391762234626e-01
-1.529321500293435943e+00,-5.706030618312276648e-01,9.753321145075074527e-01
-6.019075448035589027e-01,1.134160385352214639e+00,4.790921851356395589e-01
3.843253059262958793e-01,2.538449887839213659e-01,2.007758199082644301e-01
1.996102298421963628e+00,4.051868022592093332e-01,4.902638651523083535e-01
-1.319088398569882470e+00,-1.102617179910067025e+00,2.436886689050785648e-01
-8.258306079899075947e-01,-7.245563794891074494e-01,9.205957582558942365e-01
1.781468861917854252e+00,1.980408080655694736e+00,2.109528512031995096e-01
-3.564567876114934641e-01,2.530785468419121109e-01,1.000051253531797357e-02
8.853935877373100283e-01,5.853652102424775627e-01,4.664014873312785081e-01
-9.368043336069036275e-01,-1.464778864537295888e+00,4.849979800775762184e-01
2.067506821866089251e+00,1.982648767965464298e+00,1.773166546117713738e-01
3.233078460967750978e-01,-5.854919713374093782e-01,6.671492849676519121e-01
1.158785251806128791e+00,-8.732286779714000247e-01,2.880869597703319407e-01
4.553981512229676731e-01,1.219101728362755654e+00,2.772295346614948031e-01
-1.644679513791542869e+00,-4.266925800883734077e-01,3.796504151792646775e-01
7.704620267137305412e-01,-1.520722447774450092e+00,7.566997615417783152e-01
-1.390704191668881595e+00,-3.232924336131439702e-01,6.570866290603287752e-01
-1.247076658440861019e+00,-3.663563828230427255e-01,5.204569245170239666e-01
1.452999827045552639e+00,-1.958949340180139220e+00,7.879293610489043198e-01
1.668076686734878855e+00,1.454310807705677888e+00,1.561667400696419294e-01
8.651525463884532918e-01,1.224842357673709081e+00,3.130056203758299072e-01
1.727497135284761676e+00,-1.945649123384912693e+00,9.673541696894745190e-01
-8.101734894165741885e-01,9.414057905012853666e-01,1.017767379101175429e-01
3.649434113518830181e-01,-4.910978959744316530e-01,1.536671885569771412e-01
1.594324420635759854e+00,8.799627685472772853e-01,8.526174758377645935e-01
-2.001829388464211767e+00,-1.368596330599679778e+00,2.048695684023437158e-01
4.638659365253401390e-01,1.205851725644540462e+00,8.467259482421717331e-01
-5.170810537432650733e-01,-1.180869913805719484e+00,3.713683610729411333e-01
-1.477229045500893845e+00,-7.174285749828042125e-01,1.840193914478721604e-01
-5.718994598963778042e-01,-1.154903323997495734e+00,8.069201917166934912e-02
-2.028943547367164424e+00,2.281753307386527041e-01,3.976242762347408366e-01
3.116485371084336542e-01,-2.248409681665208826e-01,4.932600335406832626e-01
6.496198141268512138e-01,-7.729661642853054015e-01,3.307278499847474684e-01
-9.537124229054279034e-01,7.527652347747020301e-01,9.561703852354757061e-01
-6.252758268325828706e-01,-2.075833014892909834e+00,2.550188760390992293e-01
-6.395141778173700775e-01,-1.848930515932765140e+00,3.131832050989424854e-01
-9.303132572874692752e-01,1.977820212523537347e+00,7.823959186191793425e-01
3.726761035250598653e-01,-1.134604408323909963e+00,1.664519233431922540e-01
1.913668650258912418e+00,1.325571925457415645e+00,3.094182180247309066e-01
-1.696473628321305549e+00,1.723833949826059087e+00,6.499578343989630413e-01
1.734050345334332999e+00,-4.673856060403620560e-01,9.537060217401051032e-01
1.995512851142647204e+00,1.555393886190860275e+00,5.401740209561533002e-01
-6.114471359035356102e-02,5.575110775391269868e-01,1.578785395969052319e-01
3.067322559642708946e-01,-2.319853065874319942e-01,1.073550758127697069e-01
1.969747493204782263e+00,-2.047274758427825248e+00,1.044079730284261931e-01
-2.208580390084236011e-01,7.300463864577722006e-01,4.364823902939423128e-01
3.314583276112745835e-01,-1.712166210370849040e+00,4.348522563850085731e-01
-7.089033633712937821e-01,-1.866532380358897569e+00,2.105892509978010141e-01
-1.764519893238101877e+00,1.970970001838431518e+00,8.004179263255525312e-01
1.700523147443106620e+00,-2.072177276728961015e+00,5.895681200448797954e-01
-2.895890801284912719e-01,6.192714121909053127e-01,4.763062576313973340e-01
1.119167851043817219e+00,-7.139307095578562024e-01,5.199545600864293737e-01
4.802734243486805887e-01,-2.499538341289342380e-01,7.830990754130230380e-01
2.082705112831655381e+00,1.480207448950950244e+00,9.347961552602209734e-01
-1.042078732059216417e+00,7.184709932089292650e-01,8.908569779293206148e-01
1.890051258436334702e+00,1.098881802411157960e+00,3.470623282818342537e-01
1.790706878714724670e+00,-1.468620134876173822e+00,4.523181734533679998e-01
1.173506454569985813e-01,-6.809411547290311617e-02,5.774752787982941893e-01
1.827499788898263589e-01,-1.319091305578819373e+00,2.097417621101254070e-01
-1.343984910876948824e+00,1.413160128075949373e+00,3.596224107461939434e-01
-5.077299055772166447e-01,5.351951362343330132e-01,1.340663374135002694e-01
2.594475541600740343e-01,2.059575130928283482e+00,3.215629573158422794e-01
-1.618256571737616945e+00,7.873487623357195986e-01,3.031285876267174606e-01
-2.164071126166617898e-01,-2.795713813447213703e-01,7.838048929200821524e-01
1.535928197597300482e+00,8.393226532852180455e-01,4.919748846984929314e-01
-1.492990415774941626e+00,5.072622024359376702e-01,5.325314167975323532e-01
4.210649701876199025e-01,1.383018072060382408e+00,2.485905167663861048e-01
9.897754058720034109e-01,1.567098594799376521e+00,4.684995157402311872e-01
5.497299377921973651e-01,1.537187146483337763e+00,5.117182842591974090e-01
1.581749910261512682e+00,-1.393826523181699528e+00,7.792244023467072012e-01
-6.884404079429173873e-01,2.487227610757889451e-01,4.103177924412610977e-01
1.311957387776065964e+00,-9.533596620641717756e-01,9.904179893700340021e-01
7.730438816899667387e-01,-1.713709954092101695e+00,6.863084430714100348e-01
-1.454492120521995391e+00,-1.357823022313404238e+00,7.352813075994446557e-03
-5.293109628484686802e-01,2.007281707859423836e+00,9.352139601793743040e-01
1.858420796618586390e+00,-1.128612552358396748e+00,9.475461276085132001e-01
-5.419932267767453293e-01,-1.276224888270324875e+00,2.366222387959369122e-01
6.276592740453916797e-01,9.714946185599808715e-01,5.773692101345486716e-01
-7.924367077187799424e-02,-4.753529920964196798e-01,8.606299471826059921e-01
1.757104749051796588e-01,-1.085604172709443871e+00,5.607319725842301317e-01
2.745083225161977225e-01,2.767636250625398198e-01,2.969205234901095558e-02
1.624260562479857839e+00,-1.853508320500192319e-01,5.818157465204394363e-01
-9.945011954482829708e-03,-5.070152523219488838e-01,7.574548670247716053e-02
-1.156049183976061379e+00,5.806264033576051808e-01,6.516619664901462938e-01
1.184536687414873946e+00,-4.856553575957822666e-01,5.952184595465257466e-01
-1.138764977841376203e+00,-5.537455304969522984e-01,2.552465953940896704e-01
9.898179950871632826e-01,-1.835567243579118157e+00,6.175144830806046370e-01
1.498638011803278935e+00,-1.861603913062544136e+00,6.657625554850875593e-01
4.814029743085392887e-01,1.242950214722604585e-02,6.208309873974932058e-01
9.398914564496774204e-01,1.224835087749505558e+00,9.794659464314485753e-01
-8.575528651622248422e-01,4.549103632322832880e-01,1.109351208303770431e-01
9.036792835226394871e-01,-1.063220617392835798e+00,4.506200639223366666e-01
1.207084804283906188e+00,2.928443267789191395e-01,5.673693665479684345e-02
-1.207130221624529209e+00,1.182852601481549026e+00,7.016054300732450510e-01
7.384233059617590911e-01,-1.580669565831211987e-01,7.772536348200426159e-01
9.158267432410283071e-01,-6.266282429660283704e-01,3.834353324624948378e-01
6.993186518698690790e-02,5.826067113070525494e-01,5.109866214062629419e-01
-1.854284074209552102e+00,1.154908758424719739e+00,8.446435259917428606e-01
1.265425607532080221e-01,1.257127344543365499e+00,6.505908961284813108e-01
7.434037014340098004e-01,1.672464391355808377e+00,8.108911410882048143e-01
1.969512118977686743e+00,3.400115981921136843e-01,7.498527831829275847e-01
-8.176506186519327812e-02,2.053332875071605113e+00,4.004373842853798937e-01
-1.429972999500173536e+00,-9.654093774460590360e-01,2.464164465374498736e-01
2.016977895609924243e+00,-1.487451252862312501e+00,7.591398424146679202e-01
8.314953718011697248e-01,-8.899207414480874156e-01,7.052031598135287682e-01
-2.758012150207678204e-02,1.946028648799109195e+00,1.850488716002879341e-01
-1.917940514056221346e+00,-4.673456612422943746e-01,8.040347832481055113e-01
-1.479724243458219846e+00,-2.063814709248568580e+00,4.028742912688277888e-01
-5.744046715753698962e-01,2.068507998678903892e+00,8.606416204259390579e-01
1.676156563775571318e+00,1.992353328281006863e+00,6.315947925076803582e-01
-1.742461265902575107e-01,-5.481098430984661096e-01,5.392749523196599393e-01
-7.079282134497022483e-02,7.504410042436133743e-01,6.898121639801066962e-01
-8.653658179395198324e-01,-1.441889842540529099e+00,5.931469197579494201e-01
1.809600761868336516e+00,-1.457713915113338032e+00,3.581760546747151386e-01
-1.826022732571842333e+00,-1.210982395271957390e+00,9.995805202029252046e-01
1.406725246012937358e+00,7.327671205956596268e-01,9.314599641845020539e-01
1.662809520013116771e+00,-3.126478848533005284e-01,1.963109251163264179e-02
-1.388476947500418390e+00,-1.368060781815748861e+00,9.754891459292149847e-01
1.759688323077287730e+00,9.979424328768433661e-01,4.232641572581246070e-01
-1.587161682130331597e+00,-1.190125173427074357e+00,6.174817898028887031e-01
2.054651436480205984e+00,-1.310845581753983469e+00,3.004870299554776025e-01
6.569772136414409047e-01,-1.332259861888902552e+00,6.286692365660174753e-01
1.380626003901952004e+00,-1.687393453172866042e+00,5.688887480774602601e-01
8.768100772176916635e-01,1.840368996308724192e+00,9.776224876495324123e-01
1.210793785542207068e+00,5.152631896117503274e-01,5.183059140052830305e-01
1.434383999816444710e+00,-3.024826877901487521e-02,8.756119691373039915e-01
1.471497176943447727e+00,-1.964247399955348472e+00,4.082396163204581319e-01
-6.053537410961762344e-01,-1.575706520291339618e+00,6.472991808009543879e-01
2.730684222444641485e-01,-1.683901191384636675e+00,5.316473964022742082e-01
1.075827819858297119e+00,1.516301575698999038e+00,1.586222157611560934e-01
-3.727510506593751938e-01,-1.793244598631127396e+00,2.150350172696696704e-01
7.749057249570245887e-01,1.276943587394876012e+00,6.130565633078511878e-01
1.003069666556147599e+00,-1.967798613701137178e+00,7.313338351830978024e-02
1.934300124185088787e+00,1.752761044530867895e+00,1.680892097510611194e-01
1.740092248324435431e+00,1.065383807625766011e+00,3.501555404908474056e-02
-1.681817508585328191e-01,-1.588242315797334880e+00,1.072420850024564665e-01
-2.041931611191207807e-01,1.440564619437942895e-01,5.405008489841636177e-01
2.064624490075108287e+00,6.497222278588763444e-01,1.310354224943447443e-01
1.439793687056913907e+00,-1.740889540039148642e+00,3.768995851025326305e-01
-7.401780030245719288e-02,-9.285938785072485047e-01,4.507921966517048906e-01
1.702784635472856856e+00,-8.210934602864252696e-01,9.361888362746474401e-01
-1.508437211581741488e+00,4.337710255456359576e-01,9.845580069961707981e-01
-9.358065623395508403e-01,-6.968708357575281731e-01,9.464786948134639166e-01
5.333033654027463655e-02,-1.456921683861658545e+00,6.158713065765231143e-01
-7.642803633946331221e-01,-3.012706384507344293e-01,9.956734821737724950e-01
-2.060172571715600753e+00,1.019200862994664281e+00,3.171807421189949405e-01
-1.608092734481207264e+00,1.820168405957636626e+00,3.324309353736387695e-01
-1.961309134217781081e+00,-1.461539588470697426e+00,5.095413426957866587e-01
-1.900478100340994514e+00,1.563920976987278166e+00,3.028528057988132405e-01
-9.657536332185414629e-01,-1.571606311814679469e-01,7.413137466881103421e-03
-2.946612427019326130e-01,1.635819712588090891e+00,3.952277092028992911e-01
-3.107733571406088302e-01,-1.434068279551066860e+00,5.888350612888074709e-01
-1.977190447868755419e+00,1.113453958182974102e+00,6.537486226909327014e-01
3.036998953797542811e-02,-1.519507660523095716e+00,5.864839521227648289e-01
2.030319696232274485e+00,1.120551088626215552e+00,4.587120075537685082e-01
-1.493306398314281580e+00,-9.194224375921100645e-02,1.410274680931304925e-01
-3.091511142032787873e-02,3.802079054161806582e-01,9.410358029447852823e-01
3.061940272840493193e-01,1.210770903086956896e+00,3.455853533646765507e-01
-1.925808652921702890e+00,-1.251569190390605657e+00,7.236599371135586933e-01
1.100157461849002427e+00,-9.255742734622474099e-01,7.758033127181763744e-01
1.807573569562157978e+00,-1.665251020305231311e+00,9.717275595461286608e-01
-8.990163421915298159e-02,1.488138018993945266e+00,5.042732304985080294e-01
-1.053996156736252576e+00,1.845499275069597545e+00,2.764821026275117166e-01
1.326274890316531341e+00,-2.556625400843755003e-01,9.927788288783490067e-01
8.340372755897424994e-01,-2.055352146032489724e+00,9.444493237215640935e-01
-1.888497652820413153e+00,5.932936488391549190e-01,2.521261454753681575e-01
-6.312719099793473454e-01,-1.898641103795114082e+00,7.088224050874001314e-01
3.579306782387581265e-02,-1.164465170820425666e+00,7.664772048757795275e-02
1.699921089643357863e+00,-1.260997994950932011e+00,3.325703677529354696e-01
1.113632924254010614e+00,-2.261546368620959147e-01,8.275036499576294835e-01
-9.769504936598427669e-01,-1.339717470474203420e+00,6.720898724480491859e-01
-6.106128449208425568e-01,-4.537606446700861440e-01,2.204981738273631420e-01
9.397584949273141142e-01,2.823094560466139491e-01,4.228916191595648577e-01
2.021559703289752097e+00,-1.413080408063472904e+00,8.389598951442486241e-01
-9.313028683656885409e-01,1.270494163691946454e+00,7.258202548077229421e-01
-9.753529676526477843e-01,-1.661386263323754608e+00,8.001239652564351434e-02
-1.340500605121123012e+00,1.942133730426277349e+00,1.778071698514347432e-01
2.725245355941607883e-01,-2.567419549341594109e-01,5.739741869739048985e-01
-2.089369396438134796e+00,9.256597334637843844e-01,4.925608885415855287e-01
-1.528043601220106407e+00,1.011550354853989475e+00,8.118254564979513477e-01
1.129516892213361601e+00,-6.496514084067896988e-01,7.499932821943131600e-01
-2.099998689222803083e+00,9.879289958827808249e-03,1.044980992666378894e-01
-1.579274974094931228e+00,-1.991115458268128746e+00,9.531884909678925988e-01
-1.767699352550076153e-01,1.712120172356898617e+00,5.137525032543945880e-01
1.525460052911596698e+00,-8.311616840891644653e-01,4.227908310907732004e-01
-7.500236412472840453e-01,-1.797286482502446381e+00,2.972780314644410948e-01
1.637935140176524751e+00,-1.982715339368168461e-01,3.374116138445510948e-01
1.704546869428800182e+00,3.355724787791181107e-01,9.669114309797769424e-01
-7.166785709355849576e-02,-1.529197987325861874e+00,8.188878264842005539e-01
-1.917394467216077203e+00,-1.518405886062598409e+00,3.966694413008453601e-03
-7.381362306723833200e-01,-8.982440113419227767e-01,6.985487026056500515e-01
-8.624437998786065318e-01,-3.360142284744787045e-01,9.579576662007314170e-01
5.083877310232689517e-01,-2.098719340273309530e+00,9.719534187579683682e-01
2.012744899253346542e+00,-1.464776057633562445e+00,2.487166273563712338e-03
1.041804641193910363e+00,-2.677439621075110576e-01,5.268753056313800753e-01
-1.111244319689761451e-01,6.293368841788486989e-01,7.520075685040350510e-01
1.927133978091805755e+00,1.610990696471238159e+00,3.604851626551549559e-01
-9.025850614922159565e-02,-9.073428837464352359e-01,7.705766202551677102e-01
1.450073288433929353e+00,-1.760259725949422149e+00,1.921604926884136200e-01
2.001613931846387917e+00,-1.731366629029393867e+00,2.298719103629749405e-01
1.816857954637310701e+00,-1.779864478016479845e+00,8.560789849050751688e-01
1.546311808878864991e+00,-1.046914541891101891e+00,7.546849473145900156e-01
-3.661035584384551012e-01,5.506086946609953792e-01,7.503390409807799699e-01
-2.078045446419619413e+00,4.580561072930366961e-01,2.241552380629390218e-01
1.379809768015155313e+00,9.449646426142157551e-01,2.630079293545584118e-01
-7.411920222897994126e-01,-7.510280795258124087e-01,8.137898365332357775e-01
-3.116134643315322528e-01,8.205552746503030903e-01,9.358227983944714667e-01
-6.669440609458792135e-01,1.385145088428672011e-01,9.354801102730562201e-01
1.470693529867160620e+00,-2.095609063795730975e+00,8.642514019570693984e-01
1.523659982513614342e+00,3.248371754928123245e-01,2.036135701146504218e-01
-1.476971305398135925e-01,-2.347816876603818770e-01,6.009432423139522417e-01
2.084822320457636824e+00,1.528481291879660198e+00,5.282309051991129767e-02
2.166549401833459676e-01,1.025727984587393671e+00,3.996560395907163832e-01
-8.648838317602385306e-01,1.121145080607512057e+00,6.817469747993619711e-01
-5.676170713486416997e-01,1.610516631311766922e-01,5.948074855641731773e-01
-1.838135336224459682e+00,5.871910916784526258e-01,2.496947818467409874e-01
-6.435989825981032197e-01,-1.469610275575165215e+00,4.876117984720882426e-01
2.082158199369981144e+00,-1.669687801645425296e-02,4.504153555870660242e-01
-6.517035232130119482e-02,-1.737546457323392080e+00,3.110343916466913328e-01
3.333170163912870798e-01,-2.081216794393509595e+00,9.823897639111625057e-01
3.505220413839418292e-01,2.016054318583099469e+00,7.559420840694043298e-01
-2.007177469263741632e+00,3.298717190050410863e-01,1.545082064348669570e-01
-1.263886253261739201e+00,-3.324327745926862754e-01,8.437039490823006194e-01
-1.009380113781425115e+00,-1.320191986243320681e+00,2.109546873292655889e-01
1.098767914142117164e+00,1.756622738704122888e+00,7.104042568123616341e-01
-5.513598857279327081e-01,-2.056042343811402162e+00,4.924081400004820530e-01
8.242479439206795711e-01,-9.781052934297107537e-01,5.507031129559070148e-01
-5.806502441744425536e-01,-5.612507353791906795e-02,5.846227307336065993e-01
-5.391999090163557273e-01,-9.725059297800784375e-01,9.295631222392042314e-01
6.782483654272062346e-01,1.243027441145154288e+00,8.819692443948601301e-02
-9.062789310186287750e-01,-2.002672719339061658e+00,5.499643469577853994e-01
-1.488287617073343672e+00,1.442030133747982390e+00,1.939753936872767870e-02
1.588459157789817500e+00,6.656558569636361611e-02,8.169584161722429627e-01
-6.384065306759212355e-01,5.169709024895379201e-01,6.256132826753417753e-01
-1.859579687507287193e+00,3.707589168991916040e-01,4.496330236599948016e-01
-1.686131396113567771e+00,1.214249005255761737e+00,7.875364775180360155e-01
8.539494793954491847e-01,-1.707309911709224748e+00,8.048264551291783864e-01
-1.056138187756608282e+00,1.915294235062403594e-01,4.209604212170838800e-01
-1.097008163331642638e+00,4.700348689000248825e-01,5.808809822842245785e-01
-1.507493058209756098e+00,-1.246064847250762941e+00,9.350296707046054090e-01
8.872808249494963384e-01,1.085395605857398138e+00,5.654229014346056070e-01
-1.333259644700910407e-01,-7.837744058317723805e-01,1.237350239933915352e-01
-1.852950365615829487e+00,-8.544570710311893968e-01,6.141215873676796333e-01
1.674538868424156224e+00,3.869875431576650371e-01,5.568330309076183759e-01
2.526096662444552443e-01,1.594155841457310263e+00,1.049696461610784004e-01
-1.225641408214201533e+00,1.219663195160697100e+00,1.086720251011030758e-02
-1.589567629084520650e+00,5.959629501947816266e-01,8.703465114623247789e-01
-1.618815413219822918e+00,-1.151663356671786431e+00,8.027215469379207491e-01
-9.632803424844396112e-01,-5.600137886993235004e-01,6.425545562714332082e-01
1.169451560224035180e+00,4.364588282317694024e-01,6.374503459469595956e-01
6.513528607133682868e-01,7.982332720448015451e-01,9.202219639539893636e-01
-1.964049205573846324e+00,1.649106558779833698e-01,1.960361969176261931e-01
2.073262824138951022e+00,1.548590499646482321e+00,2.367009201049942169e-01
1.572569971385166632e+00,-1.731224164972555268e+00,5.303660110187706778e-01
1.406619804497153847e+00,9.099749346808208017e-01,7.297330816875586823e-01
8.219771676296776519e-01,1.074532786545476792e+00,6.143063717574906990e-01
8.006053991785506696e-01,9.688418991685221471e-02,2.344011238044848566e-01
1.869718849590650045e+00,1.249321196511511634e+00,2.462357151830731894e-01
3.659382370149710795e-02,2.454164205220132899e-02,5.493508834314257960e-01
1.953186885108788129e+00,9.324787670776948367e-01,7.774956680068872972e-01
-7.199993852754997814e-01,1.816923630426624303e+00,1.932080491718869419e-01
-1.564918499641562821e+00,1.035898823729262119e-01,4.094102819009053373e-01
1.611268317288955920e+00,1.977074756820160761e+00,9.056444752804397869e-01
-1.111336852023219857e+00,1.972343924410040916e+00,6.805412887379458375e-01
1.412923444567793396e+00,9.807337564608582525e-01,6.541560865836570926e-02
-6.320233833109700772e-01,-2.064358138295693035e+00,2.284679935707685239e-01
-2.032363889542169400e+00,-5.180280075509275939e-01,2.298430118516991971e-01
1.790409385480268512e+00,1.174161648794645796e+00,4.322159457658839576e-01
-1.816872388159049834e-01,1.308698744818408422e+00,7.029181095626367837e-01
-2.748043648493014857e-02,-1.431759460099816250e+00,1.398960237791236905e-01
1.932854952108609137e+00,2.019521580746248102e+00,5.081346094826022508e-02
-6.568857441321140911e-02,1.653939695518401365e+00,7.186392904373626322e-01
1.093075678313073951e+00,-4.443570390979070250e-01,2.633284547342729098e-02
-6.159714414814800865e-01,-2.595932733060541953e-01,5.750273616557838308e-01
-1.481358669588037191e+00,7.111806035015360017e-01,5.781252232157227944e-01
-1.416247925662475371e+00,1.849130955228291295e+00,9.977080271037590542e-01
1.852421137323013944e+00,6.253825954014677890e-01,2.117880419683804138e-02
-1.993068488046053188e+00,1.154481007796467118e+00,2.257769867663461660e-01
-4.627746099242455724e-01,-3.471947036614684290e-01,2.277793624864214994e-01
-1.015634362858250261e+00,-7.937668889658640037e-01,6.504413256197600912e-01
1.408469367554934237e-01,-4.380312996876456477e-01,4.391344709422934089e-01
-9.862064229980564978e-01,1.061965523245752330e+00,6.530863305866390078e-01
-7.425328245183449027e-01,-1.782457124579843732e+00,1.024769220531074332e-03
1.890427632570069072e+00,-7.470507068112703930e-01,5.239422193190856891e-02
-1.034089073103075629e+00,1.322722979930571086e+00,8.062304927762112827e-01
-8.345328177245801005e-01,-1.639054126681635415e+00,5.998355855154824390e-02
3.930275437311658848e-02,9.920095306353253761e-01,1.428062711546400632e-01
1.635075158218889602e+00,2.203564871121503899e-01,7.289716169780733335e-01
-9.767144653841639546e-01,-9.532799268005491822e-01,2.672571542988081417e-01
1.813964562378180823e+00,-1.402339929744669700e+00,2.711849299471050800e-01
1.432704494891840596e+00,-6.395722652024817823e-01,1.380479745461217211e-01
-1.178384241690368484e+00,1.726507221028485528e+00,5.051778187473879855e-01
-9.790832330021315144e-01,-4.339027158589014999e-01,2.770928307539657354e-01
-3.344105810336868156e-01,-1.511138310198971713e-01,4.058110565297060601e-01
1.108451000327489666e+00,1.966235613199494026e-01,2.456276998375843679e-01
1.223949361014730730e+00,-7.737299193191258251e-01,5.983165329341223471e-01
-2.999562757629936627e-02,2.475266864374536802e-01,7.752400734692903583e-01
-2.041332474271171815e+00,5.087003448630387226e-01,3.497998946313972679e-01
3.593509194823303332e-01,-1.799348002940071911e+00,2.130340714078255981e-01
1.134273195246425114e+00,1.609553676629701169e+00,9.466276919121712208e-01
1.696883582067236329e+00,-1.180404759229050526e+00,8.980272091512729871e-01
-1.305771603569865658e+00,-3.389739650111953662e-01,1.322694652182365704e-02
6.561743622976341506e-01,-1.079142041604046254e+00,3.677699715525716284e-01
-1.963437385775217869e+00,-1.133985155247676069e+00,9.427914089397748665e-02
-1.707834290357501672e-02,-8.861643196030302150e-01,4.979514730180818471e-01
-1.246235663327892595e-01,1.026373684434031652e+00,4.453073279896606618e-01
-1.085341348167470521e+00,1.909613489989085533e+00,1.540620065588160781e-02
-1.013990240465751924e+00,-2.407387441687225405e-01,5.570063264864294483e-01
1.492229604218112460e+00,-1.619725800510104952e+00,9.962436055700920612e-01
2.214570061604184126e-01,-6.941033516994816743e-01,1.290855744591248300e-01
4.495210648813841026e-01,-2.097555312527595639e+00,7.762356406899623140e-01
-1.618210254789365532e+00,1.477499063643294974e-02,7.468310800488864309e-02
9.576591352210939156e-01,2.029828855799133525e+00,2.878497266976671742e-01
-4.462112681796770453e-01,-6.140589560176388240e-01,3.967708150904413200e-01
1.050510037265894869e+00,-1.451991531218985276e+00,4.374071996143984453e-01
5.765513796064958285e-02,8.837217596447017876e-01,6.420425959568977214e-01
-2.030475670712946989e+00,-1.095104937853687677e+00,2.957818312766383739e-01
2.646046094596408160e-01,-5.932778834213809915e-01,6.121789998525837273e-01
7.587917745031695915e-01,5.874162805640761320e-01,5.506322743725371449e-01
-8.297709309451972715e-02,-9.897533128095752364e-01,4.865213621194770521e-01
9.745695347528826602e-01,-1.039663757123321819e+00,9.214212292781468472e-01
6.753062448720292821e-02,1.049920850853494514e+00,3.679263449802850916e-01
-1.901656929307251609e-01,1.808511571177330524e+00,9.071334040196784576e-01
6.722848650609742904e-01,-1.219025151445294775e+00,9.947830565793912561e-01
2.786947933947820921e-01,-1.807514441089342228e+00,4.607026410527651494e-01
-1.277870259113822460e+00,1.507887116291004581e+00,3.829433727542799204e-01
7.524282380366864587e-02,1.322462596602894447e+00,3.052271549357301605e-01
2.651180702538136202e-01,1.124524528359746256e+00,3.117555436383178114e-01
9.007437694962607821e-01,-8.101226502556579945e-01,7.189909624456837234e-01
-7.623181497743580781e-01,-1.373226587488267647e+00,4.388483656863532145e-01
-1.401496471069030303e-01,-7.890995840191630251e-01,9.663097388202379623e-01
-7.232203599573556740e-01,1.502304750491054275e+00,1.044279627037814073e-02
-8.683839597105527108e-01,1.519115286862100511e-01,2.858683698486685909e-01
1.068776127530948639e+00,1.357786588432189134e+00,4.530080790663483237e-01
-1.729447588580729001e+00,-5.628177710733159866e-01,9.900154691095078840e-01
-1.812172263962897212e+00,8.276940589960330996e-01,5.426686718691026146e-01
1.960267194311260397e-01,-1.602716888400320672e+00,7.186453503056206005e-01
6.147952024466776244e-01,2.085313221375750814e-02,8.853696049216857045e-01
-1.392165906952465448e+00,-1.844288848196392161e+00,3.498648385891248713e-01
-8.165691789195559380e-01,-4.032969881043240168e-01,9.075899055541647442e-01
9.120246611641360523e-01,1.349160737084376560e+00,4.848978572922001407e-01
1.676907886511176837e+00,9.751438673695149717e-01,3.906466784963227301e-01
1.717958778793851504e+00,-6.923146237265802583e-01,9.246636996546664378e-02
-1.943942448308919602e+00,8.958907947695102791e-01,8.318248185200290967e-01
-9.135944523209138524e-02,1.999813768233292155e+00,7.886240740857651810e-01
-3.498159276184020783e-01,8.391051629373502685e-01,1.242765861168930730e-01
1.344071031805630589e+00,-1.531417417123540847e+00,5.081860583557231692e-01
2.040293930972192360e+00,1.852408574805636476e+00,6.227764636952782817e-01
-1.439812840134857996e+00,-1.221408034710891766e+00,7.762564373607816481e-02
9.896241025671734803e-01,1.779185358092850500e+00,3.502584757503888202e-01
7.599405731676758258e-01,1.334456844485056859e+00,9.254009295146796710e-01
7.208773871050477844e-01,8.174538383885741055e-01,2.570222119293344987e-01
-5.037594000233882596e-01,-1.730203221015620407e-01,4.929744851156111496e-01
2.023885306336480117e+00,5.737112654666791656e-01,2.860603360382578675e-01
-6.229999901334473122e-01,-1.336756511056025332e-02,3.753776168146962799e-01
1.250414795612573293e-01,-3.373241783571336860e-01,3.302014182156820521e-01
-4.975016781214143258e-01,-2.953141295327643689e-03,6.579967749256571130e-01
1.461278095811478828e+00,-1.967876049668077831e+00,4.819013891746072309e-01
-6.463327563245313545e-01,-1.236987203619422493e+00,3.603058073088949431e-02
8.575859442667126409e-01,-6.287711479668709469e-01,2.073139548556746092e-01
1.292923737287579922e+00,3.250037381975694473e-01,2.877105800461707830e-01
1.067580952903863789e+00,-2.003053688292011802e+00,6.585316685720843388e-02
-3.318629461916566825e-02,1.141283032463009661e+00,7.271547909852238423e-01
-2.814005460420412330e-01,-4.371310765712526081e-01,5.225959990655246745e-01
-1.475888586458947049e+00,-4.760348777685834420e-01,1.630266068961822024e-01
-1.143514135583001856e+00,-1.997354574309344155e+00,8.081609135632650265e-01
1.193073397891410981e+00,-1.326688613688542517e-02,5.922536575019041738e-01
1.484397059090342808e+00,1.638190048577023106e+00,9.577177923113713298e-01
7.292894385508952304e-01,-1.863192914327203464e+00,8.835613765930134811e-01
-6.030121197086413254e-01,-6.582906003379709325e-01,5.744499040639033938e-01
8.711911257492181981e-01,-1.532090664533855229e+00,2.633057722358695951e-01
5.581087767152008716e-01,5.764092222187069403e-01,8.266917405174930567e-01
-1.401608931209457953e+00,6.322951346316285637e-01,7.117424900143930477e-01
-6.595035298186160411e-01,8.706266770521535747e-01,3.301804069346103709e-01
2.013812250435798035e-01,1.416103026449466284e+00,2.790359767424964721e-01
-1.980116413715047985e+00,6.245836086497038586e-01,3.506501524206413478e-01
2.013626786089715903e+00,-1.798269643521198446e+00,4.630021150470376989e-01
-6.267107574115611257e-01,-1.716512716159250829e-01,1.253663983662486325e-01
-1.559083297284320047e+00,1.870881010908916231e+00,1.243534435120837722e-01
9.841241827396647324e-01,1.616552782136528865e+00,8.367973795414245242e-01
-2.814252621380557429e-01,-7.307136858691092307e-01,8.020114786468819368e-01
1.458039964081413675e+00,1.853639889092753457e+00,5.064772525973905148e-01
1.477751323860240884e+00,1.651829761061256896e+00,9.021779218433534364e-02
-1.753524712696523435e+00,-8.739379462489467176e-01,1.666604511395670674e-01
1.756835871300062912e+00,1.834562803018115584e+00,2.579561083729200455e-01
1.644990406024257723e+00,1.640155535466680803e-01,5.764598436530176118e-01
-4.007931631029231223e-01,-9.349578188301175263e-01,1.235875696982821070e-01
-8.525386503802285798e-01,9.967876056665261331e-01,3.094089545243994266e-01
-1.151465247473173692e+00,4.512257599934441643e-01,9.373103559007124330e-01
1.856287166245438325e+00,-1.521770653535519546e+00,7.643115034660892260e-01
4.520417826514346871e-01,-1.435374049828773924e+00,2.172687046773078556e-01
5.644032072550766443e-01,1.761741314435434802e+00,1.187130313772251089e-01
5.069525826030161220e-01,-6.749307037259393294e-01,3.311469156747487430e-01
-1.474989946516958028e-02,-2.099511311675893221e+00,4.424735224519220633e-01
-2.079748037837769292e+00,-1.032570944939945612e+00,4.662967563472164567e-02
2.031520719613823633e+00,1.662070250035077024e+00,5.078742896747086011e-01
8.137775302731271587e-01,-4.600945608483499871e-01,1.982324774928836408e-01
2.090627529588329647e+00,1.336002401529387207e+00,9.956578072396282675e-02
-1.702556689636756104e+00,1.191579569596583177e+00,6.023712450406475405e-01
1.043420565755455165e+00,-1.950836643610005083e+00,3.121254170227188984e-01
4.964006003099967756e-01,1.116529868305802697e+00,2.602499479235609314e-02
2.560059530143945494e-01,-9.753746203689201977e-01,5.729652354985672602e-01
-1.325517727797353773e+00,-1.989878828486308260e+00,2.763618814955997038e-01
-1.456970477925942031e+00,-1.232547791423207251e+00,7.213353110056844875e-01
-1.929242588892558619e+00,8.877155473854712042e-01,3.673569592191420208e-01
-1.234920070002454295e+00,1.439059020047606552e+00,5.673026550939477275e-01
-1.954183073606010179e+00,1.168082688982683859e+00,1.253912402571173423e-01
8.744941817534717110e-01,-1.003575216658829650e-01,4.106764698198932528e-01
-5.449930601928971718e-01,1.687068166811829251e+00,5.680653745235276775e-01
-1.823106134097296049e+00,-1.554615303818745797e+00,7.426070982839449997e-01
-1.525396870164150709e-01,-1.760673720852756974e+00,2.999944268057608276e-03
-9.461098149398701196e-01,1.039176011205281025e+00,2.076788518352240542e-01
2.064537376287581605e+00,-1.435638992548660120e-01,1.999621760264991277e-02
-1.517143372618594110e+00,1.767289829309278915e+00,9.050123137355362557e-01
1.689173021906712702e+00,-6.286632569913623847e-01,3.065135075319248559e-01
-1.994634520362123409e+00,-1.190301204616164288e+00,9.520152087344065928e-01
-2.012253173200440060e-01,1.784712967754319646e+00,8.168613041817255338e-01
-6.666695881038777749e-01,-2.658866683181317914e-01,3.914346263744730159e-01
-4.890371222841092269e-01,-1.512857829896746331e+00,8.300893977935520640e-01
-6.734259934294333227e-01,-9.398217912971764676e-01,2.562682448661276480e-01
-1.455509508292484044e+00,-1.268582790024885387e+00,2.848342571507676002e-01
-1.678354130324178461e+00,-1.967891329582948767e+00,6.624329185984966228e-01
-8.861435673569957316e-01,6.911708871555957145e-01,9.765247299709586271e-01
-1.032015681872443302e+00,3.386656708088455758e-01,4.074740060510887441e-01
3.959489094093378014e-01,1.012664847353924813e+00,5.601898611117274163e-01
1.592595951846580871e+00,-9.488789638670458437e-01,3.773082913007917982e-01
-2.041081175388923530e+00,7.632564590631996104e-01,3.249373397733400504e-01
9.379366270266049632e-01,-1.172077889626450320e+00,5.402306153067970573e-02
-9.134371017745759325e-01,4.878906652858687742e-01,8.379669534577126599e-01
1.034563063767983238e+00,-1.503897666469006911e+00,1.242974078530248994e-01
-7.903150719814588943e-01,3.722296603373975721e-01,9.423129031533397093e-01
4.290540619297287250e-01,-6.906930203822136960e-02,7.410053989760975179e-01
-1.272368337294276008e+00,-1.206125810342303151e+00,1.265696018407379553e-01
1.070039592162782771e+00,3.869004005032650184e-03,6.187610372842935469e-01
-2.030950853009692469e+00,-1.019048889707133254e+00,1.232616892366489303e-02
9.731579452139094144e-01,-4.070400094628034982e-01,6.295217296525223993e-02
9.285897816349883982e-01,1.685916528072643583e+00,6.180467544121331924e-01
1.585855841487787465e+00,1.962565076382591922e+00,9.565680936909131127e-01
-6.625072475970485986e-01,6.372672973097994742e-01,2.043502811865588464e-01
-3.148223455670695614e-01,-9.220349785099768436e-01,1.108871953841993330e-01
-8.875578285895266983e-01,1.481926235781755086e+00,7.452310156411253717e-01
7.275458568355253064e-01,7.417384914646998340e-01,4.522946965519413220e-01
-1.812330728315008521e+00,2.007215626476428039e+00,8.935894024588317830e-01
1.125767553644272390e-01,2.058589446347968366e+00,1.641371025770038683e-01
-1.815495706802560560e+00,1.685409883046733892e+00,4.302656325090867817e-01
1.829001999985461868e+00,5.555173508566109142e-01,4.552730799131121664e-01
-1.452881337235597314e+00,7.439265244331316751e-01,1.478340228650747434e-01
-1.856986926977042263e+00,1.371883172168799625e+00,8.412711464732806066e-01
1.140276021856816868e+00,-7.780284853936960676e-01,2.172788018920502884e-01
-1.284525758166770171e-01,-7.649255579921121484e-01,7.189584722790584026e-01
-2.037022589243155934e+00,2.087168482992247664e+00,3.290322048708402836e-01
1.042303551974541609e+00,-1.149988542260939717e+00,2.210649346224361489e-01
1.859240960811883614e+00,1.634865935612543453e+00,5.945211836464937560e-01
4.996814442402777168e-01,-9.539446938013782518e-01,6.274120031495357130e-01
-1.208895167035278106e+00,-1.179430212697113234e+00,5.131964123615475604e-01
-1.034011874812544640e+00,1.890617528550099014e+00,2.259215306502404541e-01
2.136398775280765605e-01,1.706925996583902094e+00,6.963426636993726992e-01
-2.426067633793242972e-01,-8.749494345645276727e-01,1.632007416989609272e-01
1.908900634468839730e+00,1.816736555262340236e+00,2.408260040369800681e-01
1.136508155920583185e+00,-8.963803275397566050e-01,5.129285120214732707e-02
1.203748221506044214e+00,2.379069570924094990e-01,6.455935145271258779e-01
1.952506736121548681e+00,-4.628712675406099208e-02,3.032482572486236982e-01
-1.587533122066515645e-01,6.787432688426009442e-01,4.690024333725238970e-01
1.350970712256281736e+00,9.465357207725038080e-01,6.183807042309636959e-01
1.796845933729816380e+00,1.487001940530463528e+00,4.403558019684383762e-01
1.991702640004692437e+00,3.788800336882629516e-01,3.869806146499639166e-01
-1.007364806136159752e+00,-3.562146927228555526e-01,9.811038460835433961e-01
1.732137208289024510e+00,-1.759994997537615236e+00,3.997574312358562754e-01
-8.453387211680518654e-01,9.331300881115702772e-01,8.153209285861862110e-02
8.147411375340762874e-01,-1.370403023790656150e-02,4.576394081657253476e-02
-1.617761966095532244e+00,1.254186293385610718e-01,9.611869964437552705e-01
1.446409259782115875e+00,-1.687292029426392226e+00,6.050095365864424091e-01
-1.862379556656958313e+00,-1.512448455203383890e+00,8.412675014666628481e-01
1.686603832469845798e+00,-1.962447373768268388e+00,4.255968681534274545e-01
9.132753505317219300e-01,1.805294642656436466e+00,3.988869862703673386e-01
-1.159073299670219992e+00,9.091314069800611186e-01,5.935039102249478615e-01
1.572590402247890040e+00,-1.923051096455772324e+00,3.292213147152089903e-02
1.375200572339227545e+00,7.773133920824908394e-01,2.639380251864699156e-01
7.623026073698513372e-02,2.564034339961667186e-01,8.298087869520083260e-01
-6.525224563734899341e-01,-1.304143123766541734e+00,9.064792448002829683e-01
4.695930322434063164e-01,-1.699665083639456675e+00,2.349364439251940828e-01
-1.041575056593140092e+00,6.999586255591103701e-01,2.985994123711863679e-01
-1.752845026507786397e+00,6.818069227742977745e-01,3.908921160307793352e-01
2.097637298941554373e+00,4.050360564620909543e-01,6.580011152829045029e-01
-1.182895116457981510e+00,-1.406098330625538129e-01,5.846101498410013475e-01
7.465423483101911728e-01,1.208717821672836479e+00,8.358959991834780112e-02
-1.233089363690864193e+00,1.173038102892824952e+00,4.736491961617439461e-01
1.676328684827619320e+00,1.699828536540431756e+00,7.298028920843611100e-01
4.689840869752082142e-01,1.877236618953500802e+00,5.285338502031613483e-01
1.269146210421859600e+00,-1.021597352110576118e+00,9.306855329142270650e-01
-9.929599498718040262e-01,-1.337437668372385424e+00,5.400894335457170348e-01
-1.977653497810294203e+00,-6.651703861318549738e-01,5.761588965401116536e-01
-1.057463874750158572e+00,-2.065331588393381157e+00,8.259929763245235090e-01
1.682905687052691501e+00,-1.144301350489247193e+00,2.698663626404601557e-01
-5.411357652254127348e-01,1.294079853148577541e+00,2.307840690223921243e-01
1.338168698306882565e+00,-5.928251521450409456e-01,4.172574117989518161e-01
-1.619085572797733796e-01,-1.057270799462235900e+00,1.418166760263073201e-03
-4.756399012016188088e-01,-2.089312997284854312e+00,5.946400778457793246e-01
-1.992219069665855269e+00,1.656889731497493745e+00,6.945458345171394710e-01
1.648151093786119681e+00,1.211312067338838006e+00,4.844741867397603929e-01
-1.247653526463279761e+00,7.755774714904091205e-01,5.535463803267828276e-01
-5.239673639985771292e-01,-2.093635887111696015e+00,8.807399705897519526e-01
-1.975587155249775684e+00,-1.236873237944320802e+00,9.063444808460238145e-01
2.073902008982682066e+00,-1.429638025547923297e+00,2.704594125929913329e-01
2.041598231986687662e+00,-1.217546105035745452e+00,9.728058132244830070e-01
6.818193767809375139e-01,-1.211290735473427027e-01,2.545355087456402376e-02
6.212385188134295078e-01,-4.194426751019291189e-01,6.745420047300459965e-01
2.062556447374091828e+00,1.798878730502084355e+00,7.671852013210870291e-01
2.000709639534569373e+00,1.747934789276364143e+00,8.956339845752280260e-01
-5.204285939020651952e-01,-1.542617566894667114e+00,2.784119759154868312e-01
-7.263179697190320638e-01,-1.279553029789623819e+00,1.294090508986944776e-01
6.070741479627788095e-01,1.569855066781367547e+00,1.433498505620108832e-01
1.715940734066632611e+00,7.289019708902046979e-01,5.573597684347277870e-01
-1.514853943200139330e+00,7.262037649715296084e-01,7.416773600848531878e-01
1.391328430379963788e+00,-6.254132587826572998e-01,2.558466396736670534e-01
-1.937216545527738143e+00,-7.630675668187059113e-01,2.641130147689895180e-01
1.822707899410799914e+00,3.078140876870305576e-01,5.502412268335044043e-01
-4.913361879324276149e-01,-4.244531119575922773e-02,8.093308185664440657e-01
-2.653190200394195397e-01,-6.928647928529452216e-01,1.022142066305963271e-01
-3.018332739482953997e-01,1.357523699036869758e+00,4.075932090881780878e-01
-1.512663285806154612e+00,-2.885496421146944712e-01,1.110773712288032344e-01
-6.498347455440394160e-01,-1.974953167910397989e+00,8.386427176334489975e-01
-5.630939127960754575e-03,1.114565673620040442e+00,9.765917201988326690e-01
4.593327328163061551e-01,5.558096004509520682e-01,4.044935402659370904e-01
-1.224233972293394146e+00,1.037350537793804151e-01,1.011710730077056697e-01
1.936939577701248805e+00,1.981135707383125055e+00,8.166102436970734679e-02
-4.453802041119152566e-01,-1.408391472291404600e+00,8.119571127479345840e-01
7.343848160661283764e-01,8.055377800689011991e-01,7.460723194682753467e-01
1.401351544856631826e+00,-7.229895875436653796e-03,7.799307888798774346e-01
9.776534272095123157e-01,2.503921301196840865e-01,8.194617906194164858e-01
-8.013723620869037667e-01,5.925252455062666179e-01,6.809626029718265361e-01
-1.196772036808956052e+00,-1.767905140700990252e+00,3.280535960270208884e-01
1.567013801472147527e+00,3.726164796516675537e-01,4.852705600080926551e-01
1.220897404539525333e+00,-1.291817173266231134e+00,1.556167371918331099e-01
-6.679493146212263088e-01,-1.227065148825571494e+00,5.404721200154068983e-01
-2.817293115510333124e-01,4.948276451402064957e-01,5.911502072014026554e-01
2.243563869683167233e-01,7.350228727945933294e-01,6.858594042980072913e-01
6.639916521105471148e-02,-1.519485073125693475e+00,1.044667720533672961e-01
1.604392098890977003e+00,1.597232131872060368e+00,2.108517284970522487e-01
8.574007211668286388e-01,-7.449558366635919970e-01,9.656951267423892205e-01
1.812951835293934000e+00,-1.106700569734808237e+00,3.117555114136575378e-01
1.807739688124332389e-01,-8.471542068471784592e-01,1.332522807702890555e-01
2.306926249730754108e-01,-5.422051817389441641e-01,5.044578958202698971e-01
1.920750922827529905e-02,1.788424672406308868e+00,5.128857979817093016e-01
6.648400627250024009e-01,-1.647333893970392982e+00,1.050434605857485382e-01
5.735815491462439297e-01,-7.855923257170724927e-01,9.048084143483674513e-01
-2.013166168956164181e+00,-1.497179709094082156e+00,6.561919466174173099e-01
6.886062547180245019e-01,1.087784278832439888e+00,4.707149485450854431e-01
-9.376048291969070192e-01,-2.056326679751468767e+00,8.377940908844022649e-01
-1.849985867944260676e+00,9.270174842501690549e-01,4.062695572473953298e-01
1.466479865520608161e+00,9.648366487412745052e-01,9.266804727624182725e-01
-9.824470579526245473e-01,-1.715074471274036227e-02,9.733384127946630437e-01
-1.805843694435234958e+00,9.250265893840343701e-01,7.755461479000355096e-01
-4.016660097824558129e-01,-1.013369065631820609e+00,6.864945864693222655e-01
1.618436869631322050e+00,1.323603829766242246e+00,6.213310106149098067e-01
-1.662689589687866842e-01,-2.861647071557642530e-01,4.961208312678532240e-01
1.186780276999904959e+00,-6.896172550342156704e-01,2.615367692485535134e-01
1.940071625826904178e+00,-1.579795546560816222e+00,7.713647763202761132e-01
-4.803929896692478163e-01,3.777546743317428124e-02,4.317062928803171440e-01
1.007628317837263587e+00,-7.764158344027827230e-01,6.623327467166826299e-01
-4.562351078247106617e-01,-2.849575278344633755e-01,8.302037349390245513e-02
9.634073872117703274e-01,1.486532242094931178e+00,2.775559886863310233e-02
-7.434232435252452476e-02,-1.165693856492457048e+00,5.565586043178961662e-01
-1.393490382982551790e+00,-4.629371398894748246e-01,6.845765502104234068e-01
1.322173348592067921e+00,-1.454547974812295141e+00,4.029397276985249299e-01
1.007154557421638952e+00,1.030758739992646777e+00,4.908825338275413230e-01
1.086066177899986940e+00,4.261887310401624163e-02,3.554601869914058021e-01
6.164378796705807240e-01,-1.374140796890987559e+00,2.128553585738607312e-01
-1.336966006329216583e+00,1.113450850363447930e+00,7.084190608649040266e-01
-2.096946613765218181e-01,5.736029808265477037e-01,9.020845729100531729e-01
-1.381201950250316557e+00,1.666556721535452645e+00,7.028281422105130405e-01
6.613321417652922030e-01,-2.560076039992804642e-01,1.807128487140834405e-01
-1.639368369853960949e+00,1.341217902457761291e+00,2.064030351521354278e-01
-8.475412575977898655e-01,-1.074624863311886891e+00,5.735243552917219656e-01
1.299759998895254398e+00,1.957414751300835309e+00,1.564617014948078699e-01
1.878439109371071947e+00,2.759201310686520969e-03,4.606343860377727362e-01
1.642642168792129542e+00,4.985249068697474861e-01,1.259305593033595017e-01
-2.040361591162969557e+00,-1.802987272959666987e+00,4.237232608444752024e-01
-1.070753247378078310e+00,-5.191481672038611439e-01,8.947254287470747247e-01
-6.875902162816749374e-01,-1.760191961459171450e+00,8.702702545033115245e-01
7.905829885259585410e-01,-1.905878534943324043e+00,1.842133903793563565e-02
-2.004097765980908719e+00,-4.126256301603836718e-02,3.681914104222920869e-01
-3.429036866171304432e-01,2.301951869372032000e-01,7.248997425504475345e-01
-7.748715551473219776e-01,-9.754760531300805670e-01,8.721803022911887027e-01
1.689772396918046926e+00,-1.927644648078806977e+00,4.091337402692764025e-01
