1.914731314761433101e+00,1.689815929192824751e+00,7.376157603413699970e-01
-6.080770481138937367e-01,-8.189448600870274930e-02,3.032253807926565958e-02
-5.997208978770836030e-01,-6.659702435482639515e-02,7.010686373737228250e-01
-1.895612378283257904e-01,-1.624510659198006302e+00,2.379583384858748873e-01
3.384610051114660401e-01,1.238431526221690948e+00,8.828800492428806601e-01
2.128525912950185450e-01,-1.351051815110916099e+00,7.747271292341700866e-01
-1.141425307127649225e+00,1.803695682805551037e+00,2.125683957930677437e-01
-1.359337931934913257e+00,-7.732886445210869208e-01,1.891008073347807406e-01
-8.419393506970642704e-01,-1.742961278363748034e+00,4.744651089989736503e-01
-1.745589807951389849e+00,1.102245694108851204e+00,2.892479491741891673e-01
-2.412765758282491291e-01,-1.122005776005622790e+00,8.353412588674251626e-01
1.562003004311324439e+00,-7.792547772344362578e-01,7.293043169622558386e-01
9.170192875787730458e-02,-2.001285351255329026e+00,2.811881476241069322e-01
2.908284468286908009e-01,1.137195944032068695e+00,3.614786221360067886e-01
1.552181630107337451e+00,9.181860614335612958e-01,5.882374786183034443e-01
6.532455090986117874e-01,9.300881863633505553e-01,2.820935925304923764e-01
-1.552300419386327457e+00,-1.609667053636079315e+00,5.108257122128481154e-01
-8.990834470782305132e-01,9.311394704640374442e-03,9.896938197796364411e-01
-1.030193809762518065e+00,8.424924912748963379e-01,6.336954006294051034e-01
-7.982191871070578593e-01,4.187128105646755749e-01,7.674016198727404703e-01
1.947109374072372834e+00,-3.386121551108753902e-01,9.101420282860901434e-01
1.843041602937363077e+00,-1.003494778600704240e+00,5.336151156011592622e-01
-2.725618512363150447e-01,-1.740435571807368520e+00,4.904443832971919770e-01
8.725260558659768684e-01,-6.378576685745649399e-01,7.950076217463920569e-01
-1.293594302210587799e-02,-1.960301887221087336e+00,4.653524496862185833e-01
1.421937916351542874e+00,2.077676209314420763e+00,9.530241234734737610e-01
-1.204337884827311411e+00,4.301674478418204828e-01,8.105953180585838691e-01
-1.876025215293730453e+00,1.817745958942236228e+00,5.877570103157619963e-01
1.435163152128713371e+00,-1.363918100149419166e+00,3.277140607695915309e-01
1.057519373028571241e+00,1.697114391268925715e-01,4.962570919582429685e-01
1.729678408273136458e+00,5.481597060331777627e-01,7.949069197403551001e-01
6.163772514500198696e-01,-1.563437843813768158e+00,4.416367305618743577e-01
1.846926389418741987e+00,-1.925564425959476189e-01,2.252478574675490508e-01
5.208655390004501839e-01,5.105162274994947680e-01,7.126846594672523461e-01
1.303844638472795303e-01,-6.982405334452828072e-01,1.997044512897246937e-01
-1.847152095478809430e+00,1.752757183873077995e+00,3.878415097855125726e-01
-1.096607464518002395e+00,-1.329430344249378226e+00,3.045508231761397955e-01
2.044030296398254176e+00,5.762758241894649913e-02,1.294663644838199845e-01
1.766408317412640816e+00,-8.009965344127303322e-01,7.767769226842814456e-01
1.262872641377652982e+00,1.438296514427738426e+00,1.708831522244685930e-01
2.075532804140914234e+00,-8.078980550632353097e-01,7.938511767833211774e-01
-2.015046209190803683e+00,-8.894124010252202339e-02,8.999883398136263590e-01
4.698297098493973145e-01,-1.419745841016417653e-01,2.946547575872903169e-01
1.159990949643735725e+00,-5.028343293338231046e-01,1.535576587914755375e-01
1.868324380422992093e+00,1.059813243581920972e+00,8.847030318839035345e-01
1.225477682148707892e-01,-1.597126916206165426e+00,5.544105164318511303e-01
2.057369672466994981e+00,-1.940125709144510990e+00,8.467499065178040185e-01
2.005679505826422737e+00,6.414128407048829139e-01,1.470967131521184745e-01
-2.975268128139443302e-01,1.020054295583732173e+00,5.270732123075682063e-01
-6.880232492372539976e-01,7.211544510304670474e-01,4.361843073662128312e-01
-1.938290819403326815e+00,1.613834695001871378e+00,6.448953748669593589e-01
1.659145827451483424e+00,-4.968924137888461878e-01,6.790985264752833483e-01
1.776476754268323521e+00,5.449038366333138761e-01,2.670136122863164818e-02
6.595150237833720119e-01,-1.173795934313217160e+00,8.102401569388092417e-01
1.215431550314622466e+00,-5.636925248852640014e-01,5.998065099101711484e-01
-1.792916452344718525e+00,1.509549572654408145e+00,3.818507520023448620e-01
8.464754186902965216e-01,-4.350814680408265911e-01,4.606309027429983383e-01
2.923969568173490075e-02,-1.419145659592338404e+00,8.782480830514654002e-01
1.599192641649569424e-01,4.603770949859553596e-02,2.022126708266500650e-01
-2.027824496307663704e+00,4.659091377659878574e-01,3.892964417330564419e-01
1.548484224613163818e+00,9.738658319982458345e-01,5.400293462607674844e-02
-1.544458630377854025e-01,1.179141393482249001e+00,9.151236177750863288e-01
1.958437832569811743e+00,6.135811968724209642e-01,5.323641723387656510e-01
-7.818870665225512440e-01,-5.021502727854720849e-01,5.425795673799163055e-01
-1.773507230251589295e+00,1.065750102389896536e+00,7.889128457423050245e-01
1.640376319929874871e+00,5.177708890063690284e-01,8.501772525848441120e-01
1.697111907526021035e-01,-5.229319866510657722e-01,5.117226154271180549e-01
-1.400106370109336140e+00,-1.388398131894903909e+00,2.954523886630711083e-01
4.330766642631438401e-01,2.029032974830367930e+00,5.043660115805291833e-01
-1.394267811276872271e+00,-7.242810072697216661e-01,9.386885831773684741e-01
-1.983429050613920275e+00,-1.380915275731791070e-01,9.816164111104366263e-01
-2.098900926242826426e+00,-1.881120005495512615e+00,6.683683443425829651e-01
1.109641287748104332e-01,6.345520176021959280e-01,9.940112175054052202e-01
-9.533067105756081183e-01,1.755117543791101298e+00,7.076647865201772802e-01
2.758447936753807284e-01,-9.218588479689420190e-01,6.926892794674465170e-01
1.902369109822945159e+00,1.793625991282972176e+00,2.188931296843157348e-01
9.177667429477449623e-01,-4.213200735758664273e-01,4.149462866158679653e-01
-3.420584771283172731e-01,-7.492847046424551127e-01,9.798192035932482558e-01
9.820299076127030347e-01,5.169287616112083761e-01,2.809458703615099751e-01
-1.287385969919023765e+00,-1.446905499500729331e+00,4.185920120966658553e-01
-8.695260230073627028e-01,4.679616541529898477e-01,4.454473804487601996e-01
1.830867525598526946e+00,2.028586524815405578e+00,3.076015333406263430e-01
-4.923595800112250398e-01,-9.188426197541943452e-02,3.474045006214052655e-01
-2.574972991226935903e-01,5.540864817855881697e-01,6.819661807074962612e-01
-1.854016073464124670e+00,4.895839539897739456e-02,9.622156992679437026e-01
-1.966679851437795223e+00,-1.413162445597008876e+00,7.466969850434940215e-01
1.929721428850435405e+00,1.364083721669735905e+00,4.324051075707464609e-01
-1.839132137008208989e+00,-2.108089738978502492e-01,6.575317121940673637e-01
-1.084322657221651331e+00,-4.497960897392632162e-01,8.271282612168283643e-01
-2.021263886237072427e+00,-1.232533458788005243e+00,9.148185324715287781e-01
-1.253851127071326843e+00,-1.477385657876945313e+00,9.811075213183102495e-01
1.825036051388516878e+00,3.585564052505891830e-01,8.491545562370066413e-01
-2.006265169362125622e+00,-1.706764056234698623e+00,2.375219345445763741e-01
1.751712268059181454e+00,1.703006089344558216e+00,1.693725332558677632e-01
1.290347310047158302e+00,1.942388994546122571e+00,7.129367908809634002e-01
1.455223221635667308e+00,-2.484182041462925650e-01,5.956953732421477188e-02
2.035098796272428512e+00,-1.220417301897916751e+00,2.051877417825855865e-01
-4.246767121346697316e-01,-6.695857386417922719e-01,9.220032364882433384e-01
-4.652404217873116199e-01,3.157707575171291303e-01,5.761448844649679213e-01
1.958778931780237098e+00,4.371417864830378086e-01,7.014627105868542767e-02
1.403537094504508254e+00,3.237032003978592698e-01,3.810249949914357170e-01
-3.078338976797001525e-01,-1.124198328146071457e+00,1.514753614218259381e-01
7.700577485073885065e-01,8.198865288631917991e-02,3.579551033969152751e-02
1.667417313495700437e+00,-2.070422060786945906e+00,8.399903270797615118e-02
-1.648960105355776529e+00,1.388354001208081723e+00,1.592581422042687045e-01
5.121955732566636499e-01,-1.708747530639729062e+00,6.538308114178211783e-01
9.657096618371618924e-01,-1.411967571443995872e+00,3.542530068129955412e-01
-3.047841794717029984e-01,-7.412338015531270141e-01,5.460869183294480012e-01
-1.525527902123639201e+00,-8.545385468358794867e-01,5.151165396486814263e-01
1.987901783147090651e+00,-6.559835318807882842e-01,7.454974496853321586e-01
1.397605900242757659e+00,1.502968369799349446e+00,8.310020845859663607e-01
1.759659497048167598e+00,-1.380252432231237725e+00,4.505254359207213621e-01
1.169891634207622655e+00,5.582879371402382773e-01,4.024926842244461733e-01
-2.948431611882331715e-01,-2.043327057512780431e+00,3.333781794332383308e-01
1.066249199764152333e+00,3.557854651030614157e-01,1.278148102201451808e-01
-2.086772038343068125e+00,2.045401100505024328e+00,4.447509885412254116e-01
-1.977221016542622278e+00,-1.661122825798545088e+00,9.553778916958077794e-03
-1.215850122419957824e+00,-7.145439696328748092e-01,3.664004966956613263e-01
1.494631928141072930e+00,-1.011558715648449125e+00,3.214120888452923763e-01
4.918735528052415873e-01,1.070072288481998868e+00,6.652366294884785036e-01
1.075027044343596749e+00,-1.418638721215322640e+00,9.667399151108189148e-01
-7.243486162906001002e-01,-1.029077719340888430e+00,2.766107821071830397e-01
1.352188619836962147e+00,2.090186246343750387e+00,9.490143537270854246e-01
-1.971407568663954724e+00,-1.283747219324324007e+00,6.499791404437905706e-01
2.264239272935237857e-01,2.453786968185998063e-01,9.993383811033038633e-01
-1.258445220945706655e+00,-1.821971598949732041e-01,5.132636706050808240e-02
1.954406256332866132e+00,-2.515476161624232709e-01,2.459608402818521666e-01
1.982686438658031403e+00,1.670408296736132669e+00,4.335786809313354473e-01
1.233134134290558848e+00,-1.159472339953004028e+00,1.938997138214955118e-01
-1.756278806028856554e+00,5.845508968242922876e-01,4.396656553528074385e-01
1.848319887278969009e+00,-1.577539054422016473e+00,8.127696022988468716e-01
1.745365084992767546e+00,-4.340109123111266509e-01,6.694915134622201336e-01
2.070440710720958588e+00,-1.677626927920916167e+00,8.742253306236892341e-01
-1.436480620798781027e+00,-8.983939568433167988e-01,6.301402706076655313e-01
6.962893254245665631e-01,7.696479280764467745e-01,6.301319128528517499e-01
3.992769883303104450e-03,1.025251012918587001e+00,4.599871829623091157e-01
-2.960289528625856814e-01,6.604726435960590614e-01,6.369455120864606634e-01
1.569122662278483737e-01,3.765950293018307526e-01,3.224399705978988617e-01
1.478722518856697921e+00,9.688741844104673540e-01,7.605954285831989514e-01
8.614418581406892983e-01,5.679365198970516282e-01,7.415928602990634610e-01
-1.426472010402969559e+00,-5.280804451322340665e-01,7.262062049159241361e-01
-1.545911509326504563e+00,5.859929722603518520e-01,4.129562203448589042e-02
-3.531490011139659657e-02,1.972709871526857395e+00,6.963825984032268046e-02
1.400416762997700459e-01,5.376018162649098819e-01,9.180252276508688025e-01
-1.021191010503422980e+00,-1.772154694618417237e+00,6.735870002528039358e-01
7.985880693785505358e-01,-1.655453093414215093e+00,1.654606166483141294e-02
-1.511921526067204979e+00,1.955972025793455860e+00,3.867729616698775130e-01
9.128182159028419562e-01,1.467969784495580576e+00,5.320244407910964535e-01
3.277870335708721328e-02,-1.981746507271007429e+00,3.652452712206997187e-01
-5.250534891864602205e-01,-8.177237017123932805e-01,2.942751150393700943e-01
1.164954615085574741e+00,-5.888804573360939543e-03,1.640151877061156727e-01
-6.892468361233625718e-01,2.002939126471303677e+00,8.687705214589852565e-01
-5.491634013269950376e-01,2.070142766678577662e+00,4.985917741268208747e-02
-3.327456290550534490e-02,9.834358637146451976e-01,3.922191903072609342e-01
1.118061100951407649e+00,-1.629940869961380212e+00,8.133252646772733963e-01
-6.617175126805330265e-02,1.364122743442367724e+00,9.112988988959521697e-01
2.023918843502376053e+00,3.794190016082343853e-01,8.665394342097481051e-01
3.939635511730319450e-01,-1.003321931183552618e+00,1.244241394535757772e-01
-1.534614734020689930e+00,2.787785835827292225e-01,4.704515968576817864e-01
9.248875602150263830e-03,-1.887280725957625194e-01,7.180672354491099973e-01
-2.199177353153172199e-01,-1.994558536585986364e-01,4.414320867496516199e-01
-2.095501590981908802e+00,1.701168221269209191e+00,8.766927303423623918e-01
-1.571708863264097200e+00,1.877685384098726651e+00,2.399113385078160965e-01
1.567787687235465466e+00,-1.936792274942586101e+00,1.076684447575299020e-01
-2.376568268250831562e-01,-2.074704211746655869e+00,1.375137044367613637e-01
1.844128324851783685e+00,1.696381514574573313e+00,8.792360331026551901e-01
-1.032425661710646425e+00,-3.800259187875374423e-01,3.600952978561295925e-01
1.218814645072438196e+00,1.524916380434491181e+00,2.295207104738042903e-01
-5.628784896263099302e-01,7.899771027339994589e-01,7.802342440264059542e-01
5.047011882637675306e-01,-9.978140974059135360e-01,5.900700392568487551e-01
1.751415881591790402e+00,8.774344285229891405e-01,7.399535537833431542e-01
2.079080174886517529e+00,1.355806054677328731e+00,8.257855106228755293e-01
-1.212183762009374055e+00,7.796642522245442741e-01,7.579234634933352810e-01
-2.246525586546708197e-01,-1.677314699851759627e-01,7.131459628988612298e-01
1.468143879399554486e+00,-1.955174855401363265e+00,9.010336526579383332e-01
1.885351283715414716e+00,-6.679375425822751122e-01,7.854739651378047638e-01
-1.260465549745266367e+00,7.431009052880117594e-01,5.257898545075863073e-01
-8.553066546392424918e-01,1.155867299073740195e+00,3.921425365993383982e-01
1.993389442518566756e+00,5.279787812393701429e-01,4.660300984091046983e-01
-6.223264297151867019e-01,1.038200947220897508e+00,5.556097979991927449e-01
-1.752564112626779913e+00,-3.033747707550962236e-01,9.135030252197197109e-01
-8.949522758091170704e-01,-1.952433150748701385e+00,6.299960497421985828e-01
1.116137517261420964e+00,-2.876232569068477574e-01,9.652883599332711118e-01
-1.744170644242800883e+00,1.694718802923769196e-01,8.056161534142850522e-01
-6.576631034192725878e-02,-5.671196135341738387e-01,8.934475962156959161e-01
-6.360998221724027957e-01,-6.876997325588307675e-01,4.360615562104631637e-01
-4.727642919491055196e-01,1.762826616854120676e+00,8.326281254450463853e-01
2.075651896530076090e+00,-1.659542600163046888e+00,8.223272088296691429e-01
-1.968215324572159863e+00,1.553784836859104068e+00,3.199785395528975673e-01
-5.915817874006423782e-01,-1.932516599178564887e+00,4.209233845501489935e-01
4.554357822647041587e-01,1.007582081385929307e+00,2.384624153056618123e-01
-1.195919115568758295e+00,4.434976459338324517e-02,7.894636128178083023e-01
1.878412841140649547e+00,1.810499782765869536e+00,7.595686398675437490e-01
1.114087527340518857e+00,2.823537770768971278e-01,1.404788793697897553e-02
2.414917911504761427e-01,-5.300367211385910160e-01,3.012208111948344591e-01
-4.545111848483072148e-01,1.151351834624493975e+00,9.131525917316581920e-01
1.910081871728416925e+00,1.239475449998240997e+00,4.902100500708868047e-01
1.543463902706691648e+00,1.263235289026626962e+00,9.904079164687532577e-01
-4.943008016955194872e-01,-1.514251113504412549e+00,4.954480488875911970e-01
-1.875762135003617992e-01,-2.069912394814704903e+00,6.788927377183190393e-01
1.293839895562328923e+00,1.742977765797675715e+00,7.470761413233995007e-03
3.911754197435524105e-01,1.422930005194024350e+00,6.984605903023454188e-01
-1.168027250028175423e+00,-4.578525051353974362e-01,5.067547426827604395e-01
-1.695174097287159842e+00,8.952416315315341322e-01,5.512293493411429823e-01
8.291285322414614356e-01,1.553806159298898315e+00,2.205523580631729708e-01
2.030527707689012029e+00,3.235196083534588318e-01,2.242295426386990975e-01
-4.998148446172256953e-02,7.980911624418118855e-01,2.366751585056515728e-01
1.988410912720359303e+00,1.620500971425852921e+00,8.731398458359949100e-01
-1.567515689365462483e+00,3.921722736694732703e-01,1.633252246055194590e-02
-1.059744688652514144e+00,1.971432705003538732e+00,4.895920441567038761e-01
4.140560252377674111e-01,1.793492467725399830e+00,8.002786904207918051e-01
7.977927097692965042e-01,-1.687689895118188232e+00,4.582456643975740818e-01
3.904289117242054630e-03,5.840603003317212938e-01,3.868844060803724449e-01
-1.075047172309512522e+00,8.060306088451874018e-02,7.622283501398491312e-01
1.509138051240497713e+00,8.944202834422299020e-01,5.662391011795083751e-01
-6.560127421704147199e-01,-1.611701976298880901e+00,5.503921911776352704e-01
1.369362392339652512e+00,5.204676575898097290e-01,2.250860171863708903e-01
-1.395886410292332291e+00,1.550227818691300108e+00,1.245528792588388445e-01
1.296706831730817910e+00,1.714456248039213815e+00,7.122912236969394240e-01
-1.394949049460040058e+00,1.735990235679802929e-01,8.267331867783419552e-01
1.139727130168157743e+00,1.763528533345669391e+00,9.296144615475121498e-03
-7.396233756685581806e-01,-1.863777768701814663e+00,4.170108089683205455e-01
7.546109890926513408e-01,2.102711819512399494e-01,2.581990854356226439e-01
2.074174226343649341e+00,1.436512042433641057e+00,8.085657614736577736e-01
-1.913346191881739600e-01,1.450544212098360930e+00,4.043936270879299189e-01
7.406596689931110866e-01,6.878192181414735096e-01,9.940107101647724930e-01
1.268616193579933160e+00,9.178458981501216307e-01,9.184654804506505732e-01
9.533769089499370963e-01,-1.168635943316822079e+00,6.496287995896864453e-01
1.632922568249678630e+00,1.514547019768299752e+00,3.324412032278782902e-01
-4.405491864877488783e-01,-1.765711003132556689e+00,2.907616210261627643e-01
1.767759625388580780e-01,-7.851716528445782384e-01,6.438971551792310732e-01
-1.234420450806772651e+00,-1.371759454450760529e-02,1.307635150053968465e-01
1.678309713240210055e+00,1.340941679400505127e+00,7.151593935317190898e-01
-1.457309791580935654e+00,2.037772515225024783e-01,5.498035124460254330e-01
1.987240061322524287e+00,-1.861669710004058453e+00,1.597711578365322849e-01
-1.896978511852898119e+00,-1.065560179155023102e+00,6.245999565304942713e-01
-3.327332750540445971e-01,-2.207955929055662736e-01,8.385713496657496435e-01
-7.467239083107792830e-01,-3.830214214699909636e-01,9.595381767061990086e-01
-1.690775478251515196e+00,1.701474357957779571e+00,6.193403234752981046e-02
1.243019927743759467e+00,-1.857929752218597574e+00,9.972389872798892441e-01
-7.248287789365062128e-01,-1.293918241776718769e+00,4.557381493508078085e-01
1.119944916491825815e+00,-3.408247015790630829e-01,1.685894449348652735e-01
-1.321048601417042390e+00,-1.986867113535186302e+00,8.803089199112431595e-01
-1.566885851059266699e+00,-1.547351499688191634e+00,2.688606875922229245e-01
-1.974563284650481254e-01,-6.734839569044996921e-01,1.955155791520657438e-02
1.097821478823254981e+00,-1.046228766250974385e+00,9.163234346431832211e-01
6.994653411144629018e-01,-5.235997251788406803e-01,6.839860388845503403e-01
-1.457389142721135178e+00,-1.849260101691394098e+00,2.235879977679664510e-01
-1.949781938681065308e+00,-1.108529164657381383e-01,6.982615988349466507e-01
-1.204158232426872477e+00,-5.853253250233376725e-01,3.684770910121550891e-01
-8.112324426665178390e-01,-4.179058230765089199e-01,8.486237028416013795e-01
-3.562070098731393575e-01,4.273761121927091011e-01,1.404303639711157459e-02
1.206078220195936801e+00,-1.843721508599488246e+00,4.053490953331578828e-01
-1.701848688712574331e+00,-2.267984420203297269e-01,6.590441136732982930e-01
-9.243582294620975581e-01,3.268735396691209161e-01,2.189688071220486920e-01
1.925699389379744719e+00,-3.236655923944460334e-01,3.373992453152604432e-01
1.346159720922022629e+00,-1.158794725838649509e+00,4.463851039009136823e-01
1.627426243209958212e+00,-5.878075164708729261e-01,6.596172922415728390e-01
1.664718531271693891e+00,-1.469868756038938962e-01,9.944775363628653997e-01
-1.268301579107698807e+00,1.609175946886186370e+00,2.151438760810562290e-01
-8.293724391510046701e-01,2.079750343272683377e+00,2.321330013424762750e-01
-2.650776435277639731e-01,-6.294453849162429115e-01,4.467862998336640246e-01
-1.651844225042162106e+00,6.530724157589737899e-01,2.109004024011233991e-01
-9.960266399923016767e-01,2.677343861958085824e-01,1.000405361469408616e-01
-1.096251392794560298e+00,-1.290839795647227062e+00,8.475249707531559151e-01
1.511584153234363015e+00,1.021024720278890907e+00,5.778820853426627213e-01
-1.701174440274838329e+00,-1.176790071574469465e-01,3.092047525408816444e-01
1.695242815791965008e+00,-5.535001889542991993e-01,2.800307512624171657e-01
1.637691628284716927e+00,-2.063505367327312268e+00,2.079768787144233855e-01
-8.359034206739002215e-01,-1.491969357254488315e+00,8.305310143366758657e-01
1.849374456498868557e+00,-8.821711626189521205e-01,2.294204169757416700e-01
-7.697821119274788071e-01,-6.692659283852413488e-01,9.070536692796660194e-01
-6.532967577254744640e-02,-5.295674626168793697e-01,3.885094589707154267e-01
1.934595657392616186e+00,7.892469197025464567e-01,7.271308017199669127e-01
1.358536748845523334e+00,-9.777125134647486338e-01,4.931045123802213492e-01
8.493069934888248795e-01,-1.116763783855139636e+00,9.134368281798401767e-01
-1.807039307617564372e+00,-5.102246834369748019e-01,3.080095758317248356e-01
-2.007917481864264442e+00,-1.971054816060348491e+00,8.464027250466962249e-01
4.091612858967730304e-01,1.376387540404323317e+00,8.962657391467145906e-01
9.894168995470056238e-01,-2.074048686289031718e-01,7.493342290055027277e-01
-1.460418711625865118e+00,-1.202116875258299356e+00,4.806043408340476830e-01
-1.506557423442264065e+00,4.809572110836342063e-01,1.901092665847269325e-01
-1.802162737950350202e-01,-1.471183598144755855e+00,3.688923093895503103e-01
-2.022822014736047613e+00,-5.096371332496141271e-01,7.705323750141472861e-01
-9.254010543455744031e-01,-8.648210211806022230e-01,3.539599678542578731e-01
1.437198099725381706e+00,1.317729861545894998e+00,9.796771522967441248e-01
1.852131863614701501e+00,1.117936247860905397e+00,8.585073565057355083e-01
1.837520630643843855e+00,5.049483118967956763e-01,5.475728612322229294e-01
-1.815578203819274261e+00,3.496905691443461528e-01,3.735674137093721869e-01
8.157668304249403590e-01,1.124055092525786392e+00,1.671817716458677827e-01
4.717979997540187043e-01,1.831905363341539861e+00,3.286240292835923560e-01
1.193944194996658936e-01,1.751211444275043050e+00,7.212677555454583000e-01
1.045493993474981842e+00,-8.726156416718184872e-01,7.241358397413109049e-01
-1.241358996220011779e+00,1.779499606721697269e-01,2.564415534108681616e-01
8.569500744891240807e-01,-9.567776897663242686e-01,4.048557196761536359e-01
-2.138052797660403570e-01,-1.038076127624427913e+00,5.192766834137036991e-01
1.199903871174357484e+00,1.967049238899832186e+00,8.971297545199993229e-01
1.110224162210029508e+00,1.758927318296934494e+00,4.543745545890189863e-01
1.420444151129083732e+00,-1.787370132805492950e+00,3.020373967929615988e-01
1.505032272299214657e+00,1.663935533598834837e+00,2.944757068758565577e-01
4.842870459721106968e-01,-3.725624012947408303e-01,6.508985896259197323e-01
2.020257796537783257e-01,1.391165235806690603e-02,9.763639111787332237e-01
4.175917520453449328e-01,-1.457548969443619447e+00,1.954098840011875282e-01
1.608152410328164361e+00,1.087359898913290213e+00,7.350289773900354762e-01
6.713607013165399096e-01,-7.231020462075390398e-01,4.383743064267747735e-01
-1.133667657185117861e-01,1.771086070521774580e+00,5.952614669974365391e-02
-1.665916997697956425e+00,2.202292362077131749e-01,8.768909844587405855e-01
-9.933484731893136299e-01,2.402461438386591652e-01,9.217367840733072804e-01
4.657196680457427185e-01,-1.163501651973844364e+00,4.801943638388986857e-01
-1.219971570642981007e+00,1.722893304995359198e+00,1.479929121757440624e-01
1.640094193931559641e+00,8.180422298106213574e-01,5.333041493621897278e-01
1.975732914280776686e+00,1.426798999818971847e+00,2.995670488306808599e-01
-9.202530145262743932e-01,1.487088877935525133e+00,8.236540472769496857e-01
-1.080265292721390047e+00,-1.497140067618914383e+00,9.365122547790927232e-02
-7.134845241211973388e-01,-1.783731364568410527e+00,9.944011883028224252e-01
1.141764832320623757e+00,-1.772821144555444484e+00,6.329450852694713525e-01
-2.255315996679958523e-01,1.525195783404420524e+00,2.898583764574746979e-03
-5.009210262097996136e-02,-1.333343248302102824e+00,2.627631290955152465e-01
1.839787668982800994e+00,1.369011723158791050e+00,8.819225575620461832e-01
-8.052156699985941746e-01,4.918678993905989394e-01,8.448437521025318198e-01
-1.095611402036926307e+00,-4.620231718011498234e-01,4.137427664587735032e-01
5.776933672816477738e-01,1.012233797529243695e+00,9.860826316673859671e-01
1.773993614737066071e+00,1.166333296059319569e+00,3.823877779440068014e-01
-1.696062357466260107e+00,-3.353312043740475090e-01,5.867377773364184090e-01
8.250483669870520842e-01,-3.899717971388316773e-01,7.405949643935023641e-01
7.312074475582330813e-01,-1.647732303719263047e+00,1.463820233042102403e-01
3.676052640379703362e-01,1.350193705106719211e+00,6.212255080442549149e-01
1.189677279335414450e+00,-8.722629355385524974e-01,6.152427130144971779e-01
-1.547969224036320757e-01,2.097747659332966919e-01,8.254890577580049627e-01
3.803357800959372703e-01,1.577574836296880001e+00,7.191096691515673767e-01
1.361229175874472563e+00,1.229732740578111105e+00,2.444418409871618181e-02
-4.571794505965565136e-02,2.898631354781500136e-01,5.325069966699748081e-01
1.758161314465676028e-01,-1.689332534704334865e+00,7.159480500791639557e-01
2.830945987378772344e-01,-1.438451356507301604e+00,6.780953127031137395e-01
-1.755965222501522094e+00,6.771016333940713672e-01,4.663263292305819263e-01
9.201387646412655386e-01,-1.543475380258076513e+00,2.109916285222798171e-01
-9.382465847359462430e-01,1.211891863907085476e+00,8.907076725839125908e-01
1.604444890223397646e+00,3.687267810159879922e-01,8.191977879484263481e-01
1.045719766174641130e+00,1.086868130415712397e+00,9.714143980797678157e-01
-1.854424393554777284e+00,2.067476432542460163e+00,2.412282892911865595e-02
-2.018784545842652545e+00,-1.529515128900138521e-02,7.206822188328233514e-01
-5.585085820763302511e-01,-1.289310296385999699e+00,3.734482831587863094e-01
-1.078542987065526759e+00,-4.094326697300070261e-01,5.852833941401155426e-01
-6.593769914296792045e-01,6.257330403184750978e-01,8.830114210689478105e-01
1.349761231972772535e-01,-1.560098923794207781e+00,3.249853653273127030e-03
-1.738689719325786420e+00,1.210036504712356908e+00,7.267682112405111639e-01
1.662908813770966887e+00,1.248828599440944487e+00,4.233376410204877649e-01
-5.202344411922996681e-01,-8.644513437523428934e-01,6.121951811123239606e-01
-1.771084358684744009e+00,2.095118062356607691e+00,6.893409820165832258e-01
-1.631396283386385759e+00,-1.487761380922451249e+00,2.897076272118628282e-01
3.009784481989719040e-01,1.905355855071451554e+00,8.265349040016467530e-02
2.253440085582236740e-01,-2.973189401396749698e-01,6.903573393130605362e-01
3.450655518781173825e-01,-1.892184230997520089e+00,5.956593173196391700e-01
-5.428211144980426006e-01,-1.458301536372836438e+00,7.497082703118028713e-01
-2.719240514784799778e-01,1.055193962374794125e-01,6.570570984129630032e-01
-6.265831068089067202e-02,-1.008176307976884400e+00,9.602259748985267906e-01
-1.420987372266779403e+00,1.228508702944913100e+00,5.646223664193196212e-01
-4.749233798460699152e-01,-1.064519787836874620e+00,7.484583013321710609e-01
5.582833865956717823e-01,1.602438093729147806e+00,3.876285051987029551e-01
-1.658496570296369654e+00,2.007374527429536482e+00,7.251922998727544645e-01
-1.634511942695324516e+00,1.647087282752463633e+00,6.625365795483612041e-01
-6.057206621311803652e-01,-6.049826225124406154e-01,7.444610951716958969e-01
-1.496811319105768145e+00,-1.935868924036300731e+00,1.273330326626079811e-01
1.584845482838259212e+00,2.440155059917805680e-01,8.455620693824360545e-01
1.228724919674688554e+00,4.601473913149076722e-01,8.491250457512615757e-01
8.375377470494984600e-01,4.070175030498472957e-01,3.189042185477360958e-01
-1.838793785120485413e+00,9.055926095208808313e-01,8.724040974586149133e-01
1.761980983613475438e+00,1.101447025739922037e+00,4.914108712533296064e-01
-4.734612286735151443e-01,5.057006927280998099e-01,8.372485267472040693e-01
-1.949914246366970527e+00,1.295036062790744236e+00,8.841773152175202988e-02
1.674631442103637902e+00,-9.647495180732277298e-01,3.182722783747160555e-01
1.747474668008382359e+00,-1.816544118199870717e+00,7.018345621594918038e-01
-6.989222328509394622e-01,-1.772120653616294561e+00,9.819498184678576713e-02
-1.073626616008564572e+00,-6.593824582998979444e-01,4.777014122301751486e-01
2.304638095658435581e-01,-1.974224924974045114e+00,8.563030955584803872e-01
-1.513448304985111736e+00,-1.938052421240413326e+00,7.719124457567586584e-01
-4.918877502092544596e-01,-1.012305161995574743e-01,9.453511809812964461e-02
-1.393651901026586648e+00,2.058542405120113994e+00,5.455574308623586388e-01
-1.355490008383384293e-01,4.068491684580122225e-01,8.462981169242081991e-01
8.718934596989909025e-01,-1.117029960050423210e+00,8.405037115550512139e-01
-1.013891463442853969e+00,1.342677574997912515e+00,2.900764607652215332e-01
1.869789543596813708e+00,4.349938492758731456e-01,1.141196511451343376e-01
-9.143788341052829782e-01,-1.810433669830492587e+00,3.828438072472136744e-01
2.820400146628894156e-01,-2.941141972280914008e-01,5.822467860516202798e-01
-2.881360784690631949e-01,1.424574400537452767e-01,7.053080474125527077e-01
-8.937412669987108149e-01,-8.186316239561008956e-02,3.756503613145556475e-02
1.309763401208791311e+00,-7.352318860053830285e-01,8.576161546463991758e-01
-1.054807964042960400e+00,-1.471608476800421172e-01,1.281097886774876793e-01
-8.904278839754815600e-01,-1.223897665145890601e+00,2.135028874294375711e-02
-5.531009392155772364e-01,7.045864081623078867e-01,9.340399327449395717e-01
1.597459680275657323e+00,-1.183898863552754754e+00,6.729910860714369836e-01
-1.735109764939695154e+00,-1.081549213194865411e+00,6.961458589521587470e-01
1.012652586208953043e+00,-5.014915431225301923e-01,2.195478537043616951e-01
9.471196200963420964e-01,1.720666397137269765e+00,6.884480540133262050e-01
6.280796559386181421e-01,-1.614620791967755764e+00,6.471896374859996692e-01
-4.675550411760944769e-01,-1.587030316994320511e+00,9.875714625535551017e-01
1.933273685894319360e+00,1.280452274847695193e+00,8.988645751526969097e-01
-1.655683177033358655e+00,-1.816482841489988065e+00,8.121103239694215103e-01
-7.090540457018736920e-01,-1.645985508039399026e+00,6.458139560379239086e-01
8.603152951972496965e-01,-1.278644959327033259e+00,8.619294256239338203e-01
8.278084256136875041e-01,-1.488107612546041070e+00,7.821203906042901721e-01
1.970342488257748048e+00,-1.834239548219716465e+00,8.054772994687714460e-01
-1.291206639598468042e+00,-1.695250739688686004e+00,4.425305922712829965e-01
5.437846120018798857e-01,-8.060839009545039957e-02,1.295796246012683728e-01
1.931369086941749469e+00,-8.127741091496403225e-01,2.653417411528068426e-01
-9.883475819910625404e-02,1.571832401349512409e+00,2.075977999450362432e-01
-1.230910117934767456e+00,1.520315282402417534e+00,5.683377910230578145e-01
-9.654294345743243966e-01,-1.042152139561251190e+00,2.372420959047346622e-01
1.399162381602116145e+00,-1.946879752257147711e+00,7.474660601987307418e-01
1.489944641513019974e+00,1.339079888249174566e+00,6.614946411479045718e-01
1.758783707704210109e+00,-7.480009385850681092e-01,2.563002458367191760e-02
-9.334108568212349244e-01,1.556347569032191291e+00,2.257900755400759074e-01
-1.345753658381318996e+00,-1.955687004608345214e+00,8.993569874149057730e-01
1.693048109334380324e+00,1.530938491034811832e+00,1.744208060929641757e-02
-2.731558942512832822e-01,-1.651870995801102193e+00,4.442614404885639745e-01
1.360387065943571283e+00,-2.081400539476051748e+00,7.436067704838933423e-01
5.586899729076773014e-01,-2.044650159522478639e-01,3.382915393224188438e-01
-1.660818284707644477e+00,1.664708025507259936e+00,6.783000648097542440e-01
1.762143917549259253e+00,1.363719024286814463e+00,7.891958570086416991e-01
-9.064902720658158941e-01,1.365178968365555523e+00,1.539444123373173712e-01
3.457688427089631311e-01,7.175947426268720619e-01,3.721934993234411460e-01
-4.602749977526892078e-01,3.266415399542621500e-02,9.388455609163107729e-01
1.016145007568482139e+00,1.383088558964788550e+00,7.434732120274524236e-01
2.361069148621872671e-01,1.768894498384152136e+00,9.503851520767521155e-01
-1.513290464018176351e+00,-1.655665583593105339e+00,6.327102779604584226e-01
-1.528417340679678826e+00,1.752299871662628128e+00,9.021345919614032205e-01
-2.016660778681304667e+00,-3.987649838155902238e-01,8.590276771343806628e-01
2.814465196097959421e-02,1.180097721504833608e-01,2.265621883796060665e-01
-1.929895855856826437e+00,6.660378309096492977e-01,1.788211449562879807e-01
-8.545668144293263602e-01,-1.841613471330999952e+00,6.195210906240206095e-01
-8.574748288635829496e-01,-1.742726112464483279e+00,6.369544834009853718e-01
-1.340006184376216325e+00,-1.802679598616974133e-02,7.317397452080309783e-01
-7.226723652953606081e-01,-3.340091550335420045e-01,3.154294037931423267e-01
-1.032384883237647655e+00,-8.506198398104314329e-01,5.294735315286028809e-01
-1.125158761196755286e+00,-1.684144675548728820e+00,5.970124734300381597e-01
1.603012990584550046e+00,1.372079076507693340e+00,4.283312910567345089e-01
1.998850963484679166e+00,9.472544045739192953e-01,6.582559006036093896e-01
3.467323448337569225e-01,1.566227277076559954e+00,8.760933039131594269e-01
8.443261810685922519e-01,-1.029370212524750139e+00,4.504017767781768322e-01
-1.615659773171365110e+00,-1.426743580257087363e+00,3.830021540967856186e-01
8.592726022213215131e-01,1.537955168853331500e+00,8.472796614863471465e-01
1.870155817243293050e-01,-2.009649454323248818e+00,3.669804231923649018e-01
-3.746714528633814378e-01,1.207922373083055501e+00,8.152616583485355894e-01
-3.793321771144697596e-01,-7.635803137571059995e-01,4.966882526804663467e-01
2.031293296884121968e+00,1.941627734517684001e+00,1.714198809874045715e-01
1.595857108162893390e+00,-1.067590056119940289e+00,3.530928869243671331e-01
-1.457148049771854081e+00,1.201937244597983234e+00,4.185232219512916574e-01
1.244601005678522387e+00,-4.457829522790583976e-01,5.816879078537945391e-01
-6.949882785858148004e-01,-1.386567563695475735e+00,9.686722994237294548e-01
-1.943630171731279388e+00,-1.818028654462355842e+00,2.473652655525792055e-01
1.663756359347853930e+00,-2.929427652874461163e-01,6.512677081802997758e-01
1.765807729159375672e+00,9.296932810791163071e-01,7.496553554673254238e-01
1.434143805994311460e+00,-1.041753391710735555e+00,3.284021233631128078e-01
6.821267736474734278e-02,-8.534265117241741638e-01,1.742039107292595590e-01
-7.770272155950821436e-01,-1.029235935347402764e+00,2.053864840832840821e-01
-1.176790452836474987e+00,-1.576270467476203141e+00,9.786750104091748170e-01
1.928288299875759559e+00,1.396716636853504667e+00,2.114772005031745339e-01
4.349989493798478435e-01,1.746816939401482305e+00,2.099352297334977635e-01
-1.706101944370218115e+00,-5.852570325658486006e-01,6.492447001913204119e-03
3.391441567832584880e-01,-1.136724388766512606e+00,4.239762154106071490e-01
-1.879740666573781027e+00,1.951890570836327665e+00,2.388549996727002966e-01
9.896066146022919341e-01,4.494817213340551731e-01,9.368861661881280334e-01
1.337475647490216968e+00,-1.541481443495382297e+00,2.936308815330479494e-01
-1.909000711533004324e+00,1.781287657760991294e+00,8.342063390581268001e-01
-1.125454831370840569e+00,8.883252065517894813e-01,7.483391522256775952e-01
2.334759588117401030e-01,-1.443190273233084575e+00,2.351516185227732203e-01
7.999822568841690185e-01,4.736744201173488378e-01,3.855906559959854096e-02
-1.259532679220855877e+00,2.089053895079049372e+00,6.655059590737608666e-01
-8.791727431716078733e-01,-2.781529625303391651e-01,8.540586271250163453e-01
-5.005299260613085277e-01,-1.017126634949067743e+00,5.711596141149422046e-02
1.631805790479441853e+00,-1.760185319646303981e+00,8.814005853083052289e-01
-1.381393973918241702e+00,-1.770909371458024184e+00,1.433071161447531106e-01
2.234072178083006399e-01,-1.560655300841495396e+00,4.309737538185361982e-01
-1.316323033143440568e+00,-1.739329822785945945e+00,7.006870259865731754e-01
2.836492191380970418e-01,-2.059817867311083184e+00,3.002831771011194029e-01
-1.185494219469999555e+00,1.085567536829437074e-01,5.268968993687910274e-01
-1.612579625105557968e+00,-9.055799253860357112e-01,7.578453396722421020e-01
1.445251412911242372e+00,-1.891297414801693444e+00,3.168683728408769884e-01
6.308513551588026402e-01,1.619319274325764724e+00,7.240690043072264270e-01
2.204874994820569256e-01,-1.470982279967306905e+00,3.389152972426544563e-01
1.652080593056717284e-01,-2.967409769641486950e-01,4.544693289368395561e-01
1.781184939644271381e-01,-1.477064039944829155e+00,2.291613458890384702e-01
4.681947097245338085e-01,-1.618774331251918719e+00,3.052942198377497363e-01
1.756897114025051998e+00,4.541806004909023642e-01,3.432722429162509137e-01
7.220543443492122293e-01,-8.126936280040946148e-01,2.487954484113477083e-01
-1.270135824714324624e-01,7.999342123441475216e-01,8.281620950205542675e-01
-1.488325623575202705e+00,-1.801193102869246054e+00,2.282729082916732377e-01
-2.133614301071433683e-01,1.319349043474579819e+00,6.650408732958376090e-01
-3.209311692529444038e-01,-1.722652362870463749e+00,8.808999852185211976e-01
-1.881417621802354834e+00,-1.629229147939838196e+00,7.305711691507487116e-01
-1.233098563905252298e+00,-1.143845453825029779e+00,3.818973116613884056e-01
1.310590968924500110e+00,-1.012151382868860638e+00,8.799543826673443814e-01
-1.806255111682174563e+00,1.725132731684974718e+00,5.391032350828661723e-02
-1.021938236492938357e+00,7.401135945381676073e-01,4.522384819919123000e-02
-6.694445290315236274e-01,1.179670186033656698e-01,3.128858285130514671e-01
1.340677017165575080e+00,-1.494779028980234292e+00,3.943133637496061272e-01
7.586636870320329074e-01,8.797494612710368145e-01,8.955285077824258755e-01
-1.966476122248628888e+00,-1.097806153930906303e+00,2.925853970425585926e-01
8.590870856489196683e-01,-1.293378694217558245e+00,5.119953547451434606e-01
-9.271133684372554473e-01,-1.131110728974785484e+00,2.833303706476365535e-01
-5.808061447120698162e-01,5.873390835242133790e-01,3.320521766639958905e-01
9.272058442264063949e-01,-1.937512950072530327e+00,4.870786194158993609e-02
-1.642429394597324510e+00,4.097079501538507529e-01,3.025739834282223928e-01
-3.234722885743068765e-01,-1.672179140234765216e+00,7.366214198594692730e-01
-2.844462204865154664e-01,1.256313286135946505e+00,4.568464534388168019e-01
-3.627039318430143044e-01,-9.001016221858459954e-01,4.792628314310225512e-01
-1.482277079105566386e+00,-2.037815544332296280e+00,9.194205616733495123e-01
2.287040292776358896e-01,-1.399557043706046944e+00,6.679992682062655396e-01
-1.153515771230675391e+00,-1.865769992145187572e-01,2.143065554647988202e-01
-1.640505901489532459e+00,-3.215683972532799029e-01,6.287627492885350389e-02
1.918537853296541140e+00,5.028581213256484439e-01,4.246429730239618117e-01
-1.022496203685052008e+00,6.940408265343478433e-04,9.481096959612888009e-01
1.728464446978454028e+00,1.793439874137562562e+00,3.095992933926707824e-01
-2.862097582889149283e-01,1.804119682858790430e+00,5.978072661246316422e-01
-4.297220679984203873e-01,6.131533273628129166e-01,6.631368661875990389e-01
-1.096144667155589003e+00,2.347756633709137120e-01,6.673585648170787810e-02
-1.768277394528062541e+00,-1.073027239681089595e+00,9.377253692108631355e-01
-9.928418341662683666e-01,-1.469302014756534991e+00,4.192019040760426307e-01
1.041621550139609109e+00,6.233576564275664644e-01,1.635483360603383618e-01
-8.985051898835383355e-02,2.408708472700160641e-02,9.771208187557913760e-01
1.009056155550594802e+00,1.567577817758232239e+00,8.401150763275866407e-01
-1.380292387758634387e+00,6.211675792101543081e-01,9.920148802565127433e-01
1.819088068651062429e+00,-2.036312256513163277e+00,2.031945436051881826e-01
-9.810510368593698960e-01,1.590846886630044921e+00,4.702258162069572478e-02
1.779102141633510215e+00,1.219082310173646100e+00,5.511911403283933364e-01
5.346504739265438566e-01,-3.085429931348353527e-01,4.244721494788397109e-01
-1.257240055075230067e+00,1.982648265042186164e+00,9.684130142522584528e-02
-4.434178734141343003e-01,1.311337994194466727e+00,9.234361842866217751e-01
-9.299163411467823437e-01,-3.330031602881375896e-01,6.041713483614573610e-01
-3.109551379413271199e-01,1.334972225243602040e+00,7.848982384754473740e-01
3.467121845690122051e-01,-1.403588750649206629e+00,7.215015436883320810e-02
1.802551677894513649e+00,-6.089477147318402839e-01,7.888349130659888520e-02
1.522110954278435013e+00,-1.902645331686443786e+00,2.148573069631248833e-01
-6.504337360748655428e-01,-1.926142648326603091e+00,2.085275437277056554e-02
1.719814419753860069e+00,6.387015647529690199e-01,2.206652231255199492e-01
9.594593040537890971e-01,-1.458292323903419341e+00,1.904489375169988730e-01
1.481970072191702847e-01,1.667671233848082579e-01,1.566566609172720392e-01
1.354313883750796421e+00,1.794962153862013299e+00,4.124002182207465728e-01
3.471936804426976053e-01,-5.492361063103246011e-03,1.984320112234329025e-01
-7.256538934639320537e-01,-2.695251519502721571e-01,7.075025967657144754e-01
1.055087744969869235e+00,6.812704281259001071e-01,7.941905009383903868e-01
-5.226607814407824293e-01,-5.638929631298892353e-01,4.669517244145736656e-01
-1.400024276357560549e+00,-1.687325639409278377e+00,5.861424311606870940e-01
-8.851525004592406543e-01,-1.849191558444629679e+00,1.272076817302729701e-01
-3.135583425478336572e-01,-9.922805116929307445e-01,6.009749417809222560e-01
1.364053966560940356e+00,-4.750595947200495495e-01,3.509539077264031137e-01
9.373906794005240073e-01,1.338315325262563249e+00,5.195193926075369895e-01
6.417849357473341954e-01,7.012411581877979749e-01,5.904129524857626432e-01
6.824967277959892442e-02,-1.953281503195778424e-01,1.488355849976239487e-01
2.515279678535260466e-01,-1.016287419902088596e+00,8.215817393661831725e-01
-5.790624106707833452e-01,-5.143219957972837708e-01,6.539219791723160924e-02
-5.017390668023411493e-01,1.619485150010584906e+00,6.161458958496592864e-01
-1.995058370539165793e+00,-1.677846452620553652e+00,1.271131929192479415e-01
2.006734838835834811e+00,-1.162996439669401028e+00,8.456236655187021611e-02
-1.117345126115337095e+00,-2.061995093953816305e+00,8.845966622505809784e-01
-7.836959155622007511e-01,1.315092838057893232e+00,2.731257948814407310e-01
-5.915348274804999029e-01,8.066635753704916034e-01,9.910775542571922392e-01
1.011328283657242366e-01,1.379935351047374859e+00,6.870919762168875566e-01
-1.410116095129427594e+00,-5.493416536681479112e-01,7.183701535017819051e-01
-7.483972296582175332e-01,-8.464001837816235163e-01,7.253315909242407100e-01
4.280155801568543694e-01,1.194404646474755971e-01,7.679942166566643413e-01
-2.008124694730255566e+00,-6.711407571181000620e-01,4.098862529493226825e-01
9.845220769892066848e-01,-1.922787485770486304e+00,2.893211582071648635e-01
1.913664486483695359e+00,7.622542195473100968e-01,7.566178485796474229e-01
-1.927858458161422650e+00,9.091663075527600668e-02,6.325800676776005549e-02
1.805369279411542127e+00,-1.239129290209033396e-01,4.014350806894123602e-01
2.598122963451188205e-01,6.688915064889018325e-01,3.128473239099227587e-01
-1.282407601699038224e-01,-1.979513010788385596e+00,2.783404460623049026e-01
1.511094053272636017e+00,1.836797211330469803e+00,4.072389601269637005e-01
-1.233830466123525538e+00,6.459603695509641419e-01,7.478583819848400038e-01
-1.404687780358432114e+00,-5.871010121134814241e-01,1.159998344177980423e-01
-7.067720170892659581e-01,-4.880997843856600404e-01,2.195630316755737832e-01
-1.945271561637174740e+00,-6.016696025317540553e-01,3.743554610649345582e-01
-1.105445762791227970e+00,3.032110350455434755e-01,8.978913294211938734e-01
1.334324799409766449e+00,-1.743906726723361666e+00,9.208780167108854275e-01
2.059904719399697104e+00,1.564260060228498617e+00,4.697749732223633901e-01
6.259379783844685186e-01,1.345573235004344781e+00,9.843839717039228887e-01
-8.398755456778697059e-01,2.082668211246939460e+00,2.386806243875388978e-01
7.194794031849336413e-01,2.011759766911817682e+00,6.255284349009685441e-01
1.077492636564348238e+00,-8.933339276108307470e-01,8.314586904466825246e-01
-3.675760753980239492e-01,-1.565378178892951055e-01,6.983847284470534600e-01
1.733828622925678520e+00,-9.183905373290730534e-01,9.173460024766989518e-01
1.508852385713430166e+00,1.132833515100527766e+00,2.399757279043278624e-01
9.555395104532933281e-01,1.505376961291899907e+00,5.527765247163773932e-01
2.096475237930148783e+00,7.347076049974270440e-01,6.338424946297452900e-01
-4.401474517103427520e-01,-6.583743223199276517e-01,9.725694564895929206e-01
-2.057095081911901602e+00,1.591590734127688922e+00,6.788967099720654153e-01
2.037114874529129427e+00,-1.656266253489864670e+00,6.728053649791591040e-01
-6.038652768497934087e-01,-8.523468612694773405e-01,7.764782284992077788e-02
9.572097355835915700e-01,-2.059470434005951311e+00,9.328831648196567183e-02
-7.739646093437311247e-01,-8.926856524825486083e-01,9.606990982243085453e-01
-1.597417033080861248e-01,1.116807642853838711e+00,5.097869012841388381e-01
1.856513685447758188e+00,-1.187839281374829525e+00,6.667934089067628634e-02
1.816324652330262523e+00,1.678181434746720324e+00,4.179678450578344640e-01
2.032883502578137769e+00,1.093262331378859642e+00,8.179382958306298246e-01
-1.986789008319509886e+00,1.516737600021009325e+00,6.263641046702951298e-01
-3.164956131455760602e-01,-1.706427422614002154e+00,4.571971561945454843e-01
-2.233802797261512652e-01,-1.564964358335134254e+00,4.551482488372353696e-01
-8.018449706827848189e-01,2.762594141237015855e-01,6.016313712025286309e-01
9.531132921954372783e-01,1.765378794207150825e+00,2.983771781938763246e-01
8.695750897644871635e-01,1.097091990310758547e+00,8.549217020033029746e-01
-8.012969312891786711e-01,-1.605799208186231564e+00,8.981733066966335333e-01
1.761412088962796219e+00,2.617137895506251866e-01,3.568261432644530551e-01
1.025991104531970954e+00,-5.403567787451339921e-01,8.789771660914318385e-01
1.455156334697377041e+00,-9.488426830996830041e-01,9.219715296474801924e-01
1.577021958209372965e+00,1.076646363554840224e+00,5.418382609026484165e-02
-1.484067557150348549e+00,-1.589950304802954850e+00,9.962228498621962247e-01
1.915588383556359187e+00,-5.817710293326106008e-01,6.737368131871197541e-01
1.432150071663373936e-01,-2.500065248712834975e-01,7.698672311223397902e-01
1.451248978548199453e+00,1.224370731816591729e+00,9.189904446453266429e-01
2.899819330704880294e-01,1.565559122097437417e-01,7.466764405857763132e-01
1.674407481113884266e-01,1.959677247002290290e+00,8.017438601790338737e-01
1.880140547341949464e+00,6.983441681648403510e-01,4.944441068218108359e-02
1.123977110283131964e-01,1.607773607695246465e+00,7.722829339749076594e-01
-1.046716571948874908e+00,1.844096299928167593e+00,5.388686370825619409e-01
1.012338421166246949e+00,6.944164745260636984e-01,8.872639884535343802e-01
1.646549136868387109e+00,-5.177346064278014470e-01,3.249267268957103383e-01
1.489333781487101938e+00,4.230189350111688285e-01,9.130105306174538526e-01
-3.333932637281726841e-01,1.849809777776894038e+00,2.729372478917510003e-01
5.406611651240691430e-01,7.605961024450325070e-02,1.664705358640892197e-01
1.091944614675207426e+00,4.537921942498424066e-01,4.181827929613726180e-01
4.243598512261157474e-01,-1.672247730274928568e+00,6.455369134104473883e-01
2.303869086793977061e-01,1.816305053753617393e-01,3.904706146120819898e-01
-4.078033435626349235e-01,7.586840060669519659e-02,1.172060971352105740e-01
1.905216180383501712e+00,1.621280135589906468e+00,8.213067794332444826e-01
4.413561199891833375e-01,8.121173957155694012e-01,9.859134781381092560e-01
8.305306549419855244e-02,1.319715098329783842e+00,6.223764555038339141e-01
3.704928946644261423e-01,-4.048891226936606191e-01,2.861088263922951791e-01
9.034385100725628170e-01,1.317550775899454685e+00,6.789413493122904431e-01
1.178147672386165912e+00,-3.484321113669355263e-01,5.589245759321733731e-01
-4.331469941612051677e-01,-6.803403702517296647e-01,3.078248701715655677e-01
-2.049411854062083371e+00,-1.670050539730127959e-01,6.521459893279278885e-01
-3.638064313339925970e-01,1.989680064106038149e+00,1.841511051777565688e-01
-3.819778377398082014e-01,-1.465513130405216469e+00,1.846050919575095151e-01
1.273014749536294232e+00,-1.089027488524836329e-01,6.382803492301373227e-01
-2.020363337464128328e+00,3.555949893342464918e-01,1.539660579296451282e-01
1.336427502876892603e+00,1.297476142342017358e+00,2.730467472715658594e-03
7.577111754860856863e-01,-5.072002449178252270e-01,9.568036286240836352e-01
1.084501691544703661e-01,9.382040451392383851e-01,7.392973516231370334e-01
-1.794683128455630161e+00,-1.285819452606081104e+00,4.561148115472607456e-01
-1.375830414787384326e+00,-8.977398083310039745e-01,4.811054766927704840e-01
1.852292514742581275e+00,4.874244912759202464e-01,7.221140596425934532e-02
1.489534761744930158e+00,3.010013163431328742e-01,5.404625525754865878e-01
6.891968499435567885e-01,1.745755462414494197e+00,9.967759934420673540e-01
1.243028671387240713e+00,1.466259490961480338e+00,1.214801296415451981e-01
7.125589439956843130e-01,-1.184269810841268811e+00,2.072563102901767706e-01
-1.653264469507866652e+00,2.058276438058102009e-01,7.820811788460011460e-01
-1.625195135797225410e+00,8.199871966796981049e-01,7.555212884311338639e-01
6.301184469793250642e-01,8.964937086983910675e-01,9.979462923233373139e-03
1.456202610981454093e+00,-5.323351055801652798e-01,7.618037388142373523e-02
-5.571735875340431132e-01,1.815798081481263537e-01,9.975264746282638262e-01
-1.184496864377808434e+00,-2.517649055674233693e-01,3.541871962913598626e-01
-1.366953380534285722e+00,1.030421182044980455e-01,2.973583982547797211e-01
-2.567590432841861947e-01,-3.266104692426272660e-01,2.035261707681772503e-01
5.792102983359890267e-01,9.137806284502905108e-01,4.334443537850054540e-01
8.262051279367854661e-02,-1.121193859900112777e+00,2.386260409670697413e-01
-6.237419684813532150e-01,-1.121978688589839734e-01,5.018766712552961140e-01
-4.433698377091475074e-01,6.832933256762054874e-01,7.176468858211625390e-01
-3.928459867576488129e-01,-1.907236642613151734e+00,1.278979467295435768e-01
1.882904171935134041e+00,1.147367563488886688e+00,4.360574078615762073e-01
1.565419447420198562e+00,2.688185946256282932e-01,7.396069601495454116e-01
2.363024954157233459e-01,-1.782220207891583641e+00,9.704489371773030726e-01
8.090049571622595082e-01,6.581364245053396012e-01,3.413094699950567357e-01
1.873935988805232267e+00,1.342597554542676264e+00,8.797068627638128246e-01
1.294732239894529346e+00,1.920851199853806701e+00,7.948596540597189231e-01
-1.326524793679495495e-01,-1.315982520720767379e+00,7.771036486848299507e-01
1.518772696816095280e+00,-1.912975350014052944e+00,4.344115642438745040e-01
-8.375747289008146357e-01,-8.788537636358828564e-02,1.193912694106251671e-01
-4.961233433778604596e-01,-1.469589545708032130e+00,5.823271465503674360e-01
9.261162966672400465e-01,2.822247166204716606e-02,1.060024607271694563e-01
1.971605543279433714e+00,-1.169294033678837330e+00,5.759259564338090609e-01
1.204114993650557075e+00,-9.992822377231380671e-02,7.088763343058382960e-01
-5.185952897694141583e-01,1.317714832934879787e-01,7.336897551591149425e-01
5.584361249757252565e-02,8.405718941123527799e-01,9.930037250505279189e-01
-1.265991696353692131e-01,9.155089149265593917e-02,7.466960269659480565e-01
-2.906500900025834611e-01,2.025722748438747889e+00,3.376190530325132722e-01
1.061064345341366622e+00,2.498482536709101254e-02,5.575506057377245250e-01
-2.066399120787025367e+00,4.979183930996726737e-01,8.772727776817644818e-01
1.529573795129774538e+00,1.943905759718084436e+00,7.150606796333669468e-01
1.502589503667254522e+00,4.856874472703243129e-02,6.653347963331932569e-01
-6.797180251271843776e-01,1.451877163834540685e+00,2.229916580015084415e-01
-1.072109159386595900e+00,-2.057096328960598797e+00,2.139625105358706758e-01
1.554057490405396535e+00,-1.673029275028532492e+00,6.405277175540154966e-01
9.297069513499076621e-01,-7.401674252032923729e-01,4.463370793461601815e-01
4.117573344232958732e-01,-7.796977119865839967e-01,8.060693444781663608e-02
-1.127265069611087078e+00,-1.722813839982635153e+00,4.356927623669238914e-01
7.505515986209907453e-01,3.411680886982808580e-01,9.367925946716770813e-01
-9.552556252776840395e-01,-1.372422814058646967e+00,5.719497034452725170e-02
-2.847057732151196952e-01,7.897760529106867544e-01,7.079746643916807747e-01
7.093451041611933405e-01,-4.810101644384583430e-01,5.164019485934203679e-01
-1.612237945894932967e+00,-1.620368245386573314e+00,5.519355934695535648e-02
-7.516702787154914134e-01,-2.417216000345145943e-01,9.577079833193575809e-01
-1.666161603947755587e-01,1.554878419715345128e+00,9.807144320174008278e-01
-6.522555621653527425e-01,1.885329696858416337e+00,9.435575039260043484e-01
1.083066966953994736e+00,8.660284956695387670e-01,6.339596634164679223e-01
-1.692596452890965164e+00,5.191357634867177495e-01,9.918091123930929953e-01
-6.003933556621274814e-01,-1.256940103801533759e-01,7.879259394557375229e-01
2.994313394881573664e-01,3.748606130921681157e-01,3.493058244246483035e-02
-1.595365158991642218e+00,4.940147890501762618e-01,9.328971126651215418e-01
1.340546342918525369e+00,-3.864736031379552017e-01,8.635303660954208871e-01
1.983551111096457653e-01,-1.938638560908429787e+00,5.023304691064467420e-01
1.482816067349306266e-01,-1.385856686984981101e+00,4.812483108378247110e-01
-1.660411202603188974e+00,-9.306929296817636477e-01,8.352845486732399793e-01
4.720893283385763084e-03,-1.924702818710833263e+00,6.791428286725427199e-01
-1.908783010161528182e+00,-1.978475956494322840e+00,6.708507201736796377e-01
-1.602179106593030200e+00,-1.978129310317485956e+00,9.197184795763825305e-01
-8.793176976911956100e-01,1.712878027618422117e+00,1.023914204879405876e-02
9.429202963752714162e-01,-1.191573990469642963e+00,3.617844054919142627e-01
1.719435827730859678e-01,1.123260142140094953e+00,2.751392746979774984e-03
1.765213792111851365e+00,-1.251712315748219950e+00,6.894778420621709980e-01
1.920172367845996764e+00,1.644744928668447681e+00,9.431068886306870347e-01
1.661923848136031889e+00,1.634466207444945418e+00,2.850276537633982255e-01
-1.214949637020428241e-01,-2.021188957604147074e+00,9.373161850349928104e-01
4.234499443854717882e-01,-9.795523073680563186e-01,4.527921468798026261e-01
1.192104029599073467e+00,-1.379104150285621389e+00,8.540464677634169721e-01
-1.764201173911550624e+00,1.949979438460473613e+00,6.281107014697592250e-01
5.972017036532424328e-01,1.922331642583653188e+00,8.331982418090084774e-01
3.189850632395234697e-01,-9.075631319440884415e-01,3.296982422602029450e-01
-7.294604709531338216e-02,-1.486866029478744800e+00,1.728665097433693676e-01
-1.029608837610455518e+00,-1.871335846168530992e+00,3.795949631168404892e-01
3.375059830128792626e-01,-2.274782761546700893e-01,2.690699663807841757e-01
6.890926875977587684e-03,-1.126228219714725309e+00,2.823556207642509142e-01
4.956557510774786124e-01,-5.054305020788034675e-01,8.121691283836227626e-01
-2.115309960756264207e-01,8.820204538848539499e-01,5.270071582627480211e-01
-1.040549869430630769e+00,1.568865863857302312e+00,5.358114503499344927e-01
-1.887738199890255819e+00,9.040794071548585720e-01,6.259776442683208098e-01
-1.346464437014617488e+00,2.093077304393271554e-01,2.945655308748782453e-01
1.209673645852214818e+00,2.172724921706730150e-01,3.161094853085981704e-01
4.466891153753511645e-01,-1.490331103358861764e-01,8.017264456384921578e-01
-3.866362945891963498e-01,1.364491316450894498e+00,9.269342610292716778e-01
5.245936382799909481e-02,1.870055907175274257e+00,8.317110436875204682e-01
6.013579512302045238e-01,1.506701849760770706e+00,1.012927495601997352e-01
1.234819850284631038e+00,-1.255485707961868425e+00,4.654248574373534009e-01
6.868747882343573252e-01,2.031612168625940296e+00,7.385470371523293887e-01
-1.452696765700688175e+00,-2.083620966132248231e+00,4.102781685699236069e-01
-1.167399391398089348e+00,-1.507650774651163594e-01,1.390740910014647280e-01
-5.672774653269361256e-01,6.228293997230194279e-02,9.404984242925515936e-01
8.032668237018665280e-01,-4.027136410362746055e-01,5.945713635268343733e-01
2.001858670247483207e+00,-1.087326979629007040e+00,7.045057325716563845e-02
-4.357689600398446661e-01,-1.937771821082472590e+00,8.027684134326867893e-01
-1.159788373401430928e+00,-9.576313784132084450e-02,1.166519230237859084e-01
-3.892576865545871456e-02,-1.454063551452126957e+00,8.239827989773162997e-01
-1.944876827564847588e+00,-5.347932867538331969e-01,6.016045147227339074e-01
-1.819018112261137743e+00,-1.628101440407477174e+00,8.867779232076204998e-01
1.333758693300719944e+00,-1.069021100600075602e+00,7.415753791673226347e-01
1.616863765067639847e-01,2.917898779308480961e-01,1.621446861101856207e-01
1.892606375962402332e-01,1.001607346171646373e+00,5.023313316304238718e-01
-8.088963111731404254e-01,-6.243375585407191508e-01,8.239038624050560866e-01
-2.735850148906329160e-01,-8.226079689779446369e-01,9.565264436736071740e-01
1.928941751712340835e+00,-1.414858201710222252e+00,7.184588243976155475e-01
-7.912844885747731816e-01,-4.246386494652791832e-01,1.768112894203781593e-01
1.716174866930936016e+00,-1.857264502631156500e+00,7.891832065446979794e-01
-1.820562231268685327e+00,3.085570016990617503e-01,2.498326643597300611e-01
1.609061450591820375e+00,2.953104229273280090e-01,4.937650142352602023e-01
-1.309032024964757346e+00,-1.798385529807283278e+00,2.024337386148579165e-01
1.079292861164348416e+00,-8.106130192598222095e-01,9.258475329542270593e-01
-2.048782491185156651e+00,1.160278343045371141e+00,5.588005130073369076e-01
1.406744209477737595e+00,-5.420014120021374726e-01,2.997362391879524468e-01
-2.049811252020659946e+00,-1.330376013925376633e+00,4.803351196256662181e-01
2.001954460752797260e-02,-3.390926528491962078e-01,9.750809288782619211e-01
1.140047398975378101e+00,6.454575629141250381e-01,4.044753892662299455e-01
-6.580185486780365522e-02,-1.304974309319379078e+00,4.840285753770062760e-01
1.518780666613371633e+00,1.739757478660775902e+00,5.394437642460272464e-01
-6.746343141338366767e-01,-2.057641136077890121e+00,4.046243885655422812e-01
1.617283497409755633e+00,-1.879174144713705807e+00,6.260738434976639288e-01
-6.360841044340981298e-02,8.640805940847666733e-01,7.528875511759808292e-01
1.191037949731736489e+00,-8.965772692747624451e-01,6.653861365918747328e-01
-9.364351411789875179e-01,3.872478412014679350e-02,4.840470321551870736e-02
1.224677611476763239e-01,-9.576407098478048052e-01,9.724858010086727678e-01
-8.680238318707811374e-01,-1.316804035254828253e-01,3.792043719515045819e-01
-1.305901076299475605e+00,-3.880681874971656509e-01,7.020488504268631580e-01
1.649461485310506070e+00,-2.361997893668199566e-02,3.571714270837519356e-01
-6.283176851505993810e-01,-6.905458815188987298e-01,3.062531147537754794e-01
3.947951035388359564e-01,-1.019591703757481760e+00,3.657793571761573936e-01
-1.470731976095220883e+00,-1.533146461043866315e+00,3.229327971206267245e-01
1.069317974545014316e+00,2.075125977133565502e+00,5.845092704261393157e-01
-9.905727529659316133e-01,6.198990722531290132e-01,8.647214983901296836e-02
1.450942650325259820e-02,-1.344567476357270586e+00,9.237115780790355890e-01
-2.680225475602826535e-02,-2.568868165173501250e-01,3.046868068229869886e-01
-1.574714738554975124e+00,2.082031360301140221e+00,4.786026178481237459e-01
2.013189840345766424e+00,-1.916384496778152702e+00,7.567893885655857522e-01
-1.922066800402451259e+00,-1.236891465300624660e+00,7.136621018991050613e-01
-2.032734188080789650e+00,5.803949168783724133e-01,9.006873306515205124e-01
2.813531309911088130e-02,-1.871868180733333720e-01,8.591140834841849427e-01
-9.523110557796250486e-01,-1.804271566328945475e+00,8.839327204787403858e-01
1.936248403442024202e+00,-8.217441351484366940e-01,6.645725575221699266e-01
1.105532775074133944e-01,8.671610319397164979e-01,3.820727222837047021e-01
-7.813674234717533640e-01,2.253707380897633783e-01,1.745132883598911056e-01
1.963967593385532506e+00,1.003389781480041876e+00,6.466669771674516953e-01
-1.056279131585835529e-02,1.552923413230458127e+00,3.842087693628285505e-01
1.439995155146317263e+00,8.254541323855812962e-02,6.895488080921750029e-01
1.983230604687278298e+00,-4.673343229218904771e-01,7.302100983943032864e-01
5.980569769619674680e-01,1.341030217402776614e-01,6.349822456074969423e-01
2.681408260988176195e-01,1.706630532487729113e+00,4.491664097287086932e-01
1.585583423840191131e+00,-2.052052380861568714e+00,4.270179663702461381e-01
7.113332367661331368e-01,-2.007887986360491261e+00,3.935508770854303506e-01
2.599442979116730612e-01,1.587385659217520839e+00,2.113177460692703402e-01
4.645652765951915342e-01,-1.973773739889930656e+00,7.937443858601266333e-01
-7.430777134374972892e-01,5.647522880887887453e-01,9.497477957730215969e-02
-1.801781377358599112e+00,-1.182624201142724374e+00,5.554232258604848704e-01
-1.739196043289958915e-01,4.702442526223578056e-01,8.498164166204910108e-01
8.888884435744692780e-02,7.081055678902545836e-01,1.731291785679108797e-01
-8.323281347547113462e-01,-5.689821620629720300e-02,1.624393259156087232e-02
-1.409347427098650574e+00,1.396113832700241364e+00,1.165631535802791330e-02
7.012232420573472069e-02,-9.386303727134848174e-02,1.393295055480763267e-01
-1.176595696124923762e+00,-1.564034466242568033e+00,6.917148794634431219e-02
7.933489440103507206e-01,-9.695383556412497938e-01,5.706938814311126595e-01
1.314527414861858201e+00,-1.607597574449635136e-01,6.757326818732078966e-01
5.426395064431233095e-01,-1.789846410440561808e+00,3.459489956848090797e-01
1.449526956877152717e+00,-1.626565568588445032e-02,1.318522357172550175e-01
1.606870225098742999e+00,-1.471429325441058866e+00,9.229885180219289387e-01
-4.323979503000974223e-01,9.044984980035040145e-01,7.207454704204090401e-01
1.465353425973503043e+00,7.715458578384311039e-01,9.262414503255121945e-01
1.444160614863118752e+00,1.520678421190829965e+00,3.853812588827040253e-01
-1.636304316803141035e-01,3.073732122024295244e-01,4.673044098443005501e-01
-2.053525364758614469e+00,-1.175316579943097572e+00,7.756576941906823119e-02
-1.386708906615787829e+00,-1.967716050787797988e+00,1.877837630989027673e-01
1.278407806352496845e+00,-1.421878750842843431e+00,7.313136896962906253e-01
-9.195765099805679466e-01,-6.946273548436814327e-01,1.230211560447002084e-01
-1.558436328046761687e-01,-8.901073778097901013e-02,1.061098970188797397e-01
-6.069792413807755249e-01,-1.051333705114747552e-01,4.450245960400601719e-01
-1.495715340854599340e+00,-1.092771227522503885e+00,3.574298285272958786e-01
-9.131621703314523053e-01,-4.943863417060929688e-01,4.972754145929765279e-01
-1.720870960173586983e+00,-1.906933822928054578e+00,3.675853372746917813e-02
1.059634038167911463e+00,-1.302446529800665109e+00,1.806854979315943854e-01
-1.280671687722271468e+00,-7.490948333321685304e-01,1.680087660858797793e-02
6.446916863310478973e-01,5.754306566318256877e-01,1.110068503483918612e-01
1.521895517343986537e+00,-2.348468034533490734e-01,3.195010088042369301e-01
-1.411117872661597605e+00,6.439383782812089230e-01,9.951631483893554897e-01
-9.823571199072700377e-01,6.055061489027577792e-01,1.128112571860085955e-01
1.797567163408205992e+00,8.081654340778499090e-01,7.354427446168875226e-01
4.235205085768845024e-01,-3.254986544673503790e-01,3.145422147442249461e-01
5.832601076586518829e-02,7.987982697283197986e-01,7.122683137034874212e-01
9.950776774035574590e-01,1.770421393588924808e+00,1.781247737137314768e-02
1.920992581677082089e+00,8.025644190305363246e-01,6.769320484884645550e-01
-1.522621520186724364e+00,-7.074669601045850964e-01,4.745365806075905191e-01
-1.523783097799438213e-01,5.609857390884789297e-01,8.862564235497570886e-01
-6.324277114236003250e-01,-6.652297702394613932e-01,8.964247348378755476e-01
1.015383730311395283e+00,1.901255835142215300e+00,7.196249747751566339e-01
1.421805468991486965e+00,-1.411005922699691606e+00,5.162780295905504691e-01
-1.307849419109796685e-01,-3.541635872234076832e-01,4.457975639164092341e-01
-1.706983323376859207e+00,1.157150639532339209e+00,3.863436673718791958e-01
1.324609552634574250e+00,1.879857140805145210e+00,9.431008853491921196e-01
-6.060642887806586554e-01,-1.258517437778858161e+00,1.162357949295711457e-02
-1.258609732418776161e-01,1.514833822967188937e+00,4.042016118302476091e-01
6.404526609256788738e-01,1.101826508700135321e+00,2.671696405267108831e-01
-1.040128897863546786e+00,-1.651410737263691697e+00,9.400356044967075331e-01
-1.277513377561479757e+00,1.875088759339067490e+00,4.565386288562685024e-01
9.154863569541067392e-01,-1.653095817088601205e+00,4.214977966176260971e-01
1.420850717237313265e+00,-5.945053328436036288e-01,2.878029660940693013e-01
3.570136772683527582e-01,-1.765362726347903033e+00,4.298411915766453539e-01
1.619444545539121094e+00,-2.036593327211038584e+00,3.383361747863147251e-01
-7.474511611774792286e-02,-7.155555843581338227e-01,1.037212989644141770e-01
-2.011075184791756953e+00,-1.110890592206176919e+00,9.585697749348481844e-01
1.683310237983555613e+00,1.293740980717101863e+00,4.978676947777377348e-01
1.223625364695756446e+00,1.391804873343865712e+00,3.752671942188896548e-01
-1.630116939525475317e+00,-9.835270505909798899e-02,7.130329023994802506e-01
-1.318636604947247104e+00,1.192448817660387572e+00,7.295882728968158260e-01
1.223938458640994043e+00,1.927866358429605409e+00,9.503150300736787903e-01
-8.208337015939077830e-01,1.120992251348574609e+00,5.777002097299265282e-01
1.624933702286192272e+00,-1.875298720884509995e+00,5.276055416182309221e-01
2.954980603139207851e-01,-1.612552498261017764e+00,5.831254049870868705e-01
9.368773925382596346e-01,1.662668383461052724e+00,5.988673280474069438e-01
1.879630203668659849e+00,-7.443327158615913319e-01,1.384434631883306732e-01
6.723648614756929653e-01,1.242427797521945099e+00,6.459572086439822058e-01
6.237989556808853919e-01,-1.085429586440393113e+00,5.278234503748860940e-01
-1.924336473046319496e+00,-1.813386612603995030e+00,3.099418769232494819e-01
1.027264342154658117e+00,5.805005298404828373e-01,6.798173486795229259e-01
-2.406268229158954330e-01,8.969082301576847271e-02,6.137856055089790930e-01
-1.761707394110234581e+00,1.832676139875077936e+00,6.419833492576060285e-01
-1.124952055357463898e+00,-5.078838648955201762e-01,5.346944653996595909e-01
3.620625387529465833e-01,-1.552243578914480393e+00,4.877819817058871577e-01
-1.876431492166739101e+00,-1.269881179944392979e+00,3.488019318238025912e-01
-1.319635192570827842e+00,1.134711112888356244e+00,3.329887549871938246e-01
1.660061563590366607e+00,1.080734394741065696e+00,2.987587797564372760e-01
-3.321476192743850753e-01,-6.681314651433680751e-01,8.512377979856652344e-01
-8.372724510550351162e-01,1.910432459303939456e+00,2.481239481653115808e-01
-1.761695187485470271e+00,1.434323900903446081e+00,4.546994801322232771e-01
1.018705166106144144e+00,7.033543066458185500e-01,8.877152804963474031e-01
-1.736983114394187400e+00,1.917826613226286003e+00,5.203526460892858863e-01
1.789042112145871055e+00,-7.058842575785755358e-01,8.797862903409255919e-01
1.129193960819901754e+00,3.609930381659838261e-01,1.953205801317495771e-01
-5.140271892312788804e-01,1.730534265129270555e+00,6.843840310047212272e-01
4.818105375415040470e-01,-7.217795124687902408e-01,2.329664959536776880e-01
-3.408839208878873261e-01,-8.311667340143964466e-01,8.800260729644389102e-01
1.928927120838452858e-01,-1.797098175107905593e+00,7.776768401672178310e-01
1.324820067443793992e+00,-2.192835783025843810e-01,1.108202942642466660e-03
-1.252831791335470513e+00,1.728120376550034809e+00,2.783972445195964651e-01
1.302804249429052597e+00,1.586586743714036185e+00,4.364032283055939709e-01
5.184748474931271112e-01,1.654748875392807239e+00,4.454650846849795842e-01
1.794083207275258829e-01,-1.051221536251896183e+00,5.339961902790022474e-01
-1.240230023336553078e+00,1.887531798675849526e+00,6.382066218325481710e-01
7.623702005855879094e-01,1.045143302963444931e-01,8.130577294508750663e-01
1.604470016734176774e+00,-1.082406077401661060e+00,9.725865933021602405e-01
-1.820947280864793960e+00,-3.358513726519907205e-01,3.026422753260195053e-01
-1.522054705084143755e+00,-6.933400984619795260e-01,3.390959664828008258e-01
1.001029341899835501e+00,1.444447265326673335e+00,3.918247926095659306e-01
8.171011802955887582e-01,-1.376013399821448990e+00,1.015434834849269219e-01
1.588976018067020046e+00,4.519459356999591115e-01,1.389245724911783997e-01
-1.345962259066190381e+00,-5.870327398781947092e-01,2.755379175176898565e-01
-8.811110698098219007e-01,2.056441965411327732e+00,2.294735791435786876e-02
7.896257609779833153e-01,-1.985466166247994657e+00,3.155539716049264864e-01
-1.583378527975260575e+00,-2.479556074333402194e-01,4.777622425773567771e-01
1.804341253857256078e+00,-2.001656389732329178e+00,4.678574397994269551e-01
-1.081151284449691996e+00,1.439550687037374210e-01,5.397416452527030728e-01
-2.491997182172018821e-01,-5.843144790811107825e-01,3.590426960493864339e-02
-1.781168919222934743e+00,-2.093554008873867112e+00,1.620662050496479711e-02
1.349455326469150673e+00,-1.663453113033665165e+00,4.231793849000967667e-01
1.686809083400624854e+00,5.672393669714606013e-01,4.165318598369778247e-01
6.784615010920078682e-01,-6.377577909825706826e-01,1.803846516156919488e-01
-1.852457921640579430e+00,-2.063319996242003462e+00,1.251456466270128853e-02
-3.143239414968155288e-01,4.966932373712560356e-01,4.388601812656687251e-01
2.078210474349642123e+00,-1.441032110483239981e+00,9.503699571355337383e-01
6.938987720214728760e-01,2.651407063655382146e-01,2.322719610843093641e-02
5.453828113767120733e-01,-3.706157879740468175e-02,7.824251720539600052e-01
6.474820286990849993e-01,-7.686891608238992646e-01,2.955120685319261309e-01
1.243737605460034867e+00,-1.567056904365562442e-01,7.632211935823112192e-01
1.780223614570694224e+00,-1.636342038753573203e+00,9.450670710259210239e-01
-1.470066436896156237e+00,9.969894151416940353e-01,8.996182883003963626e-01
-1.373130038654712948e-02,8.419472811261417000e-01,8.571126435283709100e-01
1.880774989413887877e+00,7.602793754216810029e-01,5.641138754482009077e-01
-4.352990924524036132e-02,2.800822536891196535e-01,9.159539709500874594e-02
-1.029869461278029696e+00,-7.905282076301105576e-01,5.021808749808917005e-01
2.344957394431901321e-01,-9.883339579451222434e-02,1.094208486881445008e-01
1.973027500872228668e+00,-1.866159834403180895e+00,4.278728753684110098e-01
-2.071689086929164425e+00,1.735570893103464130e+00,1.207782798918973777e-01
2.092416235670966795e+00,-9.800972843721180716e-01,1.912495039898663984e-01
2.448507978007943287e-01,1.103336845485286322e+00,5.159606189667964582e-02
-1.210742078042518877e+00,-2.087703560098057132e+00,3.499173714101567745e-01
-1.198957890848104668e+00,1.483923923882483287e+00,1.075918993109188371e-01
-1.785020672119132179e+00,-2.007697427971497195e+00,7.424227103892977464e-01
1.320982638398898512e+00,-1.159943055451398308e+00,6.726667484092074822e-02
-7.391441976550956472e-01,-1.663866315886987746e+00,1.288522289796538711e-01
1.860263690275415271e+00,-2.029442201688724801e+00,2.272212292995512417e-01
-9.816290647315693008e-01,7.360525435733338284e-01,5.274666324514160065e-01
5.033062747352214927e-01,1.079261287293087790e+00,1.856394859422039190e-02
-9.181305849054854917e-02,-3.383704639119931024e-01,6.059641635538598470e-01
-3.301904471396581719e-01,-1.103071672116062496e+00,6.042113780028124381e-02
-1.510755441650979858e+00,-1.675077259015041786e+00,2.618616322471258862e-01
1.244115673146939827e+00,2.049627674857277260e+00,6.165787981237035309e-01
-8.258039458876740291e-01,1.305449754531783135e+00,5.716368532623836707e-01
-5.733839592779161887e-01,-1.297961864700684975e+00,1.444105306114232823e-01
1.309299903701312218e+00,8.181892926229350493e-01,1.479344590619769972e-01
1.706061256551484995e+00,-9.940668032895105810e-02,5.391144078758932645e-01
-4.070122641458717716e-01,9.412891292371994290e-01,4.794416027904909727e-01
-7.572698775289365969e-02,8.851200518797788241e-01,2.980995740398200144e-01
2.846150242789522444e-01,2.086200482645076182e+00,6.868608347390326996e-01
-1.590795878665998142e-01,9.693417788482392439e-01,1.248623560922655917e-01
-6.321718668282620968e-01,1.605923165912548356e-01,7.713266236986824342e-01
2.055271246206153091e+00,-8.980728034838632023e-01,4.967928290156775617e-02
-1.498067448045564909e+00,-4.385603332595757742e-01,7.503170327454117272e-01
-5.668163681559004186e-01,1.390833754405527589e+00,7.934353147422018582e-01
1.818712912189789144e+00,-1.830522300195673857e+00,4.697366011284249687e-01
-6.400627765632260768e-01,-1.828017705626564737e+00,5.103296311257617957e-01
-2.044881813291169692e+00,-2.514902304304345027e-01,4.887643057972922422e-01
1.668012232656454152e+00,-2.591891660654730423e-01,2.667341755096854783e-01
1.061899261150891949e+00,-7.660321890803778455e-01,2.754613319866563437e-01
1.290496339998050246e+00,-1.539085135512341385e+00,6.840308836629516165e-01
9.915016563649881043e-01,-1.462247322401409200e+00,2.780338937257387233e-02
6.655392475223660398e-01,-1.619110734771433968e-02,8.577322562365641279e-01
-3.019726305377903319e-01,-1.035976025053731542e+00,7.003645453174274227e-01
-4.270351580133928682e-01,1.791909001685189740e+00,6.385454758819197885e-02
8.655036719360631459e-01,-1.985841512780069706e+00,4.281176387432095165e-01
2.086820985498078596e+00,2.077300969424156207e-01,2.504363836372277552e-01
-1.025465363982563494e+00,-8.942529324281160985e-01,5.060097919771644470e-01
-3.216233284718625907e-01,8.108052817915032406e-01,4.351900917252995438e-01
1.195257910278080260e-01,5.268351758919020966e-01,6.845056137399551099e-01
-1.192341417161092654e+00,-2.661930705535939801e-01,9.551962427244299336e-01
1.562336047426312380e+00,5.878811362939093677e-01,8.116087804284836116e-01
9.838865585071685516e-01,-8.566603172049462867e-01,5.932771516384854893e-01
-1.260857125355994590e+00,-9.206506879846527713e-01,1.749000329116107144e-01
1.245253242816275474e-01,-1.892362369588109550e+00,8.475907970944990266e-01
-1.596795247047673616e+00,1.646702050491286151e+00,2.118956253617599872e-01
-1.971921445164668274e+00,1.774339627006749076e-01,7.591353839209671328e-01
2.094470269654865380e+00,-1.794001957696913507e+00,3.234300844642815642e-01
-1.842283782829658989e+00,1.984650129910689120e+00,1.052012493921687941e-01
-1.892967499996848435e+00,2.521310581242914850e-01,9.065208782184625003e-01
1.808263038155057956e+00,-6.295546161674381302e-01,5.484899742380401344e-01
-1.388034506264268497e+00,-3.787764914834168550e-02,4.810908531309210368e-01
1.264624943508712018e+00,1.810377369675003401e+00,7.027545157952973520e-01
1.795125820034241482e+00,3.527021875758435954e-01,6.125589524267536223e-01
-3.133578788613007315e-01,4.588648193445390433e-01,4.011625463312709083e-01
-1.055715151930152862e+00,-3.117374236411099009e-01,9.252878309563077330e-01
7.975012668017562589e-01,6.703874518646149028e-01,1.890628968633123463e-02
-1.109694625534181078e+00,7.995122366831783900e-01,2.643687602541980874e-01
-2.075166363553734517e+00,1.510465334512283153e+00,1.995029809647110852e-01
1.591534739883833094e+00,1.344856957278731890e+00,5.853482630621500427e-01
1.158909356528085244e+00,8.985723980186586246e-01,4.768245787298074356e-01
1.971224145995280619e+00,1.242613322955753219e+00,8.899611180678983491e-01
-9.097782069244304548e-01,-1.152579437106505011e+00,1.264958811095173719e-02
-1.603638345539041055e+00,-6.408216766027385880e-01,1.369711235465319588e-01
1.857891286827197064e+00,1.933435954962625214e+00,2.836949584406882607e-01
1.835763782112013853e+00,-1.051280591045671065e+00,3.715136391024522755e-01
2.053685133428448051e+00,1.613044737659390382e+00,2.365592997112764273e-02
2.060881629242497848e+00,2.049657105144975233e-02,2.090570274693737129e-02
-5.814538988376769524e-01,-2.874217841722441769e-01,3.707077411018198099e-01
-1.532858228289795122e+00,-7.125283234576751390e-01,1.902848697235206554e-01
-1.839067795274706985e+00,-1.494642161073664877e+00,3.477105303643041045e-01
-6.462266414327761943e-01,1.377415081738718072e+00,2.706621054603381982e-01
8.728350229460635212e-01,-3.431635529304748466e-01,7.357993012625423379e-01
