2.206995400908837723e-01,-6.727255386356878475e-02,2.036589818889357195e-01
-8.573143650397430093e-02,8.579435010519085303e-01,8.733357837976463145e-01
-1.830511778309646953e-01,1.372858587474632408e-01,7.892735118411505768e-01
-1.191785077939018223e+00,1.544808264172390810e+00,7.564701722524981298e-01
1.221629093844613489e+00,-7.486256874681536111e-01,4.810031085435835241e-01
-1.594848165579528132e+00,-1.514311396869418846e-01,8.017546119245106961e-01
-1.717883099881274411e+00,4.544961257765360862e-01,9.673692272893167354e-01
2.037529153832743578e+00,1.132071750403819355e+00,1.118433389707913506e-01
-1.260714996885742289e+00,1.266663972043310160e+00,5.025657732697491609e-01
1.363548821470678796e+00,1.230925616701969094e+00,5.367874687458731309e-01
-1.887170482548632844e+00,-4.116737058438149077e-01,8.630661064302925789e-01
-1.784426966018109795e+00,-2.078056813164308014e+00,1.694433190006154888e-01
-1.439109200643037045e+00,1.231337598452603377e+00,3.133906527751328941e-02
1.954316222864649344e+00,1.321951646754078169e+00,8.698356156475561818e-02
-1.484103772819370892e+00,-1.416239177688941142e+00,2.428985775322837215e-01
-1.662787501611193708e+00,1.554193312134799498e+00,1.256381038430748331e-01
2.059872832790698549e+00,-4.449873365443857143e-01,1.987793127927535153e-01
-7.207085637402714795e-01,-1.312984679494607176e+00,6.326212056465956302e-01
1.290262171310135209e+00,1.161319322834425627e+00,5.097765042932478341e-02
8.148960745366391478e-01,-4.851245248381497177e-02,4.390469913349255293e-01
1.624947222690736659e+00,1.362864216423772312e+00,5.736613096631848485e-02
-8.336662020193184031e-01,9.467806595304217865e-02,4.779100549041757073e-01
1.944995895304604705e+00,-1.876304938930597466e-01,5.113012233360494374e-01
-1.343308463676758713e+00,-4.975341446728887007e-01,3.904331641846146006e-01
1.558684290572208919e+00,-2.985253118592587906e-01,9.470078650978810408e-01
-1.295607156210755395e+00,1.550171794842625683e+00,3.071832086028896125e-01
-7.873871808911494519e-01,1.222251748232623392e-01,7.845187980730715660e-01
1.670032439457468598e+00,1.241609332887367856e-01,5.663027286304496144e-01
9.290337764956837496e-01,-1.239443886462217259e+00,5.036835074651596633e-01
4.246040992007245052e-01,1.360808261714210321e+00,5.236572959683827300e-02
-1.085504084687589188e+00,1.131240285123022105e+00,7.089516471977631573e-01
-5.497570286242581261e-01,-1.795869349641098678e+00,2.370790338964922084e-01
5.669991009173820373e-01,1.670343705890449559e+00,3.275303865431827832e-01
-8.243846268228025576e-01,-1.368766762949847227e+00,1.269294491605301722e-01
1.955589580018003648e+00,-5.253214941275772265e-01,3.265123963696537901e-01
-1.746559939611789014e+00,-7.547837044660825612e-01,8.051365373686857341e-01
7.887142289555568730e-01,1.180615091936688898e+00,3.556294486161774016e-01
-1.391228577358857965e+00,1.867513005487259736e+00,4.949026026307524750e-01
-6.594661422950220953e-02,6.648830811887136427e-01,1.088395167179824208e-01
-8.544973666854314143e-01,-1.269111507980046127e+00,2.884406677685816822e-01
-5.158758686320235043e-01,1.223475455018828040e+00,4.618872876255695203e-01
-5.923754428330394450e-01,-1.130326212021425913e+00,4.022430220637148723e-01
1.483865064577850390e+00,-1.224996674881392078e+00,1.931627840440570676e-01
1.762751529385963245e+00,1.314484313260769976e+00,7.287644659822675175e-01
-6.760599619210989619e-01,1.188813310353848962e-01,7.308955425494815250e-01
-9.973631047314768239e-01,-4.930689232809770672e-01,4.819120755698145242e-01
1.013874234128967711e+00,6.290242869517159718e-02,2.401710525309708189e-02
-1.969092854769582956e+00,1.638616536546058100e-01,2.308835670757239944e-01
-1.663933292409895293e+00,7.534481031057600475e-01,2.196780442114538712e-01
2.348538619526041593e-01,-3.322045218909519537e-01,8.647553353801217257e-01
-1.850122716863260575e-01,-4.254508663850482542e-01,6.731453663645322605e-01
2.035241656313626635e-01,-7.253473772381902052e-02,3.601306887987725247e-01
3.285645854357492901e-01,-1.033218775419699309e+00,8.033055011851465421e-01
-1.239219079953901570e-01,1.787896329311661425e+00,8.728071987280956456e-01
-1.182170298239799688e+00,-1.222865235056725286e+00,1.730038875207692284e-01
-1.738253415422925441e+00,1.445754336312090604e+00,4.468131189808293158e-01
-4.023236056420094187e-01,-1.339861170887802100e+00,6.577973801112062535e-01
-1.294453746739610445e+00,1.003923975472516883e+00,6.024443672506866188e-01
7.025128767467982982e-01,-1.285771821397327042e+00,3.255307387700745458e-02
1.486491241560056853e+00,1.509225926774028448e+00,6.882534079721118747e-01
-1.760274753352069066e+00,-2.117668368878842244e-01,3.671494272036712747e-01
1.054500403623164662e+00,8.697379172370940381e-01,1.269068679293871016e-01
9.792041972034759567e-01,1.323744349610880278e+00,2.867685493196177049e-01
1.990418742291378162e+00,-1.686828077593642394e+00,1.170348505130354155e-01
-1.264755871615625971e-01,6.934225948926231453e-01,9.823615511293751767e-01
4.823356295990954834e-01,6.934501855473707010e-02,9.932775647352005688e-01
1.197628918153548216e+00,-1.138993723776889233e+00,6.647895510256404128e-01
1.564351744473730488e+00,-1.216860077763341819e+00,2.965527481469936166e-01
4.718352285787887901e-01,-1.059987046694326196e+00,1.978403187696137211e-01
1.426741360204502040e+00,-1.863720456117352153e+00,6.785064820559525423e-01
1.878230666068906540e+00,-1.059849229265904524e+00,5.637150446055384512e-01
6.686557510681963024e-01,8.851978832931752805e-01,3.135806490712282901e-01
-5.086468086203019823e-01,-1.175880132557057145e+00,5.099630065689639835e-01
3.377388925455897528e-01,-4.006155486999585236e-01,7.311189973741508696e-01
2.016533515891563599e+00,2.089448099738809628e+00,2.546892820461025275e-01
-2.002410596675824106e+00,2.098209262999395808e+00,3.227743175281165833e-01
-9.590714402561228979e-01,1.900289630194553769e+00,6.597447599362160631e-01
1.913304521461594465e+00,1.957871182958475398e+00,5.929117413760832678e-01
-1.949183219225643082e+00,-8.240767453600947867e-01,2.705401501511173201e-02
-8.130310911522731221e-01,-9.026284727203905955e-01,9.527601579874190874e-01
9.508134539440851185e-01,-1.377145771160340093e+00,1.975611281482539949e-01
9.337469882337381399e-01,7.657788224118564635e-01,5.596594732658990434e-01
1.301630090541330276e-01,1.713338446086192679e+00,3.887579630496763583e-01
9.346374778781441073e-01,-2.325192204102850546e-01,5.498077996324260974e-01
-1.150223565360673383e+00,1.505232823676085907e+00,4.657633475954146007e-01
1.547330808690694504e-01,-5.545175110513564931e-01,1.651147539513870832e-01
8.233247154379030874e-01,-1.338682385766155836e+00,6.374645175323588875e-01
1.091540654087350681e+00,-1.094032002098499490e-02,1.274646709018329993e-01
-7.528669892994583890e-01,-2.076490722419733981e+00,3.974319162968777963e-01
-1.388089501408744653e+00,-7.063403725752024354e-01,2.575719536517780961e-01
5.429063790878241313e-01,1.675259698238919626e+00,4.647342356391477303e-01
1.421421766508685902e+00,-1.821811738234799805e+00,2.383675895765442476e-01
1.103589598040703557e+00,9.742592359844883809e-01,5.087252511780147035e-01
1.757757258123284760e+00,5.811208079660237225e-01,9.045487579476882978e-01
1.517783327423664730e+00,3.253964558664268480e-01,4.843795843874952878e-01
1.091418298856158486e+00,-1.270087103743667623e+00,7.116082501787647230e-01
1.889284196668936655e+00,-9.228099989753602017e-02,5.287049906352848661e-01
-9.413737817968892418e-01,3.912061532414106146e-01,2.254513954931453013e-01
3.185231058487745237e-01,1.721462194525643863e+00,2.167115367114756941e-01
-8.585965467053524591e-02,2.803706991965881912e-01,5.018057272715000794e-01
2.623099000702362460e-01,-1.302648417014306670e+00,9.074977373903808653e-01
6.302465681378737195e-01,-8.882309130791625762e-01,4.861521058836132392e-01
1.626289592319557276e+00,1.701072912682306981e+00,5.359198056198200000e-01
1.120684249566251456e+00,2.941665234323660449e-01,3.336276576599409571e-01
2.064816339999795414e+00,1.574387478067791779e+00,3.845671856179866399e-02
5.286280339896940461e-01,-1.486964205522089078e+00,7.200410174192685142e-01
-1.822121886820515790e+00,-2.029281072138750641e+00,5.902049654725751715e-01
-1.045090330440709758e+00,-1.972816362555191327e+00,8.771187684395971296e-01
1.068139886709747799e+00,9.304246901457045027e-01,6.574579444078670898e-01
-1.766050884527113007e+00,1.273354675636779287e+00,4.833061692568892953e-01
9.710956370325485310e-01,-1.523066255449552653e+00,1.727437842695738190e-01
1.702120060987355465e+00,2.040733616526454686e+00,5.267021135943605881e-02
7.418096991296425635e-01,-9.727236022604206500e-01,4.080228381114187064e-01
-5.384642325516508787e-01,-2.091214860341042758e+00,6.419603608363305680e-01
2.014394417765130729e+00,1.542989812572495900e+00,2.343994907548758722e-01
-3.170544777065609221e-01,-6.005933978943631679e-01,4.060871036731074080e-01
-1.762836478557545661e+00,1.103840130005057318e+00,6.661391764058703924e-01
2.067495921721485441e+00,-1.445325641534895400e+00,2.900446814195939416e-01
1.715725824240960318e+00,-9.913249520180711372e-01,5.391405360867160823e-01
-1.777903704142680397e-01,1.469975206522714295e+00,6.526375333221487995e-01
1.772228808791796340e+00,1.543441039283956151e+00,7.125493673589993193e-01
1.786429616105870810e+00,1.331758627859804811e-01,7.692820489413179086e-01
-1.584473449649397514e+00,1.521583004392550009e+00,7.743053155721475456e-01
-4.404011311452653565e-01,1.658707753165720611e+00,4.534941075827519930e-01
-9.317611296723793401e-02,1.795575194084913839e+00,8.989273721918028537e-01
-1.431536779003478976e+00,1.251617394079086676e+00,2.125989480527619158e-01
1.432496055748567976e+00,1.638265080396116957e+00,5.605771339627356742e-01
1.206611758025447845e+00,-1.477646272318166032e+00,8.179902354994634806e-01
-1.690441317726047554e+00,6.303852573608472731e-01,9.660534694910287712e-01
1.277596584115632261e+00,1.740522575417817741e+00,5.517673908574565189e-01
8.449000765303114058e-01,-7.399319614394350708e-02,8.854688013710361183e-01
3.910640509591090108e-01,3.956135772851099297e-01,2.898043600175207457e-01
-1.726178904293274030e-02,-9.572391626578138357e-01,2.431173241702222487e-01
4.335080874602685874e-01,-1.314185090914420151e+00,4.405787691578790799e-01
1.034383504344615901e+00,-1.838044985913021900e+00,5.511794986345142089e-02
-1.132700128394052541e+00,-1.397924274502397868e+00,5.481311558167267783e-01
1.650849074328981647e+00,2.529417217850911115e-01,1.545057330449404187e-01
-7.510836865468262236e-01,-1.165100754986273079e+00,7.520367948407488123e-01
3.851428685789253237e-01,4.730082026773438919e-01,2.196770245727928117e-01
-1.158443243996490457e+00,3.742446470866571673e-01,8.323438883610236871e-01
1.480669330482014878e+00,8.609317820833140011e-01,6.834428286153810816e-01
2.862694952816235983e-01,2.930668608345534665e-01,2.921821437173807157e-01
-1.229006646772160760e+00,-9.734782590315558259e-01,5.939101207972470320e-01
-2.481167355185400769e-01,-1.533666869274874500e+00,8.048623525592752959e-01
-7.340052868918209850e-01,7.169624562505432230e-01,1.478368777489660335e-01
-1.779454979489581756e+00,-1.749664427359990393e+00,3.403148904989061752e-01
4.423284185626044085e-01,2.557950297715190224e-01,9.044809332054122297e-01
-3.457930305460799048e-02,4.987874006115156078e-02,6.752402603947942339e-01
1.039288468522854281e+00,-8.197104315660432849e-01,1.447209865989118605e-02
-1.599056844103119879e+00,-2.646704237938768411e-01,9.043879486038871596e-01
1.924515531577801308e+00,4.400532022580079250e-01,3.702197302417548075e-01
1.815438399257994995e+00,-6.002451319099380012e-01,7.089482666830784208e-01
-6.772771941514135197e-01,-1.154786593693867935e+00,5.794470378468588034e-01
-1.240588645259688150e+00,1.517509137381841011e+00,1.838751371385833888e-01
-6.479463871182351564e-01,1.553884666714642204e+00,9.575764239052083626e-01
-2.069598086092542033e+00,-6.352052771445304558e-02,8.763727497022582025e-01
-1.940487138793709709e+00,9.966293279357389956e-01,1.855867457257742714e-01
-2.903230540327901288e-01,-1.333591302192572936e+00,9.764832439498717376e-01
-1.520960248343782295e+00,-1.646858680309672529e+00,7.347726193866627176e-01
-1.988770747310113718e+00,-2.009585863300192621e+00,6.247637062897067883e-01
-1.086004551869307111e+00,-1.419269471658740178e+00,5.137860537760736701e-01
1.597065484041158001e+00,-1.799920655545365955e+00,8.700212098064074029e-01
-1.691894975516566424e+00,1.055577574069472835e+00,3.764877456922443022e-01
-7.115643957470441094e-02,-1.093033315415223417e+00,8.337250984339449333e-01
-1.878667146711813452e+00,9.029489137702513268e-01,8.623355345979433206e-02
1.216229388883914186e+00,1.959430854964069102e+00,6.427030086901035499e-01
-1.689830284117364689e+00,-9.559779106246415470e-01,2.450437468180398648e-01
1.459054518180108673e+00,1.492286965710075464e+00,8.019146658535968308e-01
-1.662299591491969597e+00,9.513615212602997140e-01,9.433530364405263713e-01
6.532888105061829265e-01,-1.738766396277697801e-01,8.430110503997395588e-01
1.876936573497300920e+00,1.989451744138444056e-01,6.693893799741479356e-02
1.289907484870971732e+00,8.284815386866517528e-01,6.769887077379401763e-01
-1.557943995688818806e+00,5.733956981924666074e-01,8.308196418986502074e-01
3.544689514942032105e-01,7.867654020038767904e-01,9.037495860713952167e-01
-5.444699678479669736e-01,-1.822662608955124997e+00,3.619831024508818329e-01
1.203389142197652806e+00,-1.159637193248491904e+00,6.746741180342897826e-01
-1.752775795033470363e+00,1.400473755743352644e+00,4.108083523067285192e-01
3.780803090157220936e-01,-6.968947220160079947e-01,3.135366760483502269e-01
4.023337027798001841e-02,1.527365255751664819e+00,9.682004934705673582e-01
1.681756772140465817e+00,7.464782046913440716e-01,2.240300647910216103e-01
-1.600769896705596995e+00,-1.823949487010496417e+00,1.454564866222296526e-02
-1.048687320619732688e+00,-7.027335229208524492e-01,9.036209476379525318e-01
-2.032953328249052838e+00,1.451888485587355060e+00,5.986064995808134670e-01
-1.904888961186249174e+00,-1.064349228843086692e-01,1.595920213338380966e-01
-8.926630777412218887e-01,-9.099628189229735931e-01,1.608553403927497349e-01
1.840433252879443149e+00,-1.270822121135472216e+00,8.192468983082230594e-01
-4.250921135655598704e-01,-1.273550390516184905e+00,2.390862179209994887e-01
2.018849376401686602e+00,-3.341440560284105743e-01,5.018969955694119189e-01
2.097731155054951557e-01,1.694922685763737391e+00,3.034422844251497553e-01
6.134587675792086969e-01,1.408377481088779692e+00,6.959310378502565619e-01
7.693884271732898128e-03,-4.050671696328489446e-02,9.013683876407542206e-01
1.231485772917385368e+00,-4.743311020858553828e-01,1.670961043821013181e-01
3.075096008598214858e-01,-1.220490802568574340e+00,2.257877782511839015e-01
1.326386818293046943e+00,1.380015271226625817e+00,8.991965387591847048e-01
-2.037692422656032232e+00,-2.011214873321556240e+00,9.556108397083221684e-01
-6.485678501777083493e-01,-1.799010814460783703e+00,5.978321561689654562e-01
5.040480790255790211e-01,-3.877817385887654122e-01,4.587169521520512161e-01
-1.794210642146470303e+00,1.133602298647522932e+00,9.708307292947385703e-01
5.391667070538037621e-01,-6.607362694536835779e-01,4.698154042151398979e-01
-5.564849336111354905e-01,1.682377267850423408e-01,8.590897013547382777e-02
-1.448612628778541689e+00,-1.247797823440882858e+00,8.400269094133873127e-01
2.490629106279471650e-01,-1.272135255634967654e+00,4.266216932096938974e-01
1.890364529446768138e+00,1.240672868275739305e+00,4.124187584378999905e-01
1.770360518973468356e+00,1.020387862360164100e+00,1.387214126137011894e-01
-7.519153173003896296e-01,-1.338530601216491034e+00,7.910456974033468480e-01
1.072780295944539830e-01,-1.772595226239878086e+00,7.930646849375542207e-01
-1.223948891264173167e+00,2.060317786815404340e-01,2.412967706871838036e-02
1.866944709838176841e+00,1.707553989631649394e+00,7.428470862317126944e-03
4.188148134552180935e-01,-1.480962093127263568e+00,5.040233127998328122e-01
-1.976361200917623240e+00,-1.555239151755996030e-01,1.339732540311112663e-01
1.291338888423133380e+00,-1.043279186545844839e+00,1.007712174133176264e-01
-4.143542264948845144e-01,1.007993177189398626e+00,8.575898082793724786e-01
3.707878396730159842e-01,9.586356049860680351e-01,8.935412674098328623e-01
2.100494082422259545e-01,-7.965415926516183909e-01,9.371972095191974939e-01
1.978402319996325875e+00,-1.311708762593881694e-01,3.424039072622517832e-01
-2.015523421905110801e+00,-1.559267224342636204e+00,6.854483252395897619e-01
-1.192426470791176030e+00,-6.883161506239294791e-01,7.552768674823324702e-01
-6.517767240244103366e-01,-1.567319526047881606e+00,1.645850995541018325e-01
-9.478765212559572273e-01,7.956235292585178698e-01,1.466215167072578707e-01
7.789346454031282896e-01,1.118548056180427519e+00,6.893732283648899006e-01
1.728369969040927323e+00,2.197002980658737670e-01,9.352907622206242388e-01
1.971181083106754439e+00,-1.429360206373397224e+00,3.177825908660075749e-01
1.296363648712493433e+00,1.077239434101242566e-01,2.605544006410627222e-01
-8.288583788619030557e-02,-6.710649907890049448e-01,6.449570624720477596e-01
1.691906752108964795e+00,7.599324201344761498e-01,4.520874284718409131e-01
5.177816801208154907e-01,2.047361775125879912e+00,2.474972655685099276e-01
-4.421420742753843225e-01,-1.363511163993842867e+00,5.812586744594023802e-01
-2.073089141691444759e+00,9.610896724439652594e-01,8.547749380568002708e-01
1.759280299803398506e+00,1.788765196010398739e+00,6.025244951460665410e-01
1.177845926629388806e+00,1.727272439315159946e+00,9.237694207028797067e-01
5.056848415569126232e-02,9.613212619469901909e-01,1.281338674861096649e-01
-1.079421452296452255e+00,6.679894002464799030e-01,1.210522965396313433e-01
-1.662737490489583525e+00,-7.176538677963495427e-01,9.188808654690322486e-01
3.943867089098906931e-02,1.113887872084489583e+00,4.532369387520873705e-01
-1.227428209956740623e+00,-7.013029158164041377e-02,2.373309571512206562e-01
1.333417470013389394e+00,7.026720277672922066e-01,4.684970489219264511e-01
-2.800708444699679944e-01,-1.709645861795758837e+00,5.838977409780830019e-01
8.496403335260613865e-01,1.572842314753360338e+00,6.159289773417656599e-01
1.904946670203135017e+00,8.713269377375527647e-01,2.895634887789333423e-01
5.721227772311157089e-01,9.419526278836358735e-01,5.678673614003920678e-01
7.778901488667915309e-01,-3.581531206971646508e-01,7.858743363069773391e-01
2.028484675985557484e+00,1.827359767861707063e-01,9.630379679148365346e-01
-1.692954193081883663e+00,1.144791199432499518e+00,8.310369310597260917e-01
-1.196954385903576723e+00,5.719612818930173148e-01,7.299285582409906770e-01
3.245434112914766800e-01,1.591318185321421996e+00,7.317689148859066739e-01
2.053613509443799057e+00,-2.425348421394508680e-01,2.281927004624986211e-01
1.252528420293477662e+00,1.862520609477367639e+00,3.795763036684353109e-01
1.907148599132408862e-01,-1.933641130666461372e+00,5.287637378857404924e-01
1.873617289938676933e+00,1.604257753519318541e+00,6.420576879282640093e-01
-2.057120561053262797e-01,4.391179797915967242e-02,9.653420983191104421e-01
-6.961756188360090913e-01,1.115451562062421687e-01,9.727038860214365368e-01
2.007346273293569627e+00,1.935354191785185751e+00,2.835111593989104728e-01
1.863739309500377139e+00,1.179355371432305510e+00,7.617206031778189779e-02
-1.452560947588101392e+00,1.288491792906134137e+00,4.261618765675614373e-01
-1.661424109094641555e+00,1.597258255675934713e+00,4.177596302706660936e-01
1.017082793257733542e+00,-6.791417497731706554e-01,7.857449227654537127e-01
-1.353577177862202330e+00,-4.666056779594498494e-01,8.197927711823214114e-01
-4.353108026718897072e-01,9.182219055988025680e-01,8.895404889965830009e-02
1.729158216340167087e+00,-1.466891707537239853e+00,4.637304699761137794e-01
7.620479998605134142e-01,-5.811565255302499899e-01,1.863350625897401969e-01
-8.651270704348377194e-01,-1.448105940612685272e+00,7.867904282165997243e-01
9.080869666316422339e-01,4.888643475799061555e-01,3.770614698689511712e-01
4.195678476053901207e-01,2.052832700195938553e+00,6.221759291753015120e-02
-2.008497999012368140e+00,6.281495116749380436e-01,7.588120935949936863e-01
1.532051970321452572e+00,1.050294918213436901e-01,3.202250975450738890e-01
-1.757458420821869982e+00,4.277563606391723283e-01,8.558105840255283425e-01
-6.234392500625791644e-01,7.355763395197523202e-01,6.336007646031877050e-01
2.002036007530949124e+00,1.659878268669498169e+00,5.684868901013784281e-02
-1.988708790062802212e+00,-9.544616858643253376e-01,1.502841277186220958e-01
-8.083737757446587402e-01,1.779523887292072004e+00,7.414482472248246081e-01
1.585608572275114092e+00,4.132833907944273300e-01,6.530975325851775537e-01
2.786139521947967879e-01,1.882294452173711719e+00,7.896852614635636591e-01
2.684929642932312177e-01,-1.332401823367928007e+00,1.805645442042591586e-01
-8.133144961981866317e-01,-1.956590109174567438e+00,1.937677597362192916e-01
-4.381014155580331693e-01,-6.702128164210574557e-01,2.623302490655597952e-01
-1.482634713691415751e+00,9.700330797986378428e-01,6.105786992705044547e-01
-1.314576435567756718e+00,-1.951566979220040743e-01,5.702612369116888402e-01
-1.921490305425111567e+00,-1.363356871951548754e+00,6.447679039445016747e-01
-2.043232353579676364e+00,1.132178889157394952e+00,7.076835267444772093e-01
4.951118412346979802e-01,-1.289603314814816715e+00,6.700132145012408502e-01
1.028490607872044382e+00,-1.491597173872612814e+00,4.149947048176468867e-01
-1.121877542128444594e+00,1.436327916874449606e+00,7.739021269711152673e-01
1.984236712142880332e+00,4.542792570292539800e-01,5.781372964155537808e-01
4.538519189177083746e-01,-7.496649657696481395e-01,2.897655049800615945e-01
5.132319415123109962e-02,8.258514017350759850e-01,1.282014454324424957e-01
2.006355437885621651e+00,-2.058468499093625947e+00,6.155066656066584541e-01
7.578726646164901659e-01,3.886415200138957360e-01,1.607643452040939946e-01
7.277669918357321244e-01,-6.179139169064904458e-01,6.423213313038930172e-01
-2.044184584479080691e+00,-1.227540414132197277e+00,7.445359794386940955e-02
4.452517363243657655e-02,-1.752332565648977436e-01,6.285377881707525649e-01
-8.785933187203811556e-01,1.106621357548676077e+00,7.629432413915580025e-01
3.633333479421727574e-01,-1.052666164968960816e+00,3.150416779062353845e-01
1.011005831361144747e+00,-1.686758560176135902e+00,2.690246837672412017e-01
1.200555187898139753e+00,1.967354330377220517e+00,8.179762069894729315e-01
1.228215857188019289e+00,7.201855857391326055e-01,8.420237737685261070e-01
1.369223340897729901e+00,9.323831926879773135e-01,5.502314517230595392e-01
-8.480184602366647173e-01,1.481717038822637278e+00,9.028668677816289456e-01
-9.103700145445945413e-01,1.580470387888703865e+00,5.011204574694457792e-01
6.887081406251240878e-01,1.605836674319097934e+00,7.977888006569988644e-01
-1.641652388137804008e+00,-3.973807402220419505e-02,5.463168029904710288e-01
5.845165514092753867e-02,5.260441229526113815e-02,4.798555416428439413e-01
8.392200357468402316e-01,-5.634821340837703474e-03,8.125323200786398470e-01
-3.196798949487418273e-01,-1.367025228267512382e+00,1.808052038919383264e-02
-1.483442742384830426e+00,1.294601704466690428e+00,1.537936569565168110e-01
5.180030252761977927e-01,-3.349566364363303350e-01,8.281596727774667155e-01
-1.930897490029335861e+00,-6.246708102353064618e-01,8.289045553788584320e-01
-1.510050193536821794e+00,-5.005676585973120041e-01,5.002981284972416454e-01
-6.032508077554599168e-02,1.497016868916264176e+00,4.098118096118721354e-01
-1.273685066620351636e+00,3.933111889880307466e-01,5.587002397346905180e-01
-2.055938657970854955e+00,-1.004526977583493075e-01,2.507890368759859712e-01
2.196326199535922896e-01,5.238003482213438033e-02,4.003042623934605082e-02
-3.885471945471208333e-01,5.298365007498908597e-01,7.288004867692690070e-01
-1.734285292664818456e+00,-9.550820533403925339e-02,9.618350760536675814e-01
1.486876456871230712e+00,-7.768133523573441668e-01,7.868288722835081739e-01
-2.158930636633147326e-01,-5.364398821455489408e-01,1.841860876208989417e-01
-2.098183163004430973e+00,-1.972592884757281118e+00,1.569080426300925035e-01
-9.857863367296568757e-01,-3.902448569768832698e-01,5.116612920958478750e-01
-1.867635135777175215e+00,-1.064090345394590464e+00,7.721578827678194923e-01
7.752656479519970389e-01,-1.606445838694062989e+00,2.601594040276024034e-01
1.476553118941218212e+00,-1.391291242422539209e+00,3.663817356549342596e-01
-3.983522853113623530e-01,-5.489935686877929211e-01,2.626325352421192694e-01
-1.962529290817249361e+00,1.561848273518671615e+00,2.591751509486481808e-01
2.066166673709648460e+00,6.478865121339953959e-01,7.562995592471871698e-01
-4.827762214765094484e-01,-1.936344653379530989e+00,1.516798714567878514e-01
8.599857817347351663e-01,-1.500545617445971036e+00,4.838669420482429873e-01
1.955737789741108568e+00,-1.488861257114614478e+00,6.133988782793797778e-02
7.656018153303989493e-02,-1.154225999437619166e+00,2.103755921299873544e-01
1.470582116547163753e+00,1.776860496899590469e+00,2.720905570020004660e-01
-2.651653944111376227e-01,1.941952065370160962e+00,4.275911264240879195e-01
-1.650326935297063091e+00,-7.581893780868189658e-01,8.024071143047417642e-02
8.420925231608205053e-01,1.879306859767305937e+00,9.747817979108022168e-01
7.133762974633803822e-01,1.217508735206731973e+00,4.791155813092208282e-01
-1.249310228959477520e+00,-1.150690460378329671e+00,4.954649002420181692e-01
2.910915593663716550e-01,-1.556828624508146408e+00,2.432068406506620040e-01
3.975983196349992532e-01,-1.831716655678556904e+00,7.134263025857634499e-02
-6.995317227499320278e-01,-1.303669886481118034e+00,9.387847850989249343e-01
-1.860682091817516426e+00,1.001956958286886579e+00,4.078062113716821591e-01
2.064367899297232523e+00,3.325189186635002514e-02,5.450195214984292491e-01
-1.730782583819776788e+00,1.566605296046430063e+00,8.389668982365061645e-02
-1.531714601976043033e+00,-1.820740571734603463e+00,6.717909250962692536e-01
1.419386065082819837e+00,-2.001445200343623387e-01,6.068705074207327854e-01
-1.896097040861284722e+00,-8.557908062200159094e-02,1.166394307600249203e-02
3.313542060847396442e-02,2.065707205335975072e+00,4.241593524146443084e-01
6.042240674542673773e-01,-1.647826194053259474e+00,3.516677002511174877e-01
-7.993466156694526425e-01,1.736325930789549776e+00,8.420248496728901522e-01
1.108974566278486673e+00,1.284285025215492482e-03,6.338790754888802281e-01
-1.350198396960371472e+00,1.376893771677192291e+00,3.224056516339444123e-01
-1.470722174026359186e+00,1.689274589410425520e+00,3.280978750779628417e-02
1.126049797946107045e+00,-9.828380012014499290e-01,8.944234882718439250e-01
2.517920617622948498e-02,-1.065540632551178035e+00,4.584320810314795880e-01
1.047684071695773156e+00,1.543720997403734696e+00,1.821561106142025599e-01
-1.544085556925465008e+00,-1.865198189367774706e+00,3.892474961351463092e-01
-1.602470068415390081e+00,-3.898738384201692053e-01,7.988875992736010900e-01
-1.025576023425633032e+00,1.500652077418346053e+00,8.232143072718771659e-01
8.949928997314793300e-01,-6.535379580065863170e-01,7.831217290679822751e-01
-1.529861090315049355e+00,-1.165811872549648243e+00,2.109006462180477159e-01
-9.829051310925931428e-01,1.353669874350441393e+00,5.787869738202486847e-01
1.931781793917779044e+00,-2.017623003236935997e+00,9.681371613139139187e-01
4.139057602481268638e-01,-1.419683793494050272e+00,1.640358289722644303e-01
1.611684249005427283e-01,1.353986518526062888e+00,6.554821127301773132e-01
-1.555539848045330853e+00,-1.839509496062495808e+00,8.750896227684515916e-01
-5.082297509056961093e-01,1.041893171751811842e+00,8.017550528068895233e-01
2.929061416262772610e-01,-3.739928294141403597e-02,7.569082574931427221e-01
5.169570392787496971e-01,-1.400450452941647050e+00,4.629503096271015972e-01
7.084886246278756516e-01,7.384528072814116051e-01,1.900117849648347290e-01
-8.103286302012460141e-01,7.597305744771452041e-01,3.826069936403140304e-01
9.173669294626840554e-02,1.195603877460651887e+00,5.030068359254434851e-01
1.215883550792241419e+00,5.742557517153374924e-01,3.347421314828835648e-01
-1.611128972938960402e+00,-5.094058933106884179e-01,6.465486320849668234e-01
1.837067250220158154e+00,1.593780493774350493e+00,8.598016667478599606e-01
-7.042943731010289365e-01,-3.892094013017024512e-01,6.300615256429007438e-01
2.026656790479850923e+00,-1.587748690911821914e+00,5.921195588252351483e-01
1.967332053705073136e-02,-2.751957394067787721e-01,8.909799153157342833e-01
-1.032818529158705978e+00,-1.059654533247591512e-01,3.418585781120891953e-01
-1.428235391086270623e+00,-7.735711131518783201e-01,5.677030178822712880e-01
-1.934063336452214843e+00,5.812970022650771895e-01,5.091884794557396399e-01
-1.720265573699839567e+00,1.503438350238709642e+00,9.863541790075114335e-01
4.124705064882228100e-02,-1.713825647324018764e-01,2.101642015463203172e-01
-2.485165405006584116e-01,1.545707670888263330e+00,9.689116489302570523e-01
-4.243276492411784950e-01,9.024670117239428357e-01,2.792196147301871934e-01
3.292373462268414208e-01,5.950721564594809720e-01,7.477503347346660112e-01
4.942933452771391956e-02,1.130996765402704884e+00,6.843189969893943569e-01
4.639568691908912967e-02,1.243503624305390964e+00,8.931200732458587366e-01
1.166363983672355609e+00,1.814386049763102360e+00,7.117245178766598013e-01
2.531486594763618925e-01,1.494303136129797149e+00,8.696211220975191836e-01
1.545201022656337742e+00,-2.014266106369004383e+00,9.589182489685752486e-01
-4.696889464424451877e-01,9.018310196152925506e-01,2.097719798233275146e-01
1.768420975226919101e+00,-6.798135755425791515e-01,4.519088151148287213e-02
-6.648563015170734225e-01,-1.989340990194908620e+00,4.153516897083342485e-02
-1.045327333712323892e+00,-1.824755393375080192e+00,7.025075438021138874e-01
-1.953987174043447794e-01,-9.332952257398836604e-01,6.647294707110259493e-01
1.702447815537930786e-01,-1.074854739868616127e+00,2.644041422399919794e-01
5.988491672116778020e-01,-1.829285313202778873e+00,4.124174113909075956e-01
9.527197967025040626e-01,-1.616616789427667511e+00,8.775315864193530269e-01
-3.538595415453833493e-01,5.934954069840094881e-01,3.885205357098318046e-01
-1.369838209535790607e+00,-1.191794646661398227e+00,6.719248463622149448e-01
-1.418079893028632021e+00,4.863585180547174147e-01,2.873993524950390066e-01
5.364255071432566524e-02,-4.572683586364556518e-02,4.591855496896795064e-01
-4.542509611060634445e-01,-1.634655607687514056e+00,1.413603164313234073e-01
-6.472574580614338657e-01,-1.169420994622880849e+00,1.938857194931977723e-01
1.998104216088016916e+00,-2.183148846260765108e-01,9.186897398013753602e-01
-3.351850877409452423e-01,-1.220435871167620867e+00,6.653204897549951369e-01
1.953803899391737264e+00,1.531787782691180766e-01,3.453239395369237519e-01
-1.529923689355230154e+00,-3.505107198062606955e-02,7.464687386917712164e-01
-1.399009056390676742e+00,1.638488286930119830e+00,5.828698635986589993e-01
9.527190932068081430e-01,-1.774669502108047414e+00,8.991176786371146701e-01
-1.451531205563396654e-01,-8.250693186921229660e-01,1.484976330992768823e-01
-7.377389878035824911e-01,1.055973373226548162e+00,6.585423855442111840e-01
-1.807636610635604768e+00,4.975325218768036351e-01,1.169216307491738327e-01
1.494609371287543009e+00,2.226038758796162753e-01,5.819695711709600427e-01
-1.880199742146723807e+00,6.589054244428762530e-01,5.161949314470790640e-01
8.200100630190076956e-01,1.771133613550142094e+00,4.319043859807485397e-01
-1.497998130720947341e+00,5.235224231539232775e-01,2.425885989444803714e-01
-8.801502683973194685e-01,-1.708311978316087387e+00,6.787817645414667700e-01
-1.700737543723350509e+00,-1.123422647972116994e+00,7.160815834817038095e-01
1.571794829886071998e+00,-2.004859469958883977e-01,8.165931813299334152e-01
1.880188826247136458e+00,1.792330610508319211e+00,6.242498416201855971e-01
1.333347463868551408e+00,-7.709361473421147970e-01,5.695686267696566940e-01
1.187286804114213723e-01,-2.042846271028029292e-01,7.323831079922876741e-01
3.081099097872774806e-01,-2.072026610985441053e+00,5.732037219123804483e-01
-1.092383472552308721e+00,1.503954714912339785e+00,2.518379872233511563e-02
-9.236642224590549954e-01,3.431793035760533073e-02,2.828098937184142514e-02
-1.276244899484678452e+00,-1.492245193040798945e+00,9.278081422526277544e-01
8.906484903106690609e-01,-1.952947910125381714e+00,9.047107277744961262e-01
1.210949556705923413e+00,3.183716329170271919e-02,5.151683194180642911e-01
1.535526816236116865e-01,7.963434024928095489e-01,8.601856614777851906e-01
8.933399684364826676e-01,1.037571226954224990e+00,8.410957228289449583e-01
5.114845755614658707e-01,1.443293901458036821e+00,2.026340687104226657e-01
9.474029111223254418e-01,-1.952728125196424580e+00,6.299263616418755429e-01
1.948025749924154670e+00,-2.047488974060533096e+00,1.494583251099951271e-01
1.896847005001063291e+00,9.962196925353214993e-01,5.219324008022906414e-01
2.042364392885993585e+00,-1.173324771532703092e+00,3.210296112756340081e-01
-8.626135455024637189e-01,-3.826570800484827561e-01,2.628355129329962292e-02
1.663841165592723215e-01,1.341382286521564549e+00,6.076341653264221154e-01
-7.615072486068206192e-01,1.652956982591752499e+00,2.750059206605333095e-01
9.893875893125962939e-01,1.808486950363961565e+00,4.501794614054915877e-01
-5.318544989083187069e-01,1.837474108530248174e+00,9.842712768900980791e-01
1.701537847706915407e-01,-3.890235551493725907e-02,8.628409937674480501e-01
-8.338263003628765269e-01,1.184271693626770539e+00,8.611046760889020657e-01
-1.915834191828011734e+00,-4.524595086123177623e-01,7.650521045269615961e-01
-7.223256864703484492e-01,-1.270398526380824844e-01,9.796536304817060614e-02
3.868166966774131410e-01,3.615572684332564179e-01,6.058983210458526170e-01
-7.280767550947009337e-01,1.614739328252667860e-02,6.779814215574900826e-01
-1.056029850896923472e+00,-1.781349035579030016e+00,9.159292095129556444e-01
1.947775865587443977e+00,-3.167140417949405595e-01,7.811216908443595619e-01
-1.155568912599756359e+00,-1.554350542262832313e+00,7.131065897491404293e-01
-4.672056093071301763e-01,4.339190585695957836e-01,9.532252435884549513e-01
1.890852906291642377e-01,-1.101113856680705050e+00,4.635366986859521532e-01
9.253711890853577593e-01,-1.681358934611507205e+00,8.068033829419248848e-01
-9.831830351231256593e-01,1.373337626969810987e+00,6.377894741710805615e-01
1.065764187762973769e+00,-2.176139190599482021e-01,3.431104812038016094e-01
3.133250151133331052e-01,-2.031671836270232845e+00,3.259174752402240749e-01
-1.935963822802536205e+00,-2.097623491986920552e+00,1.685901378579793830e-01
1.561608280721378694e+00,-7.908816650627250588e-01,1.627311277070816464e-01
-1.495655414401724670e+00,-1.375046697181029565e+00,6.364688219815284320e-01
-4.939884434386065948e-02,1.495487622990585574e+00,1.401485246976283960e-01
1.754206603245720864e+00,-3.550186107216337650e-01,1.021953672882711661e-01
1.750694633957483592e+00,8.429349720794339085e-01,5.549084825129808607e-01
-1.059077627624913642e-01,7.930168799718027017e-01,9.876056714364956912e-01
1.759998511530858067e+00,-1.300553686493088001e+00,6.571661279806191303e-01
-7.249681335825579609e-01,-2.229387559202395952e-01,5.699947389190525016e-01
-8.835822547338185728e-01,1.909537794190546922e+00,2.718096539501135833e-01
-1.050991344098498592e+00,-1.092118454181001397e-02,6.746484963314449690e-01
-2.010417198795095839e-01,8.293289154651275474e-01,1.388236843943315701e-01
-1.768819292526502274e+00,1.759621218577206214e+00,7.226769154525352068e-01
-1.933333407923497838e+00,3.026635602978489104e-01,8.131279855654546251e-01
-5.751363059533045607e-01,4.872297774844995821e-01,5.965919973312718838e-01
-1.895722284818891268e+00,-1.908292582419504058e-01,6.820371789991497291e-01
-1.326814806689672110e+00,-1.659650184795800731e+00,8.004530346217515469e-01
2.037670451221933465e+00,1.825322509007304639e+00,5.031809906123817511e-01
2.059931222169384402e+00,-2.038811745791701213e+00,3.847421864993588736e-01
-5.060927670988799587e-01,9.182033432459881794e-01,4.979091637142047944e-01
2.051001238104723345e+00,-1.545673438778790043e+00,8.774785532603477378e-01
-1.720376427518923057e+00,-1.635483311099071191e+00,7.870697253677894079e-01
-1.674525815188105948e+00,1.574789121050097052e+00,5.171239787900556717e-01
-1.096262959602993359e+00,-2.035752715502794796e+00,2.248463313436238620e-01
-1.316226307965022713e+00,-2.033527353821880101e+00,6.766394188104615237e-01
1.920470099831138366e+00,-3.731195229525032797e-01,2.764022230050061646e-01
9.528172227613729284e-01,-1.930186711910071962e+00,4.713649173689037353e-01
5.695943989013070308e-01,-7.669237590530744164e-01,1.310931387929823444e-01
-2.555358079682701344e-02,-1.647416721442194865e+00,1.117467782021496214e-01
-7.571969653198806771e-01,1.381292526975138824e+00,6.166367911555103998e-02
-9.466946538767651020e-02,-7.054120887913042370e-01,8.588870353076097919e-01
1.973951150626886086e+00,7.030219047580099634e-01,5.433721448220494299e-01
1.678667539174957923e+00,-7.549464114570896278e-01,1.736358111787037473e-01
-3.292917312926679774e-01,-1.702356732438086606e+00,8.017682697248859069e-01
-3.478922370775308082e-01,-1.989367292282440802e+00,9.865627563741454775e-01
-2.041278613537199416e+00,1.445330527607562310e-01,8.079236978606885167e-02
2.290578544154917573e-01,1.199817554339196679e+00,9.744587981429186918e-03
-3.895344014311661329e-01,1.367593083628704242e+00,1.221267249631926566e-01
-1.400506778364438709e+00,-3.731867336650587230e-01,3.382633721510021063e-01
1.232221978249260275e+00,-1.395323047046519882e+00,4.378406292518152165e-01
-1.840890809178574727e-02,2.192883859724115148e-01,9.718926417389227579e-01
-4.360006197783907744e-01,1.041740036654959844e+00,8.413461619387514467e-01
-1.144753332799916867e+00,-9.379731343600594684e-02,7.792278413500774992e-02
1.907181274153024741e+00,-4.404344686619869886e-01,5.175704259900127946e-01
-5.788692740909056056e-01,3.484246180326517894e-01,9.689348467454345082e-01
1.881535214622294117e+00,-1.980379484810604884e+00,7.286824459227794204e-01
1.632777994077255102e+00,-1.975658359760599225e+00,4.369300468012203842e-01
-3.984204889365630109e-01,1.800742607656071304e+00,8.461624307840741599e-01
-3.015894339320857043e-02,-2.062473086247281984e+00,2.715719738166733066e-01
5.153375730244138531e-01,2.953171596094699147e-01,8.277305958447156442e-02
1.885753181895197805e+00,3.134582313719187496e-01,6.661235217379789519e-01
1.581169444021354398e+00,-1.196621697046316157e+00,1.525663768258567199e-02
4.899066736621784379e-01,6.089451451694327666e-01,7.271950763641604754e-01
1.949088370480026366e+00,1.755134103911895949e+00,3.490252803119943126e-01
-1.943357272714688611e+00,-1.582577848747021232e+00,2.478813176337691937e-01
9.520258728984569707e-01,-9.053399308799479073e-01,5.357482737795770111e-01
-6.817472923609870783e-01,-1.314302406537493084e-02,4.928774095763488461e-02
-1.276124731961587599e+00,6.896984867392204066e-01,5.777332754902018142e-01
3.962601826094580559e-01,1.603861070651216192e+00,5.269093645639999490e-01
1.289538478844619362e+00,-9.862678825870794252e-01,5.240150567149450822e-01
-4.902811416677472778e-01,1.990339776270654948e+00,2.923699540135138442e-01
-1.717477726526100756e+00,3.790679179608642535e-01,2.297949090204010059e-02
1.887656915337754704e+00,-1.415208435721988733e+00,2.001427827940808202e-01
2.413093801139125638e-01,1.312291411079596681e+00,5.246145822047353358e-01
1.859835910098017298e+00,-5.055663445061002736e-01,2.315422790495335059e-01
-2.030310737059262127e+00,5.123435380333734024e-01,9.853710913937600013e-01
1.181600107787823095e+00,-7.920102094694754236e-01,1.387579129732641192e-01
1.392273161719077113e+00,-2.077728997472393146e+00,2.466116766140342698e-01
-1.059296118743049631e+00,1.517382763559462333e+00,3.936547931825076230e-01
1.467814343800540211e+00,-5.143213261122003832e-01,1.434910093290204802e-01
1.397191573353768757e+00,1.300814319786254281e+00,5.102067506338712199e-01
6.630955661253516986e-01,-9.460498888313570998e-01,2.156314160107979383e-01
8.333968829493216823e-01,-6.431079340124932209e-01,2.591120448442820745e-01
-6.947888053840491906e-01,-1.848274730589867687e+00,9.634242877031627961e-01
-9.666929157244026349e-01,2.001633642012335290e+00,2.624744480462296581e-01
-8.653131203909643077e-01,2.501940856053597173e-01,1.531302452523188862e-01
-1.205851249087680710e+00,-7.245626786523930996e-01,2.437917714061292873e-01
9.077675406816698711e-01,6.917408796047013197e-01,4.587185420889248189e-01
4.049971310262550084e-01,-2.070962741604338575e+00,5.639333365811592946e-01
-1.298494613321128588e+00,-1.857237482234372683e+00,9.706695295294331949e-01
-2.548332658986687260e-01,-1.465810509583049814e+00,1.027069641472591055e-01
-1.584272139045941108e+00,1.648237386608764066e+00,7.621564439068164720e-01
1.324831196370063857e+00,1.497375616893670269e-01,2.088813634300051847e-01
-1.387044127143265193e+00,8.310252464335010636e-01,4.723495579961809465e-01
1.643904844774164431e-01,-1.198270731773370956e+00,9.603549543447214010e-01
-7.537906721831126866e-01,1.265610656579626347e+00,6.153224250311278842e-01
7.391763605629564360e-01,1.317886473575924811e+00,9.532093754469047608e-01
1.045309124781083288e+00,-6.144804882927346057e-02,8.100324303900252598e-02
8.143196488053141557e-01,1.942693048161701075e+00,6.787844221003997980e-01
1.072581569132275536e+00,-4.061679164171037026e-01,7.802932979698599114e-01
8.332086394944981933e-01,2.099324633917203808e+00,9.310043055771636267e-01
-1.918109650722836790e+00,7.259862503929968014e-01,8.377087952567029427e-01
1.473310809159358303e+00,1.701112491255555526e+00,2.467499217852268112e-01
3.945555064126438083e-01,2.851823112108453628e-02,1.002188661842968731e-01
1.286719795745862704e+00,7.617598753829306624e-01,4.845277881752697580e-01
1.220590461232320401e+00,1.877813720194235980e+00,4.498128555854530308e-02
6.226271805599967735e-01,-1.434090100470217344e+00,8.591731671546795068e-01
2.067246595025793443e+00,-1.047560691364724184e+00,4.612595261093431764e-01
-1.387439229190184253e+00,-2.044710192269775906e+00,3.589856995828588637e-03
1.714281247895728111e+00,-1.051849823033961684e+00,8.176910410555958686e-01
-1.201796758058859993e+00,1.787343103828712199e+00,8.980286447273190253e-01
-1.853426883792581359e+00,-5.072964481322790320e-01,6.946587632724162686e-01
-5.647801932054319352e-01,-4.965899810742293585e-01,2.302506664368472178e-01
-1.218911128781642095e+00,1.235252596173550543e-01,6.987506464844690512e-01
1.837008338451953993e+00,1.131912104205375247e+00,9.204728626086382537e-01
-1.856118251304044398e+00,-1.091860192352156700e+00,9.392258683413876597e-01
-3.324636111231920044e-01,1.359907125769040270e+00,3.217214322844830221e-01
-6.277714570190884302e-01,-1.817619973515738341e+00,1.318159937580641872e-01
8.109271391017021102e-01,1.775926080248981798e+00,6.325871436036265560e-01
2.015357117481137106e+00,1.088944910325203796e+00,4.448703252159149635e-01
5.131705404959951977e-01,-8.734886878851990666e-01,9.631113345632086320e-01
9.597594293239781749e-01,-7.162043066396028834e-02,4.920192442283203293e-01
-1.477184174914188297e+00,1.961663254334052642e+00,9.590217532110483223e-01
2.965125969258921579e-01,-1.230045929485986456e+00,9.894262049679140025e-01
-6.442051778536481699e-01,1.767681919492781084e+00,5.733368060668555533e-01
1.262643245534367686e+00,-1.502316005573012037e+00,8.413278277381742720e-01
-7.255180277180912629e-01,7.402748274665835737e-01,7.158831941388077436e-02
-2.007964274292606266e+00,-1.657374353524037724e+00,1.038278430497385774e-02
-1.605987587101380676e+00,1.543210264735118020e+00,2.650480735323929027e-01
1.716507396094273386e+00,1.335208682832433880e+00,5.562490709637232245e-01
-1.765589021040065099e+00,2.060162616793106860e+00,3.351906545751046629e-01
-3.255684841460171342e-02,1.707597476401481629e+00,6.828974240538575602e-01
1.609680380883614870e+00,-1.361962830874819286e+00,7.311896339306652726e-01
-1.649134826471690740e+00,1.822806599575629072e+00,2.048668094058840872e-01
4.603034081472117123e-01,-7.452076971384611337e-01,2.173969534139367221e-01
-8.732359199832240293e-01,-2.026273642696579280e+00,2.514234200041214340e-01
1.197512429479402840e+00,-1.667861624072580096e+00,1.133389255627995640e-01
-8.078476741510580705e-01,-1.914222480018148209e+00,9.862371255894170075e-01
1.948529571884105582e+00,2.308192193569671424e-01,3.070235259126553595e-01
-8.313205908385823406e-02,-1.293985358879425673e+00,3.898797733235849217e-01
-3.870810288266346433e-01,-2.005117807556063170e+00,9.646248180648859805e-01
1.348869883512515688e+00,1.133203216644360634e+00,9.294140634561615100e-01
-1.961382304337924376e+00,1.266261618840944347e+00,2.321086984609443959e-01
-3.610399681847713538e-01,-1.194245662348600634e+00,9.726474998421418272e-01
9.658945624498174176e-01,8.398418636490645461e-01,6.666681868223860441e-01
-1.633574103383786058e+00,7.393998602896192374e-01,6.198621303540742256e-01
-6.683550624852108157e-02,6.792148723283073508e-01,1.645585237583784277e-01
-2.047263698844837165e+00,-1.060044196542341499e+00,5.035406113327866029e-01
2.056787015619142789e+00,1.505065441236439927e+00,6.554716144919904286e-01
-9.930416704083961932e-01,-9.397429761011559801e-01,6.750417335212950398e-01
1.436084623310258657e+00,1.210273990600489569e+00,9.476637930729303605e-01
-1.685978376695826286e+00,-1.095397679798389090e+00,2.140056456826069375e-01
1.949750672298579790e+00,2.016894461809843886e+00,2.854940444068932992e-01
6.314310672758773890e-01,1.679520954250750098e+00,4.859477161028724623e-01
9.659623987117216259e-02,-1.248502701077020216e+00,8.916672378285656064e-01
5.662989138667477995e-01,-1.523587915754082589e+00,1.836659493980086211e-01
-2.012176933822302782e+00,-7.478966505374995410e-01,5.508095200950354764e-01
-6.044485080985939618e-02,8.373666331968410148e-02,6.188719285886314925e-01
1.246997096115597170e+00,-1.895404032099216929e+00,5.292175494669182356e-01
-7.566919310915649621e-01,-1.261945418119236884e-01,1.698327201035791933e-01
-1.785822228117758037e+00,-1.926478557974272254e+00,9.930378157347404811e-01
9.912743774499865879e-01,-1.678445193828814741e+00,8.143303694999545206e-01
7.386318135664606821e-01,3.377761004640240650e-01,7.248153463155088128e-01
-7.013527570226159025e-01,6.536150951810806298e-01,2.835566466928096663e-01
-1.264384823563869720e+00,6.441188247527067645e-01,7.635306366571328329e-01
-2.078533140795335576e+00,7.227576464890570485e-01,3.311601345449687317e-01
-1.504903398190380326e-01,1.415944729086926923e+00,6.968052298510891696e-01
-1.238540889432236280e+00,3.185391370466743588e-01,6.804052065994330434e-01
-1.072350109935598983e+00,-7.819252098034061849e-01,2.073417728179667296e-01
1.174031633900085581e-02,-1.510196493302173870e-01,1.840094626696959779e-01
-5.274352216930471293e-01,8.118513219035383699e-01,2.838057157960575116e-01
-2.529429277663841624e-01,-1.293410264947366883e+00,3.789560363951192112e-01
1.971790613557113492e+00,-5.838935623738201741e-01,3.449727898858655495e-01
-6.835252911118139263e-01,-2.438510076206412691e-01,4.735143463328463920e-01
1.775732666932768655e+00,-1.110570892945008659e+00,4.677336657873465420e-02
1.587006798368312488e+00,-8.249426902981487064e-01,5.801258004130718238e-01
-1.545053095147280064e+00,5.853538559178179668e-01,8.687987019541421052e-01
-2.537382180310432389e-02,2.087954320705773803e-01,9.841376856037112875e-01
-8.513759900576944872e-01,-2.004810887080421544e+00,9.361771236766571747e-01
1.623358164291657690e+00,-1.326982329457744303e+00,6.162569466102385540e-03
5.339937551438436181e-01,-1.211122891078367125e+00,6.016567920186063345e-01
-1.350064309791174422e+00,1.648142384933187099e+00,8.699731274197312070e-01
-8.133628573680860008e-01,-1.494167082262398694e-01,6.962629497506112042e-02
1.720053589263854654e+00,-1.416553904211351078e+00,4.228681728837399012e-01
1.081072414946512072e+00,1.870941556333862721e-01,3.209428508551127601e-01
-1.749913296700146725e+00,-1.991383836803843677e+00,1.874355279255225382e-01
1.542127723118667859e+00,-1.434517858193917528e+00,2.881999886644346365e-01
7.221186526939122885e-01,-1.344586378185967934e+00,2.844006945278761966e-01
-4.013555203866614463e-01,-1.582438634406839739e-01,7.584165173672066107e-01
5.723506131043749612e-01,1.916619371780345471e+00,6.899461626351499621e-01
1.715020749421876545e+00,3.239762136816848326e-02,8.971690860766083908e-01
3.887352418760645634e-01,-1.525910064346748696e+00,1.346622700247744886e-01
-1.509755464870305763e+00,6.254022120171400800e-01,2.550163816832190511e-01
1.202653311846835660e+00,8.289725988841056825e-01,7.995584332252022586e-01
-1.445141251841755015e+00,1.997273070195306754e+00,4.504848031189793156e-01
-1.174888875998377546e+00,7.572680478990245767e-01,8.847803613989968508e-01
5.955547455833549719e-01,1.173585670492091726e+00,4.392165623689259224e-01
3.002941601143072070e-01,5.912798241124002097e-01,9.617006029240140474e-01
-1.592366552105751953e+00,9.288647943438563814e-01,3.807831307827388434e-01
3.022983438862576477e-01,-1.226696234243925598e+00,2.913253422023410755e-01
-7.782399743779497836e-01,-5.165769096219405832e-01,8.178066336594501662e-01
1.316080590109068194e+00,-1.847731053595086825e+00,1.248613211186625493e-01
7.493486845056840373e-01,1.169550237267788617e+00,7.329356064089673772e-01
1.204157273758957203e+00,4.481829275410338376e-01,5.975083651991851541e-01
3.688179010145193892e-01,9.704418288112148794e-01,6.855950295464627864e-01
1.019391611066978509e+00,-3.137278488485684136e-01,8.744928857896363539e-01
-1.619579419008066345e+00,7.646188678856558063e-01,3.977908655648482172e-01
-1.154828028535580753e+00,-1.889652283257359455e+00,3.737343624931250829e-01
2.068337504774854008e+00,4.568862414043768361e-01,7.636135854623885555e-01
6.159190230482289863e-01,1.268414515057845193e+00,9.325296381093929332e-01
-8.226426405153350885e-01,-4.301863246865309520e-01,5.511432937574353152e-01
-6.423471189249845281e-01,-1.822928852307968306e+00,4.713534335821677468e-01
-6.922187933299559504e-01,5.701547992237201434e-01,6.242070779946157222e-01
7.799160475731907738e-01,-1.627478718014633952e+00,7.606848001928084857e-01
2.288970118957438515e-01,-1.870699423857297150e+00,1.389758142019917875e-01
5.934153146227458819e-01,3.787729925605334280e-01,7.590956631183743974e-01
1.929394785878032703e+00,-1.366872845822699301e+00,7.374852040593956604e-01
-1.902664137031814917e+00,2.010458256751805006e+00,4.650461479403762421e-01
-1.617862116766897840e+00,-6.383025268466213653e-01,6.286215701999547933e-01
2.041235816744026987e+00,-1.611067244824095468e+00,8.924360691384212174e-01
-1.705094994799313923e+00,-7.151132104983362048e-01,3.911826214511108235e-01
-1.311852459709197394e+00,-2.230000062406953809e-01,9.435407026366304795e-01
-7.194395542817844103e-02,2.034692258363797190e+00,8.441341213527390197e-01
1.352013786333078116e+00,1.934501481673499779e+00,3.070141465789411050e-02
-1.668845195734308229e+00,-1.545236969977356933e+00,7.135817013959860899e-01
1.458030227802655343e+00,-1.049648811703324247e+00,1.160459570039359400e-01
1.285100918703117046e+00,-1.981776279377419181e+00,4.611571468727655443e-01
1.001275627360705300e+00,-1.305972745477788521e+00,9.144886147128422627e-01
1.672189972082263054e-01,-1.418931794887404729e+00,9.256487851893306917e-01
1.744930497292329186e+00,-1.297696840416353137e+00,2.493523975139240179e-01
-1.937143080662260708e+00,-4.614468372072917379e-01,4.715145707957729693e-01
-1.289582713234746159e+00,1.520465517636132802e+00,9.967513849888587352e-01
-4.556333228543607561e-02,1.711011330602922875e-01,9.014743564861450453e-01
-1.533215456104772390e+00,-4.404387880419904366e-01,1.914328362344245305e-01
1.295528129331193767e-01,-1.183547667639033740e+00,9.826136203937826386e-01
-4.727337168831740044e-01,1.315550920963659554e+00,4.875090053981170346e-01
-1.289061195652364100e+00,3.274639212062546711e-01,2.725536132577714987e-01
2.279818281357930410e-01,-1.852018071653013687e+00,1.944978516390897250e-01
6.033725777759277875e-01,-4.482862169533607943e-01,4.087872375832624083e-02
1.799426663741728216e+00,-1.251510225056848835e-01,9.941197286677779799e-01
2.024015071895027607e+00,-1.192159240445750612e+00,8.295223705899047451e-01
-5.548294087119718387e-01,-1.380041925937419478e+00,2.293314421430293626e-01
-1.602299463870505258e+00,1.204168276212847832e+00,1.597314385196698661e-01
9.054552789192658047e-01,1.102510243345122376e+00,8.126030895159497280e-01
4.697070956337849879e-01,-1.390666403518645122e+00,3.935910597878814476e-01
9.759426708412264340e-01,2.346450720900170595e-01,9.243540079380920815e-01
6.962343213420676413e-01,1.848798315926936997e+00,5.906822513508641626e-01
1.565927841211147697e+00,6.949679168000497675e-01,5.006753487130346514e-01
1.886595029654368538e+00,-1.221455826037511017e+00,1.150307584756355972e-01
-1.564884666153542492e+00,-6.861039092853424837e-01,3.147716768626148687e-01
-7.940600738217984400e-02,-9.336268046072622173e-01,7.100818414552685365e-01
1.056302443820249515e+00,1.545628344129819087e+00,8.519220913075450374e-01
-1.075257800991890056e+00,5.952302484120925996e-01,5.540121283943418851e-01
1.275433414524090647e+00,-5.332542267826827498e-01,3.512589120273990062e-02
1.967137737537704378e+00,1.420979889611622138e+00,8.989706912088671897e-01
1.980769386219946693e+00,-4.642170878622233765e-01,2.871073626671316603e-02
3.746728558096164008e-01,5.595236375125347550e-01,8.743200885487801832e-01
-1.986657746761370413e+00,8.446376330604805638e-01,6.190016429545562859e-01
-2.066546748875871753e+00,-2.579511346844232111e-01,4.431751345290003696e-01
-1.510735347838177756e+00,1.371180637116857781e+00,2.823623350196422521e-01
-1.736813892218086242e+00,-5.041579098175352769e-01,2.908920013417994888e-01
1.844060157672138267e+00,1.149008140479284457e+00,3.505237160085872272e-01
7.195233593502261549e-01,-6.483105885676352376e-01,8.183976261870130609e-01
-4.416106574224891723e-01,-1.000744482546075398e+00,1.311565925145061762e-01
9.864698364703916589e-01,1.621492325699347425e-01,8.769117971100112152e-01
-1.586014713824422273e+00,1.265012000601126285e+00,4.621463554032414489e-01
-2.340277942295854174e-01,-4.855705141694637295e-01,9.455692508082076397e-01
-2.051119238407977718e+00,-2.656242044504761868e-01,1.869460861322728151e-01
-1.737153723963518415e+00,3.173572364346566310e-01,6.549330385185890835e-01
8.343889742465910864e-01,-1.336434565791765561e+00,4.944161954044939966e-01
3.841694494469738430e-02,-1.449522050682341412e+00,2.661518083928062772e-01
2.062187160726348001e+00,1.614404845959627632e+00,2.835512447181665063e-02
-9.593985505309261530e-01,-1.259089258011219403e+00,5.087232491749267282e-01
-1.848196087087314643e+00,1.721326353974562018e+00,2.849482690216079694e-01
1.993389427921132384e+00,-8.734665243042525340e-01,4.008650273519720475e-01
-1.465751052922271924e+00,-1.980718068804642185e+00,5.997406675803461651e-01
-3.940716432290780613e-01,-2.067389034701717865e+00,4.687894963073413468e-01
-1.516021574646663428e+00,7.577723855229612226e-01,9.925207692427409079e-01
5.924557038665283493e-01,-1.189758255500304784e+00,1.700778438578131047e-01
-8.324430443158004067e-03,-1.016368299952634224e+00,4.552038803805105172e-01
-9.154370099496120794e-01,-7.848796188699891374e-01,6.563363235075021507e-01
-5.176768323442471065e-01,1.838115525708682974e+00,8.814960188107197059e-01
1.187166126737295713e-01,6.345646985739001877e-01,3.525245110519976688e-01
-1.214010013968556345e+00,2.078912896427052903e+00,2.053867366762263114e-02
1.835506165110496468e-01,-6.778807719530219877e-01,2.855591152325420712e-01
1.527489962884152508e+00,4.619374657527659522e-01,8.954657393990849146e-01
1.554117222474539428e+00,-1.159834601199659865e+00,8.419236096069449005e-01
-2.012059291154954188e+00,-6.200480904702037055e-01,4.814561260376593044e-02
-1.624730034381974164e+00,-1.687738047693715160e+00,1.974219882046037711e-01
-7.389571091373232647e-01,-1.410976991492282506e+00,1.381237507833136258e-01
-7.770561406088374312e-01,-4.122886262016178804e-01,1.386996939555132924e-01
-3.457956452141002224e-01,1.878832317179046640e+00,4.904309825445248849e-01
-1.581243279042681138e+00,-1.489315493535788626e+00,8.236880151635460612e-01
-1.985299211925465990e+00,-4.984847125248161870e-01,7.755775464804262054e-01
2.050055441260222988e+00,1.240826505595134410e+00,6.654454662539002197e-01
-2.046611402048100103e+00,-7.155691365154477346e-01,8.228321083105238909e-01
1.677949425502625047e-01,1.315464214752124494e+00,4.141605658354021724e-01
2.017181089121181881e+00,-8.750332030763510183e-01,9.660720439525841696e-01
-1.392792644357868426e+00,-7.339979956599052002e-01,5.290010417274213506e-01
1.615228284630346511e+00,1.102971549257042216e+00,6.647345281914347481e-01
-1.493150164634039490e+00,9.194244919132317229e-01,9.476165931306512746e-02
-4.615285687208172671e-01,-1.520167267892740259e+00,5.039633761458016670e-01
-1.088970843735198146e+00,5.820212979187320279e-01,5.439575540827070732e-01
1.564455884478775261e+00,-9.047795093254331622e-01,7.389776670058586516e-01
1.650088118926497316e+00,-1.187442983772575733e+00,9.878956829753070545e-01
1.094113756652997704e+00,-9.653326435362667990e-01,1.053079914374448478e-01
-1.264632191066764388e+00,-6.479776475853753492e-01,6.713248454331248727e-01
3.953110857995967287e-01,1.065548575614526872e+00,4.107976247333400277e-01
-1.274661917746273021e+00,1.745567419815112764e-01,9.760182577610534427e-01
-9.351919735798475131e-02,1.519394859060370528e+00,7.671362584638696802e-01
-7.999100558171721165e-01,-1.492766815262038360e+00,2.817216224696191818e-01
6.828394957394667841e-01,9.976018557782557750e-01,7.841442757543944930e-01
-9.937274258875208321e-01,1.489088047881206300e+00,5.824172143076882247e-01
1.786776707990744839e-01,1.965615104715951578e+00,3.240978627118835664e-01
-3.941034278862678430e-01,2.035947849876119431e+00,2.564425709456233937e-01
1.411215136745965104e+00,-3.317758872551386240e-01,3.449517860056100504e-01
-8.182532280042706940e-01,1.332559286443668167e+00,7.464745919563579024e-01
-9.047299485890929471e-01,1.844636854616120036e+00,4.703220632771855092e-01
1.312965505543778999e+00,7.167978305275446438e-01,1.847074274021520690e-02
-1.990718871650088762e+00,-1.228706684267164562e-01,8.609962115202615118e-01
1.977188652355895915e+00,-6.457069520400164908e-01,3.231132105763769857e-01
1.385498861690819261e+00,-1.533161678174868925e+00,6.580145641018018132e-01
-8.055797578364400913e-01,8.798600958723636900e-01,1.150480070422640333e-01
-1.861844764490389714e+00,1.509555516635551875e+00,7.206308201520379431e-01
-1.829003834331403455e+00,1.276697416246548755e+00,8.448941202218281932e-01
8.023919376099741818e-01,-1.327155143296770534e+00,3.930748936938436300e-01
-2.309298872097906852e-01,-3.829169147365365511e-01,1.675091304560082373e-01
-1.091707936183249128e+00,9.867210255106053651e-01,7.158601462580012065e-01
2.081447318717193351e+00,-1.870081323824445141e+00,7.669862071092361511e-01
-3.567430642133175844e-01,3.658339779058472629e-02,2.737449499046664680e-01
-1.215614952887158040e+00,3.335824046676489907e-01,3.735009381316043431e-01
-1.218276891219529645e-01,-2.714822150617759444e-01,5.173947097118996030e-01
-3.077458782488622369e-01,-1.068501505067657842e+00,6.950147376096809104e-01
-1.663541792155625698e+00,-1.773534548415647061e+00,1.194790350223875475e-01
3.965574993937934778e-01,1.839037564934026925e+00,3.098713155776189332e-02
-1.685250967782904397e+00,-1.296564547563036740e+00,1.743131076771867738e-01
-1.622482824896847919e+00,-1.664117425815016649e+00,4.003327671099251583e-01
4.773611035734806052e-01,1.529634437729909369e+00,6.900521129521904884e-01
1.710352125110476518e+00,1.940760550768259041e+00,3.084678377227978441e-02
3.766497042472005674e-01,1.285395653099027147e+00,9.794765229697581788e-01
-9.856029641795607255e-01,-1.109637639541055432e+00,7.722032924500676909e-02
-9.462554089098256238e-01,-1.195706059979585678e+00,3.158309866290422985e-01
1.581618897868538376e+00,-1.824271367814366496e+00,8.137796180189429407e-01
-5.495447319741206815e-01,2.076914329862348030e+00,7.472880998219821880e-01
-1.025179478070308292e-01,-5.853220738614499652e-01,3.492243549879631148e-01
1.544772835860937388e+00,-2.383198277351412653e-01,5.098987344339120931e-01
9.321858966671898727e-01,-1.179417368748760797e+00,4.201458913335991419e-01
2.098102247226273587e+00,6.041561168469962162e-01,7.920078734668275500e-01
-1.312847183294296283e+00,-1.124345868976464491e+00,9.950007207455868752e-01
-1.949552782529546668e+00,-1.503927398722457287e+00,6.774831287500329147e-01
-1.723430221297639786e+00,-1.911849285439984891e+00,4.185088628240286601e-01
3.257629628485969597e-01,1.252402973085771531e+00,4.048324333346283721e-01
-3.508340517005110737e-01,1.047886938002845270e+00,5.488797825347160320e-01
-1.723675615529599803e+00,-1.010477160678509456e+00,6.140261024374238374e-01
-1.463863064532879621e+00,1.041246941512141255e+00,1.805225243524001266e-01
-1.119403842898821555e+00,-1.763083175667394364e+00,6.404454767197915732e-01
5.853508998046632605e-01,5.417012430158907321e-02,9.854904605142209562e-01
2.983642341784937813e-01,1.814423685146193677e-02,6.085228228771684122e-01
1.395511489658005644e+00,-1.097039335786933911e+00,3.980730926346108811e-01
-1.741353753760091161e+00,-1.650185263261363389e+00,2.475478407115228041e-02
1.935592955644631630e-01,-2.187799519686182137e-01,6.424984006565487293e-01
1.846104651586825796e+00,-1.135072555954467655e+00,8.675840194308892528e-01
-7.867118494904454806e-01,2.841827961665153168e-01,8.220042178184527870e-01
6.953299491424482781e-01,1.032495821885136777e+00,6.320105123474218933e-01
1.326604054088613260e+00,-1.384320592041860198e+00,1.486317192068131732e-02
1.838520981140421728e+00,1.853854196550925870e+00,2.545325290000264307e-01
-5.800092117100266176e-01,7.619952512629879493e-01,2.767637233504511851e-01
7.039841224361897964e-01,-3.532229533141140188e-01,5.156661740967887209e-01
-9.163467989999365404e-01,1.653688003827698427e+00,4.997777364739544037e-01
9.642785924986303492e-01,-4.999414751976243299e-01,9.026931693044786265e-01
6.491616799615367306e-01,-1.588362654053725453e-01,8.233632265708725750e-01
4.662610070975063969e-01,-1.531337865679627708e+00,2.547289645242051259e-01
8.484575283780664279e-01,-1.943206312247349299e+00,3.179582174711806930e-01
9.446494887795422457e-01,-1.218346381541910883e+00,9.331690382347009871e-01
-1.235738749837957062e+00,1.615549286933667616e+00,3.756079945252690511e-01
7.731462213679183293e-01,-8.921232031707519994e-01,3.165350865085149179e-01
-5.922183702888883516e-03,3.103087064370191328e-02,1.996494267538591050e-01
-1.109908124837168053e+00,1.448533582202318648e+00,3.704423345950902391e-02
-5.220699113497309085e-01,2.658531345213375197e-01,3.314527548389487599e-01
5.372829512607899538e-01,2.452723142674888557e-01,9.038754032621048040e-01
3.665287867602788907e-01,-1.905174685522631473e+00,1.725031846612703479e-01
1.656146510248543979e+00,-9.864448227560009830e-01,8.998684164426421495e-01
1.905785992030391451e+00,1.883030147505750485e+00,9.665910777004746990e-01
-5.066229866935114678e-01,1.284630855305125774e+00,4.427633577508037765e-01
-2.770415922973930023e-01,1.124308489006498935e+00,1.786306178455229210e-01
3.796243759984365695e-01,2.432554265080222322e-02,7.736696596708853013e-01
-1.956591325133521186e+00,-1.509842093917781902e+00,5.381858180487680832e-01
1.152693506260874301e+00,-1.525045655749940110e+00,2.694054743888264492e-01
-6.199134397886243431e-01,9.434753374579778473e-01,7.677267167460216646e-01
4.106410891479619352e-01,1.305168980590500460e+00,6.735429729054832615e-01
-1.249401868578663866e+00,6.970795433741789893e-01,6.332707133382432518e-01
4.241253444605308509e-01,-3.262277759306009273e-01,7.761836363863544586e-01
-1.310503667830528629e+00,-1.669940750158965148e+00,4.774737827127087941e-01
-1.574532506503829143e+00,-1.064487373499128475e+00,4.885998706283587456e-01
-1.424304655240430151e+00,-5.532496074532098351e-01,4.698881256009692642e-01
-1.089722837050927762e+00,1.218691145126675757e+00,5.288417411839254623e-01
2.430980652268615039e-01,1.160582329543090818e+00,7.288382798005353935e-01
-5.110651963209227322e-01,6.714379821223075417e-01,3.675014967862481052e-01
1.870859683834208198e+00,-3.887237933904204024e-01,4.121540937887879785e-02
-5.766696236683868104e-01,1.807049206326691859e+00,2.896882430156824118e-01
1.313684927971312089e+00,9.949851320170366442e-01,8.093786698004151736e-01
8.671742872231731347e-01,1.924386997495417528e+00,8.167570973747998453e-01
-4.871352544770983783e-01,1.960554926916944662e+00,5.276311701258865616e-01
1.746901088550507630e+00,3.071998973926124421e-01,7.340031740762981149e-01
1.185698996095409630e+00,1.010665986519569515e+00,7.365639701440979126e-01
-1.607884060943617133e+00,1.211087457336939011e+00,8.118924880498968877e-01
-5.620884735955744560e-02,-4.456236083649804947e-01,1.785431373995552962e-01
6.418380260125697845e-01,-1.730986198290181743e+00,5.520716973982541242e-01
9.184737671835030426e-02,1.358569007768811954e+00,3.302665800258813844e-01
1.814861066672094569e+00,-1.496712297236248990e+00,3.744292629905705549e-01
-2.868779532770020513e-01,-1.898238900808192131e+00,6.529901423918194059e-02
-1.935720410295874494e+00,4.261454157385702324e-01,5.891052235934088888e-01
4.494846910378060834e-01,1.521622313711886942e+00,6.704365967452113884e-01
2.075739317051197297e-01,-1.930242632437533468e+00,9.253738323057555393e-01
5.998810728742696163e-01,1.865989914431264829e+00,3.043534605511510893e-02
-1.485858675148719055e+00,1.050798056800986036e+00,6.837632835502978068e-01
-1.260997490837471702e+00,1.073094531105923011e+00,6.751978247535858069e-01
-1.747083129033022431e-01,7.130290590696120034e-01,6.571562043038186030e-01
1.502120880065791475e+00,-1.830109531965387282e+00,3.063905967564617416e-02
-1.568466606723674106e+00,-1.071079850624344187e+00,9.477053606385267281e-01
-7.823383298930597363e-01,3.251867234760110748e-01,4.058006963193148131e-01
5.946521446850638881e-02,-1.624537901823017272e+00,6.436171645847498235e-01
-5.098792914436944823e-01,-9.915807458085779125e-01,6.752712049038676057e-01
1.793733599007625301e-01,-4.435204338311131700e-01,8.027474221955108735e-01
1.681588293335814832e+00,1.029694111683693514e+00,4.107979630133762328e-01
-1.669675828875849311e+00,-1.854164074491062353e+00,3.000362449833787748e-01
1.881184724616063786e+00,2.045963026366135917e+00,2.091333491451196069e-01
-1.331938377039139976e+00,1.174426053948735671e+00,9.343692048785490201e-02
9.348795258307331935e-01,4.343362949759024261e-01,7.835755073907376689e-01
-9.885891701044360325e-01,-1.072520389592169998e+00,9.894155484962711133e-01
7.928197418427624932e-01,-2.005367063768390246e+00,6.759806845613314241e-01
-1.365818056189743945e+00,1.644225548238920531e+00,4.375410805151791482e-02
1.969222413646918302e+00,1.092069573886624845e-01,4.803636207624025767e-01
-1.983768331976420107e+00,2.032833186932621050e+00,9.213157488906111858e-01
3.400493739764351986e-01,-7.994989440669340031e-01,6.590077791564600274e-01
3.062250058488600324e-01,1.368467430170928978e+00,8.142182253007312909e-01
1.412749088362627248e+00,-1.961398555676997724e+00,3.859902264516156256e-01
2.096386582717004732e+00,-1.363116788035264593e+00,9.309301011018715766e-01
-2.206286305283542415e-01,1.639889042109785144e+00,9.454150783526646951e-01
-1.408381287642781476e+00,1.263645208870618486e+00,1.479632503262665599e-01
6.264244575619710709e-01,1.040923710208176978e-01,7.160766688973944083e-01
2.062215652411811373e+00,-1.443961641063537193e+00,1.956291823637814620e-01
6.280980608848052427e-02,-5.723095915838010139e-01,1.958288495896435277e-01
2.008752178630502261e+00,-2.530773093136053919e-01,7.780227446142753411e-01
-1.205307698188607279e+00,-1.820838696543488844e+00,2.615520545093059646e-01
-1.103972949919833635e+00,2.037872479001863635e+00,9.058041048581576549e-01
1.980589941292129286e+00,-1.678463440419025510e+00,1.531415027276783469e-02
-4.552825401889368795e-01,3.064110296138289335e-01,4.183138130520723807e-01
1.614270702941140279e+00,-1.182363658717539012e+00,5.255632725566825592e-01
6.278130229276919216e-01,-1.761555257935154772e+00,2.292944175437108267e-01
-1.485392305802758495e+00,9.964928178229026656e-03,2.363135226818289247e-01
1.732206477159136782e+00,1.442482323327821447e+00,7.223239316556526735e-01
9.621357606399558726e-01,5.725915170587354552e-01,1.647328008161710322e-01
-6.148335511327283065e-01,1.603311664341853238e+00,1.065533772724600592e-01
1.623181895527609608e+00,-4.297726713854777003e-02,6.753674196126421281e-01
-4.412219395885794704e-01,4.735162085392765619e-01,3.819166695159580405e-01
-4.957616921678194011e-01,-1.689084819265253667e+00,5.409410461940354908e-01
1.889334473287669347e-01,1.827642587902925886e+00,6.196349285420507114e-01
-6.388059497473665971e-01,-4.652197120986876211e-01,6.208487167682775754e-01
-1.121350771272963787e+00,-7.105109484037417378e-01,3.696469913099861282e-01
-9.682910859913596013e-01,1.118452988234983625e+00,6.048736101340587146e-01
-1.532035809244110869e+00,2.029096273386836735e-01,1.491969865486112434e-01
-1.094103282710652714e+00,-1.345781754990780232e-01,1.413947012578711249e-01
-9.478314722267453529e-01,-6.355061780285933271e-01,3.064719884691944340e-01
5.278343203604807243e-01,6.530760086053470914e-01,4.243708231511804652e-01
1.624663878267921469e+00,-1.421125689817686277e+00,1.564596522647002663e-01
6.330332516716938862e-01,-1.728487219062525782e+00,6.582873199845052925e-01
-6.868733391112369358e-01,-2.529087572403252437e-01,6.633227340589369359e-01
1.483655079414318401e+00,-1.632563573888003550e+00,5.048251938273812245e-01
-8.231607471597182091e-01,1.794160019727003341e+00,7.929323013180997748e-01
-1.144842218228170339e-02,-1.904812859746364273e+00,5.091105231861881020e-01
8.813736968335663668e-01,4.724438983956678051e-01,7.772824833010900658e-01
-1.264216074337894513e+00,6.190946884028312169e-01,6.493340448479600902e-01
-7.778516597348128503e-01,4.640465388945580472e-01,1.365546002763403655e-01
-1.828977324696648754e+00,-1.916408493028235682e+00,6.520048304174315135e-01
8.637638597066565893e-01,2.002700911762897551e+00,2.001866222925211547e-01
5.920155208285038384e-01,8.787777283880311430e-01,2.219498879118565471e-01
1.019972363429902273e+00,1.903632614115099653e+00,3.320360024870357973e-01
1.947633664558867661e+00,1.968568985859315834e+00,2.495352122636926850e-01
-1.684448237914373259e+00,2.447734600663991067e-01,5.936319561977594361e-01
-4.553511485483483501e-01,1.041994370704871553e+00,8.188866010491243630e-01
-6.797582560571739929e-01,-8.129826002148252684e-01,9.093945359409989493e-01
-8.238881841148228968e-01,1.400375882275855854e+00,8.597089476689362408e-01
-1.752132848481013916e-01,-1.614343953073225091e+00,7.283799669844819302e-01
7.133929070606761513e-01,-8.296403886773398018e-01,2.340557939940129950e-01
-9.256873632880335823e-01,-1.174761916740729717e-02,1.727696452411535688e-01
-9.371505925748184751e-01,8.662386586085299989e-01,5.708255095790857325e-01
-1.816403357492219151e+00,-9.054735947474132907e-01,8.904244636935342294e-01
-1.190601822354638850e+00,1.221868570714916391e+00,7.022277539656875955e-01
-7.059033547988093904e-01,-9.815316377376614998e-01,6.055400249660796153e-01
-1.079716020512390795e+00,-1.974196400633766890e+00,6.547189788607366001e-01
1.637934406253709785e+00,2.449436325710392381e-01,9.260991021137556789e-01
-4.263616205921845204e-01,2.631770602159808625e-01,9.687993692505358911e-02
-1.881446829847452928e-01,1.679087691034544694e+00,7.212695401812259099e-01
-9.883764680222455468e-01,1.504233325636098684e+00,9.553380754322216006e-02
-2.046494723068895016e+00,-1.804817019793070187e-02,8.983749412233992260e-01
7.186271573793456824e-01,1.084491656420689232e+00,7.490482454294965509e-01
9.097865250305314788e-01,8.816812001668181686e-01,9.720143249245390971e-01
-8.501202177781175262e-01,1.131784592026464420e+00,8.059408134031289528e-01
-9.651736225908931210e-01,-8.595321803946176509e-01,9.274767435754983635e-01
8.539733689718769227e-01,-1.183694942331316557e+00,2.510694659213071889e-01
-1.654782028213111822e+00,-1.402398320451700986e+00,7.699775920705088650e-01
-1.225403899377821126e+00,-3.686461345011524671e-01,9.694927052387058986e-02
5.452710289961562040e-01,5.102934338106033252e-01,2.878580041233504971e-01
-2.062801598117515400e+00,-7.931174703149681537e-01,7.249254688212964925e-01
1.336626134114455855e+00,1.169753079027149312e-01,6.358033179124656931e-01
4.188013713930249793e-02,-9.703166566015799521e-01,8.176247112396384242e-01
1.112761922070003351e+00,2.021019211153950668e+00,6.915370011010150142e-01
-1.631453035111173122e+00,1.085581707072660773e+00,7.769360870415814579e-01
-1.816834452466123739e+00,1.555816100726326923e+00,6.974405555279339364e-01
-7.232423460065142695e-01,1.307389828006226384e+00,1.290505228595829612e-01
3.385841025078164535e-01,4.120944309912326631e-01,4.673731600011638010e-01
-1.341239598555501455e-01,8.642660630802811994e-01,7.649102739181445898e-02
1.727112814411603470e+00,-1.273319718999143646e+00,9.752321201335777401e-01
3.192364124028150840e-01,-4.225785388651419616e-01,9.238449024727044545e-01
2.679332685108808398e-01,-4.537551057664648280e-01,1.308124682337371558e-01
1.376023857134320849e-01,-1.149336460699029949e+00,7.556663051904582984e-01
4.820159694435988129e-01,1.359741601429362845e-01,1.182045433057817840e-01
-1.426807354309422404e+00,6.396822587985795394e-03,4.398452291699537220e-01
7.865796035757535165e-01,1.851926353752011423e+00,1.998458287178870307e-01
1.415045378329291115e+00,-9.551945402179828903e-02,2.289544633750427716e-01
-3.338504262518600108e-01,1.449698764253989580e+00,7.786665476978766876e-01
1.799294208371747139e+00,4.716322854506702633e-01,1.555880784091867586e-01
6.499160438010642693e-01,1.890939056684694197e+00,9.314783264652078953e-01
-1.482294466723696358e+00,2.139342750806658700e-01,3.733496250893282298e-01
6.688715754724916529e-01,1.548498643987654688e+00,9.776590571939436369e-01
6.661084497319209596e-01,3.924546680629159567e-02,8.902629356909350644e-01
-1.760042267220385037e+00,3.441039141101809307e-02,9.130026067234079390e-01
-1.107629771507302685e+00,6.933341490091939896e-01,1.264121493745060665e-01
6.573158840783532852e-02,-1.903288286680538066e+00,5.550991729814164222e-01
-1.492638237832001558e+00,1.761801325139442653e+00,6.046857483559768820e-01
1.562253124107613633e+00,1.322718439370915711e-01,4.070834207859969078e-01
-1.697898731507530456e+00,8.599326982997825830e-01,7.182697911679117864e-01
8.986081847863696126e-01,1.785610580185098772e+00,6.545445384881737327e-01
-7.164258753227630283e-01,1.071215410306396443e-01,9.053118455494579830e-01
-7.744140010584477096e-01,-1.359841290271248226e+00,3.129926395040228959e-01
4.463197296682066550e-01,5.041500452445504266e-01,3.149433232675574734e-01
-1.190580968077046276e-01,-1.416780936913634825e+00,3.927144070475756532e-01
-3.796293893511279993e-01,1.402636677209482485e+00,6.890730986317432638e-01
9.958236852027502195e-01,7.504892068610575784e-01,5.168921642208822442e-01
-1.220598576820945080e+00,1.301088486259223131e-01,2.050939986702032813e-01
1.833856288959962999e+00,-1.470475553751001474e+00,4.060463213017992956e-01
4.294959773857458529e-01,1.595005074381293575e+00,1.766132606282625472e-01
-1.008163604591640006e+00,-9.202816161233122738e-01,6.705276325803757320e-01
1.612633484154760488e+00,1.647369720373952351e+00,3.774665279907566395e-01
-8.020277527571322285e-01,-9.312953326737625215e-01,6.972879332273432818e-01
-1.510913238912359624e+00,-5.817278237974001787e-01,5.653241901861744134e-01
-1.489441370479547055e+00,3.308618205975477622e-02,4.316567457650712925e-01
1.685964975818709632e+00,-1.979098427864968812e+00,1.448280651075384284e-01
1.340136266305964607e+00,-1.017561254708325480e+00,9.923142753643410252e-02
-4.345454665349741674e-01,-1.708152574378651867e+00,2.922930949064690420e-01
-1.257876031716965937e+00,1.323365823546001074e+00,4.696771707746695279e-01
-9.840072287992507327e-02,3.717651241829642572e-01,8.938580262776686380e-01
5.966170190395425621e-01,-2.007552105277132792e-01,1.451111138129207445e-01
1.192691534668455233e-01,3.757745973115360627e-01,6.632235296626296517e-01
-5.705133556913770665e-01,1.487029493028050986e+00,1.963222509921893622e-01
9.629514659475661986e-01,5.555744360959149475e-01,4.476629283529841574e-01
7.036712873194401752e-01,4.113552092658538939e-01,6.230564506446214512e-01
