1.044298611824909351e+00,2.005189806350135218e+00,1.866273161126312807e-01
7.184108283680004092e-01,-1.725921613618747630e+00,1.663711285188542721e-01
-1.807641688596159923e+00,2.145365500212044196e-01,3.544500001596166960e-01
7.801961033732234263e-01,-2.073010912631983782e+00,8.193574138439255750e-01
1.865299453595039569e+00,-1.757619293967152663e+00,4.573560142652112193e-01
6.337982809043856136e-01,8.306512659290841150e-01,5.025491474663283942e-01
1.322191397407643354e+00,3.007043519815506549e-01,6.460838861907570729e-01
1.896157185892557884e+00,1.623668515136473811e+00,6.551490069820858908e-01
-1.066140788437518250e+00,1.695007147546108595e+00,4.328029409374680725e-01
-4.328812530180758955e-02,-1.206170160394952173e+00,8.868164241791320901e-01
3.900466372202391341e-01,8.410676342867238198e-01,5.357313257730856870e-01
7.478921849448716408e-01,-1.373225635471251760e+00,2.732074316876247355e-01
1.676639353934992638e+00,-2.011841440825063554e+00,9.486980149165713527e-03
1.138682364155686688e+00,-1.978436855531619409e+00,5.360593678374576676e-01
-2.510976986071864481e-01,-1.462005893554559677e+00,8.225520716932595011e-01
1.238026104219266177e+00,1.201692188954408991e+00,5.581253979961386946e-01
-6.192756578194311690e-01,1.850660816064305880e+00,9.777200503015126554e-02
-7.634661198593670761e-01,1.483793435469551447e-01,9.834464984347258687e-01
5.291345011387398323e-01,1.399706857044039410e+00,7.752992053225441493e-01
1.192137419868044113e+00,6.978496020292439539e-01,6.194707946504680596e-01
-1.547766228918317388e+00,6.488374715492328804e-01,1.638130144790767018e-01
-3.062652007359216721e-01,-1.372944013347884962e+00,2.654874408314524814e-01
1.989239670978905306e+00,-7.201593966147559200e-01,4.828924785756993909e-01
3.322867352883909220e-01,-7.920293618397418189e-01,6.167222051169828356e-01
5.518823489844253416e-01,6.044883137728453981e-01,9.114706813619687376e-01
-6.281905437920101143e-01,-1.574496303168907874e+00,3.866029457710318251e-02
1.111181800776016360e+00,4.687690472128229757e-01,4.781018387512437906e-01
-2.097153084283081448e+00,-4.888693581382401732e-01,5.527533776310703528e-01
-1.992480555361503036e+00,-9.367616989080447265e-01,3.631276391860577268e-01
-1.421941490196234614e+00,-7.001470876334976445e-01,7.716426992914737770e-01
1.393476257158476894e+00,-2.339481210042271275e-01,7.559237049009888132e-01
7.968167051636010356e-01,7.708138623142959389e-01,4.458781356182736078e-01
-4.430015424679023539e-02,1.028474825991862129e+00,5.318310243539947635e-01
-8.822153845498938995e-01,-4.980340082728034190e-01,3.759718444556052752e-01
8.540433112195771059e-01,-8.731949172378945523e-01,7.389001342759823343e-01
1.558395649129671323e+00,-1.719437157985825637e+00,1.488673365207296984e-01
-7.195214167635339830e-01,-2.044242929396582475e+00,3.684178902655597110e-01
-1.945293774140832488e+00,1.420961556476593834e+00,2.859402277315119534e-01
-8.526265003795587827e-01,-2.050294225599526676e+00,7.508927598419069538e-01
1.417909264924155366e-02,-3.730951731278120409e-01,6.655844096919706354e-01
1.846852551278710397e+00,-1.619056066739501087e+00,4.637119655199344326e-01
-1.280557544025919814e-01,1.755617053384235682e+00,2.520603874303937175e-01
1.281469733056613602e+00,7.508768474081333189e-01,4.690208379443207010e-01
-1.521033659915896674e+00,-1.255425422382178802e+00,5.609725630409835295e-01
2.429653326129366242e-01,1.894537301792576844e+00,7.207416496822786067e-01
-3.842626255710512861e-01,1.285670446450123627e+00,8.752919873333488976e-01
1.060476111981255798e+00,-1.317395239352653569e+00,2.872155050602580584e-01
-1.854017741780952244e+00,1.235518060807405227e+00,9.168098157250457181e-01
-9.099470918798635566e-01,1.937793114067834832e+00,8.552664989580184285e-01
6.031793958146303147e-01,8.898998311436319142e-01,7.149803318697643961e-01
1.296901426948703140e+00,-3.353916502310287928e-01,6.133518675986719959e-01
6.107490977846565805e-01,-8.931560533901830023e-01,5.853400817448392024e-01
8.883012959363298933e-01,-1.883230064668061088e+00,6.471599993612608959e-02
9.357776352524176389e-01,-9.393053269976980868e-01,6.544103690192841771e-01
1.634191984336032633e+00,1.641491432482014012e+00,6.987026504237769942e-01
-1.126075151485761427e-01,-7.672271343836634117e-03,5.215164579274548240e-01
-1.382754812675640377e+00,1.157314911817678649e+00,3.525153935249953907e-01
3.552297819172327564e-01,8.090362484485269512e-01,3.493601014107308167e-01
-9.509500031251629792e-01,7.310619790303656274e-01,7.625613421402103187e-01
1.658805073721794532e+00,1.534681208896066629e+00,6.368673879910907720e-01
-5.833661592570331678e-01,3.510271355588865383e-01,2.080525300554070256e-01
-6.858758943629652549e-01,2.044911973293379592e+00,3.575908388631973134e-01
-1.541803008046760404e+00,1.492820564230626257e+00,9.213975659768310900e-01
3.303006884786974240e-01,-7.244215444052846120e-01,8.600705107778404690e-01
1.016128547806063320e+00,-1.480557355573269396e+00,7.125536205609818152e-01
-1.291347776541691417e+00,-2.558052019068997041e-01,9.411346402985002468e-01
-1.150829106096554533e+00,-1.048439525609507150e+00,1.888322266970375862e-01
1.243385054188493211e+00,-8.851324062686822813e-01,8.186849398187310278e-01
-1.762393883980262199e-01,1.203202132098341259e+00,7.789938043764502718e-01
-2.099873937120170453e+00,5.852273825243266003e-01,5.405586219111113699e-01
-8.977000620406303533e-01,1.426439618562323819e+00,3.243831486876166403e-01
6.286626637368604165e-01,-2.043832162627153615e+00,4.993005010658292386e-01
1.683241003906518873e+00,1.649759670942179124e+00,8.628545455598024549e-01
1.017568436708073953e-01,1.724721079939193658e+00,2.148236257911131375e-01
2.897278395818534413e-01,-8.027972453311156276e-01,6.098123991516856135e-01
-1.266977882798815624e+00,-5.520599823052176891e-01,3.636810079929142514e-02
-1.953533872243703895e+00,1.702506037880602285e+00,5.558057208070862343e-01
-6.555398998054611237e-01,1.851664009564599755e+00,1.266965410991490737e-01
1.432405507424194369e+00,-1.854189788065270239e+00,9.412992614273837377e-01
2.043766484008404660e-01,2.098071567400004778e+00,9.149578001419645945e-01
1.124777346248854393e+00,-1.152257369880590465e+00,8.843236273794899960e-01
-2.721436166204975748e-01,-1.146204754389418934e+00,5.282388359601057903e-01
-2.171089222824118536e-02,-2.050863872947075617e+00,6.017371187688020928e-01
-3.997117327888726201e-01,1.956416302219341485e+00,8.130260988079668349e-01
3.220070293198422640e-01,1.889839490112318554e+00,5.479070926594229451e-01
-1.050668742914149023e+00,3.720595522029270796e-01,8.583300499893364854e-01
-1.570768781873392861e+00,-2.900871417519397255e-01,2.798611315684056411e-01
-1.363659558713419706e+00,-1.201345065167725545e+00,6.957444945997799390e-01
-5.269697965177493337e-01,-1.344955087002949190e+00,6.673160726754628902e-01
-6.429726684039924756e-01,1.786142211731024609e+00,9.663682528462760324e-01
-1.227622420932531266e+00,1.516435494460375288e+00,4.465874409175112358e-01
-4.308782587122383934e-01,5.881682129813925464e-01,8.200741350467766200e-01
1.413992736430068842e+00,-3.227632987562052413e-01,3.914283595246625946e-02
1.107998088041439289e+00,-4.097871313249850100e-01,3.779189318128850505e-01
-6.628477310028202396e-02,5.476104010941096334e-02,4.050114351697522430e-01
1.470524913810097090e+00,-9.506096680558058232e-01,3.249140944731332414e-02
2.066582801835132877e-01,6.503735516684510110e-01,4.303715824180333049e-01
-8.738268243846958327e-01,1.557317821307264705e+00,6.586587387028816076e-01
7.763054808362617187e-01,-1.944481685739287702e+00,5.540602828292736648e-01
-2.411672539556517503e-01,1.151792813119632441e+00,2.750118036119529874e-01
-1.905376836180191935e+00,2.019423363378165970e+00,3.777335465927070812e-01
-1.847321638233787144e+00,8.732269803149828036e-01,2.589389961717485367e-01
1.685001966754073877e+00,-1.860076572423599028e+00,7.785275702912454188e-01
1.869748497723937586e+00,-1.504375586009272681e+00,1.053767670858656302e-01
1.930652249084289007e+00,-1.493828822047202465e+00,5.668571703128748585e-01
1.277578958291358813e+00,1.542866630614232903e+00,5.251791201729805181e-02
2.086901866010272943e+00,2.069095985642088298e+00,4.734167615877949986e-01
-2.042509599043713209e+00,-1.540737507002422957e+00,7.368018908527844690e-01
4.508549288811725120e-02,-1.294246612454817091e+00,7.084515384016156769e-01
6.034754683927965324e-01,-3.031834462877736058e-02,8.438328292759413873e-01
1.121859014549072775e+00,-5.955443056685367775e-01,9.285153238517291907e-01
-1.725410506904102803e+00,-1.964381749497740026e+00,2.111507937537738799e-01
9.446648147202392209e-01,1.234179338326689912e+00,2.520757484923581426e-01
-1.595706742608800077e-01,1.217275697797218559e+00,7.854598517832552806e-01
-1.209895134665790906e+00,-7.181985604403122725e-01,7.807740920776561344e-01
-5.470035340349155284e-01,1.122746717814643524e+00,5.819743720520054175e-01
-6.109138290974591712e-03,2.001998369321291715e+00,9.593725221919149337e-01
-1.301429090560902058e+00,3.507159016823502284e-02,1.455125625665198985e-02
-1.941106707740534176e-01,-1.943901738361187181e+00,1.671964366910621003e-01
-1.653935638253924090e+00,9.384252782696176354e-01,2.222043262923221185e-01
-1.688851898451912525e+00,1.526377053925546345e+00,4.732022394455327463e-01
-1.159948365841909190e+00,-1.126565300091621813e+00,2.902125114567899455e-01
6.691229670446654509e-01,-5.969494908176284920e-01,7.962769706496484190e-01
1.641171896167719524e+00,1.074332130165164045e+00,9.144179601271529290e-01
5.277287200375213594e-01,1.178901109439838280e+00,2.938988615700639517e-01
1.753596023118526581e+00,-1.579212314756297530e+00,8.670773402455731471e-01
-2.096876292255159591e+00,-1.188818622480769305e+00,1.278092152072337617e-01
-1.743331422560340016e+00,7.782112707620374437e-01,8.231087443221649647e-01
-8.692779021255485628e-01,1.198474576077129150e+00,1.779086581153925817e-01
5.893293409150666129e-01,4.913438802074492351e-01,1.219030079415156509e-01
-1.888769638305777265e+00,-1.731804291797004236e+00,3.608348675657947480e-01
-1.188308862414827693e+00,1.776520368063033928e+00,5.977898456654839876e-01
-1.268069822427777105e+00,1.831227375268329460e+00,6.046287170665379795e-01
-1.926750057867675059e+00,-6.911220849628325613e-01,5.135211263527209580e-01
7.573836635529662686e-01,-1.663034800417205972e+00,9.866992052909990818e-01
-1.833049052080033103e+00,1.619310280658327272e+00,2.322233996217258900e-01
-9.726051830746467175e-01,8.680613727949522129e-01,8.214520696926932430e-01
-1.636403473271166309e+00,1.444555133953556947e+00,9.584027425684407131e-01
-1.034029932550288189e+00,-1.251148623388388170e+00,2.875328361307494252e-01
1.388649450860623080e+00,-5.428302048794588774e-01,2.210210014672958634e-01
3.408875482483297858e-02,8.035130234848870678e-01,7.872250956945880951e-02
1.572726207689244760e+00,-9.089610457778676267e-01,7.934352193512578255e-01
4.496243016636749523e-01,1.029241432500915820e+00,5.746625229949121616e-01
-1.041528908904839179e+00,1.048352099558222950e+00,5.038141330224984449e-01
1.390194266952127222e-02,-1.132862842175785811e+00,8.785550974020688297e-01
5.356049015767987420e-01,1.938090750905994586e+00,3.683264750131071130e-01
-1.266798110870917426e+00,1.956855211335288391e+00,8.904895981473603950e-02
-6.132841127698622774e-01,6.640999213112008803e-01,8.966756943011665593e-01
1.453853405320259640e+00,-9.382320998084026087e-01,6.315087034480593164e-01
1.973167232199046328e+00,-2.880281185539799171e-01,1.996213382586251583e-01
6.466688992732065877e-01,3.198416455363486399e-01,8.288891086265857133e-01
-6.195504080035167949e-01,-1.716820348628349091e+00,7.199784704689639048e-01
3.743429238259743386e-02,-1.948798573691127078e+00,1.419323644074248492e-01
3.210710730350037068e-01,-1.161801920054986503e+00,1.328579345130785905e-01
-1.997296352839850186e-02,-1.138965117892709600e-02,7.991313833535629296e-01
1.026589685361618987e+00,7.502074122632240716e-02,7.480996867956520857e-01
-1.819286424631422650e+00,-3.865687263572770149e-01,3.214283249786376029e-02
2.073956467737225751e-02,-1.800492068952828095e+00,8.395269074427823552e-01
-1.819480620002186688e+00,9.671004299968326556e-01,5.574227835276218679e-01
-6.580790987067752784e-01,-1.442536678770349301e+00,5.398224466180659986e-01
-5.842257616833081979e-01,1.573137707326532020e+00,2.832924120781743493e-01
8.794055334702379767e-01,-1.899820257436988236e+00,3.047019793035599111e-01
9.783608409757662550e-01,4.329195196890593955e-01,4.094488266315260416e-01
8.610715144043856739e-02,9.300319915521599867e-01,4.515219557401746187e-01
1.734695434567024463e+00,9.984669594603676757e-01,1.355967100668629133e-01
1.509449469342991179e+00,1.495745405071251533e+00,2.244133900007486693e-01
8.650799206892383353e-01,1.699790920577899378e-01,2.947468848771767069e-01
-9.730620058048209398e-01,-1.716606046644678862e+00,3.427438044463627653e-01
2.666504899877097934e-01,1.558846943281037234e+00,4.865519986313047163e-01
1.031575465430537797e+00,-4.089801051238297624e-01,6.351577477483831835e-01
1.205103953453448895e+00,1.043732589754054807e+00,2.832163996616887669e-01
-2.441581676329822592e-01,-1.643111098044638396e+00,2.817245116253253023e-01
8.843670033940851383e-01,2.085602369527760569e+00,1.751241891141778195e-01
-1.008382267129881216e+00,1.871936369055301252e+00,7.007240472657747521e-01
6.459206520343032665e-01,1.428578689382765887e+00,6.783371778351166004e-01
1.283274727595063780e+00,-6.476459294110206155e-01,7.505299663941467081e-02
1.649848486505308909e+00,5.047153332238756285e-01,6.363189803523694454e-01
-2.048382265172615124e+00,-1.255849445020293720e+00,2.056794086457763848e-01
-1.093271809500812708e+00,-1.446875964150534433e+00,8.670018323731659704e-01
1.601287274467894317e+00,-1.321225290353950310e+00,7.722167509678977693e-01
1.190954273341593872e+00,1.094182395715399991e+00,6.068642830125903220e-02
-1.223156012373671553e+00,-7.234499537335274955e-01,8.787681841148807793e-01
-1.127121848039744245e+00,-1.560276680785893655e+00,4.585197094635257153e-01
1.920519421871504040e+00,4.815312014717072486e-01,4.197445215702766408e-02
2.091681193269260053e+00,1.792613796829938710e+00,5.531736071072371752e-01
-1.954608636338769800e+00,1.472105337539483472e+00,6.540470114966361326e-01
-1.070959955157821941e+00,-1.280329054371639463e+00,8.622193819544807791e-01
-8.540557192749032023e-01,1.661221824794552493e+00,2.257859525816795498e-01
-5.243802234656622652e-01,1.653383909988587419e+00,7.915747706837017450e-01
2.033355190705308235e+00,1.854115500570809427e+00,5.734921043331840940e-01
-7.351025413588361257e-01,-4.792242488411098122e-01,4.101752458884853070e-01
1.890965798943760490e+00,-9.857493643145227580e-01,4.335974455853833787e-01
1.358501318073788156e-01,-1.084834371785482032e+00,1.632751010976879469e-01
-2.094933978073880709e+00,-2.024262532474045972e+00,7.193921489440776584e-01
1.934518302091082109e+00,-3.713502817146441259e-02,8.997096596424720705e-01
6.498858391664472656e-01,9.621305770730104179e-01,4.520957434967498578e-01
1.868607327421131892e+00,-1.111089590186639775e+00,1.554415614099918796e-01
-1.919940156138900456e+00,-1.315301615521525580e+00,8.353729215770951955e-01
1.959267425556404429e+00,1.620183233473168727e+00,8.730931336662307585e-01
4.136456446665963682e-01,-1.139348714399046614e-02,5.130059745453329212e-01
-1.247419455022063861e+00,1.368064024214997509e+00,7.255903839366705244e-01
1.978627876626036564e+00,-8.888976010990203847e-01,3.924498885407849968e-01
-1.317598308943817020e+00,2.576805712312801866e-01,5.274758039165381440e-01
-1.581292871695193503e+00,-5.525084545135094949e-01,6.737136725900931822e-01
1.446076608679763176e+00,-4.121340300599487527e-01,3.443748778924742293e-01
1.014957006551192364e+00,-1.839749682151230248e+00,6.323028176765537189e-01
1.118112916336978291e+00,-2.075468351292435010e+00,8.474127760742264925e-01
-2.080116249840325171e+00,-1.508092038490495224e+00,5.069805505619063846e-01
1.799281045535920498e+00,-1.787931319132211483e+00,7.322472385409828366e-01
1.389564456941222215e+00,-8.479374593607056365e-01,4.315316253994139206e-02
-5.173278563478418413e-01,-1.742802983831822194e+00,7.006465574016083053e-01
1.284761068593494482e+00,-8.472301401658570708e-01,2.951712781951342235e-01
-3.370244447919779063e-01,3.526992040173317911e-01,1.289124758898243517e-01
1.018229739317042526e+00,-4.782162285516198263e-01,9.229247992250482202e-01
1.340644323989679254e+00,1.555216075661329800e+00,6.032327202720044745e-01
1.829066930380062406e+00,1.644065200531135140e-01,7.934416672773996204e-01
-3.208936079187394430e-01,-1.283999274631354215e+00,6.818417921631336753e-02
-2.811918049636208394e-02,1.772618819819751668e+00,8.211945122375989836e-01
8.951017006806694098e-02,-4.350188771445553382e-01,6.425053273338192650e-01
-1.545875870201526503e+00,7.735138436222448455e-01,8.044777166932646217e-01
2.295484819336315319e-01,1.669834716740345115e+00,9.906279363962713358e-01
1.618092537848970558e+00,-1.988204248195861057e+00,8.442512629333138729e-01
7.775272524220304682e-01,3.597158327091602992e-01,8.720203953575936806e-01
-1.287671680794434170e+00,5.366101541900913929e-02,8.369310357506394293e-01
-5.085697588635311739e-01,-2.254182029921272257e-01,6.584192461278071118e-01
-3.903751933486274694e-01,-1.003877825710529414e+00,9.306796232639484856e-01
1.790493811412964487e+00,-3.234370983060679272e-01,7.711824547936945162e-01
-1.264850240309230767e+00,1.299727190271541932e+00,2.001330218868646593e-02
-1.441136505399103207e+00,-1.608275607995155898e+00,3.685586523975419304e-01
-1.077041285051083541e+00,-1.766759035169097825e+00,3.119614293335796207e-01
6.293858694330047854e-01,-1.941703761891529600e+00,9.101030281180300108e-01
-1.275927943519357566e+00,9.375126491266958517e-01,5.660138069423491514e-01
-8.830149213581428569e-01,3.988112227690727707e-01,5.369328906432881965e-01
-1.812981399413930772e+00,-5.825524626394797956e-01,5.179175188337128422e-01
1.077560559967806864e+00,5.820036248085549424e-01,5.262263752262830163e-02
-1.619293373324962815e+00,7.684517322606643219e-02,4.617569398320602314e-01
-1.184027574015523054e+00,-7.433142215695931476e-01,5.507058921502497872e-01
5.186844076867962450e-01,-5.135996360234447167e-01,6.162632550173086088e-02
1.802432592493081742e+00,6.237590046711249947e-01,7.721414084914974829e-01
4.108757202243737972e-01,1.543764503619748041e+00,7.212669462103938889e-01
2.041483495368721979e+00,4.682882345911587585e-01,2.331484877730901628e-01
1.640698278481823813e+00,-1.485308518215910922e+00,5.777674286847150897e-01
8.888935447843984150e-01,7.096243130216919326e-01,4.268247455909971455e-01
-1.048324456703328300e+00,1.293541438110540565e+00,6.529946380815055962e-01
-1.632242257606511648e+00,-1.670855649387791075e+00,4.647216008608202609e-01
-7.910796194610458798e-02,-4.553508456714168151e-01,3.141122307428411142e-01
1.899215753573027854e+00,1.641755581544077636e-01,9.772351238180578825e-01
-1.617897710327335536e+00,1.695777262640151051e+00,4.829998059120729215e-01
1.072858006104843831e+00,-8.380431925386790937e-01,8.381682824771822249e-01
1.563949024863065862e+00,8.798287910551745306e-01,8.100731707097829082e-01
-7.609916530296478854e-02,-1.628847187091895021e+00,4.377725988084958386e-01
-1.395531640546674002e+00,1.427018496031464245e+00,5.487020827701989401e-01
-8.517473601037186537e-01,-7.428416205585166576e-01,6.884354397686864857e-02
-6.357178680309492069e-01,1.443865933868779372e+00,7.555945716464949058e-01
2.299095435500131401e-01,-1.158707205715397759e+00,7.876920020602329320e-01
1.740029435290493254e-01,-9.574112815049895531e-02,9.659983631348361133e-01
-1.385129372037269269e+00,7.426477879483441846e-01,6.915523114416046724e-01
-8.508305919186318622e-01,2.818283344440315474e-01,3.721908986332859159e-01
-1.121536774716195950e+00,-6.200569428630910984e-01,6.313383354375915468e-01
-6.597045421896006179e-01,-9.445016012591167520e-01,8.545882345175511707e-01
-1.596761041993603136e+00,-4.363878248558588080e-01,2.853136907993888416e-01
1.972700038051787619e+00,1.267545155232117082e-01,8.938287596096901044e-01
1.612327565953597830e+00,3.093244813621325306e-01,3.417562806294087707e-01
1.501507309904976051e+00,1.180506306988474918e+00,8.453210790072764880e-01
9.466070796555206002e-01,-1.551299536103580401e+00,9.212034215777622492e-01
1.735896347911991988e+00,1.143326868710120348e+00,9.736209312955046435e-02
1.623562375048388517e-01,2.286505811799064425e-01,4.397749904519517861e-01
4.549065908320137908e-02,-1.474138270711949250e+00,1.217639007442372634e-02
2.027105926569519045e+00,-3.022279770619007433e-01,6.950272938911095100e-02
3.758299746355091564e-01,1.119157332935409421e+00,1.143267647188775937e-01
1.364751614148951298e+00,1.124738403303501055e+00,1.904018206522140044e-01
-5.925886586261992495e-01,-1.504801096147212469e-01,6.685683748696247264e-02
-1.363932980862520683e+00,-1.815330265837264090e+00,4.563567719040512172e-01
1.587728840842888012e-01,1.666015477295280878e+00,8.570091629799588828e-01
1.124630705095941874e+00,-7.437315971601881071e-01,8.553671697863899359e-01
-7.913734417349429506e-01,-5.834121778511391909e-03,6.656264855085136656e-02
1.830715367688973139e+00,2.033864854715425885e-01,8.054750611978811481e-01
-5.999183147694844287e-01,8.588396321766915698e-01,7.153246774247346007e-02
-1.387278194244803142e-01,-1.921793688468385497e+00,8.053454834395984419e-01
7.481792417693799990e-01,-2.366017511103621906e-01,7.816461935930232308e-01
1.038558717432850997e+00,9.121827896053997797e-01,2.352064091987376981e-01
-1.844777459302579192e+00,-5.139257929944107683e-01,5.278880176812824621e-01
1.727414240211386787e+00,-2.052667476670308133e+00,3.916258771467233668e-01
6.553600418009741801e-01,1.663581581479267157e+00,1.894036311141055196e-01
1.481205799895723985e+00,-1.018234823047422966e+00,8.063603178964877660e-01
-1.133448822771542908e+00,1.565895848229285292e+00,4.504822004952400150e-01
-7.728361234970877458e-01,-6.949575708493711534e-01,4.578111025484754570e-01
1.214236190641078128e+00,-1.511448108967674564e+00,5.384055500011706297e-01
-1.275482963007777082e+00,-2.724087945998281413e-01,1.001213297368087618e-01
1.624555537415146134e+00,-1.968092921349285040e+00,7.411797269565920665e-01
1.065859903722534696e+00,1.799304079141882173e+00,3.778495204401050023e-01
-4.898145459741183316e-01,4.364946981565820394e-01,9.557473081740960330e-01
2.295677673653195860e-01,-1.283692758268557554e-01,5.905679245949535527e-02
1.796977280720563286e+00,-2.049367409602206980e+00,6.170453231237532643e-01
1.956692455986088763e+00,1.031755439476000902e+00,9.864081499178564139e-01
-7.687574177958969024e-01,-1.437105406343990532e+00,3.305722810698026315e-01
-5.450691536494747247e-01,-1.002852191825144512e+00,6.013281127761224143e-01
-1.885671373740202883e+00,9.028393948799546820e-01,9.420430576672245149e-01
1.085086587124614699e+00,1.731679113707470741e+00,6.744702623663112462e-03
1.876367547648880585e+00,1.915596319391253299e+00,4.004314018239036876e-01
-1.074514427562390795e+00,-5.392834797826875359e-01,7.139454908048142867e-01
-2.115136102426546927e-01,5.792688533049643596e-01,9.582511427787916425e-01
5.286426080190227417e-01,5.072016887199577440e-01,5.186204904727754750e-01
-3.245907895702404566e-01,-2.059076631926411327e+00,6.108900440266414877e-01
-1.446385627753828729e+00,1.664241059809650203e+00,1.761382149556480758e-01
-9.112447270463204241e-01,-7.712110375695857556e-02,7.977921663186000600e-01
1.376061999945293213e+00,5.461731752838066001e-01,2.504813006250405927e-02
-1.638100961496323116e+00,-1.331475317357749599e+00,1.391175731658960135e-01
-8.573464340251297777e-01,9.080755016442183525e-01,7.315838152939311279e-01
-1.652713508859136038e+00,-2.360199017971247315e-01,7.792475481759709721e-01
1.082396078681244322e+00,-2.999569039335621135e-01,6.314540122193590399e-02
-1.975677991106054243e+00,-2.012337576909793313e+00,1.116691226650907698e-01
5.123083070516862847e-01,-8.059699088381353516e-01,1.766411841742433486e-01
1.898491819935148150e+00,-1.061116407166757813e-01,4.533824147124456694e-01
-7.159768829607791041e-01,1.534681946741299541e+00,1.153224313248878419e-01
-2.182580100197490935e-01,7.898640594025971851e-01,3.841079272423039148e-01
8.724892021608576798e-01,9.132319157182280378e-01,5.446220434518790343e-01
-1.010914338575122251e+00,-4.770359508218302569e-01,6.479671258329119388e-01
-1.898191788670792857e+00,1.830821323033916759e+00,2.538935287987724720e-01
-1.907979249723722015e+00,5.794774101127200261e-01,4.674967492619425125e-01
-1.884445864971250773e+00,-1.981621545785404281e+00,7.575072436958896205e-01
1.588669971563358985e-01,-6.596741170784965469e-01,2.384361663064402670e-01
1.755982556042339215e+00,1.159144678977241938e-01,7.611080164202661535e-01
1.835499613562433741e+00,7.465363667957363170e-01,6.652414117957705653e-01
-6.055777068274712516e-01,1.790265719382991616e+00,4.372181970575524934e-01
5.580943729317406898e-01,-1.699379722020745387e+00,9.510444460701590330e-01
6.992242461909992102e-03,-1.154984316635669916e-01,6.991188950653870471e-03
-1.035416339034455957e+00,-1.680627895272403194e+00,7.072306821068227167e-01
-1.181435073280998171e+00,1.041213136424231411e+00,3.001313248308270509e-01
1.846347452289681890e+00,-8.169744008915396094e-01,1.565129524048048948e-01
-3.408599257082289835e-01,8.542657111552682814e-01,1.473050145020387003e-01
4.909275219779658528e-01,8.979562675663999016e-02,9.270557167053927738e-02
-3.383420627400530734e-01,1.824918964724203452e+00,3.893544402919060232e-01
1.570695372087952624e+00,3.599759028113953541e-01,8.488069901643757742e-02
1.623702298498277852e+00,3.657240436415158946e-01,8.970254850336826236e-01
-1.319295192915586057e-01,-1.496032551614026929e+00,3.172989096684045718e-01
-3.516717482568254560e-01,-1.509229187495628732e+00,9.423272463420057088e-01
-4.491322882399155780e-01,-2.993942852663942222e-01,2.579750273039674857e-01
-7.124317955482124542e-01,9.340564046530577258e-01,3.518583628072800007e-01
5.205412403027795953e-01,2.082383837052987463e+00,9.024932605520685769e-02
1.254388129024049281e+00,1.045564407598913892e+00,6.333392081122313222e-02
1.123052403290039081e-01,-9.187382420766647684e-01,5.026150096500535680e-01
1.363338630430503962e-01,-3.510173887109808710e-01,7.150116167112801069e-01
-1.902190342709575210e+00,-5.274616013970849782e-01,8.008871088470215227e-01
1.272200113487941930e+00,-2.066427862417942407e+00,8.410464628430434075e-01
-2.063452901083986823e+00,1.349500634206967309e+00,3.715808532828525079e-01
9.585100097437004862e-02,-1.497927984840742743e+00,6.488185438373895719e-01
-1.365784682062088251e+00,9.025391999284542166e-01,3.171187947328280021e-02
-1.112448725569012087e+00,-3.151946203782265421e-01,2.601202183149917690e-01
-2.036347960124887280e+00,-1.443355082012844681e+00,3.007401052295185506e-01
-2.199681844334173686e-01,9.816386040472626640e-01,4.447518944603211510e-01
-1.023052511352619209e+00,-3.167426507367399058e-01,7.676582529464426319e-01
-7.701191532684810159e-01,1.403765865755230990e-01,3.099057463364518483e-02
1.238065053935606397e+00,-1.738129040874934805e+00,6.986235454909692777e-01
-1.710625164573686074e+00,1.475165982199195813e+00,6.092713273770272719e-01
-1.581240609097035899e+00,1.538824618514721188e+00,5.948297676809852774e-01
-8.136692932400231282e-01,-1.497361228256028909e-01,3.800487368015190714e-01
-1.163886687947378373e+00,7.303986525759231796e-02,6.575924639968890872e-01
3.609552647889051613e-01,-1.482537977662751860e+00,9.794943868019042599e-01
1.909549599521252805e+00,-1.064762295547124538e+00,9.953185749978517016e-01
1.847806724429629455e+00,-1.966095138453132218e-01,9.893871515627185032e-01
1.981191902205783339e+00,-1.115273254622848320e-01,1.892442951248579641e-01
1.662820997620624297e-01,-1.358757504643190561e+00,1.538148619194928957e-01
1.249531257749779467e+00,7.794708821889164696e-01,7.716933274171067225e-01
-9.801525467237479639e-01,1.975563206723572218e+00,2.579424599429414044e-01
-1.592924909340144080e+00,-2.086139394794874757e-01,8.727373233133777219e-01
-1.606780179759100369e+00,1.788442530821952037e+00,3.198513037010800586e-01
-1.923606784873999054e+00,-6.905335716514064970e-01,2.154998362179487703e-01
1.896490384442009347e+00,-2.085281403190959892e+00,2.464457259810642897e-01
-1.259538871310786678e+00,-7.895744494507466182e-01,5.262762728265434342e-01
2.011948837260559397e+00,1.154672765091228293e+00,4.058998748724419459e-01
4.180912033605399536e-01,1.432623627235549257e+00,1.969791738277872906e-01
1.154475919614390556e-01,-1.501923531663453160e+00,5.166511373939457474e-01
2.513794052719187100e-01,-1.463190309866002625e-01,2.930599499003696540e-01
3.218518629159676792e-01,7.450513027954741574e-03,2.630752629589155900e-01
1.056393547948609513e+00,-2.494471902662362961e-01,3.019152205720505577e-01
-8.544297344533799965e-01,-2.081929116637097898e+00,3.149561638409960063e-01
1.591153216313748064e+00,-2.033093304589569161e+00,2.255961446861046715e-01
2.714559969258933947e-02,-9.073042597416502986e-02,5.700778799505725747e-01
-1.703748215456919013e+00,-1.501973126862251151e+00,2.962806202041067261e-01
-5.628794020023557554e-01,1.518485184434791080e+00,4.335902382700144164e-01
1.582090255879358587e+00,-4.596463033296425138e-01,4.304663431666163609e-01
-1.146578037255991500e+00,-1.363653224985348356e-01,4.377751846110604639e-01
-3.424818828507432134e-01,5.803500043798943686e-01,4.951744807175951779e-01
1.051643272724852807e+00,1.040848414413885870e+00,1.327418589747287880e-01
1.982713673246446984e+00,2.067285311220961042e-01,1.170695250479406591e-01
-1.302949993634347159e+00,1.897940219087526081e+00,5.703513554185201118e-01
3.798592276743382179e-01,-1.785500427301569770e+00,9.773213196843604234e-01
4.182745325239753953e-01,1.715874612927758669e+00,4.314310500926897829e-01
8.858866458351757345e-01,-4.507079881393161180e-01,8.652077669945312799e-01
7.338957168040196599e-01,-1.438066966846704320e+00,9.586896337817220060e-01
-1.946180284049889853e-01,-2.950532813739481508e-01,8.772378555302362546e-01
-7.370810376232561634e-01,1.401739784427577629e+00,2.783438768308831301e-01
-1.575584779432646965e+00,7.678469237074043718e-01,4.925665678131799785e-01
1.086636137647631450e+00,-1.060851221268206412e-01,5.456692202939843472e-01
9.526697537970085783e-01,-1.977015163547708010e+00,6.494940955101787816e-01
-1.447614158115819727e-01,8.367366657506192240e-01,6.238201337613779041e-01
1.257218201702834381e+00,-1.172872439247456988e+00,3.648082194863266903e-01
1.635096438758994353e+00,7.628102568705661390e-01,7.190754830198889946e-01
5.445590405170075421e-01,1.777947440076795171e+00,2.211387615049328348e-01
1.019573941674145168e+00,-4.467311267879066072e-01,2.613468053781990985e-01
-1.080390471599300017e+00,-6.719779146040674167e-01,9.617872788730220668e-01
5.508015012378932873e-01,-6.939379466279493869e-02,6.908342176505025689e-01
8.418006819473364821e-01,-4.292170355251425651e-01,9.945547132428439463e-01
-1.877658265139826588e+00,7.342942223513291289e-01,3.834803071281789322e-01
1.838535332639049003e+00,-9.651474105163120321e-01,4.218908014592923639e-01
-1.558097853840229252e+00,4.438925867967737915e-01,8.584415636324027599e-02
2.147477276452378625e-01,3.395609432896993241e-01,1.919859791133077254e-01
1.881423835411962120e+00,9.297768648141415682e-01,2.935938284941507215e-01
-1.905054715629300288e+00,1.926625585062525570e+00,2.415097866674882354e-01
-1.322808854991733396e+00,-1.114104833742719070e+00,8.443861934816437875e-01
1.646678824499093974e+00,1.679889469135185998e+00,3.543101566440965966e-01
9.620649339541897938e-01,1.385311811166959561e+00,2.455299563680697350e-01
2.138794011659892469e-01,1.347211945756164653e+00,3.520768663590433389e-01
2.015929377271298062e+00,6.399924057622876639e-01,4.616094290984293913e-01
8.883891118410125465e-01,-7.185510656429676679e-01,4.947692332906502566e-01
-8.721622236943569195e-01,-1.429073856619951233e-01,3.271971419369035239e-02
-1.827543900067947646e+00,-1.365867675920587665e+00,9.891540615604539344e-01
-1.804020670008069427e+00,1.143948285092957651e+00,2.407237410224184471e-01
-1.193046975750371885e+00,-6.151200107451779697e-01,6.900134903030524791e-01
-4.405118887280121687e-01,-1.607621621296146941e+00,5.303939430680146838e-01
-1.708879379591911052e+00,7.713814965545306990e-02,4.559096645307103568e-02
-8.771727036826655333e-01,-1.977559203624739137e+00,8.170125699462559288e-01
1.992750803572349572e+00,1.144337774350547399e+00,8.376585013426819382e-01
-4.019072492488422466e-01,1.909097477247994501e+00,5.611278075918848529e-01
5.792642311306699376e-01,4.393305985108231226e-03,3.255472783716081286e-01
1.621532092166956485e+00,-1.837547531211998431e+00,2.344318153846622899e-01
-1.051879151352656638e+00,-1.455241320650365822e+00,8.745063438817500812e-01
1.368806119480537209e+00,-1.991788598999952642e+00,1.870878331720560173e-01
1.520711819748865601e+00,-7.527044412482315483e-01,2.849022912843235389e-02
2.036751881163328282e+00,1.818196712581042540e+00,2.043625907477092385e-01
-1.914648766932676160e-01,-1.906363000423418885e+00,9.358645909910103811e-01
-1.325325923145692641e-02,4.208381981535720406e-01,5.951753757168509740e-01
-7.077955817682033413e-01,-1.259367308142690378e+00,3.250587291552310409e-01
-4.787918648799769361e-01,1.648473118531232462e+00,3.138950036438948876e-01
-5.807666906901349790e-01,-3.005386104073592968e-01,9.261343439251357168e-02
-1.415448802634470038e+00,1.782631241801126976e+00,3.887190338597229511e-01
-1.226110070739548252e+00,1.402142014251485769e+00,2.956919967880544675e-01
-1.576914203539784509e+00,1.703378002878527475e+00,2.697281143793561764e-02
1.992814829595759729e+00,-6.100691782935849794e-01,9.202147102080354690e-01
3.811228807794524442e-01,5.969362583643218478e-01,5.556655292352326025e-01
1.921823746233047192e+00,-1.613435435161022946e+00,9.070814412310570507e-01
-1.800462634794080863e+00,-2.147749310859317085e-01,8.023319408582675338e-01
6.842385139440492203e-01,-4.466723083747714540e-02,6.082461175047804147e-01
-2.095424258206864288e+00,-7.669862095270982838e-01,1.443469735236468932e-02
3.154192485931672785e-01,1.918728761469633337e+00,7.134510799852885610e-01
-7.494004505010534167e-01,-4.195599191856302923e-02,3.446112379292869399e-01
1.648622261883627260e+00,1.772236259362129918e+00,2.660852634072319312e-01
1.342356896036665415e+00,1.770504015719716939e+00,3.052305624715582200e-01
2.027827039317343871e+00,-1.531976023981043600e+00,9.862719623555140647e-01
-1.175977431801955131e+00,-1.618750671912250194e-01,9.857381351208051035e-01
-1.262836868634160004e+00,1.876659633857192144e+00,9.069533291654874319e-02
5.467772795141003783e-01,-1.883701272184342024e+00,3.379874671671692088e-01
1.440379216981387156e+00,-6.534223510918637512e-01,9.293445496074409506e-01
-6.301883927958562559e-01,8.561236241950305192e-01,6.837093913458165417e-01
-9.506597457707055554e-01,1.462545800889627934e+00,4.601838075337407741e-01
-1.879857939226229568e+00,7.151281307109980112e-01,5.442751193392495468e-01
1.041176212357038722e+00,-1.922290423006935978e-01,9.632808846635526612e-01
1.355273756008023689e+00,1.219996075852735729e+00,4.392342750003846996e-01
-6.604358894771091837e-01,-1.981536891457363891e+00,5.436283058985929006e-01
-1.832488573926149167e+00,7.288196255735441831e-01,2.110111980665273501e-01
1.564323827966167535e+00,-1.509235651032072134e+00,5.978993949417863440e-01
-1.805080148195015166e+00,-5.690505322268675226e-01,4.669870148285675260e-01
7.302271097020511803e-01,1.460732240196676024e-01,9.167338525445931641e-01
-1.576277316780785531e+00,-1.131167310566800754e+00,4.632370271807205730e-01
-1.858817663459053415e+00,-1.478289820395632059e+00,1.404077314788515496e-01
6.403510603204414231e-01,1.962212200909579263e+00,7.013554916357025437e-01
1.546524253016259731e+00,1.181901328337365609e+00,7.280393138007057452e-01
4.961964401238097011e-01,-9.319155837282400157e-02,3.939866832865017710e-01
-1.294806376224786559e+00,9.373246206684511250e-01,7.618518039643062956e-01
-1.460347006892282362e+00,-4.961261134777961157e-01,4.669413897704520755e-01
1.549198974884237856e+00,1.716350752492613374e+00,5.852469995309895756e-01
3.562353047877571122e-01,1.344742315152571699e+00,3.420205610145365949e-01
2.024222527344979650e+00,-2.075589057201041143e+00,4.048251074300287522e-01
1.711715414661656443e+00,1.199868860759692790e+00,2.369147753985210159e-01
-1.807214720013141651e+00,2.077378128660089640e+00,3.601483252793737933e-01
1.066254732403256522e+00,3.470382052586846733e-01,2.945612837142442819e-01
7.579192582025355840e-01,-1.870567639679339145e-01,9.226960058170596835e-02
-3.380467336914534382e-01,8.780878990939076090e-01,6.946886082224534853e-02
8.942120278295950797e-01,1.325575827147104757e+00,7.612495736226559950e-01
9.809416117852172157e-01,-4.413049250691800651e-01,4.850328105996113415e-01
-5.753074534456206202e-01,6.808770255095688562e-01,6.014631288124089314e-01
-1.695169747846763553e+00,-7.309018254071169007e-01,3.574014702280261524e-01
1.614224676300375805e+00,1.431452584240011205e+00,8.595792871643719302e-01
1.495754555573880484e+00,1.157778128195409373e+00,3.657314801464139897e-01
2.086039600136161187e+00,-1.932818679951940455e+00,5.652555106717321864e-01
7.620989287275965474e-01,-1.156234436373304808e+00,9.286556759638731062e-02
-4.972604346418310062e-01,1.934038614786500521e+00,6.751657957713012026e-01
1.318924996901193136e+00,-2.705358045390855448e-01,1.306413145784918184e-01
1.680509963184147360e+00,-9.338061020574259796e-01,5.531946813731166701e-01
7.475666702670316077e-01,5.073466600804885651e-01,6.783278806478121314e-02
1.897525916862010220e+00,3.371761616427031427e-01,2.598222240123388982e-01
1.840486526272604895e+00,-1.813851981164732674e+00,1.702149883162986654e-01
-1.221565264819801211e+00,4.746158713522894423e-01,9.644422902540816800e-01
1.894614902660722411e+00,-7.872843188391984715e-01,9.783655303497319489e-01
1.533462021342148596e+00,9.485857473941012863e-01,5.347067442201928200e-01
1.471951249126688399e+00,8.822409925789331808e-01,4.650382349298446405e-01
6.936862207366889521e-01,-8.351222206623298838e-01,4.918841264482421982e-01
1.399407041109386629e+00,4.289670823729241356e-01,7.703715240989623680e-01
-2.073051328830568973e+00,-1.405372735045359534e+00,4.275265992879003774e-01
-1.221595686670504222e+00,-1.648194614100926048e+00,8.565450856454449591e-01
-1.895580572832114674e+00,1.289762850057210031e-01,8.100123982465402550e-01
-1.801461364643052399e+00,8.066015028394026842e-01,7.388649259512731771e-01
1.857330327457149988e+00,5.809313503539756951e-01,2.091373591051589598e-01
-6.106384238966215960e-01,-1.495495984283574664e+00,6.755992767660901066e-02
2.837870464630136702e-01,1.954218156495284742e+00,9.981204957249552034e-01
-1.518037829397938854e+00,3.254776360472875218e-01,2.498995212757423312e-01
3.634345811463823850e-01,-8.154200347818925110e-01,8.274695571090243673e-01
-1.241423416777903688e+00,1.721081418121987561e+00,1.574771153743825813e-02
1.560360643071048159e+00,1.094002217761333551e+00,7.958698093640855786e-01
1.890544136270064346e+00,4.416114408710205552e-01,2.171484976847732895e-01
1.743721781252782765e+00,-1.429244575864633049e+00,1.651715054300370022e-01
-1.577642573994139319e+00,-2.092552351905920816e-01,3.359732500916829956e-01
-5.206332951233383355e-02,-1.478196818637563137e+00,1.008243475038819170e-01
-1.547917249421598473e+00,-1.664138957124656315e+00,8.368616337282475115e-02
-9.618675307779886996e-01,2.071927292432595547e+00,8.097339873885519568e-01
2.034610119970097220e+00,1.084913433570324770e+00,4.364045510555376595e-01
-5.120160945938010411e-01,-1.484547562837795986e+00,1.432317399202293062e-01
1.167633510347396708e-01,-6.852966449085662326e-01,4.404483981810597415e-01
-1.373161588972881653e+00,3.612760190468948807e-01,3.204775836793096744e-01
-1.096404528240575438e-01,1.966051623899791601e-01,3.786564548036430722e-01
-1.824275794742645562e+00,-9.806788904108316718e-01,3.667217610701413166e-01
-1.781744511714802304e+00,1.594321114784436499e+00,2.268745941189187487e-01
6.073900969637957559e-01,3.266433231786871616e-01,8.174457613681748169e-01
-1.703109480572892576e+00,2.507197236880096547e-01,6.585458128722424531e-01
-1.852745900578874005e+00,-1.109041311922203565e+00,5.262201826093659829e-02
-1.330361868770799649e+00,9.691085049354337677e-01,9.813244963207292670e-01
-4.867773577457386036e-01,-1.734550089855684263e-01,3.444401006795970721e-01
-1.227065004884952515e+00,-2.044475570774070050e+00,3.282231205218087977e-01
4.668920568844736607e-02,-1.091532474492740601e+00,7.079401088344468018e-01
-1.864185325744384336e+00,-1.135165300321983040e-02,1.332281343210948155e-01
-9.632579956570588298e-01,-1.898490512794171137e+00,7.674952431065009684e-01
1.627760262611619435e+00,1.607708727266458748e+00,7.251901587426935469e-01
1.110483254658383157e+00,-1.514832401659782057e+00,2.926616620336309760e-01
-1.780090585861820784e+00,-1.548470960965762977e+00,9.259063628903798637e-01
-8.674590041062635315e-01,1.820338488096371332e+00,7.111819796060928622e-01
4.285944467041185035e-01,-2.915397207760803688e-01,8.352195377360943640e-01
-1.874724601708322336e+00,1.964820163826110910e+00,2.101189232754097080e-01
1.131612300204394295e+00,-9.157517524741822790e-01,1.641339021198696679e-01
-1.166866789971683360e-01,-5.963260062599975431e-01,5.011876833089979888e-01
1.829134214795836044e+00,1.657794724457648972e+00,9.590047872862254019e-01
-8.492983310204176295e-01,8.216818068986704304e-01,1.715349478290881802e-01
1.434606358378209823e+00,-8.155548418644837927e-01,1.538777172385160652e-01
-9.761372341338399039e-01,-1.226769421637730062e-01,8.463355043331708405e-01
-1.541144733451513593e+00,-1.532999477601223237e+00,8.070885414126658386e-01
5.042562773986163371e-01,1.114007563490040376e-01,8.883758851971557124e-02
1.904766985797981871e+00,1.350846354657271320e-01,6.546999850809096522e-01
2.028723713469280820e+00,8.925941654200686415e-02,7.733829859231623471e-01
1.171599409603893971e+00,1.961411072102296149e+00,3.527255412390228884e-01
-7.782172879213922201e-02,5.443168813292462715e-01,6.284758344823522247e-01
-1.867024746475734798e+00,7.355915946293660745e-01,2.917057430497402848e-01
-1.185092760669491874e+00,1.339476861393676721e+00,5.156014080144829537e-01
3.618184650352649356e-01,1.662693793710188661e+00,5.177335406979785004e-01
-1.455002683570754796e+00,-1.927653337844644543e+00,4.331246869217099116e-01
-1.375813356868605730e+00,1.137685150726277961e+00,1.264168574524885402e-01
1.524523196972995542e-01,-3.856771958175750914e-01,5.598351338115677978e-01
-6.883864570214555112e-01,-1.973407702319073476e+00,1.652673188096231982e-02
-5.146393605857004783e-01,9.962716367706785370e-01,2.382024356389969011e-01
-5.252143556079533759e-01,-7.952886639908280930e-01,1.275893990873607775e-01
1.011109557552768656e+00,1.873701814936195476e+00,5.214645589181599039e-01
6.455463762321338450e-01,7.058854199369144489e-01,6.478671774436790542e-01
6.948393631075475696e-01,1.052465546522818318e+00,2.667757521404022780e-01
-1.825574893387793995e+00,-3.364212662271948151e-01,5.130297283442430967e-02
8.923448425255684491e-01,-4.524930809045590863e-02,7.898851918205010980e-01
1.986685914120586371e+00,1.097741267948948884e+00,3.382393275913692099e-01
1.676740474765598954e+00,-1.887429988301243533e-01,7.245557681776109149e-01
-2.713264710695288962e-01,-3.083097420144895739e-01,5.853531772771259911e-01
6.554693711689663083e-01,-1.838593283698818581e+00,8.681944338593087229e-01
1.907917749419481002e+00,7.843966172018355110e-01,3.386527263242676833e-01
6.806167852171913779e-01,2.890573946896877189e-01,9.670577911725749543e-01
-4.102612042371145407e-01,3.772738537775568446e-01,5.370069994542342462e-01
-1.061643697125483010e+00,-1.399845368580613592e+00,6.955513107231837688e-01
-5.404018680932076713e-01,4.298936280009457711e-01,1.942988414248785212e-01
-1.084509155000640712e+00,1.687504655627475536e+00,7.942621291820454177e-01
-2.013831792694871670e+00,-9.499416645341878240e-01,2.938315695652806703e-01
-1.744938408159062870e+00,-1.540280447024260368e+00,4.146867688303277344e-01
-8.731552578674817156e-02,-7.426739801713733158e-02,8.754737909572021248e-01
-1.182123432991311063e+00,1.360531374843386487e+00,2.700544701602020092e-01
-4.995477806860857406e-01,9.220677528394034539e-01,1.889314882372361559e-02
1.897626467219482471e+00,-2.043150176896458614e+00,2.237992940241996243e-01
2.000551391232682885e+00,7.943544809399427642e-01,1.392458117859771694e-01
-1.160764659382703234e+00,-1.240802707330272980e+00,9.677503522247959955e-01
-5.389351533367094937e-01,7.708465420602070850e-01,6.354602603262275995e-01
-7.876733065542662615e-02,-1.831943527657332593e+00,9.581959563627917564e-02
-4.679659870306815961e-01,-6.575857089971108849e-01,2.010637577480532956e-01
-2.050140198011462633e+00,-4.868316770393916748e-01,7.389298747782456767e-01
1.475537784411599329e+00,-1.585004748908713790e+00,1.694993954711306872e-01
3.509182420475154274e-01,-1.417010006386885568e+00,4.059928779030260726e-01
1.844753634389417307e+00,-8.650516731214084043e-01,1.836352455646070858e-01
-1.642642235429967235e+00,1.295461580424503101e+00,4.002817148523608592e-01
8.521631188145706304e-01,-1.045098002092037515e-01,6.176407072579715996e-01
-4.688607883487114769e-01,-1.409727475498141702e+00,3.566205638013065782e-01
-7.143036387921966046e-01,1.341118650559259606e+00,3.014709850163499461e-02
-1.696955054028181253e+00,-9.528048164229501182e-01,1.111305250567464764e-01
-4.138014850490101537e-02,-3.283964726862333983e-01,7.034806551493201221e-01
-1.670060385160897498e+00,1.031561899003853977e+00,5.989469168358896312e-02
-1.517963177761252780e+00,2.362310647170868805e-01,8.772724149587840525e-01
1.888792811174809128e+00,-3.648504643574332906e-01,6.602926714447345802e-01
1.143968365227780559e+00,-4.580248134577580288e-01,2.912199890814577419e-01
-1.596608482775036419e+00,4.047251908400846254e-01,7.816668843437176717e-01
-1.391848663902375272e+00,-2.209607001039703977e-01,3.533391609315013060e-01
6.866325793303356129e-01,-6.049439178856113042e-01,7.373821347440854268e-01
-1.204799899820591103e+00,1.433905277718543481e-01,6.953242003734114718e-01
-4.014930372399572178e-01,1.201571898361012636e+00,4.614456499029702119e-01
1.973151254374361230e-03,6.365111375179992592e-01,3.997062424688997417e-01
5.213418666133011747e-01,-5.967012129017010835e-01,8.496857798419718000e-01
-1.140447718736019578e+00,-1.696724650610184515e+00,2.103552464997204829e-01
-7.847615300900598889e-01,1.665505370161931786e+00,5.980073428911937272e-01
1.612338695280150169e+00,3.334215092720835827e-01,1.961420512179037345e-01
1.151148818062431189e+00,-1.920541658292862497e+00,9.881632074260943144e-01
4.592990066098776580e-01,1.638757024424025932e+00,7.647313850773909127e-01
-1.267978367183109523e+00,-1.365423947055066645e-01,8.088524829016154882e-01
-6.234123354817531215e-01,-1.421721282939130804e+00,3.157711256442861103e-01
-2.231485652636526762e-01,-1.712398538060146969e-01,6.556215709977786243e-02
1.003196906523184495e+00,-1.361585308165928820e+00,8.580771835176748130e-01
2.083890530881653103e+00,-1.523967324812578905e+00,7.678717305432358753e-01
-1.985716101625607743e+00,-1.409286493766001902e+00,1.571440762413852665e-01
-1.293447505103880957e+00,5.701441902643384907e-01,7.578471477611051776e-01
6.324517606536366188e-01,4.182657269381966358e-01,1.521951635705943717e-01
1.209563784190405222e+00,-1.233061641201323333e+00,5.536083514684082552e-01
1.710250407754265733e+00,-3.747967658029756066e-01,4.059905970681285670e-01
-1.465665732301090207e+00,4.493820729760100718e-01,1.377285250204220990e-01
-6.001473914978894264e-01,-7.398965549323885948e-01,8.583146134583403697e-01
-1.299169052991102635e+00,8.352054522688989735e-01,7.636862379861675265e-02
2.059507327790695452e+00,1.274274804855502818e+00,3.681551088310242026e-02
-5.491881837543630684e-01,4.703251448245335808e-01,1.323710417599723854e-01
5.988850047715832403e-01,1.037508317068368324e+00,8.701903205225722804e-01
-1.010890427676225389e-01,9.717254253064391278e-01,6.252736441210652307e-01
1.828152723005600500e+00,-1.199531700868262885e+00,4.854089524326312688e-01
1.015252787607864082e+00,6.980228409461735062e-01,6.958619606818539083e-02
3.358863326417176332e-01,4.310875837867773619e-01,8.598436719865241162e-01
9.554722403931630303e-01,-2.966692958439454131e-02,6.105401039473770108e-01
-4.101006611165114446e-01,1.238735684513702306e+00,8.047318913634708970e-01
7.171974117886228406e-01,2.068708978568271295e+00,6.568957914370292528e-01
7.120929268441393845e-01,9.300917371454886506e-03,6.076445634604410451e-03
8.786678184237097788e-01,-4.163480809504143121e-01,7.172232730012939594e-02
5.096459269630004840e-02,1.781241059332106857e+00,4.614966876548662889e-01
-1.116545076431035621e+00,-5.854400773165866489e-01,2.870995400677514020e-01
5.999056896444372455e-01,1.831030995492391789e+00,8.530642040961594619e-01
3.818832637988611722e-01,1.324148026198769479e+00,8.289646316042365015e-01
1.095156599296165822e+00,-1.061228958338906736e-01,5.963857450905819535e-01
1.600512454812465180e+00,1.240620068961859168e+00,1.007556322481645283e-01
-8.446719352209370868e-01,1.751555101433893480e+00,2.448009795604688676e-01
-7.314912072217913952e-01,-1.149816325235194503e+00,6.628375521462116504e-01
1.200889285889806590e+00,-1.474241360965313330e+00,7.010558666148309914e-01
6.612977299448727919e-01,1.783716496326315237e-02,1.108827655150631530e-01
8.642538342980596866e-01,1.237900837125883058e+00,7.145210579953165109e-02
-3.154710832336569126e-01,-1.507463179653868890e+00,6.333980794799654035e-02
1.106997579493357087e+00,-7.673584944905746941e-01,3.631931049601894168e-01
1.434830398474830293e+00,-1.162281694102646146e+00,1.347914369294728187e-01
7.865227755394861298e-01,-1.714820009617450403e-01,2.414473442003834958e-01
-1.934030217245551242e+00,-8.346262387083500656e-01,6.603270481648181311e-01
-1.120612451375368135e+00,8.817342192913160126e-01,5.838290349770344223e-01
4.472581216482609534e-01,9.400614564261373651e-01,8.189662247898222835e-01
-9.561002403626892576e-01,1.598923887224305673e+00,9.032114742902129789e-01
-1.428103051372977106e+00,9.214924498539809328e-01,2.313406506754880354e-01
-1.377278026930047750e+00,1.349899765899985837e+00,4.418496090066273974e-01
-1.885066741770120569e-01,-1.862888352466744779e+00,1.401994105389311462e-01
1.263873746272465848e+00,-1.670495398586011593e+00,8.697724074849351172e-01
8.350532193022361938e-01,-5.531529777657917535e-02,3.863948539390922310e-01
-1.627118887268157232e+00,2.053191954226900595e+00,7.215609178129859247e-01
-2.092467580042665976e+00,1.058773754277606560e+00,2.372144496408244985e-01
-6.884194334553082051e-01,1.942795322809714786e+00,7.395573596393438809e-01
1.835517443429967255e+00,1.880318786922903662e+00,9.545041916500917045e-01
-5.519794392730348331e-01,-2.738096181532321260e-01,6.895660372855981768e-01
-2.051032862165404591e+00,2.492240924364783616e-01,8.048398426497367364e-01
4.045921552785469721e-01,9.500294918533045418e-01,7.744893430712689320e-01
-2.246729535939566702e-01,-7.424651197111276080e-01,8.058702298308345613e-01
7.844917120243151132e-01,-1.010841209614157465e+00,5.505557530207140227e-01
2.343787548826021805e-01,5.338833163414204996e-01,9.416436185825752814e-01
1.647722631279547656e+00,1.665474815458311220e+00,6.428947878946494887e-01
-1.956715635542494169e-02,1.292871185066069906e+00,2.966923560045520158e-02
-3.576834041478749171e-02,4.941429260281346991e-01,7.027817341472166746e-01
-7.359476325144402864e-01,2.835267678272006542e-01,9.794641666135537328e-01
9.980797406046608700e-01,3.126640479045472709e-01,6.103681853173592575e-01
-1.424786983436000298e+00,1.555256761399121057e+00,7.247812319549999938e-01
2.426101919840797372e-01,1.287892791227319478e+00,8.188262886889812187e-01
1.474052251088861176e+00,-3.420611484117987988e-01,1.344085061949686910e-01
-1.923272266610086101e+00,-2.524458201203430008e-01,2.411972124658257055e-02
1.334205212950056119e+00,2.052609986709379886e+00,8.672712532711027711e-01
-8.983170310890846721e-01,-1.522191626960773814e+00,6.279609954636895530e-01
1.857237654103465641e+00,-6.260002195616598542e-01,4.342228144902408049e-01
1.056886863775065244e+00,-8.423527825151566617e-02,9.620470815209852811e-01
-7.320829716049193081e-03,1.438601231509291534e+00,8.141757104834855818e-01
-1.074411520294376032e+00,-1.491762715327973776e+00,8.047642591965993297e-01
1.418295483134418333e+00,-1.967045863093191072e+00,3.412128784208776633e-01
-9.626138177690577447e-01,6.965512786740761797e-01,2.736015258372128667e-01
2.017447217582672092e+00,1.616696952226512884e+00,6.658900352478960283e-01
-1.359151715802086935e+00,1.585911593389454755e+00,1.543934680396679138e-01
1.537390227482025473e+00,1.487907873231106404e+00,8.250510259529124646e-01
-1.153800307930395341e+00,1.631431144424132729e+00,8.685034775800415385e-01
-3.936057327562578756e-01,-2.265296383953341319e-01,9.699239510984805079e-01
1.527054082813233737e+00,-1.321666180907533850e+00,9.466742300678228084e-01
-5.932854397889157916e-01,-9.448319845137183037e-01,3.280581803303572741e-02
2.405504777462295074e-01,2.094836677477143194e+00,4.322560812139097930e-01
-1.203737140783839532e+00,-2.000052166123105213e+00,9.793852964547180573e-01
3.326221102036881483e-01,1.898727508107760364e+00,2.659840830816360135e-01
-3.057562928163681804e-02,-1.383045744024805845e+00,6.634132766498130884e-01
-8.501821915551310838e-02,-1.661711127685543632e+00,8.789832233125191019e-01
-1.839674391272985154e+00,-1.323340484236135151e-01,5.910353430626519300e-01
8.113022493587029871e-01,-1.033152870067044926e+00,9.770408610757144174e-01
-1.904319414496515872e+00,-2.018216253403424698e+00,9.274057970972360287e-03
1.792048290996977489e+00,-5.484258072284111662e-01,4.187779611007207414e-01
-1.743303870149689683e+00,1.540620587410330700e+00,4.302225521912232953e-01
3.030854526940469640e-01,-5.295845492450810266e-01,8.113255582399571120e-01
1.389724336394953852e+00,9.326791085299732664e-01,1.861525252625316762e-01
-1.382015975186456025e+00,-1.226172730854466542e+00,6.465025808080704373e-01
2.342072361004925440e-01,5.748293748660091573e-01,7.098843010507993601e-01
3.828723826201256841e-01,1.857562146230333333e+00,2.051930138095693357e-01
1.612754461731890743e+00,8.644515351919368484e-01,9.341748678366230685e-01
2.085196545060878925e-01,-1.652705802944164803e+00,4.937203105538312542e-02
-1.974478655209907174e+00,-1.437886352190292705e+00,7.213478613773182113e-01
-1.425117034272490368e+00,5.166672002720424928e-01,7.731254377777775355e-01
-7.756313050390168939e-01,-1.040661346108008534e+00,1.496562836390232798e-01
1.057074561003688906e+00,1.802262886864254732e+00,5.478354805344461953e-01
2.048974187866939634e+00,-1.639716210944865971e+00,9.003199061069703246e-01
2.837906993191214866e-01,2.014119597658588834e+00,8.587035526677923025e-01
1.875365661112347038e+00,-9.014945209478719690e-01,4.873025459157956929e-01
1.729614036841487845e+00,2.062119499205365969e-01,6.079816018685342272e-01
9.732446621009387400e-01,-3.063401406557617612e-01,1.120867151570590359e-01
9.349847231231933620e-02,-1.445925994496168876e+00,4.724701562710522662e-01
-1.015029756958905072e-01,3.439927597059520004e-01,7.193809177779302289e-01
1.303585315736586203e+00,-1.702442874343277124e+00,2.468136729565387766e-01
-1.239828160900294129e+00,-2.035386669018555139e+00,3.244241670096000840e-01
5.869155359633593250e-02,-1.637598536367507629e+00,7.129699708010582837e-01
-1.488419282488893325e+00,-6.414582164211901638e-01,5.295129858983933513e-01
-1.521647255034611401e+00,5.415686395361340999e-01,5.591612011878270838e-01
2.614013160311023931e-01,-1.158521723732677033e+00,3.998138100229322589e-01
-7.895045994796103805e-01,-1.755140415808838394e+00,4.994653536418103279e-02
-1.214428759253924017e+00,-6.963260155222554815e-01,6.263950962383491028e-01
-9.635513107009920919e-01,9.978878814075446968e-01,3.318451789257456097e-01
9.186333880816910380e-01,1.000002078728597255e+00,1.149845728828841063e-01
-3.202112906945502324e-01,-9.222103703423580878e-01,4.895911047952941075e-01
1.693343363691403702e+00,-1.112053941849889149e+00,2.868996804236941811e-01
-5.763285813374272593e-01,7.441660561653451467e-02,2.228049597657602021e-01
8.561662804543286320e-01,-1.209874901516144075e+00,5.576647453580938496e-01
-1.322103691384261204e+00,-1.455086592819059943e+00,2.532880646895332433e-01
-2.848096251797247458e-01,6.812002533083174605e-01,6.352854941512756648e-01
-2.031229691943341464e+00,-2.639255194685710126e-01,2.192505496702055190e-01
-2.069698102997814981e+00,1.141328834602306053e+00,1.321390919527835051e-01
-1.171202784211980541e+00,-1.774437261004173649e+00,5.366990185468540897e-01
1.782505708317252413e+00,9.536775979849556606e-01,1.807472056703460783e-01
1.777334544638160541e+00,-1.625996974937027773e+00,4.310172014993137735e-01
-1.581559288544430508e+00,1.557953732641209843e+00,7.565215522377549684e-01
2.800862542518034459e-02,1.752763953598163393e+00,9.238427518817130535e-01
-1.741526684649259638e+00,-1.675040814588127258e+00,8.917851279007984466e-01
-1.224152582731659944e+00,1.396799143398019361e+00,3.446839317021762605e-01
1.416425538685050611e+00,9.353890820757992941e-03,6.332309620692300189e-02
1.141383306889021121e+00,-7.739960525538940317e-01,4.950153778732199195e-01
-1.290920703402057113e+00,6.333142592352642986e-01,2.076296252029299350e-01
6.481293574506601374e-01,-3.676485912893061592e-01,4.117175261431660349e-01
-1.093660477017933452e+00,-9.988453856895969096e-01,2.734494497121588985e-01
-5.399013884538177432e-01,5.445379429778123281e-01,2.177770145777535582e-01
-9.844804357259997474e-01,-1.179623882359775999e+00,6.304723806726941771e-01
-1.468758216313352349e+00,-3.374049398615022177e-01,4.978217178501344042e-01
-4.613740897935834084e-01,-1.824040921360480239e+00,8.169255449558232574e-02
-6.616438898555150327e-01,2.019415264587415937e+00,6.266600698688284954e-02
-1.699664845943148483e+00,-1.976054994323164671e+00,5.502655856046662075e-01
1.462907334943422732e+00,-1.514980745576064436e+00,3.346534122988612525e-01
-9.130340225871607096e-01,-3.378180503830030545e-02,6.518027867103362016e-01
1.361748462697171647e+00,6.147244263193174518e-01,6.614278691335752081e-01
1.844031921377406569e+00,-1.711702877758350061e+00,7.506674403390565242e-01
1.960937923549033624e+00,-1.994154748903372631e+00,7.574680609976638390e-01
1.428486457313402180e+00,3.188538998315304518e-01,7.378820109083943368e-01
1.305890326773421428e+00,-4.748468422151901347e-01,1.218098160641275518e-01
-1.462553122215714652e+00,9.772385601649014042e-01,8.707089868181692172e-01
-8.601232844302098002e-02,5.449471965670054097e-01,5.365704181978782072e-01
-1.986872449307650834e+00,-1.398233101985513427e+00,6.836008643063171686e-01
1.005872131422371307e+00,3.971494092531067110e-01,6.961649996255709905e-01
-1.054707667860447673e+00,-5.571109036035579720e-01,3.715881138227182801e-01
2.471729565530274009e-01,1.727214445700420598e+00,8.421330523573572480e-01
9.793835802785504363e-01,1.878870994391700577e+00,9.912808317753443177e-01
-1.613666871141568482e+00,-1.226997204021132992e+00,5.570393324774317589e-01
1.143771584902899097e+00,2.026998927111221871e+00,9.397052560495984252e-01
1.395674279373271265e+00,6.718011455297410173e-01,1.735494804437678340e-01
-1.876757982055239360e+00,1.010140058092869886e-01,5.754053756550393528e-01
1.955067221608937089e-01,-3.118712220142443314e-01,1.559381964546445731e-01
-7.038720999311587345e-01,-1.128954297244253002e+00,7.457162226334768107e-01
1.488076885359630896e+00,1.472409465530141404e+00,4.044733606411299309e-02
3.468095932994978980e-01,-1.265204625975399733e+00,7.062588708557415718e-02
-9.283714415137609421e-01,-1.987492581043745821e+00,1.668734784313841146e-01
1.954329610032730979e+00,4.391002541813575633e-01,5.314879171210133979e-01
3.754489518068977461e-01,3.410228877075485165e-01,5.651871020182047678e-01
-2.058116775754432748e-01,-6.317086615886291501e-01,7.765156118041145472e-01
1.620921887901241476e+00,-1.611605801447729913e+00,9.743165038189308680e-01
3.964988662515005480e-01,-8.691526170693395503e-01,1.720893522770424733e-01
7.483579835086988652e-01,-1.627814253326552940e+00,3.740359148014347213e-01
-1.704344668333030555e+00,4.343273872433601746e-01,6.108175365061870865e-01
-5.843178042644516790e-01,1.753909735767017697e+00,5.889891150633710382e-01
-1.972511924795896432e+00,-6.336251691871277458e-01,3.155332372103714089e-02
1.522991121305841133e-01,-1.183895363625260710e+00,6.356528376084469301e-03
-5.131575037804958495e-01,-1.642059775583110337e+00,5.737242037403791350e-01
1.790027736621042642e-01,1.042456545082440122e+00,3.375115917179910552e-01
-1.535139186841264269e+00,8.874292180186809098e-01,1.972487594048748516e-01
-5.182454797206508257e-01,1.558520235725660008e-01,6.363329518401514839e-01
5.110142965148884997e-01,-4.377199594370602131e-01,9.910907748927991756e-01
1.064024499856026207e+00,-1.647868607286595566e+00,7.435398521303318020e-01
-1.182203041087924511e+00,-1.918360236949954611e+00,5.953526028090343480e-01
1.916759971471240664e+00,-1.214189071829399502e+00,7.212480886626674303e-01
1.911850514052600314e+00,1.657133782337337990e+00,5.523569059347077648e-01
-9.170483945303464779e-02,1.440195571255433293e+00,6.073458821574261313e-01
2.026560758280784302e+00,1.351907142932266659e+00,5.352698995548355043e-03
6.704627556979181335e-02,-1.156863168770272399e+00,4.073372068832007420e-01
-1.380257309250396247e+00,-1.205928468020065480e+00,6.620824752542600056e-01
1.307462525801996289e+00,1.508752415001886504e+00,5.757816471242163114e-01
1.886454774191173467e+00,-8.430020018373136637e-01,8.297539536310881703e-01
-1.170952217365499592e+00,-7.388051581479151420e-01,2.242300100171419341e-01
2.006985577619236683e+00,-6.811707100797301795e-01,7.193136208868726733e-01
-1.582587413848519642e+00,-2.045759712577816192e+00,4.010081147209603181e-01
8.434301096703666900e-01,1.008971464250985051e-02,6.682095951587557758e-01
-1.742131158814532732e-01,-6.615003895964759462e-01,6.360924069023242700e-01
-7.333130075251488300e-01,5.294735316797174463e-01,9.766614569230565035e-01
-6.330465535349016903e-02,-1.728446841731908101e+00,4.097105780686346455e-01
-1.621320669172560791e+00,3.992663760673216267e-01,2.483962701973451148e-01
1.895952937002361338e+00,-6.091638429327355109e-01,3.339069439776735093e-01
1.287753760090242228e+00,-1.606675438040072734e-02,4.318142241586161445e-01
-3.275016287330936304e-01,-1.895442388341854079e+00,3.018202034356892716e-01
-1.359284390267534004e+00,9.452190474451294122e-01,5.875095714207675401e-01
1.506642948046037045e+00,1.250643771769667012e+00,9.234532794984109394e-01
2.020450213526370220e-03,1.929818050711890276e+00,7.182428433037498783e-01
7.990667161462696733e-01,6.555752264061607271e-01,6.599385771213034380e-01
-1.142399895700508150e+00,-1.738734999918761792e+00,3.654387394948696022e-01
-7.078091019346199886e-02,-1.103636366800385016e+00,3.666862924205103180e-01
9.754612614008535409e-01,1.057742560596174553e+00,2.683573385737719752e-01
7.896401797980119319e-01,-4.037672355846844141e-02,3.189039670266636817e-01
5.722852077398949966e-01,9.465037966405631664e-01,7.026013859709855369e-01
-9.130979752754189160e-01,2.960646516168941034e-01,5.666193862278305904e-01
-1.004235465636867275e+00,-1.819006742382885733e+00,4.819473050489658794e-01
1.386391930630625158e+00,-1.695941228343517571e+00,2.555211984061694919e-01
-1.790203377674351337e+00,9.258933555380930436e-01,1.675810449416844650e-01
-1.998430980509641408e+00,5.444147005302317766e-01,1.045091435311591432e-01
1.128554365766167855e-01,1.767726609109874669e+00,7.330282474453412300e-01
2.669859088241528511e-01,-1.980553345904383367e-01,5.434325555634855753e-02
9.652370068322899677e-01,-1.048311426104900468e+00,6.864326558550716273e-01
-1.997710914392700987e+00,-1.647630874919056687e+00,6.157251036912286812e-01
3.909286800385443073e-01,-2.674603054074327080e-01,8.693603319780227601e-01
1.630731658354333646e+00,-1.958302444763753813e+00,3.726424955200691169e-01
-2.055890501218975874e+00,1.875177571346779981e+00,2.739704037330671360e-01
3.690327492074287896e-01,-7.213473936964964750e-02,9.364552927503183577e-01
-1.977519754068575164e+00,3.684204636241150688e-01,1.302505031431132609e-01
1.808697872469430923e+00,3.644276497960547978e-01,4.885260172791092703e-01
1.276521065158251478e+00,1.159301448303615700e+00,9.911135553682318688e-01
-1.530621091121445954e+00,-1.640782319078652574e+00,5.475560473488595425e-01
1.991056104469926868e+00,2.074122325553268364e+00,6.842225102026577854e-01
1.805121923485450086e+00,-1.136401035995205699e+00,2.514524600599824522e-01
-7.559899401354552850e-02,-1.823548898973638366e+00,3.201335596606164069e-01
1.410686673439753847e-01,5.919873420790504603e-01,5.753404108464554856e-02
-8.984017268240214182e-01,1.949899091413811458e+00,6.130131676635527382e-01
-9.779677741722432316e-01,-8.409186900333405212e-01,8.470367693205596016e-01
-8.504631088988456877e-01,-4.431327140283598531e-01,3.392687174458527410e-01
1.487159212546098175e+00,6.260708552441109909e-01,7.775183927321289712e-01
-1.925217198467004787e+00,1.832994088893120654e-01,3.215538822477989056e-01
-2.082483275152497981e+00,-2.387841082624355682e-01,1.407776157546271056e-01
4.465241653111755582e-01,-1.326206806288526385e+00,2.921056744727561494e-01
5.767871751899393828e-01,-1.283570243337858852e+00,9.529732252363192213e-01
1.833474867213005677e+00,-3.912631394072965119e-01,8.804990352434811651e-01
1.166332611186041035e+00,2.054148460006021804e+00,2.640075040318863309e-01
4.524580658001253752e-01,-1.984686428227474764e+00,9.407693635715492775e-01
-1.352608879770555994e+00,-6.840505066499085185e-01,2.208858403430071782e-01
1.150657366727276365e+00,1.831377956093040549e+00,2.343810410097052488e-01
-1.223642685344126901e+00,-1.287902951330565315e+00,5.793777113226965536e-01
-1.680289551601520603e+00,-2.163145312633014683e-01,6.010693976231171742e-01
-7.230165450990413412e-01,7.584270032074971191e-01,6.217845937129303779e-01
-1.414644953002628824e+00,-4.824980714282365302e-01,4.467843752290956427e-01
1.861856318891788042e+00,7.450236213813465902e-01,5.387055133285402198e-01
1.150044944673676017e+00,-1.272179798516151816e+00,4.007270196781826943e-01
-6.612772898686560819e-01,-1.519369953405513396e+00,2.052892554658287683e-01
-1.994737537587791154e+00,-3.650666113650316014e-01,9.021004893070799779e-01
1.512754196032011222e+00,-1.571913978468318707e+00,9.309615100200289151e-01
1.270419494511280334e+00,1.665929834157471312e+00,3.794819422540167686e-01
-5.434378055163802124e-01,-2.008153073169422598e+00,6.741029752784659657e-01
-1.743087780406735954e+00,-3.771660953601014832e-01,4.622561301648276944e-01
-1.366506611315201125e+00,1.460347888990254805e+00,7.313742739304307516e-02
1.518940769185165074e+00,-5.290842993504256686e-01,1.221105541360796298e-01
-1.701101810217534815e+00,1.134073598342808964e+00,1.747965534834872159e-02
-1.848055616217626262e+00,1.871700487875235908e+00,2.196121752642046232e-01
7.744308040662741810e-01,9.068777124527604983e-02,6.770254496342298367e-02
-8.851553744002353952e-01,3.035190333000858942e-01,6.902261411297994087e-02
-2.426369028338903888e-01,5.037785493637030321e-01,9.893184052645038751e-01
5.364982248660421504e-01,3.099849012380118118e-01,7.408758188776197740e-01
-1.453291650308577321e+00,1.201909043319237647e+00,1.743510951595586000e-01
-3.344866075011563300e-01,1.336899435081368992e-01,8.574051151529775705e-01
1.292830822429990700e+00,-2.341469821891681846e-01,6.158156179393026175e-02
2.610044628573677805e-01,1.364247576364219228e+00,1.071727938453318485e-01
-1.923673878449721153e+00,-1.946744760218830583e+00,5.118530818087310141e-01
-1.935945171121707720e+00,4.524457707517415272e-01,3.164517591106652539e-02
3.767075323646822405e-01,1.711063118124367843e+00,8.253906536674888716e-01
-1.348564377216356913e+00,1.599459497476045211e+00,9.515715664482705671e-01
-5.937562522815142962e-01,8.510990639459237173e-01,5.462067256713658558e-01
1.602642069108157319e+00,-1.660786158059999185e+00,8.062369521898812286e-01
-2.085884279036953615e+00,2.601426425641086837e-01,6.739493051844214211e-01
-7.508350881865855087e-02,-2.003864256304542124e+00,4.581903614790295842e-01
-2.832197843276196281e-02,-7.792644956592598149e-02,3.924386277430149672e-01
-4.586572799895449748e-02,-5.435650413495396460e-01,4.296044746873961540e-01
-7.780440775882493387e-01,-3.814296682902871272e-01,4.323773537345363405e-01
2.061477276979216899e+00,1.626297047633567416e+00,5.549880197869968557e-01
-9.773550120634071359e-01,-5.919861005861100089e-01,6.523637740929044693e-01
1.522781001395566935e+00,4.666486070595121660e-02,4.711800058083417397e-01
-3.908348850474165914e-01,5.763527793287126499e-01,6.047130333777315236e-01
8.860721890283764779e-01,4.937943833494995438e-01,3.583555442893282539e-01
9.636733928601759480e-01,-7.121082481764799965e-01,3.939657701566057213e-02
8.994906362373544795e-03,1.962120665187432333e+00,1.822071061982533102e-02
-2.080831917376031459e-01,1.588904253867823524e+00,2.156501582765431024e-01
1.919554020164332631e+00,-4.900539785600284137e-01,4.104887905477836441e-01
4.057104358895373686e-01,-1.715997286219541618e+00,4.549467804491730272e-01
-1.808111730984595100e+00,-1.469426133995159534e+00,4.433795169577872120e-01
-2.941940453094298302e-01,-1.722459778022201959e+00,1.397712522265164292e-01
1.764624228702631026e+00,-6.729416919066584235e-01,4.394967876692179587e-02
-1.980464538745906777e+00,1.126509789049581656e+00,1.436566575577461480e-01
-9.802877479581422193e-01,7.938212802636916976e-01,7.804879534465375412e-01
-1.128507307599694531e+00,1.267102550943746575e+00,8.840870351931546800e-01
1.942433690383147837e+00,-2.855152783738343913e-01,3.495152303999431442e-01
-1.160147263493632952e+00,-1.975918366184223673e+00,4.991211015730510070e-01
-1.749501707720137134e+00,5.369506440286664350e-01,3.829637616819009382e-01
-1.701275098287293952e+00,2.055016633889978905e-01,5.071774938186174309e-01
1.211863712347068578e+00,-5.362190646035802644e-01,5.574891865067815866e-01
-1.758608984229595551e+00,4.623254174325843735e-01,2.681640714460250541e-01
1.222981597945168364e+00,6.477587898788357279e-01,2.635922143226955283e-01
-1.988519426506634158e+00,1.288884456438889270e+00,9.809532045176937443e-01
-1.793565569764904666e+00,1.995361032921550315e+00,2.463174122120026510e-02
-7.588329415418115786e-02,-8.890442752282383676e-01,9.633710180094967601e-02
-1.578348176743535447e+00,2.478745599477338857e-02,8.219472401106059367e-01
5.683414519392031572e-01,-1.325531179205269749e+00,7.797501893855118826e-02
2.098415559628575178e+00,-1.222055228404239191e+00,7.392098520572439879e-01
2.159655673513478646e-01,8.849411867316137048e-02,1.915271416993598042e-01
-1.440931643222882697e+00,-5.098765998761796148e-01,7.820539440534887143e-01
-3.971718704234916686e-01,4.302996008311068543e-01,9.072025681690865095e-01
-1.909936799117101902e+00,-1.794504223629012518e+00,3.230403513338919730e-03
9.934738151389099770e-02,-1.606848436807630787e-01,3.018125685924365476e-01
-2.051328099518131776e+00,2.542202088600675758e-01,9.421142177004243612e-01
-3.063103119244476868e-01,9.267654525503310481e-02,8.557868383675110158e-01
-8.407969702045618998e-01,6.486716991958050293e-01,3.305511183527337637e-01
1.589968008147846223e+00,-6.643891960291221643e-01,5.966632413142858304e-02
-1.820485203847887812e+00,-1.588911029071380376e+00,5.928443837612094036e-01
-4.821055926865798202e-01,1.172829483258609251e+00,7.574847556266703918e-01
-1.492159529797441930e+00,-1.147270710544191274e+00,5.728721622860852847e-01
5.820141803446814421e-01,-1.977516378523355378e+00,9.079125788741557734e-01
1.270826436891150379e-01,-2.053113753964725952e+00,4.265417989682779298e-01
-1.483513267062492869e+00,2.361266064747424842e-01,4.059858288737936416e-01
2.412511809896034087e-01,1.184929248925931766e+00,8.390470555512086204e-01
-1.255199823623581068e+00,-1.134542565719938612e+00,1.437382224549340615e-01
9.025328435316204434e-01,1.084073904172325964e+00,9.140911403353151332e-01
-1.246804877819914559e+00,-1.109445301886298196e+00,7.029917753236997191e-01
-1.267824113522562079e+00,1.090734802605215048e+00,1.735588709693737242e-01
-1.947062406364030274e+00,2.963013608783895414e-01,4.910621357883444560e-01
-5.713990489020643881e-01,-8.957267975177727326e-01,9.476993717186096289e-01
1.729876856695794718e+00,-8.035813712957489141e-01,7.899499776912491944e-01
-9.194158124451068392e-01,-1.944221724595560641e-01,1.425305787193245077e-01
5.882364721028654486e-01,1.727272514426749783e+00,8.637844013563037437e-01
-1.822864263381239525e+00,-2.041208193385883884e-01,6.946638480520119785e-01
-1.151792106920833003e+00,4.937686941478065528e-01,5.477117902206881661e-01
-7.428435869398610780e-01,-1.944989229587931190e+00,6.800894408882219855e-01
2.016792558795486023e-01,1.810704048878915007e+00,3.837171984843885664e-01
-3.899156315079865820e-01,-1.719264110415205327e+00,1.928956219917157267e-01
-1.833175098379818957e+00,5.323633080485543623e-01,5.901200392815776352e-01
-1.175741159746883868e+00,-4.371973411080356531e-01,4.480691343469200838e-02
-2.012663014000160455e+00,1.649244197147061275e+00,9.907558849975887094e-01
1.564204177733612866e+00,-8.997794197431701058e-01,8.577924801386114240e-01
1.300861814871279165e-01,9.659017542264463074e-01,7.225878746703012778e-01
5.909923770235212537e-01,-4.901837364142025422e-01,9.518264732063352884e-01
-2.802695556092311691e-01,-1.236943408544470158e+00,4.049482672388380333e-01
1.383808776780312222e+00,1.793129236709267715e+00,7.086969426729532451e-01
2.093290498155754964e+00,1.044409883334476596e+00,1.905618975417175953e-01
1.765877620106397483e+00,-1.261586819374466373e+00,9.316444203306847305e-01
7.281619505275638282e-01,-1.343262007336249564e+00,9.668617075281977780e-01
8.583831375211246062e-01,-1.404226999093690198e+00,9.481701988119071167e-01
1.584330708383072661e+00,-9.686750850089356213e-01,7.058275066327130975e-01
1.059059279249017216e+00,-1.928007219648375514e-01,7.848447289725457576e-02
5.157983476427578928e-01,1.599923538327373329e+00,8.463796641862081360e-01
-1.533441793930455432e+00,8.188774156689206940e-01,2.333347793367288592e-01
5.676603703323195305e-01,-3.754187295574356042e-01,1.816588822079039378e-01
1.142889080282873948e+00,-2.834915536494087007e-02,2.642287045005601298e-01
-1.882977615122692683e+00,3.328976072249258955e-01,3.811059399875477149e-01
-8.599070887428954535e-01,-2.030179701080920829e-01,6.379348479411829365e-01
2.031208149139389629e+00,-9.642531421146640636e-01,7.458584556194223225e-01
-2.242138374917437282e-01,6.094820301130843276e-02,6.898065444979200045e-01
-1.594984166101968803e+00,2.808219567774790093e-01,4.888246803506944849e-01
1.119661277685073397e+00,1.923717956584471978e-01,7.842294100904751986e-01
3.103367632068492199e-01,-1.251713228463820382e+00,9.584860322421607792e-01
1.819867496737371138e+00,-1.243826814735844444e-01,3.151500703646178403e-01
-1.637617679503938106e+00,1.382998495359708535e-01,5.210415181602632284e-01
-1.801566019681751563e+00,-1.298633064078438704e+00,4.807931797044667777e-01
-1.397153754278097626e-01,-8.571173284086017752e-01,9.765970050950428805e-01
-2.368286742556056090e-01,9.515805243994237550e-01,1.470544864055033374e-01
1.202749920710785680e+00,1.392363878387413934e+00,6.861726110214495522e-01
-2.014069921174912903e+00,3.645317662497418176e-01,7.116185644748602712e-01
-2.000146656366399434e-01,-7.042619812382955313e-01,2.740783933690020824e-01
1.381714036334083406e+00,5.023783249928501782e-01,5.771006661485150735e-01
-1.561121392686384945e+00,-1.865158095081433487e+00,5.433820953526984354e-01
-7.371021082212547704e-01,-6.806599550105290053e-01,8.259480894306916454e-01
1.086104916820987754e+00,-1.377466104825442184e+00,8.566595234529974512e-01
-1.348212242175764963e+00,-8.047342591138026968e-01,9.667131340751677904e-01
-1.567338112136986705e-01,-3.476647377938668626e-02,9.394003723731129130e-01
1.352677571378592347e+00,-6.503698720754200746e-01,5.535133970088645938e-02
9.604190378991717125e-01,2.087359772887924514e-01,8.174250058597057889e-01
1.266769226618913891e+00,-8.945927873605417080e-01,7.609112139187017565e-01
1.797757134604985207e+00,-1.851379835506353766e+00,4.103241011531200133e-01
1.248196086412685091e+00,-1.753344684866511738e+00,8.006632926435907072e-01
-5.904806660562362808e-01,-4.311370246345558321e-01,1.142355905876106803e-01
4.425281237747333840e-01,-1.877292387070193191e+00,1.302264699231031608e-01
